Found ConfigField TileEntityRemover_Enabled
Found ConfigField TileEntityTargetList
Ore: gearWood
Ore: gearStone
Ore: gearIron
Ore: gearGold
Ore: gearDiamond
Ore: sandstone
Ore: glass
Ore: oreCoal
Ore: cloth
Ore: blockGold
Ore: blockIron
Ore: blockDiamond
Ore: blockGlowstone
Ore: blockEmerald
Ore: blockRedstone
Ore: coal
Ore: charcoal
Ore: ingotIron
Ore: ingotGold
Ore: dustRedstone
Ore: slimeball
Ore: dustGlowstone
Ore: nuggetGold
Fluid: hydrogen
Fluid: oxygen
Fluid: chlorine
Fluid: sulfurdioxidegas
Fluid: sulfurtrioxidegas
Fluid: sulfuricacid
Fluid: hydrogenchloride
Fluid: brine
Fluid: oil
Fluid: fuel
Fluid: uumatter
Fluid: constructionfoam
Fluid: ic2coolant
Ore: oreUranium
Ore: oreLead
Ore: treeLeaves
Ore: treeSapling
Ore: woodRubber
Ore: dustStone
Ore: dustBronze
Ore: dustClay
Ore: dustCoal
Ore: dustCopper
Ore: dustGold
Ore: dustIron
Ore: dustSilver
Ore: dustTin
Ore: dustLead
Ore: dustObsidian
Ore: dustLapis
Ore: dustSulfur
Ore: dustLithium
Ore: dustDiamond
Ore: dustSiliconDioxide
Ore: dustHydratedCoal
Ore: dustTinyCopper
Ore: dustTinyGold
Ore: dustTinyIron
Ore: dustTinySilver
Ore: dustTinyTin
Ore: dustTinyLead
Ore: dustTinySulfur
Ore: dustTinyLithium
Ore: itemRubber
Ore: ingotBronze
Ore: ingotCopper
Ore: ingotRefinedIron
Ore: ingotLead
Ore: ingotTin
Ore: ingotSilver
Ore: plateIron
Ore: plateGold
Ore: plateCopper
Ore: plateTin
Ore: plateLead
Ore: plateLapis
Ore: plateObsidian
Ore: plateBronze
Ore: plateDenseIron
Ore: plateDenseGold
Ore: plateDenseCopper
Ore: plateDenseTin
Ore: plateDenseLead
Ore: plateDenseLapis
Ore: plateDenseObsidian
Ore: plateDenseBronze
Ore: crushedIron
Ore: crushedGold
Ore: crushedSilver
Ore: crushedLead
Ore: crushedCopper
Ore: crushedTin
Ore: crushedUranium
Ore: crushedPurifiedIron
Ore: crushedPurifiedGold
Ore: crushedPurifiedSilver
Ore: crushedPurifiedLead
Ore: crushedPurifiedCopper
Ore: crushedPurifiedTin
Ore: crushedPurifiedUranium
Ore: blockBronze
Ore: blockCopper
Ore: blockTin
Ore: blockUranium
Ore: blockLead
Ore: circuitBasic
Ore: circuitAdvanced
Ore: gemDiamond
Ore: gemDiamond
Ore: craftingToolForgeHammer
Ore: craftingToolWireCutter
Fluid: milk
Fluid: sludge
Fluid: sewage
Fluid: mobessence
Fluid: biofuel
Fluid: meat
Fluid: pinkslime
Fluid: chocolatemilk
Fluid: mushroomsoup
Ore: oreYellorite
Ore: blockYellorium
Ore: blockCyanite
Ore: blockGraphite
Ore: blockBlutonium
Ore: ingotYellorium
Ore: ingotCyanite
Ore: ingotGraphite
Ore: ingotBlutonium
Ore: dustYellorium
Ore: dustCyanite
Ore: dustGraphite
Ore: dustBlutonium
Ore: ingotUranium
Ore: ingotPlutonium
Ore: dustUranium
Ore: dustPlutonium
Ore: reactorCasing
Ore: reactorController
Ore: reactorPowerTap
Ore: reactorRedNetPort
Ore: reactorComputerPort
Ore: reactorCoolantPort
Ore: glassReactor
Ore: glassTurbine
Ore: reactorRedstonePort
Ore: turbineHousing
Ore: turbineController
Ore: turbinePowerTap
Ore: turbineFluidPort
Ore: turbineBearing
Ore: turbineRotorShaft
Ore: turbineRotorBlade
Ore: brSmallMachineCyaniteProcessor
Fluid: yellorium
Fluid: cyanite
Fluid: fuelcolumn
Fluid: steam
Ore: gemApatite
Ore: ingotCopper
Ore: ingotTin
Ore: ingotBronze
Ore: brickPeat
Ore: dustAsh
Ore: gearBronze
Ore: gearCopper
Ore: gearTin
Ore: pulpWood
Ore: itemBeeswax
Ore: cropCherry
Ore: cropWalnut
Ore: cropChestnut
Ore: cropLemon
Ore: cropPlum
Ore: cropDate
Ore: cropPapaya
Ore: oreApatite
Ore: oreCopper
Ore: oreTin
Ore: dropHoney
Ore: itemPollen
Ore: dropHoneydew
Ore: dropRoyalJelly
Ore: beeComb
Ore: treeSapling
Ore: logWood
Ore: logWood
Ore: logWood
Ore: logWood
Ore: logWood
Ore: logWood
Ore: logWood
Ore: plankWood
Ore: plankWood
Ore: slabWood
Ore: slabWood
Ore: slabWood
Fluid: short.mead
Ore: gemDiamond
Ore: gemEmerald
Ore: ingotIron
Ore: ingotGold
Ore: gemDiamond
Fluid: acid
Fluid: poison
Fluid: liquidnitrogen
Ore: logWood
Ore: logWood
Ore: logWood
Ore: logWood
Ore: logWood
Ore: logWood
Ore: logWood
Ore: logWood
Ore: logWood
Ore: logWood
Ore: logWood
Ore: logWood
Ore: logWood
Ore: logWood
Ore: logWood
Ore: logWood
Ore: logWood
Ore: logWood
Ore: logWood
Ore: logWood
Ore: logWood
Ore: logWood
Ore: logWood
Ore: logWood
Ore: logWood
Ore: logWood
Ore: logWood
Ore: logWood
Ore: logWood
Ore: logWood
Ore: logWood
Ore: logWood
Ore: logWood
Ore: logWood
Ore: logWood
Ore: logWood
Ore: logWood
Ore: logWood
Ore: logWood
Ore: logWood
Ore: plankWood
Ore: plankWood
Ore: plankWood
Ore: plankWood
Ore: plankWood
Ore: plankWood
Ore: plankWood
Ore: plankWood
Ore: plankWood
Ore: plankWood
Ore: plankWood
Ore: plankWood
Ore: plankWood
Ore: plankWood
Ore: plankWood
Ore: plankWood
Ore: plankWood
Ore: plankWood
Ore: plankWood
Ore: plankWood
Ore: plankWood
Ore: plankWood
Ore: plankWood
Ore: plankWood
Ore: plankWood
Ore: plankWood
Ore: plankWood
Ore: plankWood
Ore: plankWood
Ore: plankWood
Ore: plankWood
Ore: plankWood
Ore: plankWood
Ore: plankWood
Ore: plankWood
Fluid: sap
Fluid: resin
Fluid: latex
Fluid: turpentine
Ore: pulpWood
Ore: cropApple
Ore: cropCrabapple
Ore: cropOrange
Ore: cropKumquat
Ore: cropLime
Ore: cropCherry
Ore: cropWildCherry
Ore: cropCherry
Ore: cropSourCherry
Ore: cropCherry
Ore: cropBlackCherry
Ore: cropBlackthorn
Ore: cropPlum
Ore: cropCherryPlum
Ore: cropAlmond
Ore: cropApricot
Ore: cropGrapefruit
Ore: cropPeach
Ore: cropSatsuma
Ore: cropOrange
Ore: cropBuddhaHand
Ore: cropCitron
Ore: cropCitron
Ore: cropLime
Ore: cropFingerLime
Ore: cropKeyLime
Ore: cropLime
Ore: cropOrange
Ore: cropManderin
Ore: cropPeach
Ore: cropNectarine
Ore: cropPomelo
Ore: cropTangerine
Ore: cropOrange
Ore: cropPear
Ore: cropSandPear
Ore: cropHazelnut
Ore: cropButternut
Ore: cropWalnut
Ore: cropBeechnut
Ore: cropPecan
Ore: cropBanana
Ore: cropRedBanana
Ore: cropBanana
Ore: cropPlantain
Ore: cropBrazilNut
Ore: cropFig
Ore: cropAcorn
Ore: cropElderberry
Ore: cropOlive
Ore: cropGingkoNut
Ore: cropCoffee
Ore: cropOsangeOrange
Ore: cropClove
Ore: cropApple
Ore: cropHops
Ore: seedWheat
Ore: seedWheat
Ore: seedBarley
Ore: seedCorn
Ore: seedRye
Ore: seedRoasted
Ore: dustCoal
Ore: dustIron
Ore: dustGold
Ore: dustCopper
Ore: dustTin
Ore: gearStone
Ore: dustEnderPearl
Ore: itemSilicon
Ore: ingotConductiveIron
Ore: ingotElectricalSteel
Ore: ingotEnergeticAlloy
Ore: ingotVibrantAlloy
Ore: ingotPulsatingIron
Ore: glass
Ore: glassHardened
Ore: glass
Ore: hambone
Ore: blockRubber
Fluid: iron.molten
Fluid: gold.molten
Fluid: copper.molten
Fluid: tin.molten
Fluid: aluminum.molten
Fluid: cobalt.molten
Fluid: ardite.molten
Fluid: bronze.molten
Fluid: aluminumbrass.molten
Fluid: manyullyn.molten
Fluid: alumite.molten
Fluid: obsidian.molten
Fluid: steel.molten
Fluid: glass.molten
Fluid: stone.seared
Fluid: emerald.liquid
Fluid: blood
Fluid: nickel.molten
Fluid: lead.molten
Fluid: silver.molten
Fluid: platinum.molten
Fluid: invar.molten
Fluid: electrum.molten
Fluid: ender
Fluid: slime.blue
Fluid: glue
Fluid: pigiron.molten
Ore: oreCobalt
Ore: oreArdite
Ore: oreCopper
Ore: oreTin
Ore: oreAluminum
Ore: oreAluminium
Ore: oreIron
Ore: oreGold
Ore: oreCobalt
Ore: oreCopper
Ore: oreTin
Ore: oreAluminum
Ore: oreAluminium
Ore: ingotCobalt
Ore: ingotArdite
Ore: ingotManyullyn
Ore: ingotCopper
Ore: ingotTin
Ore: ingotAluminum
Ore: ingotAluminium
Ore: ingotBronze
Ore: ingotAluminumBrass
Ore: ingotAluminiumBrass
Ore: ingotAlumite
Ore: ingotSteel
Ore: ingotObsidian
Ore: ingotPigIron
Ore: itemRawRubber
Ore: blockCobalt
Ore: blockArdite
Ore: blockManyullyn
Ore: blockCopper
Ore: blockBronze
Ore: blockTin
Ore: blockAluminum
Ore: blockAluminium
Ore: blockAluminumBrass
Ore: blockAluminiumBrass
Ore: blockAlumite
Ore: blockSteel
Ore: blockEnder
Ore: nuggetIron
Ore: nuggetIron
Ore: nuggetCopper
Ore: nuggetCopper
Ore: nuggetTin
Ore: nuggetTin
Ore: nuggetAluminum
Ore: nuggetAluminum
Ore: nuggetAluminium
Ore: nuggetAluminium
Ore: nuggetAluminumBrass
Ore: nuggetAluminiumBrass
Ore: nuggetObsidian
Ore: nuggetCobalt
Ore: nuggetArdite
Ore: nuggetManyullyn
Ore: nuggetBronze
Ore: nuggetAlumite
Ore: nuggetSteel
Ore: nuggetGold
Ore: nuggetPigIron
Ore: dustArdite
Ore: dustCobalt
Ore: dustAluminium
Ore: dustAluminum
Ore: dustManyullyn
Ore: dustAluminiumBrass
Ore: dustAluminumBrass
Ore: slabCloth
Ore: slabCloth
Ore: stoneMossy
Ore: stoneMossy
Ore: crafterWood
Ore: craftingTableWood
Ore: torchStone
Ore: woodRod
Ore: stoneRod
Ore: ironRod
Ore: flintRod
Ore: cactusRod
Ore: boneRod
Ore: obsidianRod
Ore: netherrackRod
Ore: slimeRod
Ore: paperRod
Ore: cobaltRod
Ore: arditeRod
Ore: manyullynRod
Ore: copperRod
Ore: bronzeRod
Ore: alumiteRod
Ore: steelRod
Ore: blueslimeRod
Ore: thaumiumRod
Ore: glassWhite
Ore: glassOrange
Ore: glassMagenta
Ore: glassLightBlue
Ore: glassYellow
Ore: glassLime
Ore: glassPink
Ore: glassGray
Ore: glassLightGray
Ore: glassCyan
Ore: glassPurple
Ore: glassBlue
Ore: glassBrown
Ore: glassGreen
Ore: glassRed
Ore: glassBlack
Ore: slimeball
Ore: slimeball
Ore: slimeball
Ore: slimeball
Ore: glass
Ore: glass
Fluid: molten.refined.glowstone
Fluid: molten.osmium
Fluid: molten.pokefennium
Fluid: molten.fairy
Ore: blockFairy
Ore: blockPokefennium
Ore: ingotFairy
Ore: ingotPokefennium
Ore: oreCopper
Ore: oreCopper
Ore: oreTin
Ore: oreTin
Ore: oreAluminum
Ore: oreAluminium
Ore: oreNaturalAluminum
Ore: oreSilicon
Ore: oreCheese
Ore: ingotCopper
Ore: ingotTin
Ore: ingotAluminum
Ore: compressedCopper
Ore: compressedTin
Ore: compressedAluminum
Ore: compressedSteel
Ore: compressedBronze
Ore: compressedIron
Ore: waferSolar
Ore: waferBasic
Ore: waferAdvanced
Ore: plateMeteoricIron
Ore: ingotMeteoricIron
Fluid: bacterialsludge
Ore: ingotIron
Ore: ingotGold
Ore: slimeball
Ore: gemDiamond
Ore: gemEmerald
Ore: chestWood
Ore: stickWood
Ore: obsidian
Ore: whiteStone
Ore: transdimBlock
Fluid: myst.ink.black
Fluid: fluxgoo
Ore: oreCinnabar
Ore: oreInfusedAir
Ore: oreInfusedFire
Ore: oreInfusedWater
Ore: oreInfusedEarth
Ore: oreInfusedOrder
Ore: oreInfusedEntropy
Ore: shardAir
Ore: shardFire
Ore: shardWater
Ore: shardEarth
Ore: shardOrder
Ore: shardEntropy
Ore: oreAmber
Ore: quicksilver
Ore: gemAmber
Ore: nuggetIron
Ore: nuggetCopper
Ore: nuggetTin
Ore: nuggetSilver
Ore: nuggetLead
Ore: nuggetThaumium
Ore: nuggetQuicksilver
Ore: ingotThaumium
Ore: clusterIron
Ore: clusterCopper
Ore: clusterTin
Ore: clusterSilver
Ore: clusterLead
Ore: clusterCinnabar
Ore: clusterGold
Ore: logWood
Ore: logWood
Ore: plankWood
Ore: plankWood
Ore: ingotUranium
Ore: ingotIridium
Ore: solarPanelHV
Ore: sunnariumPart
Ore: sunnarium
Ore: itemSuperconductor
Fluid: xpjuice
Found ConfigField creosote_fermentation
Ore: oreCoal
Ore: gemDiamond
Ore: blockDiamond
Ore: gemEmerald
Ore: blockEmerald
Ore: ingotIron
Ore: blockIron
Ore: ingotGold
Ore: blockGold
Ore: stoneRod
Ore: oreCertusQuartz
Ore: crystalCertusQuartz
Ore: dustCertusQuartz
Ore: dustNetherQuartz
Ore: dustEnderPearl
Ore: dustGold
Ore: dustIron
Ore: dustWheat
Ore: oreNetherCoal
Ore: oreNetherDiamond
Ore: oreNetherGold
Ore: oreNetherIron
Ore: oreNetherLapis
Ore: oreNetherRedstone
Ore: oreNetherCopper
Ore: oreNetherTin
Ore: oreNetherEmerald
Ore: oreNetherSilver
Ore: oreNetherLead
Ore: oreNetherUranium
Ore: oreNetherNikolite
Ore: oreNetherRuby
Ore: oreNetherPeridot
Ore: oreNetherSapphire
Ore: oreNetherPlatinum
Ore: oreNetherNickel
Ore: oreNetherSteel
Ore: oreNetherIridium
Ore: oreNetherOsmium
Ore: oreNetherSulfur
Ore: oreNetherTitanium
Ore: oreNetherMythril
Ore: oreNetherAdamantium
Ore: oreNetherRutile
Ore: oreNetherTungsten
Ore: oreNetherAmber
Ore: oreNetherTennantite
Ore: oreNetherSalt
Ore: oreNetherSaltpeter
Ore: dustIron
Ore: dustGold
Ore: dustCoal
Ore: dustObsidian
Ore: dustCopper
Ore: dustTin
Ore: dustSilver
Ore: dustLead
Ore: dustNickel
Ore: dustPlatinum
Ore: dustElectrum
Ore: dustInvar
Ore: dustBronze
Ore: dustEnderium
Ore: ingotCopper
Ore: ingotTin
Ore: ingotSilver
Ore: ingotLead
Ore: ingotNickel
Ore: ingotPlatinum
Ore: ingotElectrum
Ore: ingotInvar
Ore: ingotBronze
Ore: ingotEnderium
Ore: nuggetCopper
Ore: nuggetTin
Ore: nuggetSilver
Ore: nuggetLead
Ore: nuggetNickel
Ore: nuggetPlatinum
Ore: nuggetElectrum
Ore: nuggetInvar
Ore: nuggetBronze
Ore: nuggetEnderium
Ore: dustSulfur
Ore: dustSaltpeter
Ore: crystalCinnabar
Ore: gearCopper
Ore: gearTin
Ore: gearElectrum
Ore: gearInvar
Ore: gearBronze
Ore: oreCopper
Ore: oreTin
Ore: oreSilver
Ore: oreLead
Ore: oreNickel
Ore: blockCopper
Ore: blockTin
Ore: blockSilver
Ore: blockLead
Ore: blockNickel
Ore: blockPlatinum
Ore: blockElectrum
Ore: blockInvar
Ore: blockBronze
Ore: blockEnderium
Ore: glassHardened
Fluid: redstone
Fluid: glowstone
Fluid: pyrotheum
Fluid: cryotheum
Fluid: coal
Ore: universalCable
Ore: battery
Ore: pulpWood
Ore: dustObsidian
Ore: itemSalt
Ore: dustSalt
Ore: dustIron
Ore: dustGold
Ore: dustOsmium
Ore: dustRefinedObsidian
Ore: dustDiamond
Ore: dustSteel
Ore: dustCopper
Ore: dustTin
Ore: dustSilver
Ore: dustLead
Ore: dustSulfur
Ore: ingotRefinedObsidian
Ore: ingotOsmium
Ore: ingotBronze
Ore: ingotRefinedGlowstone
Ore: ingotSteel
Ore: ingotCopper
Ore: ingotTin
Ore: blockOsmium
Ore: blockBronze
Ore: blockRefinedObsidian
Ore: blockCharcoal
Ore: blockRefinedGlowstone
Ore: blockSteel
Ore: blockCopper
Ore: blockTin
Ore: dustDirtyIron
Ore: clumpIron
Ore: shardIron
Ore: crystalIron
Ore: dustDirtyGold
Ore: clumpGold
Ore: shardGold
Ore: crystalGold
Ore: dustDirtyOsmium
Ore: clumpOsmium
Ore: shardOsmium
Ore: crystalOsmium
Ore: dustDirtyCopper
Ore: clumpCopper
Ore: shardCopper
Ore: crystalCopper
Ore: dustDirtyTin
Ore: clumpTin
Ore: shardTin
Ore: crystalTin
Ore: dustDirtySilver
Ore: clumpSilver
Ore: shardSilver
Ore: crystalSilver
Ore: dustDirtyObsidian
Ore: clumpObsidian
Ore: shardObsidian
Ore: crystalObsidian
Ore: dustDirtyLead
Ore: clumpLead
Ore: shardLead
Ore: crystalLead
Ore: oreOsmium
Ore: oreCopper
Ore: oreTin
Ore: oreCoal
Ore: ingotIron
Ore: ingotGold
Ore: oreRedstone
Ore: oreRedstone
Ore: circuitBasic
Ore: itemCompressedCarbon
Ore: itemEnrichedAlloy
Ore: itemRubber
Ore: itemRawRubber
Ore: woodRubber
Ore: leavesRubber
Ore: sheetPlastic
Ore: dustPlastic
Ore: ingotMeat
Ore: ingotMeatRaw
Ore: nuggetMeat
Ore: nuggetMeatRaw
Ore: blockMeat
Ore: blockMeatRaw
Ore: itemCharcoalSugar
Ore: cableRedNet
Ore: cableRedNet
Ore: cableRedNetEnergy
Ore: cableRedNetEnergy
Ore: slimeball
Ore: dyeBrown
Ore: fertilizerOrganic
Ore: wireExplosive
Ore: listAllmilk
Ore: slimeball
Ore: glass
Ore: nuggetGold
Ore: ingotGold
Ore: blockSnow
Ore: blockIce
Fluid: glass
Fluid: biomass
Fluid: bioethanol
Fluid: seedoil
Fluid: honey
Fluid: juice
Fluid: ice
Ore: dyeRed
Ore: dyeYellow
Ore: dyeBlue
Ore: dyeGreen
Ore: dyeBlack
Ore: dyeWhite
Ore: dyeBrown
Fluid: liquiddna
Ore: blockMarble
Ore: blockLimestone
Ore: blockConcrete
Ore: blockHolystone
Ore: blockLavastone
Ore: blockFft
Ore: blockCarpet
Ore: blockTyrian
Ore: blockDirt
Ore: blockCloud
Ore: bricksGravel
Ore: enderobsidian
Ore: burntquartz
Ore: icestone
Ore: blockUnstable
Ore: magicinfusedwood
Ore: endercore
Ore: sandyglass
Ore: glass
Ore: glass
Ore: glass
Ore: glass
Ore: glass
Ore: glass
Ore: bricksStone
Ore: bricksStone
Ore: bricksStone
Ore: bricksStone
Ore: bricksStone
Ore: bricksStone
Ore: bricksStone
Ore: bricksStone
Ore: bricksStone
Ore: bricksStone
Ore: bricksStone
Ore: bricksStone
Ore: bricksStone
Ore: bricksStone
Ore: bricksStone
Ore: bricksStone
Ore: plankWood
Ore: plankWood
Ore: plankWood
Ore: plankWood
Ore: plankWood
Ore: plankWood
Ore: plankWood
Ore: plankWood
Ore: plankWood
Ore: plankWood
Ore: plankWood
Ore: plankWood
Ore: plankWood
Ore: plankWood
Ore: plankWood
Ore: plankWood
Ore: compressedCobblestone1x
Ore: compressedCobblestone2x
Ore: compressedCobblestone3x
Ore: compressedCobblestone4x
Ore: compressedCobblestone5x
Ore: compressedCobblestone6x
Ore: compressedCobblestone7x
Ore: compressedCobblestone8x
Ore: compressedDirt1x
Ore: compressedDirt2x
Ore: compressedDirt3x
Ore: compressedDirt4x
Ore: compressedGravel1x
Ore: compressedGravel2x
Ore: compressedSand1x
Ore: compressedSand2x
Ore: ingotUnstable
Ore: nuggetUnstable
Ore: itemBioFuel
Ore: projredPart
Ore: projredPart
Ore: projredPart
Ore: projredPart
Ore: projredPart
Ore: projredPart
Ore: projredPart
Ore: projredPart
Ore: projredPart
Ore: projredPart
Ore: projredPart
Ore: projredPart
Ore: projredPart
Ore: projredPart
Ore: projredPart
Ore: projredPart
Ore: projredPart
Ore: projredPart
Ore: projredPart
Ore: projredPart
Ore: projredPart
Ore: projredPart
Ore: projredPart
Ore: projredPart
Ore: projredPart
Ore: projredPart
Ore: projredPart
Ore: projredPart
Ore: projredPart
Ore: projredPart
Ore: projredPart
Ore: projredPart
Ore: projredPart
Ore: projredPart
Ore: projredPart
Ore: projredPart
Ore: projredPart
Ore: projredPart
Ore: projredPart
Ore: projredPart
Ore: projredPart
Ore: projredPart
Ore: projredPart
Ore: projredPart
Ore: projredPart
Ore: projredPart
Ore: projredPart
Ore: projredPart
Ore: projredPart
Ore: projredPart
Ore: projredPart
Ore: projredPart
Ore: projredIllumar
Ore: projredIllumar
Ore: projredIllumar
Ore: projredIllumar
Ore: projredIllumar
Ore: projredIllumar
Ore: projredIllumar
Ore: projredIllumar
Ore: projredIllumar
Ore: projredIllumar
Ore: projredIllumar
Ore: projredIllumar
Ore: projredIllumar
Ore: projredIllumar
Ore: projredIllumar
Ore: projredIllumar
Ore: dyeWhite
Ore: dyeOrange
Ore: dyeMagenta
Ore: dyeLightBlue
Ore: dyeYellow
Ore: dyeLime
Ore: dyePink
Ore: dyeGray
Ore: dyeLightGray
Ore: dyeCyan
Ore: dyePurple
Ore: dyeBlue
Ore: dyeBrown
Ore: dyeGreen
Ore: dyeRed
Ore: dyeBlack
Ore: ProjRed|Exploration:bag
Ore: ProjRed|Exploration:bag
Ore: ProjRed|Exploration:bag
Ore: ProjRed|Exploration:bag
Ore: ProjRed|Exploration:bag
Ore: ProjRed|Exploration:bag
Ore: ProjRed|Exploration:bag
Ore: ProjRed|Exploration:bag
Ore: ProjRed|Exploration:bag
Ore: ProjRed|Exploration:bag
Ore: ProjRed|Exploration:bag
Ore: ProjRed|Exploration:bag
Ore: ProjRed|Exploration:bag
Ore: ProjRed|Exploration:bag
Ore: ProjRed|Exploration:bag
Ore: ProjRed|Exploration:bag
Ore: gemRuby
Ore: gemSapphire
Ore: gemPeridot
Ore: oreRuby
Ore: oreSapphire
Ore: orePeridot
Ore: logWood
Ore: logWood
Ore: treeSapling
Ore: treeLeaves
Ore: treeLeaves
Ore: plankWood
Ore: cropPumpkin
Ore: cropMelon
Ore: cropPotato
Ore: cropCarrot
Fluid: peat
Fluid: vegetable
Setting up meta item: 4602:0 Blacksmithing Hammer
Setting up meta item: 4603:0 Iron Ring
Fluid: molten redstone
Fluid: molten conductive redmetal
Ore: projredWire
Ore: projredWire
Ore: projredWire
Ore: projredWire
Ore: projredWire
Ore: projredWire
Ore: projredWire
Ore: projredWire
Ore: projredWire
Ore: projredWire
Ore: projredWire
Ore: projredWire
Ore: projredWire
Ore: projredWire
Ore: projredWire
Ore: projredWire
Ore: projredWire
Ore: projredWire
Ore: projredWire
Ore: projredWire
Ore: projredWire
Ore: projredWire
Ore: projredWire
Ore: projredWire
Ore: projredWire
Ore: projredWire
Ore: projredWire
Ore: projredWire
Ore: projredWire
Ore: projredWire
Ore: projredWire
Ore: projredWire
Ore: projredWire
Ore: projredWire
Ore: projredInsFramedWire
Ore: projredInsulatedWire
Ore: projredInsFramedWire
Ore: projredInsulatedWire
Ore: projredInsFramedWire
Ore: projredInsulatedWire
Ore: projredInsFramedWire
Ore: projredInsulatedWire
Ore: projredInsFramedWire
Ore: projredInsulatedWire
Ore: projredInsFramedWire
Ore: projredInsulatedWire
Ore: projredInsFramedWire
Ore: projredInsulatedWire
Ore: projredInsFramedWire
Ore: projredInsulatedWire
Ore: projredInsFramedWire
Ore: projredInsulatedWire
Ore: projredInsFramedWire
Ore: projredInsulatedWire
Ore: projredInsFramedWire
Ore: projredInsulatedWire
Ore: projredInsFramedWire
Ore: projredInsulatedWire
Ore: projredInsFramedWire
Ore: projredInsulatedWire
Ore: projredInsFramedWire
Ore: projredInsulatedWire
Ore: projredInsFramedWire
Ore: projredInsulatedWire
Ore: projredInsFramedWire
Ore: projredInsulatedWire
Ore: projredBundledCable
Ore: projredBundledCable
Ore: projredBundledCable
Ore: projredBundledCable
Ore: projredBundledCable
Ore: projredBundledCable
Ore: projredBundledCable
Ore: projredBundledCable
Ore: projredBundledCable
Ore: projredBundledCable
Ore: projredBundledCable
Ore: projredBundledCable
Ore: projredBundledCable
Ore: projredBundledCable
Ore: projredBundledCable
Ore: projredBundledCable
Ore: projredBundledCable
Ore: blockElectrumFlux
Ore: blockCrystalFlux
Ore: dustElectrumFlux
Ore: ingotElectrumFlux
Ore: nuggetElectrumFlux
Ore: gemCrystalFlux
Ore: diamondNugget
Ore: obsidianRod
Ore: stoneBowl
Ore: glassWhite
Ore: glassPaneWhite
Ore: dyeCeramicWhite
Ore: glassOrange
Ore: glassPaneOrange
Ore: dyeCeramicOrange
Ore: glassMagenta
Ore: glassPaneMagenta
Ore: dyeCeramicMagenta
Ore: glassLightBlue
Ore: glassPaneLightBlue
Ore: dyeCeramicLightBlue
Ore: glassYellow
Ore: glassPaneYellow
Ore: dyeCeramicYellow
Ore: glassLime
Ore: glassPaneLime
Ore: dyeCeramicLime
Ore: glassPink
Ore: glassPanePink
Ore: dyeCeramicPink
Ore: glassGray
Ore: glassPaneGray
Ore: dyeCeramicGray
Ore: glassLightGray
Ore: glassPaneLightGray
Ore: dyeCeramicLightGray
Ore: glassCyan
Ore: glassPaneCyan
Ore: dyeCeramicCyan
Ore: glassPurple
Ore: glassPanePurple
Ore: dyeCeramicPurple
Ore: glassBlue
Ore: glassPaneBlue
Ore: dyeCeramicBlue
Ore: glassBrown
Ore: glassPaneBrown
Ore: dyeCeramicBrown
Ore: glassGreen
Ore: glassPaneGreen
Ore: dyeCeramicGreen
Ore: glassRed
Ore: glassPaneRed
Ore: dyeCeramicRed
Ore: glassBlack
Ore: glassPaneBlack
Ore: dyeCeramicBlack
Ore: stone
Ore: stone
Ore: cobblestone
Ore: cobblestone
Ore: ingotIron
Ore: ingotGold
Ore: gemDiamond
Ore: gemEmerald
Ore: gemLapis
Ore: beeComb
Ore: itemSilicon
Ore: ingotAluminium
Ore: ingotDesh
Ore: plateDesh
Ore: greggy_greg_do_please_kindly_stuff_a_sock_in_it
