Input System module state changed to: Initialized.
[Physics::Module] Initialized fallback backend.
[Physics::Module] Id: 0xdecafbad
Initialize engine version: 6000.3.6f1 (bbb010bdb8a3)
[Subsystems] Discovering subsystems at path D:/SteamLibrary/steamapps/common/Supermarket Simulator/Supermarket Simulator_Data/UnitySubsystems
d3d12: failed to create D3D12 device (0x887e0003).
GfxDevice: creating device client; kGfxThreadingModeClientWorkerJobs
Direct3D:
    Version:  Direct3D 11.0 [level 11.1]
    Renderer: AMD  Radeon RX 7800 XT (ID=0x747e)
    Vendor:   ATI
    VRAM:     16177 MB
    Driver:   32.0.31007.5012
[Physics::Module] Selected backend.
[Physics::Module] Name: PhysX
[Physics::Module] Id: 0xf2b8ea05
[Physics::Module] SDK Version: 4.1.2
[Physics::Module] Integration Version: 1.0.0
[Physics::Module] Threading Mode: Multi-Threaded
D3D11 device created for Microsoft Media Foundation video decoding.
<RI> Initializing input.
Using Windows.Gaming.Input
<RI> Input initialized.
UnloadTime: 0.119600 ms
Loading save manager
UnityEngine.DebugLogHandler:Internal_Log(LogType, LogOption, String, Object)
UnityEngine.Logger:Log(LogType, Object)
UnityEngine.Debug:Log(Object)
SaveManager:Awake()

Singleton of type : MoneyGenerator not found on scene
UnityEngine.DebugLogHandler:Internal_Log(LogType, LogOption, String, Object)
UnityEngine.Logger:Log(LogType, Object)
UnityEngine.Debug:LogError(Object)
MyBox.Singleton`1:get_Instance()

RenderGraph is now disabled.
UnityEngine.DebugLogHandler:Internal_Log(LogType, LogOption, String, Object)
UnityEngine.Logger:Log(LogType, Object)
UnityEngine.Debug:Log(Object)
UnityEngine.Rendering.Universal.UniversalRenderPipeline:.ctor(UniversalRenderPipelineAsset)
UnityEngine.Rendering.Universal.UniversalRenderPipelineAsset:CreatePipeline()
UnityEngine.Rendering.RenderPipelineAsset:InternalCreatePipeline()
UnityEngine.Rendering.RenderPipelineManager:TryPrepareRenderPipeline(RenderPipelineAsset)
UnityEngine.Rendering.RenderPipelineManager:DoRenderLoop_Internal(RenderPipelineAsset, IntPtr, Object)

The referenced script (NaisuPorter.Xbox.SetGamertag) on this Behaviour is missing!
The referenced script on this Behaviour (Game Object 'XboxID Canvas') is missing!
A scripted object (probably NaisuPorter.Xbox.SetGamertag?) has a different serialization layout when loading. (Read 32 bytes but expected 44 bytes)
Did you #if UNITY_EDITOR a section of your serialized properties in any of your scripts?
Unloading 6 Unused Serialized files (Serialized files now loaded: 4)
UnloadTime: 0.845700 ms
Unloading 37 unused Assets to reduce memory usage. Loaded Objects now: 23771.
Total: 9.266000 ms (FindLiveObjects: 1.449200 ms CreateObjectMapping: 0.266100 ms MarkObjects: 7.470200 ms  DeleteObjects: 0.080000 ms)

Unloading 1 Unused Serialized files (Serialized files now loaded: 4)
Unloading 0 unused Assets to reduce memory usage. Loaded Objects now: 23821.
Total: 30.872400 ms (FindLiveObjects: 1.829600 ms CreateObjectMapping: 0.449500 ms MarkObjects: 28.560000 ms  DeleteObjects: 0.032800 ms)

Singleton of type : InteractionHintsManager not found on scene
UnityEngine.DebugLogHandler:Internal_Log(LogType, LogOption, String, Object)
UnityEngine.Logger:Log(LogType, Object)
UnityEngine.Debug:LogError(Object)
MyBox.Singleton`1:get_Instance()

[Physics::Module] Cleanup current backend.
[Physics::Module] Id: 0xf2b8ea05
Input System module state changed to: ShutdownInProgress.
Input System polling thread exited.
Input System module state changed to: Shutdown.
