Mono path[0] = 'D:/Programas Sem Instalacao/Games/Five Hearts Under One Roof/MilkGame_Data/Managed'
Mono config path = 'D:/Programas Sem Instalacao/Games/Five Hearts Under One Roof/MonoBleedingEdge/etc'
[Physics::Module] Initialized MultithreadedJobDispatcher with 15 workers.
Initialize engine version: 2022.3.20f1 (61c2feb0970d)
[Subsystems] Discovering subsystems at path D:/Programas Sem Instalacao/Games/Five Hearts Under One Roof/MilkGame_Data/UnitySubsystems
GfxDevice: creating device client; threaded=1; jobified=1
Direct3D:
    Version:  Direct3D 11.0 [level 11.1]
    Renderer: NVIDIA GeForce RTX 3060 (ID=0x2503)
    Vendor:   NVIDIA
    VRAM:     12115 MB
    Driver:   32.0.15.6614
Begin MonoManager ReloadAssembly
- Loaded All Assemblies, in  0.143 seconds
- Finished resetting the current domain, in  0.001 seconds
<RI> Initializing input.
New input system (experimental) initialized
Using Windows.Gaming.Input
<RI> Input initialized.
<RI> Initialized touch support.
UnloadTime: 0.768400 ms
Direct3D: detected that using refresh rate causes time drift. Will stop trusting refresh rate until the game window is moved.
Direct3D: detected that vsync is broken (it does not limit frame rate properly). Delta time will now be calculated using cpu-side time stampling until the game window is moved.
Color primaries 0 is unknown or unsupported by WindowsMediaFoundation. Falling back to default may result in color shift. D:/Programas Sem Instalacao/Games/Five Hearts Under One Roof/MilkGame_Data/resources.resource
Parent of RectTransform is being set with parent property. Consider using the SetParent method instead, with the worldPositionStays argument set to false. This will retain local orientation and scale rather than world orientation and scale, which can prevent common UI scaling issues.
Unloading 5 Unused Serialized files (Serialized files now loaded: 0)
Unloading 1713 unused Assets to reduce memory usage. Loaded Objects now: 5105.
Total: 4.623700 ms (FindLiveObjects: 0.396400 ms CreateObjectMapping: 0.238300 ms MarkObjects: 3.519700 ms  DeleteObjects: 0.469100 ms)

<color=#0099bc><b>DOTWEEN ► </b></color>Max Tweens reached: capacity has automatically been increased from 200/50 to 500/50. Use DOTween.SetTweensCapacity to set it manually at startup
Unexpected timestamp values detected. This can occur in H.264 videos not encoded with the baseline profile. Timestamps will be skewed to correct the playback for D:/Programas Sem Instalacao/Games/Five Hearts Under One Roof/MilkGame_Data/resources.resource
Material 'UIStorySelectBlur' with Shader 'UI/GradientBlurShader' doesn't have a texture property '_MainTex'
Material UIBlurHQ doesn't have _ColorMask property
Material UIBlurHQ doesn't have _ColorMask property
Material UIBlurHQ doesn't have _ColorMask property
Material UIBlurHQ doesn't have _ColorMask property
Material UIBlurHQ doesn't have _ColorMask property
Material UIBlurHQ doesn't have _ColorMask property
Material UIBlurHQ doesn't have _ColorMask property
Material UIBlurHQ doesn't have _ColorMask property
Material UIBlurHQ doesn't have _ColorMask property
Parent of RectTransform is being set with parent property. Consider using the SetParent method instead, with the worldPositionStays argument set to false. This will retain local orientation and scale rather than world orientation and scale, which can prevent common UI scaling issues.
Unloading 1 Unused Serialized files (Serialized files now loaded: 0)
Unloading 1154 unused Assets to reduce memory usage. Loaded Objects now: 12269.
Total: 5.228600 ms (FindLiveObjects: 0.651500 ms CreateObjectMapping: 0.249100 ms MarkObjects: 3.867200 ms  DeleteObjects: 0.460600 ms)

Material UIBlurHQ doesn't have _ColorMask property
Material UIBlurHQ doesn't have _ColorMask property
Material UIBlurHQ doesn't have _ColorMask property
Material UIBlurHQ doesn't have _ColorMask property
Material UIBlurHQ doesn't have _ColorMask property
Material UIBlurHQ doesn't have _ColorMask property
Material UIBlurHQ doesn't have _ColorMask property
Material UIBlurHQ doesn't have _ColorMask property
Material UIBlurHQ doesn't have _ColorMask property
Material UIBlurHQ doesn't have _ColorMask property
Material UIBlurHQ doesn't have _ColorMask property
Material UIBlurHQ doesn't have _ColorMask property
Material UIBlurHQ doesn't have _ColorMask property
Material UIBlurHQ doesn't have _ColorMask property
Material UIBlurHQ doesn't have _ColorMask property
Material UIBlurHQ doesn't have _ColorMask property
Parent of RectTransform is being set with parent property. Consider using the SetParent method instead, with the worldPositionStays argument set to false. This will retain local orientation and scale rather than world orientation and scale, which can prevent common UI scaling issues.
Unloading 1 Unused Serialized files (Serialized files now loaded: 0)
Unloading 647 unused Assets to reduce memory usage. Loaded Objects now: 15418.
Total: 5.336300 ms (FindLiveObjects: 0.907400 ms CreateObjectMapping: 0.286400 ms MarkObjects: 3.841700 ms  DeleteObjects: 0.300500 ms)

Material UIBlurHQ doesn't have _ColorMask property
Material UIBlurHQ doesn't have _ColorMask property
Material UIBlurHQ doesn't have _ColorMask property
Material UIBlurHQ doesn't have _ColorMask property
Material UIBlurHQ doesn't have _ColorMask property
Material UIBlurHQ doesn't have _ColorMask property
Material UIBlurHQ doesn't have _ColorMask property
Material UIBlurHQ doesn't have _ColorMask property
Material UIBlurHQ doesn't have _ColorMask property
Material 'UIStorySelectBlur' with Shader 'UI/GradientBlurShader' doesn't have a texture property '_MainTex'
Material 'UIStorySelectBlur' with Shader 'UI/GradientBlurShader' doesn't have a texture property '_MainTex'
Material 'UIStorySelectBlur' with Shader 'UI/GradientBlurShader' doesn't have a texture property '_MainTex'
Material 'UIStorySelectBlur' with Shader 'UI/GradientBlurShader' doesn't have a texture property '_MainTex'
<color=#0099bc><b>DOTWEEN ► </b></color>This Tween has been killed and is now invalid
<color=#0099bc><b>DOTWEEN ► </b></color>This Tween has been killed and is now invalid
<color=#0099bc><b>DOTWEEN ► </b></color>This Tween has been killed and is now invalid
<color=#0099bc><b>DOTWEEN ► </b></color>This Tween has been killed and is now invalid
<color=#0099bc><b>DOTWEEN ► </b></color>This Tween has been killed and is now invalid
Material 'UIStorySelectBlur' with Shader 'UI/GradientBlurShader' doesn't have a texture property '_MainTex'
Material UIBlurHQ doesn't have _ColorMask property
Material UIBlurHQ doesn't have _ColorMask property
Material UIBlurHQ doesn't have _ColorMask property
Material UIBlurHQ doesn't have _ColorMask property
Material UIBlurHQ doesn't have _ColorMask property
<color=#0099bc><b>DOTWEEN ► </b></color>This Tween has been killed and is now invalid
<color=#0099bc><b>DOTWEEN ► </b></color>This Tween has been killed and is now invalid
Material 'UIStorySelectBlur' with Shader 'UI/GradientBlurShader' doesn't have a texture property '_MainTex'
<color=#0099bc><b>DOTWEEN ► </b></color>This Tween has been killed and is now invalid
<color=#0099bc><b>DOTWEEN ► </b></color>This Tween has been killed and is now invalid
<color=#0099bc><b>DOTWEEN ► </b></color>This Tween has been killed and is now invalid
<color=#0099bc><b>DOTWEEN ► </b></color>This Tween has been killed and is now invalid
<color=#0099bc><b>DOTWEEN ► </b></color>This Tween has been killed and is now invalid
Material 'UIStorySelectBlur' with Shader 'UI/GradientBlurShader' doesn't have a texture property '_MainTex'
<color=#0099bc><b>DOTWEEN ► </b></color>This Tween has been killed and is now invalid
<color=#0099bc><b>DOTWEEN ► </b></color>This Tween has been killed and is now invalid
<color=#0099bc><b>DOTWEEN ► </b></color>This Tween has been killed and is now invalid
<color=#0099bc><b>DOTWEEN ► </b></color>This Tween has been killed and is now invalid
Material 'UIStorySelectBlur' with Shader 'UI/GradientBlurShader' doesn't have a texture property '_MainTex'
<color=#0099bc><b>DOTWEEN ► </b></color>This Tween has been killed and is now invalid
<color=#0099bc><b>DOTWEEN ► </b></color>This Tween has been killed and is now invalid
<color=#0099bc><b>DOTWEEN ► </b></color>This Tween has been killed and is now invalid
<color=#0099bc><b>DOTWEEN ► </b></color>This Tween has been killed and is now invalid
<color=#0099bc><b>DOTWEEN ► </b></color>This Tween has been killed and is now invalid
<color=#0099bc><b>DOTWEEN ► </b></color>This Tween has been killed and is now invalid
<color=#0099bc><b>DOTWEEN ► </b></color>This Tween has been killed and is now invalid
<color=#0099bc><b>DOTWEEN ► </b></color>This Tween has been killed and is now invalid
<color=#0099bc><b>DOTWEEN ► </b></color>This Tween has been killed and is now invalid
<color=#0099bc><b>DOTWEEN ► </b></color>This Tween has been killed and is now invalid
<color=#0099bc><b>DOTWEEN ► </b></color>This Tween has been killed and is now invalid
<color=#0099bc><b>DOTWEEN ► </b></color>This Tween has been killed and is now invalid
<color=#0099bc><b>DOTWEEN ► </b></color>This Tween has been killed and is now invalid
<color=#0099bc><b>DOTWEEN ► </b></color>This Tween has been killed and is now invalid
<color=#0099bc><b>DOTWEEN ► </b></color>This Tween has been killed and is now invalid
<color=#0099bc><b>DOTWEEN ► </b></color>This Tween has been killed and is now invalid
<color=#0099bc><b>DOTWEEN ► </b></color>This Tween has been killed and is now invalid
<color=#0099bc><b>DOTWEEN ► </b></color>This Tween has been killed and is now invalid
<color=#0099bc><b>DOTWEEN ► </b></color>This Tween has been killed and is now invalid
<color=#0099bc><b>DOTWEEN ► </b></color>This Tween has been killed and is now invalid
<color=#0099bc><b>DOTWEEN ► </b></color>This Tween has been killed and is now invalid
<color=#0099bc><b>DOTWEEN ► </b></color>This Tween has been killed and is now invalid
<color=#0099bc><b>DOTWEEN ► </b></color>This Tween has been killed and is now invalid
<color=#0099bc><b>DOTWEEN ► </b></color>This Tween has been killed and is now invalid
<color=#0099bc><b>DOTWEEN ► </b></color>This Tween has been killed and is now invalid
<color=#0099bc><b>DOTWEEN ► </b></color>This Tween has been killed and is now invalid
<color=#0099bc><b>DOTWEEN ► </b></color>This Tween has been killed and is now invalid
<color=#0099bc><b>DOTWEEN ► </b></color>This Tween has been killed and is now invalid
<color=#0099bc><b>DOTWEEN ► </b></color>Max Tweens reached: capacity has automatically been increased from 500/50 to 1250/50. Use DOTween.SetTweensCapacity to set it manually at startup
<color=#0099bc><b>DOTWEEN ► </b></color>This Tween has been killed and is now invalid
<color=#0099bc><b>DOTWEEN ► </b></color>This Tween has been killed and is now invalid
<color=#0099bc><b>DOTWEEN ► </b></color>This Tween has been killed and is now invalid
<color=#0099bc><b>DOTWEEN ► </b></color>This Tween has been killed and is now invalid
<color=#0099bc><b>DOTWEEN ► </b></color>This Tween has been killed and is now invalid
<color=#0099bc><b>DOTWEEN ► </b></color>This Tween has been killed and is now invalid
<color=#0099bc><b>DOTWEEN ► </b></color>This Tween has been killed and is now invalid
<color=#0099bc><b>DOTWEEN ► </b></color>This Tween has been killed and is now invalid
<color=#0099bc><b>DOTWEEN ► </b></color>This Tween has been killed and is now invalid
<color=#0099bc><b>DOTWEEN ► </b></color>This Tween has been killed and is now invalid
<color=#0099bc><b>DOTWEEN ► </b></color>This Tween has been killed and is now invalid
<color=#0099bc><b>DOTWEEN ► </b></color>This Tween has been killed and is now invalid
<color=#0099bc><b>DOTWEEN ► </b></color>This Tween has been killed and is now invalid
<color=#0099bc><b>DOTWEEN ► </b></color>This Tween has been killed and is now invalid
<color=#0099bc><b>DOTWEEN ► </b></color>This Tween has been killed and is now invalid
<color=#0099bc><b>DOTWEEN ► </b></color>This Tween has been killed and is now invalid
<color=#0099bc><b>DOTWEEN ► </b></color>This Tween has been killed and is now invalid
<color=#0099bc><b>DOTWEEN ► </b></color>This Tween has been killed and is now invalid
<color=#0099bc><b>DOTWEEN ► </b></color>This Tween has been killed and is now invalid
<color=#0099bc><b>DOTWEEN ► </b></color>This Tween has been killed and is now invalid
<color=#0099bc><b>DOTWEEN ► </b></color>This Tween has been killed and is now invalid
<color=#0099bc><b>DOTWEEN ► </b></color>This Tween has been killed and is now invalid
<color=#0099bc><b>DOTWEEN ► </b></color>This Tween has been killed and is now invalid
<color=#0099bc><b>DOTWEEN ► </b></color>This Tween has been killed and is now invalid
<color=#0099bc><b>DOTWEEN ► </b></color>This Tween has been killed and is now invalid
<color=#0099bc><b>DOTWEEN ► </b></color>This Tween has been killed and is now invalid
<color=#0099bc><b>DOTWEEN ► </b></color>This Tween has been killed and is now invalid
<color=#0099bc><b>DOTWEEN ► </b></color>This Tween has been killed and is now invalid
<color=#0099bc><b>DOTWEEN ► </b></color>This Tween has been killed and is now invalid
<color=#0099bc><b>DOTWEEN ► </b></color>This Tween has been killed and is now invalid
<color=#0099bc><b>DOTWEEN ► </b></color>This Tween has been killed and is now invalid
<color=#0099bc><b>DOTWEEN ► </b></color>This Tween has been killed and is now invalid
<color=#0099bc><b>DOTWEEN ► </b></color>This Tween has been killed and is now invalid
<color=#0099bc><b>DOTWEEN ► </b></color>This Tween has been killed and is now invalid
<color=#0099bc><b>DOTWEEN ► </b></color>This Tween has been killed and is now invalid
<color=#0099bc><b>DOTWEEN ► </b></color>This Tween has been killed and is now invalid
<color=#0099bc><b>DOTWEEN ► </b></color>This Tween has been killed and is now invalid
<color=#0099bc><b>DOTWEEN ► </b></color>This Tween has been killed and is now invalid
<color=#0099bc><b>DOTWEEN ► </b></color>This Tween has been killed and is now invalid
<color=#0099bc><b>DOTWEEN ► </b></color>This Tween has been killed and is now invalid
<color=#0099bc><b>DOTWEEN ► </b></color>This Tween has been killed and is now invalid
<color=#0099bc><b>DOTWEEN ► </b></color>This Tween has been killed and is now invalid
<color=#0099bc><b>DOTWEEN ► </b></color>This Tween has been killed and is now invalid
<color=#0099bc><b>DOTWEEN ► </b></color>This Tween has been killed and is now invalid
<color=#0099bc><b>DOTWEEN ► </b></color>This Tween has been killed and is now invalid
<color=#0099bc><b>DOTWEEN ► </b></color>This Tween has been killed and is now invalid
<color=#0099bc><b>DOTWEEN ► </b></color>This Tween has been killed and is now invalid
<color=#0099bc><b>DOTWEEN ► </b></color>This Tween has been killed and is now invalid
<color=#0099bc><b>DOTWEEN ► </b></color>This Tween has been killed and is now invalid
<color=#0099bc><b>DOTWEEN ► </b></color>This Tween has been killed and is now invalid
<color=#0099bc><b>DOTWEEN ► </b></color>This Tween has been killed and is now invalid
<color=#0099bc><b>DOTWEEN ► </b></color>This Tween has been killed and is now invalid
<color=#0099bc><b>DOTWEEN ► </b></color>This Tween has been killed and is now invalid
<color=#0099bc><b>DOTWEEN ► </b></color>This Tween has been killed and is now invalid
<color=#0099bc><b>DOTWEEN ► </b></color>This Tween has been killed and is now invalid
<color=#0099bc><b>DOTWEEN ► </b></color>This Tween has been killed and is now invalid
<color=#0099bc><b>DOTWEEN ► </b></color>This Tween has been killed and is now invalid
Material 'UIStorySelectBlur' with Shader 'UI/GradientBlurShader' doesn't have a texture property '_MainTex'
Material UIBlurHQ doesn't have _ColorMask property
Material UIBlurHQ doesn't have _ColorMask property
Parent of RectTransform is being set with parent property. Consider using the SetParent method instead, with the worldPositionStays argument set to false. This will retain local orientation and scale rather than world orientation and scale, which can prevent common UI scaling issues.
Unloading 1 Unused Serialized files (Serialized files now loaded: 0)
Unloading 1229 unused Assets to reduce memory usage. Loaded Objects now: 15658.
Total: 5.607700 ms (FindLiveObjects: 0.834500 ms CreateObjectMapping: 0.266200 ms MarkObjects: 3.914100 ms  DeleteObjects: 0.592600 ms)

Parent of RectTransform is being set with parent property. Consider using the SetParent method instead, with the worldPositionStays argument set to false. This will retain local orientation and scale rather than world orientation and scale, which can prevent common UI scaling issues.
Unloading 0 Unused Serialized files (Serialized files now loaded: 0)
Unloading 4 unused Assets to reduce memory usage. Loaded Objects now: 15562.
Total: 6.075500 ms (FindLiveObjects: 0.862700 ms CreateObjectMapping: 0.216500 ms MarkObjects: 4.973400 ms  DeleteObjects: 0.022500 ms)

Setting up 8 worker threads for Enlighten.
Memory Statistics:
[ALLOC_TEMP_TLS] TLS Allocator
  StackAllocators : 
    [ALLOC_TEMP_MAIN]
      Peak usage frame count: [0-1.0 KB]: 42913 frames, [1.0 KB-2.0 KB]: 18601 frames, [2.0 KB-4.0 KB]: 3471 frames, [4.0 KB-8.0 KB]: 79851 frames, [8.0 KB-16.0 KB]: 1251 frames, [16.0 KB-32.0 KB]: 1235 frames, [32.0 KB-64.0 KB]: 85926 frames, [64.0 KB-128.0 KB]: 3 frames, [128.0 KB-256.0 KB]: 2 frames, [256.0 KB-0.5 MB]: 3 frames, [0.5 MB-1.0 MB]: 39 frames, [1.0 MB-2.0 MB]: 3 frames, [2.0 MB-4.0 MB]: 2 frames
      Initial Block Size 4.0 MB
      Current Block Size 4.0 MB
      Peak Allocated Bytes 2.1 MB
      Overflow Count 0
    [ALLOC_TEMP_Background Job.worker 11]
      Initial Block Size 32.0 KB
      Current Block Size 32.0 KB
      Peak Allocated Bytes 54 B
      Overflow Count 0
    [ALLOC_TEMP_Loading.PreloadManager]
      Initial Block Size 256.0 KB
      Current Block Size 296.0 KB
      Peak Allocated Bytes 290.5 KB
      Overflow Count 4
    [ALLOC_TEMP_Background Job.worker 3]
      Initial Block Size 32.0 KB
      Current Block Size 32.0 KB
      Peak Allocated Bytes 54 B
      Overflow Count 0
    [ALLOC_TEMP_Background Job.worker 4]
      Initial Block Size 32.0 KB
      Current Block Size 32.0 KB
      Peak Allocated Bytes 54 B
      Overflow Count 0
    [ALLOC_TEMP_Background Job.worker 7]
      Initial Block Size 32.0 KB
      Current Block Size 32.0 KB
      Peak Allocated Bytes 54 B
      Overflow Count 0
    [ALLOC_TEMP_Background Job.worker 6]
      Initial Block Size 32.0 KB
      Current Block Size 32.0 KB
      Peak Allocated Bytes 54 B
      Overflow Count 0
    [ALLOC_TEMP_Job.worker 11]
      Initial Block Size 256.0 KB
      Current Block Size 256.0 KB
      Peak Allocated Bytes 38.6 KB
      Overflow Count 0
    [ALLOC_TEMP_Background Job.worker 12]
      Initial Block Size 32.0 KB
      Current Block Size 32.0 KB
      Peak Allocated Bytes 54 B
      Overflow Count 0
    [ALLOC_TEMP_Background Job.worker 2]
      Initial Block Size 32.0 KB
      Current Block Size 32.0 KB
      Peak Allocated Bytes 54 B
      Overflow Count 0
    [ALLOC_TEMP_Background Job.worker 9]
      Initial Block Size 32.0 KB
      Current Block Size 32.0 KB
      Peak Allocated Bytes 54 B
      Overflow Count 0
    [ALLOC_TEMP_Job.worker 0]
      Initial Block Size 256.0 KB
      Current Block Size 256.0 KB
      Peak Allocated Bytes 38.6 KB
      Overflow Count 0
    [ALLOC_TEMP_Background Job.worker 15]
      Initial Block Size 32.0 KB
      Current Block Size 32.0 KB
      Peak Allocated Bytes 54 B
      Overflow Count 0
    [ALLOC_TEMP_Background Job.worker 8]
      Initial Block Size 32.0 KB
      Current Block Size 32.0 KB
      Peak Allocated Bytes 54 B
      Overflow Count 0
    [ALLOC_TEMP_Job.worker 14]
      Initial Block Size 256.0 KB
      Current Block Size 256.0 KB
      Peak Allocated Bytes 35.8 KB
      Overflow Count 0
    [ALLOC_TEMP_Background Job.worker 10]
      Initial Block Size 32.0 KB
      Current Block Size 32.0 KB
      Peak Allocated Bytes 54 B
      Overflow Count 0
    [ALLOC_TEMP_Job.worker 13]
      Initial Block Size 256.0 KB
      Current Block Size 256.0 KB
      Peak Allocated Bytes 34.5 KB
      Overflow Count 0
    [ALLOC_TEMP_Background Job.worker 1]
      Initial Block Size 32.0 KB
      Current Block Size 32.0 KB
      Peak Allocated Bytes 8.5 KB
      Overflow Count 0
    [ALLOC_TEMP_EnlightenWorker] x 8
      Initial Block Size 64.0 KB
      Current Block Size 64.0 KB
      Peak Allocated Bytes 54 B
      Overflow Count 0
    [ALLOC_TEMP_Job.worker 1]
      Initial Block Size 256.0 KB
      Current Block Size 256.0 KB
      Peak Allocated Bytes 41.4 KB
      Overflow Count 0
    [ALLOC_TEMP_Job.worker 3]
      Initial Block Size 256.0 KB
      Current Block Size 256.0 KB
      Peak Allocated Bytes 41.4 KB
      Overflow Count 0
    [ALLOC_TEMP_Background Job.worker 5]
      Initial Block Size 32.0 KB
      Current Block Size 32.0 KB
      Peak Allocated Bytes 54 B
      Overflow Count 0
    [ALLOC_TEMP_Job.worker 5]
      Initial Block Size 256.0 KB
      Current Block Size 256.0 KB
      Peak Allocated Bytes 41.4 KB
      Overflow Count 0
    [ALLOC_TEMP_Job.worker 12]
      Initial Block Size 256.0 KB
      Current Block Size 256.0 KB
      Peak Allocated Bytes 38.6 KB
      Overflow Count 0
    [ALLOC_TEMP_UnityGfxDeviceWorker]
      Initial Block Size 256.0 KB
      Current Block Size 256.0 KB
      Peak Allocated Bytes 16.3 KB
      Overflow Count 0
    [ALLOC_TEMP_Job.worker 4]
      Initial Block Size 256.0 KB
      Current Block Size 256.0 KB
      Peak Allocated Bytes 41.4 KB
      Overflow Count 0
    [ALLOC_TEMP_Background Job.worker 13]
      Initial Block Size 32.0 KB
      Current Block Size 32.0 KB
      Peak Allocated Bytes 54 B
      Overflow Count 0
    [ALLOC_TEMP_AssetGarbageCollectorHelper] x 15
      Initial Block Size 64.0 KB
      Current Block Size 64.0 KB
      Peak Allocated Bytes 138 B
      Overflow Count 0
    [ALLOC_TEMP_Job.worker 2]
      Initial Block Size 256.0 KB
      Current Block Size 256.0 KB
      Peak Allocated Bytes 41.4 KB
      Overflow Count 0
    [ALLOC_TEMP_Job.worker 10]
      Initial Block Size 256.0 KB
      Current Block Size 256.0 KB
      Peak Allocated Bytes 38.6 KB
      Overflow Count 0
    [ALLOC_TEMP_Job.worker 7]
      Initial Block Size 256.0 KB
      Current Block Size 256.0 KB
      Peak Allocated Bytes 41.4 KB
      Overflow Count 0
    [ALLOC_TEMP_Job.worker 9]
      Initial Block Size 256.0 KB
      Current Block Size 256.0 KB
      Peak Allocated Bytes 41.4 KB
      Overflow Count 0
    [ALLOC_TEMP_Background Job.worker 0]
      Initial Block Size 32.0 KB
      Current Block Size 32.0 KB
      Peak Allocated Bytes 54 B
      Overflow Count 0
    [ALLOC_TEMP_Job.worker 6]
      Initial Block Size 256.0 KB
      Current Block Size 256.0 KB
      Peak Allocated Bytes 41.4 KB
      Overflow Count 0
    [ALLOC_TEMP_Job.worker 8]
      Initial Block Size 256.0 KB
      Current Block Size 256.0 KB
      Peak Allocated Bytes 38.6 KB
      Overflow Count 0
    [ALLOC_TEMP_HIDInput]
      Initial Block Size 64.0 KB
      Current Block Size 64.0 KB
      Peak Allocated Bytes 10.8 KB
      Overflow Count 0
    [ALLOC_TEMP_Background Job.worker 14]
      Initial Block Size 32.0 KB
      Current Block Size 32.0 KB
      Peak Allocated Bytes 54 B
      Overflow Count 0
    [ALLOC_TEMP_Loading.AsyncRead]
      Initial Block Size 64.0 KB
      Current Block Size 64.0 KB
      Peak Allocated Bytes 318 B
      Overflow Count 0
    [ALLOC_TEMP_BatchDeleteObjects]
      Initial Block Size 64.0 KB
      Current Block Size 64.0 KB
      Peak Allocated Bytes 54 B
      Overflow Count 0
[ALLOC_DEFAULT] Dual Thread Allocator
  Peak main deferred allocation count 2456
    [ALLOC_BUCKET]
      Large Block size 4.0 MB
      Used Block count 1
      Peak Allocated bytes 3.9 MB
      Failed Allocations. Bucket layout:
        16B: 13 Subsections = 13312 buckets. Failed count: 0
        32B: 23 Subsections = 11776 buckets. Failed count: 0
        48B: 39 Subsections = 13312 buckets. Failed count: 488373
        64B: 41 Subsections = 10496 buckets. Failed count: 0
        80B: 28 Subsections = 5734 buckets. Failed count: 0
        96B: 28 Subsections = 4778 buckets. Failed count: 0
        112B: 39 Subsections = 5705 buckets. Failed count: 53
        128B: 45 Subsections = 5760 buckets. Failed count: 61
    [ALLOC_DEFAULT_MAIN]
      Peak usage frame count: [16.0 MB-32.0 MB]: 47573 frames, [32.0 MB-64.0 MB]: 31324 frames, [64.0 MB-128.0 MB]: 154403 frames
      Requested Block Size 16.0 MB
      Peak Block count 3
      Peak Allocated memory 96.8 MB
      Peak Large allocation bytes 73.4 MB
    [ALLOC_DEFAULT_THREAD]
      Peak usage frame count: [16.0 MB-32.0 MB]: 233299 frames, [64.0 MB-128.0 MB]: 1 frames
      Requested Block Size 16.0 MB
      Peak Block count 1
      Peak Allocated memory 70.5 MB
      Peak Large allocation bytes 64.0 MB
[ALLOC_TEMP_JOB_1_FRAME]
  Initial Block Size 2.0 MB
  Used Block Count 0
  Overflow Count (too large) 0
  Overflow Count (full) 0
[ALLOC_TEMP_JOB_2_FRAMES]
  Initial Block Size 2.0 MB
  Used Block Count 0
  Overflow Count (too large) 0
  Overflow Count (full) 0
[ALLOC_TEMP_JOB_4_FRAMES (JobTemp)]
  Initial Block Size 2.0 MB
  Used Block Count 1
  Overflow Count (too large) 0
  Overflow Count (full) 0
[ALLOC_TEMP_JOB_ASYNC (Background)]
  Initial Block Size 1.0 MB
  Used Block Count 1
  Overflow Count (too large) 0
  Overflow Count (full) 0
[ALLOC_GFX] Dual Thread Allocator
  Peak main deferred allocation count 12
    [ALLOC_BUCKET]
      Large Block size 4.0 MB
      Used Block count 1
      Peak Allocated bytes 3.9 MB
      Failed Allocations. Bucket layout:
        16B: 13 Subsections = 13312 buckets. Failed count: 0
        32B: 23 Subsections = 11776 buckets. Failed count: 0
        48B: 39 Subsections = 13312 buckets. Failed count: 488373
        64B: 41 Subsections = 10496 buckets. Failed count: 0
        80B: 28 Subsections = 5734 buckets. Failed count: 0
        96B: 28 Subsections = 4778 buckets. Failed count: 0
        112B: 39 Subsections = 5705 buckets. Failed count: 53
        128B: 45 Subsections = 5760 buckets. Failed count: 61
    [ALLOC_GFX_MAIN]
      Peak usage frame count: [64.0 KB-128.0 KB]: 1 frames, [256.0 MB-0.50 GB]: 233299 frames
      Requested Block Size 16.0 MB
      Peak Block count 1
      Peak Allocated memory 258.2 MB
      Peak Large allocation bytes 256.0 MB
    [ALLOC_GFX_THREAD]
      Peak usage frame count: [1.0 KB-2.0 KB]: 1 frames, [256.0 KB-0.5 MB]: 233299 frames
      Requested Block Size 16.0 MB
      Peak Block count 1
      Peak Allocated memory 396.0 KB
      Peak Large allocation bytes 0 B
[ALLOC_CACHEOBJECTS] Dual Thread Allocator
  Peak main deferred allocation count 1476
    [ALLOC_BUCKET]
      Large Block size 4.0 MB
      Used Block count 1
      Peak Allocated bytes 3.9 MB
      Failed Allocations. Bucket layout:
        16B: 13 Subsections = 13312 buckets. Failed count: 0
        32B: 23 Subsections = 11776 buckets. Failed count: 0
        48B: 39 Subsections = 13312 buckets. Failed count: 488373
        64B: 41 Subsections = 10496 buckets. Failed count: 0
        80B: 28 Subsections = 5734 buckets. Failed count: 0
        96B: 28 Subsections = 4778 buckets. Failed count: 0
        112B: 39 Subsections = 5705 buckets. Failed count: 53
        128B: 45 Subsections = 5760 buckets. Failed count: 61
    [ALLOC_CACHEOBJECTS_MAIN]
      Peak usage frame count: [2.0 MB-4.0 MB]: 1 frames, [16.0 MB-32.0 MB]: 233299 frames
      Requested Block Size 4.0 MB
      Peak Block count 3
      Peak Allocated memory 26.6 MB
      Peak Large allocation bytes 16.8 MB
    [ALLOC_CACHEOBJECTS_THREAD]
      Peak usage frame count: [8.0 MB-16.0 MB]: 233299 frames, [16.0 MB-32.0 MB]: 1 frames
      Requested Block Size 4.0 MB
      Peak Block count 6
      Peak Allocated memory 27.7 MB
      Peak Large allocation bytes 8.0 MB
[ALLOC_TYPETREE] Dual Thread Allocator
  Peak main deferred allocation count 0
    [ALLOC_BUCKET]
      Large Block size 4.0 MB
      Used Block count 1
      Peak Allocated bytes 3.9 MB
      Failed Allocations. Bucket layout:
        16B: 13 Subsections = 13312 buckets. Failed count: 0
        32B: 23 Subsections = 11776 buckets. Failed count: 0
        48B: 39 Subsections = 13312 buckets. Failed count: 488373
        64B: 41 Subsections = 10496 buckets. Failed count: 0
        80B: 28 Subsections = 5734 buckets. Failed count: 0
        96B: 28 Subsections = 4778 buckets. Failed count: 0
        112B: 39 Subsections = 5705 buckets. Failed count: 53
        128B: 45 Subsections = 5760 buckets. Failed count: 61
    [ALLOC_TYPETREE_MAIN]
      Peak usage frame count: [4.0 KB-8.0 KB]: 1 frames, [32.0 KB-64.0 KB]: 233299 frames
      Requested Block Size 2.0 MB
      Peak Block count 1
      Peak Allocated memory 34.4 KB
      Peak Large allocation bytes 0 B
    [ALLOC_TYPETREE_THREAD]
      Peak usage frame count: [8.0 KB-16.0 KB]: 233300 frames
      Requested Block Size 2.0 MB
      Peak Block count 1
      Peak Allocated memory 13.2 KB
      Peak Large allocation bytes 0 B
