[Physics::Module] Initialized MultithreadedJobDispatcher with {0} workers.
Initialize engine version: 2021.3.40f1 (6fcab7dbbbc1)
[Subsystems] Discovering subsystems at path D:/Programas Sem Instalacao/Games/Farm Together 2/FarmTogether2_Data/UnitySubsystems
GfxDevice: creating device client; threaded=1; jobified=0
Direct3D:
    Version:  Direct3D 11.0 [level 11.1]
    Renderer: NVIDIA GeForce RTX 3060 (ID=0x2503)
    Vendor:   NVIDIA
    VRAM:     12115 MB
    Driver:   32.0.15.6636
<RI> Initializing input.
<RI> Input initialized.
<RI> Initialized touch support.
UnloadTime: 1.136300 ms
Log file initialized - C:\Users\ChouKpop1337\AppData\Roaming\..\LocalLow\Milkstone Studios\FarmTogether2\FarmTogether2_log_20250119_1931.txt
UnityEngine.DebugLogHandler:LogFormat(LogType, Object, String, Object[])
UnityEngine.Logger:Log(LogType, Object)
UnityEngine.Debug:Log(Object)
GameInit:Awake()

Initializing platform
UnityEngine.DebugLogHandler:LogFormat(LogType, Object, String, Object[])
UnityEngine.Logger:Log(LogType, Object)
UnityEngine.Debug:Log(Object)
GameInit:Awake()

Game version: v152
Date: 19/01/2025 19:31
OS: Windows 11  (10.0.22631) 64bit
Processor: AMD Ryzen 7 5800X 8-Core Processor  - Count:16 - Mhz:3800
System RAM:16310MB
Graphics card: NVIDIA GeForce RTX 3060 - Version: Direct3D 11.0 [level 11.1] - RAM: 12115MB

Platform: CHOUKPOP MS-7C56 (Micro-Star International Co., Ltd.) 64bit
System language: Portuguese
Screen Resolution: 1920x1080@144 Fullscreen:True Mode:FullScreenWindow
Game Resolution: 1920x1080
Displays: 
0: OZDSP24PRO - 1920x1080@144
1: HP 27o - 1920x1080@60
Audio - Speaker Mode: Mode7point1 - Sample Rate: 48000 - Real Voices: 32 - Virtual Voices: 256
Arguments: D:\Programas Sem Instalacao\Games\Farm Together 2\FarmTogether2.exe
UnityEngine.DebugLogHandler:LogFormat(LogType, Object, String, Object[])
UnityEngine.Logger:Log(LogType, Object)
UnityEngine.Debug:Log(Object)
GameInit:PrintMasterLogs()
GameInit:Awake()

MilkAddressables initialized. 2732 assets.
UnityEngine.DebugLogHandler:LogFormat(LogType, Object, String, Object[])
UnityEngine.Logger:Log(LogType, Object)
UnityEngine.Debug:Log(Object)
MilkAddressables:Initialize()
GameInit:InitializeFont()
GameInit:Awake()

Loaded bundle ui. Load time: 0,04834101
UnityEngine.DebugLogHandler:LogFormat(LogType, Object, String, Object[])
UnityEngine.Logger:Log(LogType, Object)
UnityEngine.Debug:Log(Object)
MilkAddressables:LoadBundle(String)
MilkAddressables:LoadAsset(String, String)
MilkAddressables:LoadAsset(String, Boolean)
GameInit:InitializeFont()
GameInit:Awake()

Loaded bundle loadingscreenshots. Load time: 0,01557922
UnityEngine.DebugLogHandler:LogFormat(LogType, Object, String, Object[])
UnityEngine.Logger:Log(LogType, Object)
UnityEngine.Debug:Log(Object)
MilkAddressables:LoadBundle(String)
MilkAddressables:LoadBundle(String)
MilkAddressables:LoadAsset(String, String)
MilkAddressables:LoadAsset(String, Boolean)
GameInit:InitializeFont()
GameInit:Awake()

Loaded bundle sound. Load time: 0,01552132
UnityEngine.DebugLogHandler:LogFormat(LogType, Object, String, Object[])
UnityEngine.Logger:Log(LogType, Object)
UnityEngine.Debug:Log(Object)
MilkAddressables:LoadBundle(String)
MilkAddressables:LoadBundle(String)
MilkAddressables:LoadBundle(String)
MilkAddressables:LoadAsset(String, String)
MilkAddressables:LoadAsset(String, Boolean)
GameInit:InitializeFont()
GameInit:Awake()

Loaded bundle shaders. Load time: 0,02358142
UnityEngine.DebugLogHandler:LogFormat(LogType, Object, String, Object[])
UnityEngine.Logger:Log(LogType, Object)
UnityEngine.Debug:Log(Object)
MilkAddressables:LoadBundle(String)
MilkAddressables:LoadBundle(String)
MilkAddressables:LoadAsset(String, String)
MilkAddressables:LoadAsset(String, Boolean)
GameInit:InitializeFont()
GameInit:Awake()

Initializing Steam API
UnityEngine.DebugLogHandler:LogFormat(LogType, Object, String, Object[])
UnityEngine.Logger:Log(LogType, Object)
UnityEngine.Debug:Log(Object)
Milkstone.Game.Steam.SteamPlatformInterface:_Init(UInt32, SteamStorageMethod)
GameInit:InitializePlatform()
GameInit:Awake()

Steam API Initialized. Steam is running:True
UnityEngine.DebugLogHandler:LogFormat(LogType, Object, String, Object[])
UnityEngine.Logger:Log(LogType, Object)
UnityEngine.Debug:Log(Object)
Milkstone.Game.Steam.SteamPlatformInterface:_Init(UInt32, SteamStorageMethod)
GameInit:InitializePlatform()
GameInit:Awake()

Compiled Packsize: 8 Steamworks Packsize: 8
UnityEngine.DebugLogHandler:LogFormat(LogType, Object, String, Object[])
UnityEngine.Logger:Log(LogType, Object)
UnityEngine.Debug:Log(Object)
Milkstone.Game.Steam.SteamPlatformInterface:_Init(UInt32, SteamStorageMethod)
GameInit:InitializePlatform()
GameInit:Awake()

Save Folder: C:/Users/ChouKpop1337/AppData/LocalLow/Milkstone Studios/FarmTogether2/SteamStorage/76561198737014424/ - Machine: C:/Users/ChouKpop1337/AppData/LocalLow/Milkstone Studios/FarmTogether2/SteamStorage/Local/
UnityEngine.DebugLogHandler:LogFormat(LogType, Object, String, Object[])
UnityEngine.Logger:Log(LogType, Object)
UnityEngine.Debug:Log(Object)
Milkstone.Game.Steam.Storage.SteamSimpleStorageManager:.ctor(SteamStorageMethod)
Milkstone.Game.Steam.SteamPlatformInterface:_Init(UInt32, SteamStorageMethod)
GameInit:InitializePlatform()
GameInit:Awake()

File Integrity Error! Method 6
UnityEngine.DebugLogHandler:LogFormat(LogType, Object, String, Object[])
UnityEngine.Logger:Log(LogType, Object)
UnityEngine.Debug:LogError(Object)
Milkstone.Game.Steam.SteamPlatformInterface:CheckPatataFile(Boolean&, String, Int32)
Milkstone.Game.Steam.SteamPlatformInterface:CheckPatata()
Milkstone.Game.Steam.SteamPlatformInterface:_Init(UInt32, SteamStorageMethod)
GameInit:InitializePlatform()
GameInit:Awake()

File Integrity Error! Method 12
UnityEngine.DebugLogHandler:LogFormat(LogType, Object, String, Object[])
UnityEngine.Logger:Log(LogType, Object)
UnityEngine.Debug:LogError(Object)
Milkstone.Game.Steam.SteamPlatformInterface:CheckPatataFile(Boolean&, String, Int32)
Milkstone.Game.Steam.SteamPlatformInterface:CheckPatata()
Milkstone.Game.Steam.SteamPlatformInterface:_Init(UInt32, SteamStorageMethod)
GameInit:InitializePlatform()
GameInit:Awake()

Steam API initialized
UnityEngine.DebugLogHandler:LogFormat(LogType, Object, String, Object[])
UnityEngine.Logger:Log(LogType, Object)
UnityEngine.Debug:Log(Object)
GameInit:InitializePlatform()
GameInit:Awake()

Checking SDL2 Version. Detected:2.30.8. Required: 2.0.20
UnityEngine.DebugLogHandler:LogFormat(LogType, Object, String, Object[])
UnityEngine.Logger:Log(LogType, Object)
UnityEngine.Debug:Log(Object)
Milkstone.Input.SDL2.SDL2GamepadManager:Init()
GameInit:InitializePlatform()
GameInit:Awake()

Mouse Events suppression initialized
UnityEngine.DebugLogHandler:LogFormat(LogType, Object, String, Object[])
UnityEngine.Logger:Log(LogType, Object)
UnityEngine.Debug:Log(Object)
GameInit:Awake()

Opening file C:/Users/ChouKpop1337/AppData/LocalLow/Milkstone Studios/FarmTogether2/SteamStorage/Local/globalconfig.json - Mode:Open
UnityEngine.DebugLogHandler:LogFormat(LogType, Object, String, Object[])
UnityEngine.Logger:Log(LogType, Object)
UnityEngine.Debug:Log(Object)
Milkstone.Game.Steam.Storage.SteamSimpleStorageFile:OpenFile(String, FileMode)
Milkstone.Game.Config.ConfigFile:loadData(IStorageFile, Object)
Milkstone.Game.Storage.StorageManager:performMachineOperation(Object)
Milkstone.Game.Tasks.TaskManager:performOperation(TaskData)
Milkstone.Game.Tasks.TaskManager:work()
System.Threading.ExecutionContext:RunInternal(ExecutionContext, ContextCallback, Object, Boolean)
System.Threading.ExecutionContext:Run(ExecutionContext, ContextCallback, Object)

Opening file C:/Users/ChouKpop1337/AppData/LocalLow/Milkstone Studios/FarmTogether2/SteamStorage/76561198737014424/controller.json - Mode:Open
UnityEngine.DebugLogHandler:LogFormat(LogType, Object, String, Object[])
UnityEngine.Logger:Log(LogType, Object)
UnityEngine.Debug:Log(Object)
Milkstone.Game.Steam.Storage.SteamSimpleStorageFile:OpenFile(String, FileMode)
Milkstone.Input.Controller.GameControllerManager:loadData(IStorageFile, Object)
Milkstone.Game.Storage.StorageManager:performPlayerOperation(Object)
Milkstone.Game.Tasks.TaskManager:performOperation(TaskData)
Milkstone.Game.Tasks.TaskManager:work()
System.Threading.ExecutionContext:RunInternal(ExecutionContext, ContextCallback, Object, Boolean)
System.Threading.ExecutionContext:Run(ExecutionContext, ContextCallback, Object)

Shop items loaded: 609
UnityEngine.DebugLogHandler:LogFormat(LogType, Object, String, Object[])
UnityEngine.Logger:Log(LogType, Object)
UnityEngine.Debug:Log(Object)
GameInit:Preload()
GameInit:Awake()

Customization items loaded: 249
UnityEngine.DebugLogHandler:LogFormat(LogType, Object, String, Object[])
UnityEngine.Logger:Log(LogType, Object)
UnityEngine.Debug:Log(Object)
Core.CustomizationManager:RefreshCollection()
GameInit:Preload()
GameInit:Awake()

Loaded bundle base. Load time: 0,01212817
UnityEngine.DebugLogHandler:LogFormat(LogType, Object, String, Object[])
UnityEngine.Logger:Log(LogType, Object)
UnityEngine.Debug:Log(Object)
MilkAddressables:LoadBundle(String)
MilkAddressables:LoadAsset(String, String)
MilkAddressables:LoadAsset(String, Boolean)
View.TileMeshes:Initialize()
GameInit:Preload()
GameInit:Awake()

Loaded bundle characters. Load time: 0,03644603
UnityEngine.DebugLogHandler:LogFormat(LogType, Object, String, Object[])
UnityEngine.Logger:Log(LogType, Object)
UnityEngine.Debug:Log(Object)
MilkAddressables:LoadBundle(String)
MilkAddressables:LoadBundle(String)
MilkAddressables:LoadAsset(String, String)
MilkAddressables:LoadAsset(String, Boolean)
View.TileMeshes:Initialize()
GameInit:Preload()
GameInit:Awake()

Loaded bundle crops. Load time: 0,01974434
UnityEngine.DebugLogHandler:LogFormat(LogType, Object, String, Object[])
UnityEngine.Logger:Log(LogType, Object)
UnityEngine.Debug:Log(Object)
MilkAddressables:LoadBundle(String)
MilkAddressables:LoadBundle(String)
MilkAddressables:LoadBundle(String)
MilkAddressables:LoadAsset(String, String)
MilkAddressables:LoadAsset(String, Boolean)
View.TileMeshes:Initialize()
GameInit:Preload()
GameInit:Awake()

Loaded bundle decorations. Load time: 0,02908993
UnityEngine.DebugLogHandler:LogFormat(LogType, Object, String, Object[])
UnityEngine.Logger:Log(LogType, Object)
UnityEngine.Debug:Log(Object)
MilkAddressables:LoadBundle(String)
MilkAddressables:LoadBundle(String)
MilkAddressables:LoadBundle(String)
MilkAddressables:LoadBundle(String)
MilkAddressables:LoadAsset(String, String)
MilkAddressables:LoadAsset(String, Boolean)
View.TileMeshes:Initialize()
GameInit:Preload()
GameInit:Awake()

Loaded bundle fences. Load time: 0,0135687
UnityEngine.DebugLogHandler:LogFormat(LogType, Object, String, Object[])
UnityEngine.Logger:Log(LogType, Object)
UnityEngine.Debug:Log(Object)
MilkAddressables:LoadBundle(String)
MilkAddressables:LoadBundle(String)
MilkAddressables:LoadBundle(String)
MilkAddressables:LoadBundle(String)
MilkAddressables:LoadBundle(String)
MilkAddressables:LoadAsset(String, String)
MilkAddressables:LoadAsset(String, Boolean)
View.TileMeshes:Initialize()
GameInit:Preload()
GameInit:Awake()

Loaded bundle flags. Load time: 0,007252514
UnityEngine.DebugLogHandler:LogFormat(LogType, Object, String, Object[])
UnityEngine.Logger:Log(LogType, Object)
UnityEngine.Debug:Log(Object)
MilkAddressables:LoadBundle(String)
MilkAddressables:LoadBundle(String)
MilkAddressables:LoadBundle(String)
MilkAddressables:LoadBundle(String)
MilkAddressables:LoadBundle(String)
MilkAddressables:LoadBundle(String)
MilkAddressables:LoadAsset(String, String)
MilkAddressables:LoadAsset(String, Boolean)
View.TileMeshes:Initialize()
GameInit:Preload()
GameInit:Awake()

Loaded bundle flowers. Load time: 0,0148223
UnityEngine.DebugLogHandler:LogFormat(LogType, Object, String, Object[])
UnityEngine.Logger:Log(LogType, Object)
UnityEngine.Debug:Log(Object)
MilkAddressables:LoadBundle(String)
MilkAddressables:LoadBundle(String)
MilkAddressables:LoadBundle(String)
MilkAddressables:LoadBundle(String)
MilkAddressables:LoadBundle(String)
MilkAddressables:LoadBundle(String)
MilkAddressables:LoadAsset(String, String)
MilkAddressables:LoadAsset(String, Boolean)
View.TileMeshes:Initialize()
GameInit:Preload()
GameInit:Awake()

Loaded bundle fx. Load time: 0,01212889
UnityEngine.DebugLogHandler:LogFormat(LogType, Object, String, Object[])
UnityEngine.Logger:Log(LogType, Object)
UnityEngine.Debug:Log(Object)
MilkAddressables:LoadBundle(String)
MilkAddressables:LoadBundle(String)
MilkAddressables:LoadBundle(String)
MilkAddressables:LoadBundle(String)
MilkAddressables:LoadBundle(String)
MilkAddressables:LoadBundle(String)
MilkAddressables:LoadBundle(String)
MilkAddressables:LoadAsset(String, String)
MilkAddressables:LoadAsset(String, Boolean)
View.TileMeshes:Initialize()
GameInit:Preload()
GameInit:Awake()

Loaded bundle houseitems. Load time: 0,01069897
UnityEngine.DebugLogHandler:LogFormat(LogType, Object, String, Object[])
UnityEngine.Logger:Log(LogType, Object)
UnityEngine.Debug:Log(Object)
MilkAddressables:LoadBundle(String)
MilkAddressables:LoadBundle(String)
MilkAddressables:LoadBundle(String)
MilkAddressables:LoadBundle(String)
MilkAddressables:LoadBundle(String)
MilkAddressables:LoadBundle(String)
MilkAddressables:LoadBundle(String)
MilkAddressables:LoadBundle(String)
MilkAddressables:LoadAsset(String, String)
MilkAddressables:LoadAsset(String, Boolean)
View.TileMeshes:Initialize()
GameInit:Preload()
GameInit:Awake()

Loaded bundle town. Load time: 0,02256131
UnityEngine.DebugLogHandler:LogFormat(LogType, Object, String, Object[])
UnityEngine.Logger:Log(LogType, Object)
UnityEngine.Debug:Log(Object)
MilkAddressables:LoadBundle(String)
MilkAddressables:LoadBundle(String)
MilkAddressables:LoadBundle(String)
MilkAddressables:LoadBundle(String)
MilkAddressables:LoadBundle(String)
MilkAddressables:LoadBundle(String)
MilkAddressables:LoadBundle(String)
MilkAddressables:LoadBundle(String)
MilkAddressables:LoadBundle(String)
MilkAddressables:LoadAsset(String, String)
MilkAddressables:LoadAsset(String, Boolean)
View.TileMeshes:Initialize()
GameInit:Preload()
GameInit:Awake()

Loaded bundle trees. Load time: 0,01624018
UnityEngine.DebugLogHandler:LogFormat(LogType, Object, String, Object[])
UnityEngine.Logger:Log(LogType, Object)
UnityEngine.Debug:Log(Object)
MilkAddressables:LoadBundle(String)
MilkAddressables:LoadBundle(String)
MilkAddressables:LoadBundle(String)
MilkAddressables:LoadBundle(String)
MilkAddressables:LoadBundle(String)
MilkAddressables:LoadBundle(String)
MilkAddressables:LoadBundle(String)
MilkAddressables:LoadBundle(String)
MilkAddressables:LoadBundle(String)
MilkAddressables:LoadBundle(String)
MilkAddressables:LoadAsset(String, String)
MilkAddressables:LoadAsset(String, Boolean)
View.TileMeshes:Initialize()
GameInit:Preload()
GameInit:Awake()

Loaded bundle vehicles. Load time: 0,01184958
UnityEngine.DebugLogHandler:LogFormat(LogType, Object, String, Object[])
UnityEngine.Logger:Log(LogType, Object)
UnityEngine.Debug:Log(Object)
MilkAddressables:LoadBundle(String)
MilkAddressables:LoadBundle(String)
MilkAddressables:LoadBundle(String)
MilkAddressables:LoadBundle(String)
MilkAddressables:LoadBundle(String)
MilkAddressables:LoadBundle(String)
MilkAddressables:LoadBundle(String)
MilkAddressables:LoadBundle(String)
MilkAddressables:LoadBundle(String)
MilkAddressables:LoadBundle(String)
MilkAddressables:LoadBundle(String)
MilkAddressables:LoadAsset(String, String)
MilkAddressables:LoadAsset(String, Boolean)
View.TileMeshes:Initialize()
GameInit:Preload()
GameInit:Awake()

Platform initialized
UnityEngine.DebugLogHandler:LogFormat(LogType, Object, String, Object[])
UnityEngine.Logger:Log(LogType, Object)
UnityEngine.Debug:Log(Object)
GameInit:Awake()

Won focus
UnityEngine.DebugLogHandler:LogFormat(LogType, Object, String, Object[])
UnityEngine.Logger:Log(LogType, Object)
UnityEngine.Debug:Log(Object)
GameInit:OnApplicationFocus(Boolean)

Adding SDL2 Mappings: D:\Programas Sem Instalacao\Games\Farm Together 2\gamecontrollerdb.txt
UnityEngine.DebugLogHandler:LogFormat(LogType, Object, String, Object[])
UnityEngine.Logger:Log(LogType, Object)
UnityEngine.Debug:Log(Object)
Milkstone.Input.SDL2.GamePad_Sdl2:INTERNAL_AutoConfig()
Milkstone.Input.SDL2.GamePad_Sdl2:Update()
Milkstone.Input.Gamepad:UpdateStatus()
GameInit:Update()

Setting Language: Português Brasileiro
UnityEngine.DebugLogHandler:LogFormat(LogType, Object, String, Object[])
UnityEngine.Logger:Log(LogType, Object)
UnityEngine.Debug:Log(Object)
Config.GeneralConfigSection:Apply()
Milkstone.Game.Config.ConfigSection:Apply()
Config.GlobalConfig:Apply()
Milkstone.Game.Config.ConfigFile:OnConfigLoaded(Object, Exception)
Milkstone.Game.Storage.StorageManager:OnOperationEnded(Object)
Milkstone.Game.Tasks.TaskManager:Update()

Reported resolution: 1920x1080@144Hz Fullscreen:FullScreenWindow, no need to change
UnityEngine.DebugLogHandler:LogFormat(LogType, Object, String, Object[])
UnityEngine.Logger:Log(LogType, Object)
UnityEngine.Debug:Log(Object)
Config.GraphicsConfigSection:Apply()
Milkstone.Game.Config.ConfigSection:Apply()
Config.GlobalConfig:Apply()
Milkstone.Game.Config.ConfigFile:OnConfigLoaded(Object, Exception)
Milkstone.Game.Storage.StorageManager:OnOperationEnded(Object)
Milkstone.Game.Tasks.TaskManager:Update()

Initalizing Analytics
UnityEngine.DebugLogHandler:LogFormat(LogType, Object, String, Object[])
UnityEngine.Logger:Log(LogType, Object)
UnityEngine.Debug:Log(Object)
GameInit:RefreshAnalytics()
Config.GlobalConfig:Apply()
Milkstone.Game.Config.ConfigFile:OnConfigLoaded(Object, Exception)
Milkstone.Game.Storage.StorageManager:OnOperationEnded(Object)
Milkstone.Game.Tasks.TaskManager:Update()

Config Loaded
UnityEngine.DebugLogHandler:LogFormat(LogType, Object, String, Object[])
UnityEngine.Logger:Log(LogType, Object)
UnityEngine.Debug:Log(Object)
GameInit:OnConfigLoaded()
Milkstone.Game.Config.ConfigFile:OnConfigLoaded(Object, Exception)
Milkstone.Game.Storage.StorageManager:OnOperationEnded(Object)
Milkstone.Game.Tasks.TaskManager:Update()

Global Config:
{
  "Global": {
    "General": {
      "Language": "Português Brasileiro",
      "KeyboardLayout": "0"
    },
    "Graphics": {
      "VSync": true,
      "Resolution": "1920,1080",
      "FullscreenMode": "2"
    },
    "Sound": {
      "Sound": "0.5",
      "Music": "0",
      "Master": "1",
      "Menu": "0.5"
    },
    "AmbientOcclusion": "4",
    "Antialiasing": "4",
    "BloomIntensity": "3",
    "ShadowQuality": "4",
    "LightQuality": "3",
    "FSR": "0",
    "TextureQuality": "3",
    "MotionBlurQuality": "4",
    "Brightness": "0.5",
    "DepthOfFieldQuality": "4",
    "DrawDistance": "5",
    "WideScreenExpand": false,
    "PhotonRegion": "3",
    "AnimalDensity": "2",
    "ModelQuality": "2",
    "UIScale": "2",
    "DispArea": "1",
    "PostFXQuality": "2",
    "RenderSize": "1",
    "InitialConfig": false,
    "LockCursor": true,
    "TargetFramerate": "120",
    "BGFramerate": "60",
    "EnableControllerInput": true,
    "ControllerButtons": "0",
    "Analytics": true,
    "DisableVsyncBackground": true
  }
}
UnityEngine.DebugLogHandler:LogFormat(LogType, Object, String, Object[])
UnityEngine.Logger:Log(LogType, Object)
UnityEngine.Debug:Log(Object)
GameInit:OnConfigLoaded()
Milkstone.Game.Config.ConfigFile:OnConfigLoaded(Object, Exception)
Milkstone.Game.Storage.StorageManager:OnOperationEnded(Object)
Milkstone.Game.Tasks.TaskManager:Update()

Game Initialized
UnityEngine.DebugLogHandler:LogFormat(LogType, Object, String, Object[])
UnityEngine.Logger:Log(LogType, Object)
UnityEngine.Debug:Log(Object)
GameInitScript:Update()

Loading scene Intro
UnityEngine.DebugLogHandler:LogFormat(LogType, Object, String, Object[])
UnityEngine.Logger:Log(LogType, Object)
UnityEngine.Debug:Log(Object)
GameInitScript:Update()

Unloading 5 Unused Serialized files (Serialized files now loaded: 17)
UnloadTime: 1.279700 ms
Unloading 474 unused Assets to reduce memory usage. Loaded Objects now: 4927.
Total: 5.865500 ms (FindLiveObjects: 0.321500 ms CreateObjectMapping: 0.203100 ms MarkObjects: 5.043400 ms  DeleteObjects: 0.297500 ms)

Direct3D: detected that using refresh rate causes time drift. Will stop trusting refresh rate until the game window is moved.
Direct3D: detected that vsync is broken (it does not limit frame rate properly). Delta time will now be calculated using cpu-side time stampling until the game window is moved.
Preload Start
UnityEngine.DebugLogHandler:LogFormat(LogType, Object, String, Object[])
UnityEngine.Logger:Log(LogType, Object)
UnityEngine.Debug:Log(Object)
<>c:<PlatformPreload>b__131_0()
Milkstone.Utils.<DelayTask>d__5:MoveNext()
UnityEngine.SetupCoroutine:InvokeMoveNext(IEnumerator, IntPtr)

LoadScene MainMenu
UnityEngine.DebugLogHandler:LogFormat(LogType, Object, String, Object[])
UnityEngine.Logger:Log(LogType, Object)
UnityEngine.Debug:Log(Object)
<LoadScene>d__3:MoveNext()
UnityEngine.SetupCoroutine:InvokeMoveNext(IEnumerator, IntPtr)
<Intro>d__12:MoveNext()
UnityEngine.SetupCoroutine:InvokeMoveNext(IEnumerator, IntPtr)

IntroScript: Slideshow finished!
UnityEngine.DebugLogHandler:LogFormat(LogType, Object, String, Object[])
UnityEngine.Logger:Log(LogType, Object)
UnityEngine.Debug:Log(Object)
<Intro>d__12:MoveNext()
UnityEngine.SetupCoroutine:InvokeMoveNext(IEnumerator, IntPtr)

Unloading 5 Unused Serialized files (Serialized files now loaded: 17)
UnloadTime: 0.915500 ms
Loaded bundle roads. Load time: 0,01875305
UnityEngine.DebugLogHandler:LogFormat(LogType, Object, String, Object[])
UnityEngine.Logger:Log(LogType, Object)
UnityEngine.Debug:Log(Object)
MilkAddressables:LoadBundle(String)
MilkAddressables:LoadAsset(String, String)
MilkAddressables:LoadAsset(String, Boolean)
Milkstone.Utils.AddressableHelper:LoadAddressableSync(AssetReferenceT`1)
View.FarmTileHelper:PrepareTiles(SimpleTile[,], FenceDefinition[], Boolean, GameObject, Vector3, Single)
Menu.<LoadScene>d__5:MoveNext()
UnityEngine.SetupCoroutine:InvokeMoveNext(IEnumerator, IntPtr)

Push UI/Menu/LoadingTitle
UnityEngine.DebugLogHandler:LogFormat(LogType, Object, String, Object[])
UnityEngine.Logger:Log(LogType, Object)
UnityEngine.Debug:Log(Object)
PanelManager:Push(String)
PanelManager:Start()

Unloading 1060 unused Assets to reduce memory usage. Loaded Objects now: 19487.
Total: 9.306400 ms (FindLiveObjects: 1.373000 ms CreateObjectMapping: 0.704700 ms MarkObjects: 6.855400 ms  DeleteObjects: 0.372900 ms)

Loaded bundle buildings. Load time: 0,03057289
UnityEngine.DebugLogHandler:LogFormat(LogType, Object, String, Object[])
UnityEngine.Logger:Log(LogType, Object)
UnityEngine.Debug:Log(Object)
MilkAddressables:LoadBundle(String)
MilkAddressables:LoadAsset(String, String)
MilkAddressables:LoadAsset(String, Boolean)
Milkstone.Utils.AddressableHelper:LoadAddressableSync(AssetReferenceT`1)
View.FarmTileHelper:PrepareTiles(SimpleTile[,], FenceDefinition[], Boolean, GameObject, Vector3, Single)
Menu.<LoadScene>d__5:MoveNext()
UnityEngine.SetupCoroutine:InvokeMoveNext(IEnumerator, IntPtr)

Loaded bundle animals. Load time: 0,01600742
UnityEngine.DebugLogHandler:LogFormat(LogType, Object, String, Object[])
UnityEngine.Logger:Log(LogType, Object)
UnityEngine.Debug:Log(Object)
MilkAddressables:LoadBundle(String)
MilkAddressables:LoadAsset(String, String)
MilkAddressables:LoadAsset(String, Boolean)
Milkstone.Utils.AddressableHelper:LoadAddressableSync(AssetReferenceT`1)
View.FarmTileHelper:PrepareTiles(SimpleTile[,], FenceDefinition[], Boolean, GameObject, Vector3, Single)
Menu.<LoadScene>d__5:MoveNext()
UnityEngine.SetupCoroutine:InvokeMoveNext(IEnumerator, IntPtr)

Switch UI/Menu/Title
UnityEngine.DebugLogHandler:LogFormat(LogType, Object, String, Object[])
UnityEngine.Logger:Log(LogType, Object)
UnityEngine.Debug:Log(Object)
PanelManager:Switch(String, Boolean)

Preload End
UnityEngine.DebugLogHandler:LogFormat(LogType, Object, String, Object[])
UnityEngine.Logger:Log(LogType, Object)
UnityEngine.Debug:Log(Object)
MilkAddressables:LoadAssets(List`1, Int32, Action`2)
<>c__DisplayClass13_0`1:<LoadAssetAsync>b__1(T, Boolean)
UnityEngine.AsyncOperation:InvokeCompletionEvent()

Press A to Start pressed by gamepad KeyboardMouse
UnityEngine.DebugLogHandler:LogFormat(LogType, Object, String, Object[])
UnityEngine.Logger:Log(LogType, Object)
UnityEngine.Debug:Log(Object)
TitleScreen:PressedA(GamepadIndex, Boolean)
UnityEngine.Events.UnityEvent:Invoke()
UnityEngine.EventSystems.ExecuteEvents:Execute(GameObject, BaseEventData, EventFunction`1)
UnityEngine.EventSystems.MilkInputModule:ProcessMousePress(MouseButtonEventData)
UnityEngine.EventSystems.MilkInputModule:ProcessMouseEvent(Int32)
UnityEngine.EventSystems.EventSystem:Update()

Switch UI/Menu/LoadingPlayer
UnityEngine.DebugLogHandler:LogFormat(LogType, Object, String, Object[])
UnityEngine.Logger:Log(LogType, Object)
UnityEngine.Debug:Log(Object)
PanelManager:Switch(String, Boolean)
TitleScreen:GamerPressedA(ISignedInGamer, GamepadIndex)
TitleScreen:PressedA(GamepadIndex, Boolean)
UnityEngine.Events.UnityEvent:Invoke()
UnityEngine.EventSystems.ExecuteEvents:Execute(GameObject, BaseEventData, EventFunction`1)
UnityEngine.EventSystems.MilkInputModule:ProcessMousePress(MouseButtonEventData)
UnityEngine.EventSystems.MilkInputModule:ProcessMouseEvent(Int32)
UnityEngine.EventSystems.EventSystem:Update()

Storage device selected.
UnityEngine.DebugLogHandler:LogFormat(LogType, Object, String, Object[])
UnityEngine.Logger:Log(LogType, Object)
UnityEngine.Debug:Log(Object)
TitleScreen:OnStorageSelected(IStorageDevice, PlayerIndex)
TitleScreen:GamerPressedA(ISignedInGamer, GamepadIndex)
TitleScreen:PressedA(GamepadIndex, Boolean)
UnityEngine.Events.UnityEvent:Invoke()
UnityEngine.EventSystems.ExecuteEvents:Execute(GameObject, BaseEventData, EventFunction`1)
UnityEngine.EventSystems.MilkInputModule:ProcessMousePress(MouseButtonEventData)
UnityEngine.EventSystems.MilkInputModule:ProcessMouseEvent(Int32)
UnityEngine.EventSystems.EventSystem:Update()

Opening file C:/Users/ChouKpop1337/AppData/LocalLow/Milkstone Studios/FarmTogether2/SteamStorage/76561198737014424/test.txt - Mode:Create
UnityEngine.DebugLogHandler:LogFormat(LogType, Object, String, Object[])
UnityEngine.Logger:Log(LogType, Object)
UnityEngine.Debug:Log(Object)
Milkstone.Game.Steam.Storage.SteamSimpleStorageFile:OpenFile(String, FileMode)
TitleScreen:TestSave(IPlayerStorageFile, Object)
Milkstone.Game.Storage.StorageManager:performPlayerOperation(Object)
Milkstone.Game.Tasks.TaskManager:performOperation(TaskData)
Milkstone.Game.Tasks.TaskManager:work()
System.Threading.ExecutionContext:RunInternal(ExecutionContext, ContextCallback, Object, Boolean)
System.Threading.ExecutionContext:Run(ExecutionContext, ContextCallback, Object)

Creating file test.txt
UnityEngine.DebugLogHandler:LogFormat(LogType, Object, String, Object[])
UnityEngine.Logger:Log(LogType, Object)
UnityEngine.Debug:Log(Object)
Milkstone.Game.Storage.SafeFileStream:.ctor(String, String, FileMode)
Milkstone.Game.Steam.Storage.SteamSimpleStorageFile:OpenFile(String, FileMode)
TitleScreen:TestSave(IPlayerStorageFile, Object)
Milkstone.Game.Storage.StorageManager:performPlayerOperation(Object)
Milkstone.Game.Tasks.TaskManager:performOperation(TaskData)
Milkstone.Game.Tasks.TaskManager:work()
System.Threading.ExecutionContext:RunInternal(ExecutionContext, ContextCallback, Object, Boolean)
System.Threading.ExecutionContext:Run(ExecutionContext, ContextCallback, Object)

Deleting file C:/Users/ChouKpop1337/AppData/LocalLow/Milkstone Studios/FarmTogether2/SteamStorage/76561198737014424/test.txt
UnityEngine.DebugLogHandler:LogFormat(LogType, Object, String, Object[])
UnityEngine.Logger:Log(LogType, Object)
UnityEngine.Debug:Log(Object)
Milkstone.Game.Steam.Storage.SteamSimpleStorageFile:DeleteFile(String)
TitleScreen:TestSave(IPlayerStorageFile, Object)
Milkstone.Game.Storage.StorageManager:performPlayerOperation(Object)
Milkstone.Game.Tasks.TaskManager:performOperation(TaskData)
Milkstone.Game.Tasks.TaskManager:work()
System.Threading.ExecutionContext:RunInternal(ExecutionContext, ContextCallback, Object, Boolean)
System.Threading.ExecutionContext:Run(ExecutionContext, ContextCallback, Object)

Choosing main player: Noob - PlayerIndex One
UnityEngine.DebugLogHandler:LogFormat(LogType, Object, String, Object[])
UnityEngine.Logger:Log(LogType, Object)
UnityEngine.Debug:Log(Object)
TitleScreen:PlayerChosen(ISignedInGamer)
<>c__DisplayClass12_0:<TestStorage>b__0(Object, Exception)
Milkstone.Game.Storage.StorageManager:OnPlayerOperationEnded(Object)
Milkstone.Game.Tasks.TaskManager:Update()

Opening file C:/Users/ChouKpop1337/AppData/LocalLow/Milkstone Studios/FarmTogether2/SteamStorage/76561198737014424/config.json - Mode:Open
UnityEngine.DebugLogHandler:LogFormat(LogType, Object, String, Object[])
UnityEngine.Logger:Log(LogType, Object)
UnityEngine.Debug:Log(Object)
Milkstone.Game.Steam.Storage.SteamSimpleStorageFile:OpenFile(String, FileMode)
Milkstone.Game.Config.ConfigFile:loadData(IStorageFile, Object)
Milkstone.Game.Storage.StorageManager:performPlayerOperation(Object)
Milkstone.Game.Tasks.TaskManager:performOperation(TaskData)
Milkstone.Game.Tasks.TaskManager:work()
System.Threading.ExecutionContext:RunInternal(ExecutionContext, ContextCallback, Object, Boolean)
System.Threading.ExecutionContext:Run(ExecutionContext, ContextCallback, Object)

Unlocked DLCs: None
UnityEngine.DebugLogHandler:LogFormat(LogType, Object, String, Object[])
UnityEngine.Logger:Log(LogType, Object)
UnityEngine.Debug:Log(Object)
TitleScreen:LogDLCs(ISignedInGamer)
<>c__DisplayClass12_0:<TestStorage>b__0(Object, Exception)
Milkstone.Game.Storage.StorageManager:OnPlayerOperationEnded(Object)
Milkstone.Game.Tasks.TaskManager:Update()

Config Loaded
UnityEngine.DebugLogHandler:LogFormat(LogType, Object, String, Object[])
UnityEngine.Logger:Log(LogType, Object)
UnityEngine.Debug:Log(Object)
GameInit:OnConfigLoaded()
Milkstone.Game.Config.ConfigFile:OnConfigLoaded(Object, Exception)
Milkstone.Game.Storage.StorageManager:OnPlayerOperationEnded(Object)
Milkstone.Game.Tasks.TaskManager:Update()

Global Config:
{
  "Global": {
    "General": {
      "Language": "Português Brasileiro",
      "KeyboardLayout": "0"
    },
    "Graphics": {
      "VSync": true,
      "Resolution": "1920,1080",
      "FullscreenMode": "2"
    },
    "Sound": {
      "Sound": "0.5",
      "Music": "0",
      "Master": "1",
      "Menu": "0.5"
    },
    "AmbientOcclusion": "4",
    "Antialiasing": "4",
    "BloomIntensity": "3",
    "ShadowQuality": "4",
    "LightQuality": "3",
    "FSR": "0",
    "TextureQuality": "3",
    "MotionBlurQuality": "4",
    "Brightness": "0.5",
    "DepthOfFieldQuality": "4",
    "DrawDistance": "5",
    "WideScreenExpand": false,
    "PhotonRegion": "3",
    "AnimalDensity": "2",
    "ModelQuality": "2",
    "UIScale": "2",
    "DispArea": "1",
    "PostFXQuality": "2",
    "RenderSize": "1",
    "InitialConfig": false,
    "LockCursor": true,
    "TargetFramerate": "120",
    "BGFramerate": "60",
    "EnableControllerInput": true,
    "ControllerButtons": "0",
    "Analytics": true,
    "DisableVsyncBackground": true
  }
}
UnityEngine.DebugLogHandler:LogFormat(LogType, Object, String, Object[])
UnityEngine.Logger:Log(LogType, Object)
UnityEngine.Debug:Log(Object)
GameInit:OnConfigLoaded()
Milkstone.Game.Config.ConfigFile:OnConfigLoaded(Object, Exception)
Milkstone.Game.Storage.StorageManager:OnPlayerOperationEnded(Object)
Milkstone.Game.Tasks.TaskManager:Update()

Opening file C:/Users/ChouKpop1337/AppData/LocalLow/Milkstone Studios/FarmTogether2/SteamStorage/76561198737014424/farms.mlk - Mode:Open
UnityEngine.DebugLogHandler:LogFormat(LogType, Object, String, Object[])
UnityEngine.Logger:Log(LogType, Object)
UnityEngine.Debug:Log(Object)
Milkstone.Game.Steam.Storage.SteamSimpleStorageFile:OpenFile(String, FileMode)
Core.SaveManager:TryLoadJson(IPlayerStorageFile, String)
Core.SaveManager:Init(IPlayerStorageFile, Object)
Milkstone.Game.Storage.StorageManager:performPlayerOperation(Object)
Milkstone.Game.Tasks.TaskManager:performOperation(TaskData)
Milkstone.Game.Tasks.TaskManager:work()
System.Threading.ExecutionContext:RunInternal(ExecutionContext, ContextCallback, Object, Boolean)
System.Threading.ExecutionContext:Run(ExecutionContext, ContextCallback, Object)

User Config:
{
  "Config": {
    "Game": {
      "ChatSettings": "0",
      "ChatFadeSettings": "2",
      "ChatTimestamps": false,
      "InvertX": false,
      "InvertY": false,
      "MouseSensitivity": "8.100001",
      "GamepadSensitivity": "0.5",
      "GamepadAcceleration": "1.3",
      "GamepadDeadZone": "0.3",
      "TownTravelPoi": "1",
      "Vibration": true,
      "RunToggle": false,
      "RunToggleState": false,
      "ResetCameraTeleport": false,
      "ShowHUD": true,
      "ShowTiles": true,
      "ShowTileGrid": false,
      "ShowMapIcons": "1",
      "ShowActionPopups": "2",
      "ShowCompass": true,
      "ShowSeasonTimer": false,
      "ShowBuildingRange": true,
      "HideInviteCode": false,
      "InventoryHud": false,
      "AllowInteractionSound": true,
      "AllowVoiceBlips": true,
      "AllowTractorSound": true,
      "ShowHelp": true,
      "AlwaysJumpFences": true,
      "TileIcons": "2",
      "TileIconsRadius": "1",
      "SplitScreenMode": "0",
      "SplitScreenBigUI": false,
      "AutoTractorWater": "0",
      "PlowOnlyWhilePlanting": false,
      "CrossPlatformMultiplayer": true,
      "TileModPriority": false,
      "MinimapZoom": "0",
      "ShowRecycleConfirm": "0",
      "CameraModeIndex": "2",
      "DisableBackgroundAudio": true
    },
    "Sound": {
      "Sound": "0.5",
      "Music": "0",
      "Master": "1",
      "Menu": "0.5"
    }
  }
}
UnityEngine.DebugLogHandler:LogFormat(LogType, Object, String, Object[])
UnityEngine.Logger:Log(LogType, Object)
UnityEngine.Debug:Log(Object)
GameInit:OnConfigLoaded()
Milkstone.Game.Config.ConfigFile:OnConfigLoaded(Object, Exception)
Milkstone.Game.Storage.StorageManager:OnPlayerOperationEnded(Object)
Milkstone.Game.Tasks.TaskManager:Update()

Switch UI/Menu/MainMenu
UnityEngine.DebugLogHandler:LogFormat(LogType, Object, String, Object[])
UnityEngine.Logger:Log(LogType, Object)
UnityEngine.Debug:Log(Object)
PanelManager:Switch(String, Boolean)
LoadingPlayerScript:Update()

Initializing Playfab
UnityEngine.DebugLogHandler:LogFormat(LogType, Object, String, Object[])
UnityEngine.Logger:Log(LogType, Object)
UnityEngine.Debug:Log(Object)
GameInit:InitializePlayfab(ISignedInGamer, Action`4)
<CheckPlayFabSignIn>d__64:MoveNext()
UnityEngine.SetupCoroutine:InvokeMoveNext(IEnumerator, IntPtr)
_UI.Menu.NewsPanel:Start()

[Playfab] LoginWithSteam
UnityEngine.DebugLogHandler:LogFormat(LogType, Object, String, Object[])
UnityEngine.Logger:Log(LogType, Object)
UnityEngine.Debug:Log(Object)
Playfab.Steam.PlayfabSteamManager:PlatformSignIn(PlayerIndex)
GameInit:InitializePlayfab(ISignedInGamer, Action`4)
<CheckPlayFabSignIn>d__64:MoveNext()
UnityEngine.SetupCoroutine:InvokeMoveNext(IEnumerator, IntPtr)
_UI.Menu.NewsPanel:Start()

ShowDialog UI/Menu/Dialog Sair do jogo
UnityEngine.DebugLogHandler:LogFormat(LogType, Object, String, Object[])
UnityEngine.Logger:Log(LogType, Object)
UnityEngine.Debug:Log(Object)
PanelManager:ShowDialog(String, String, String, String, String, Boolean, Action`1)
PanelManager:ShowDialog(String, String, Boolean, Action`1)
MainMenuScreen:ActionExit()
UnityEngine.Events.UnityEvent:Invoke()
UnityEngine.EventSystems.ExecuteEvents:Execute(GameObject, BaseEventData, EventFunction`1)
UnityEngine.EventSystems.MilkInputModule:ProcessMousePress(MouseButtonEventData)
UnityEngine.EventSystems.MilkInputModule:ProcessMouseEvent(Int32)
UnityEngine.EventSystems.EventSystem:Update()

[Playfab] Login Failed: /Client/LoginWithSteam: Steam API AuthenticateUserTicket error response: {"response":{"error":{"errorcode":3,"errordesc":"Invalid parameter"}}} for authentication ticket 140000007b7b7b7b02000000983e4c2e010010017b7b7b7b7b7b7b7b7b7b7b7b7b7b7b7b7b7b7b7b7b7b7b7b7b7b7b7b7b7b7b7b7b7b7b7b7b7b7b7b7b7b7b7b7b7b7b7b7b7b7b7b7b7b7b7b7b7b7b7b7b7b7b7b7b7b7b7b7b7b7b7b7b7b7b7b7b7b7b7b7b7b7b7b7b7b7b7b7b7b7b7b7b7b7b7b7b7b7b7b7b7b7b7b7b7b7b7b7b7b7b7b7b7b7b7b7b7b7b7b7b7b7b7b7b7b7b7b7b7b7b7b7b7b7b7b7b7b7b7b7b7b7b7b7b7b7b7b7b7b7b7b7b7b7b7b7b7b7b7b7b7b7b7b7b7b7b7b7b7b7b7b7b7b7b7b7b7b7b7b7b7b7b7b7b7b7b7b7b7b7b7b7b7b7b7b7b7b7b7b7b7b7b7b7b7b7b7b7b7b7b7b7b7b
UnityEngine.DebugLogHandler:LogFormat(LogType, Object, String, Object[])
UnityEngine.Logger:Log(LogType, Object)
UnityEngine.Debug:LogWarning(Object)
Playfab.PlayfabManager:OnLoginFailed(PlayFabError)
Playfab.Steam.<>c__DisplayClass8:<PlatformSignIn>b__4(PlayFabError)
PlayFab.Internal.PlayFabUnityHttp:OnResponse(String, CallRequestContainer)
PlayFab.Internal.<Post>d__12:MoveNext()
UnityEngine.SetupCoroutine:InvokeMoveNext(IEnumerator, IntPtr)

Playfab Sign In Result: False
UnityEngine.DebugLogHandler:LogFormat(LogType, Object, String, Object[])
UnityEngine.Logger:Log(LogType, Object)
UnityEngine.Debug:Log(Object)
<>c__DisplayClass71_0:<InitializePlayfab>b__2(Boolean, PlayFabErrorCode)
Playfab.PlayfabManager:InvokeSignedInCallbacks(Boolean, PlayFabErrorCode)
Playfab.Steam.<>c__DisplayClass8:<PlatformSignIn>b__4(PlayFabError)
PlayFab.Internal.PlayFabUnityHttp:OnResponse(String, CallRequestContainer)
PlayFab.Internal.<Post>d__12:MoveNext()
UnityEngine.SetupCoroutine:InvokeMoveNext(IEnumerator, IntPtr)

Pop UI/Menu/Dialog
UnityEngine.DebugLogHandler:LogFormat(LogType, Object, String, Object[])
UnityEngine.Logger:Log(LogType, Object)
UnityEngine.Debug:Log(Object)
PanelManager:Pop(MilkPanel)
<>c__DisplayClass15_0:<EndDialog>b__0()
Milkstone.Utils.<DelayUntilEndOfFrame>d__7:MoveNext()
UnityEngine.SetupCoroutine:InvokeMoveNext(IEnumerator, IntPtr)

Exiting game
UnityEngine.DebugLogHandler:LogFormat(LogType, Object, String, Object[])
UnityEngine.Logger:Log(LogType, Object)
UnityEngine.Debug:Log(Object)
MainMenuScreen:OnExitDialog(Boolean)
<>c__DisplayClass15_0:<EndDialog>b__0()
Milkstone.Utils.<DelayUntilEndOfFrame>d__7:MoveNext()
UnityEngine.SetupCoroutine:InvokeMoveNext(IEnumerator, IntPtr)

SaveManager.Save - Backup: False
UnityEngine.DebugLogHandler:LogFormat(LogType, Object, String, Object[])
UnityEngine.Logger:Log(LogType, Object)
UnityEngine.Debug:Log(Object)
Core.SaveManager:Save(Boolean)
GameInit:OnApplicationQuit()

OnApplicationQuit
UnityEngine.DebugLogHandler:LogFormat(LogType, Object, String, Object[])
UnityEngine.Logger:Log(LogType, Object)
UnityEngine.Debug:Log(Object)
GameInit:OnApplicationQuit()

Opening file C:/Users/ChouKpop1337/AppData/LocalLow/Milkstone Studios/FarmTogether2/SteamStorage/76561198737014424/farms.mlk - Mode:Create
UnityEngine.DebugLogHandler:LogFormat(LogType, Object, String, Object[])
UnityEngine.Logger:Log(LogType, Object)
UnityEngine.Debug:Log(Object)
Milkstone.Game.Steam.Storage.SteamSimpleStorageFile:OpenFile(String, FileMode)
Core.SaveManager:Save(IPlayerStorageFile, Object)
Milkstone.Game.Storage.StorageManager:performPlayerOperation(Object)
Milkstone.Game.Tasks.TaskManager:performOperation(TaskData)
Milkstone.Game.Tasks.TaskManager:work()
System.Threading.ExecutionContext:RunInternal(ExecutionContext, ContextCallback, Object, Boolean)
System.Threading.ExecutionContext:Run(ExecutionContext, ContextCallback, Object)

Creating file farms.mlk
UnityEngine.DebugLogHandler:LogFormat(LogType, Object, String, Object[])
UnityEngine.Logger:Log(LogType, Object)
UnityEngine.Debug:Log(Object)
Milkstone.Game.Storage.SafeFileStream:.ctor(String, String, FileMode)
Milkstone.Game.Steam.Storage.SteamSimpleStorageFile:OpenFile(String, FileMode)
Core.SaveManager:Save(IPlayerStorageFile, Object)
Milkstone.Game.Storage.StorageManager:performPlayerOperation(Object)
Milkstone.Game.Tasks.TaskManager:performOperation(TaskData)
Milkstone.Game.Tasks.TaskManager:work()
System.Threading.ExecutionContext:RunInternal(ExecutionContext, ContextCallback, Object, Boolean)
System.Threading.ExecutionContext:Run(ExecutionContext, ContextCallback, Object)

Memory Statistics:
[ALLOC_TEMP_TLS] TLS Allocator
  StackAllocators : 
    [ALLOC_TEMP_MAIN]
      Peak usage frame count: [0-1.0 KB]: 14880 frames, [1.0 KB-2.0 KB]: 3 frames, [2.0 KB-4.0 KB]: 1 frames, [4.0 KB-8.0 KB]: 4 frames, [16.0 KB-32.0 KB]: 1 frames, [32.0 KB-64.0 KB]: 1 frames, [64.0 KB-128.0 KB]: 1 frames, [128.0 KB-256.0 KB]: 389 frames, [256.0 KB-0.5 MB]: 3 frames, [0.5 MB-1.0 MB]: 2 frames, [2.0 MB-4.0 MB]: 2 frames
      Initial Block Size 4.0 MB
      Current Block Size 4.0 MB
      Peak Allocated Bytes 2.4 MB
      Overflow Count 0
    [ALLOC_TEMP_Loading.AsyncRead]
      Initial Block Size 64.0 KB
      Current Block Size 64.0 KB
      Peak Allocated Bytes 351 B
      Overflow Count 0
    [ALLOC_TEMP_Loading.PreloadManager]
      Initial Block Size 256.0 KB
      Current Block Size 504.0 KB
      Peak Allocated Bytes 501.2 KB
      Overflow Count 57
    [ALLOC_TEMP_Background Job.Worker 8]
      Initial Block Size 32.0 KB
      Current Block Size 32.0 KB
      Peak Allocated Bytes 54 B
      Overflow Count 0
    [ALLOC_TEMP_Job.Worker 6]
      Initial Block Size 256.0 KB
      Current Block Size 256.0 KB
      Peak Allocated Bytes 28.6 KB
      Overflow Count 0
    [ALLOC_TEMP_Job.Worker 0]
      Initial Block Size 256.0 KB
      Current Block Size 256.0 KB
      Peak Allocated Bytes 28.6 KB
      Overflow Count 0
    [ALLOC_TEMP_Background Job.Worker 10]
      Initial Block Size 32.0 KB
      Current Block Size 32.0 KB
      Peak Allocated Bytes 54 B
      Overflow Count 0
    [ALLOC_TEMP_Background Job.Worker 9]
      Initial Block Size 32.0 KB
      Current Block Size 32.0 KB
      Peak Allocated Bytes 54 B
      Overflow Count 0
    [ALLOC_TEMP_Job.Worker 5]
      Initial Block Size 256.0 KB
      Current Block Size 256.0 KB
      Peak Allocated Bytes 52.8 KB
      Overflow Count 0
    [ALLOC_TEMP_Background Job.Worker 14]
      Initial Block Size 32.0 KB
      Current Block Size 32.0 KB
      Peak Allocated Bytes 54 B
      Overflow Count 0
    [ALLOC_TEMP_Background Job.Worker 6]
      Initial Block Size 32.0 KB
      Current Block Size 32.0 KB
      Peak Allocated Bytes 54 B
      Overflow Count 0
    [ALLOC_TEMP_Job.Worker 4]
      Initial Block Size 256.0 KB
      Current Block Size 256.0 KB
      Peak Allocated Bytes 28.6 KB
      Overflow Count 0
    [ALLOC_TEMP_Job.Worker 14]
      Initial Block Size 256.0 KB
      Current Block Size 256.0 KB
      Peak Allocated Bytes 28.6 KB
      Overflow Count 0
    [ALLOC_TEMP_Job.Worker 3]
      Initial Block Size 256.0 KB
      Current Block Size 256.0 KB
      Peak Allocated Bytes 28.6 KB
      Overflow Count 0
    [ALLOC_TEMP_Job.Worker 13]
      Initial Block Size 256.0 KB
      Current Block Size 256.0 KB
      Peak Allocated Bytes 28.6 KB
      Overflow Count 0
    [ALLOC_TEMP_Background Job.Worker 12]
      Initial Block Size 32.0 KB
      Current Block Size 32.0 KB
      Peak Allocated Bytes 54 B
      Overflow Count 0
    [ALLOC_TEMP_EnlightenWorker] x 4
      Initial Block Size 64.0 KB
      Current Block Size 64.0 KB
      Peak Allocated Bytes 54 B
      Overflow Count 0
    [ALLOC_TEMP_Background Job.Worker 15]
      Initial Block Size 32.0 KB
      Current Block Size 32.0 KB
      Peak Allocated Bytes 54 B
      Overflow Count 0
    [ALLOC_TEMP_Background Job.Worker 1]
      Initial Block Size 32.0 KB
      Current Block Size 32.0 KB
      Peak Allocated Bytes 54 B
      Overflow Count 0
    [ALLOC_TEMP_Background Job.Worker 2]
      Initial Block Size 32.0 KB
      Current Block Size 32.0 KB
      Peak Allocated Bytes 54 B
      Overflow Count 0
    [ALLOC_TEMP_Background Job.Worker 7]
      Initial Block Size 32.0 KB
      Current Block Size 32.0 KB
      Peak Allocated Bytes 54 B
      Overflow Count 0
    [ALLOC_TEMP_UnityGfxDeviceWorker]
      Initial Block Size 256.0 KB
      Current Block Size 256.0 KB
      Peak Allocated Bytes 34.7 KB
      Overflow Count 0
    [ALLOC_TEMP_AssetGarbageCollectorHelper] x 15
      Initial Block Size 64.0 KB
      Current Block Size 64.0 KB
      Peak Allocated Bytes 0 B
      Overflow Count 0
    [ALLOC_TEMP_Background Job.Worker 5]
      Initial Block Size 32.0 KB
      Current Block Size 32.0 KB
      Peak Allocated Bytes 54 B
      Overflow Count 0
    [ALLOC_TEMP_Job.Worker 9]
      Initial Block Size 256.0 KB
      Current Block Size 256.0 KB
      Peak Allocated Bytes 35.4 KB
      Overflow Count 0
    [ALLOC_TEMP_Background Job.Worker 13]
      Initial Block Size 32.0 KB
      Current Block Size 32.0 KB
      Peak Allocated Bytes 54 B
      Overflow Count 0
    [ALLOC_TEMP_Job.Worker 8]
      Initial Block Size 256.0 KB
      Current Block Size 256.0 KB
      Peak Allocated Bytes 28.6 KB
      Overflow Count 0
    [ALLOC_TEMP_Job.Worker 7]
      Initial Block Size 256.0 KB
      Current Block Size 256.0 KB
      Peak Allocated Bytes 28.6 KB
      Overflow Count 0
    [ALLOC_TEMP_Job.Worker 1]
      Initial Block Size 256.0 KB
      Current Block Size 256.0 KB
      Peak Allocated Bytes 31.0 KB
      Overflow Count 0
    [ALLOC_TEMP_Job.Worker 2]
      Initial Block Size 256.0 KB
      Current Block Size 256.0 KB
      Peak Allocated Bytes 28.6 KB
      Overflow Count 0
    [ALLOC_TEMP_Background Job.Worker 3]
      Initial Block Size 32.0 KB
      Current Block Size 32.0 KB
      Peak Allocated Bytes 54 B
      Overflow Count 0
    [ALLOC_TEMP_Background Job.Worker 11]
      Initial Block Size 32.0 KB
      Current Block Size 32.0 KB
      Peak Allocated Bytes 54 B
      Overflow Count 0
    [ALLOC_TEMP_Job.Worker 10]
      Initial Block Size 256.0 KB
      Current Block Size 256.0 KB
      Peak Allocated Bytes 219.2 KB
      Overflow Count 0
    [ALLOC_TEMP_Background Job.Worker 0]
      Initial Block Size 32.0 KB
      Current Block Size 32.0 KB
      Peak Allocated Bytes 2.5 KB
      Overflow Count 0
    [ALLOC_TEMP_Job.Worker 11]
      Initial Block Size 256.0 KB
      Current Block Size 256.0 KB
      Peak Allocated Bytes 28.6 KB
      Overflow Count 0
    [ALLOC_TEMP_Job.Worker 12]
      Initial Block Size 256.0 KB
      Current Block Size 256.0 KB
      Peak Allocated Bytes 28.6 KB
      Overflow Count 0
    [ALLOC_TEMP_Background Job.Worker 4]
      Initial Block Size 32.0 KB
      Current Block Size 32.0 KB
      Peak Allocated Bytes 54 B
      Overflow Count 0
    [ALLOC_TEMP_BatchDeleteObjects]
      Initial Block Size 64.0 KB
      Current Block Size 64.0 KB
      Peak Allocated Bytes 54 B
      Overflow Count 0
[ALLOC_DEFAULT] Dual Thread Allocator
  Peak main deferred allocation count 14416
    [ALLOC_BUCKET]
      Large Block size 4.0 MB
      Used Block count 1
      Peak Allocated bytes 4.0 MB
      Failed Allocations. Bucket layout:
        16B: 4 Subsections = 4096 buckets. Failed count: 37228
        32B: 9 Subsections = 4608 buckets. Failed count: 90862
        48B: 17 Subsections = 5802 buckets. Failed count: 66088
        64B: 189 Subsections = 48384 buckets. Failed count: 79057
        80B: 24 Subsections = 4915 buckets. Failed count: 31258
        96B: 6 Subsections = 1024 buckets. Failed count: 22444
        112B: 5 Subsections = 731 buckets. Failed count: 19603
        128B: 2 Subsections = 256 buckets. Failed count: 17840
    [ALLOC_DEFAULT_MAIN]
      Peak usage frame count: [16.0 MB-32.0 MB]: 14892 frames, [32.0 MB-64.0 MB]: 395 frames
      Requested Block Size 16.0 MB
      Peak Block count 4
      Peak Allocated memory 60.1 MB
      Peak Large allocation bytes 16.0 MB
    [ALLOC_DEFAULT_THREAD]
      Peak usage frame count: [2.0 MB-4.0 MB]: 11541 frames, [4.0 MB-8.0 MB]: 80 frames, [8.0 MB-16.0 MB]: 891 frames, [16.0 MB-32.0 MB]: 2308 frames, [32.0 MB-64.0 MB]: 467 frames
      Requested Block Size 16.0 MB
      Peak Block count 2
      Peak Allocated memory 35.7 MB
      Peak Large allocation bytes 16.0 MB
[ALLOC_TEMP_JOB_1_FRAME]
  Initial Block Size 2.0 MB
  Used Block Count 1
  Overflow Count (too large) 0
  Overflow Count (full) 0
[ALLOC_TEMP_JOB_2_FRAMES]
  Initial Block Size 2.0 MB
  Used Block Count 1
  Overflow Count (too large) 0
  Overflow Count (full) 0
[ALLOC_TEMP_JOB_4_FRAMES (JobTemp)]
  Initial Block Size 2.0 MB
  Used Block Count 4
  Overflow Count (too large) 0
  Overflow Count (full) 0
[ALLOC_TEMP_JOB_ASYNC (Background)]
  Initial Block Size 1.0 MB
  Used Block Count 5
  Overflow Count (too large) 0
  Overflow Count (full) 0
[ALLOC_GFX] Dual Thread Allocator
  Peak main deferred allocation count 19
    [ALLOC_BUCKET]
      Large Block size 4.0 MB
      Used Block count 1
      Peak Allocated bytes 4.0 MB
      Failed Allocations. Bucket layout:
        16B: 4 Subsections = 4096 buckets. Failed count: 37228
        32B: 9 Subsections = 4608 buckets. Failed count: 90862
        48B: 17 Subsections = 5802 buckets. Failed count: 66088
        64B: 189 Subsections = 48384 buckets. Failed count: 79057
        80B: 24 Subsections = 4915 buckets. Failed count: 31258
        96B: 6 Subsections = 1024 buckets. Failed count: 22444
        112B: 5 Subsections = 731 buckets. Failed count: 19603
        128B: 2 Subsections = 256 buckets. Failed count: 17840
    [ALLOC_GFX_MAIN]
      Peak usage frame count: [2.0 MB-4.0 MB]: 14892 frames, [4.0 MB-8.0 MB]: 3 frames, [8.0 MB-16.0 MB]: 392 frames
      Requested Block Size 16.0 MB
      Peak Block count 1
      Peak Allocated memory 12.3 MB
      Peak Large allocation bytes 0 B
    [ALLOC_GFX_THREAD]
      Peak usage frame count: [256.0 KB-0.5 MB]: 12476 frames, [0.5 MB-1.0 MB]: 1120 frames, [1.0 MB-2.0 MB]: 531 frames, [2.0 MB-4.0 MB]: 768 frames, [4.0 MB-8.0 MB]: 392 frames
      Requested Block Size 16.0 MB
      Peak Block count 1
      Peak Allocated memory 7.0 MB
      Peak Large allocation bytes 0 B
[ALLOC_CACHEOBJECTS] Dual Thread Allocator
  Peak main deferred allocation count 14552
    [ALLOC_BUCKET]
      Large Block size 4.0 MB
      Used Block count 1
      Peak Allocated bytes 4.0 MB
      Failed Allocations. Bucket layout:
        16B: 4 Subsections = 4096 buckets. Failed count: 37228
        32B: 9 Subsections = 4608 buckets. Failed count: 90862
        48B: 17 Subsections = 5802 buckets. Failed count: 66088
        64B: 189 Subsections = 48384 buckets. Failed count: 79057
        80B: 24 Subsections = 4915 buckets. Failed count: 31258
        96B: 6 Subsections = 1024 buckets. Failed count: 22444
        112B: 5 Subsections = 731 buckets. Failed count: 19603
        128B: 2 Subsections = 256 buckets. Failed count: 17840
    [ALLOC_CACHEOBJECTS_MAIN]
      Peak usage frame count: [32.0 MB-64.0 MB]: 14895 frames, [64.0 MB-128.0 MB]: 392 frames
      Requested Block Size 4.0 MB
      Peak Block count 16
      Peak Allocated memory 68.1 MB
      Peak Large allocation bytes 15.3 MB
    [ALLOC_CACHEOBJECTS_THREAD]
      Peak usage frame count: [8.0 MB-16.0 MB]: 11405 frames, [16.0 MB-32.0 MB]: 33 frames, [32.0 MB-64.0 MB]: 829 frames, [64.0 MB-128.0 MB]: 1810 frames, [128.0 MB-256.0 MB]: 1210 frames
      Requested Block Size 4.0 MB
      Peak Block count 31
      Peak Allocated memory 146.2 MB
      Peak Large allocation bytes 33.1 MB
[ALLOC_TYPETREE] Dual Thread Allocator
  Peak main deferred allocation count 0
    [ALLOC_BUCKET]
      Large Block size 4.0 MB
      Used Block count 1
      Peak Allocated bytes 4.0 MB
      Failed Allocations. Bucket layout:
        16B: 4 Subsections = 4096 buckets. Failed count: 37228
        32B: 9 Subsections = 4608 buckets. Failed count: 90862
        48B: 17 Subsections = 5802 buckets. Failed count: 66088
        64B: 189 Subsections = 48384 buckets. Failed count: 79057
        80B: 24 Subsections = 4915 buckets. Failed count: 31258
        96B: 6 Subsections = 1024 buckets. Failed count: 22444
        112B: 5 Subsections = 731 buckets. Failed count: 19603
        128B: 2 Subsections = 256 buckets. Failed count: 17840
    [ALLOC_TYPETREE_MAIN]
      Peak usage frame count: [2.0 MB-4.0 MB]: 15287 frames
      Requested Block Size 2.0 MB
      Peak Block count 2
      Peak Allocated memory 3.8 MB
      Peak Large allocation bytes 0 B
    [ALLOC_TYPETREE_THREAD]
      Peak usage frame count: [1.0 KB-2.0 KB]: 11535 frames, [4.0 KB-8.0 KB]: 37 frames, [16.0 KB-32.0 KB]: 190 frames, [32.0 KB-64.0 KB]: 183 frames, [64.0 KB-128.0 KB]: 1827 frames, [128.0 KB-256.0 KB]: 1124 frames, [256.0 KB-0.5 MB]: 391 frames
      Requested Block Size 2.0 MB
      Peak Block count 1
      Peak Allocated memory 270.3 KB
      Peak Large allocation bytes 0 B
