2025-04-10 18:16:12 [SERVER] [INFO] Starting integrated minecraft server version 1.6.4
2025-04-10 18:16:12 [SERVER] [INFO] Generating keypair
2025-04-10 18:16:12 [SERVER] [INFO] Preparing start region for level 0
2025-04-10 18:16:16 [SERVER] [INFO] ChouRaiden1337[/127.0.0.1:0] logged in with entity id 26 at (8.469794012012756, 5.0, -4.4118087512835)
2025-04-10 18:16:16 [SERVER] [INFO] ChouRaiden1337 joined the game
2025-04-10 18:16:17 [SERVER] [INFO] Saving and pausing game...
2025-04-10 18:16:17 [SERVER] [INFO] Saving chunks for level 'Test World'/Overworld
2025-04-10 18:16:17 [SERVER] [INFO] Saving chunks for level 'Test World'/Nether
2025-04-10 18:16:17 [SERVER] [INFO] Saving chunks for level 'Test World'/The End
2025-04-10 18:16:17 [SERVER] [INFO] Saving chunks for level 'Test World'/Twilight Forest
2025-04-10 18:16:17 [SERVER] [INFO] Saving chunks for level 'Test World'/Underdark
2025-04-10 18:18:43 [SERVER] [INFO] Saving and pausing game...
2025-04-10 18:18:43 [SERVER] [INFO] Saving chunks for level 'Test World'/Overworld
2025-04-10 18:18:43 [SERVER] [INFO] Saving chunks for level 'Test World'/Nether
2025-04-10 18:38:28 [SERVER] [WARNING] Can't keep up! Did the system time change, or is the server overloaded?
2025-04-10 18:57:57 [SERVER] [INFO] Saving and pausing game...
2025-04-10 18:57:57 [SERVER] [INFO] Saving chunks for level 'Test World'/Overworld
2025-04-10 18:57:57 [SERVER] [INFO] Saving chunks for level 'Test World'/Nether
2025-04-10 18:57:58 [SERVER] [INFO] Stopping server
2025-04-10 18:57:58 [SERVER] [INFO] Saving players
2025-04-10 18:57:58 [SERVER] [INFO] ChouRaiden1337 left the game
2025-04-10 18:57:58 [SERVER] [INFO] Saving worlds
2025-04-10 18:57:58 [SERVER] [INFO] Saving chunks for level 'Test World'/Overworld
2025-04-10 18:57:58 [SERVER] [INFO] Saving chunks for level 'Test World'/Nether
2025-04-10 18:59:21 [SERVER] [INFO] Starting integrated minecraft server version 1.6.4
2025-04-10 18:59:21 [SERVER] [INFO] Generating keypair
2025-04-10 18:59:22 [SERVER] [INFO] Preparing start region for level 0
2025-04-10 18:59:25 [SERVER] [INFO] ChouRaiden1337[/127.0.0.1:0] logged in with entity id 26 at (9.964035038542672, 5.0, -4.123584837532822)
2025-04-10 18:59:25 [SERVER] [INFO] ChouRaiden1337 joined the game
2025-04-10 18:59:27 [SERVER] [INFO] Saving and pausing game...
2025-04-10 18:59:27 [SERVER] [INFO] Saving chunks for level 'Test World'/Overworld
2025-04-10 18:59:27 [SERVER] [INFO] Saving chunks for level 'Test World'/Nether
2025-04-10 18:59:27 [SERVER] [INFO] Saving chunks for level 'Test World'/The End
2025-04-10 18:59:27 [SERVER] [INFO] Saving chunks for level 'Test World'/Twilight Forest
2025-04-10 18:59:27 [SERVER] [INFO] Saving chunks for level 'Test World'/Underdark
2025-04-10 19:00:56 [SERVER] [INFO] Saving and pausing game...
2025-04-10 19:00:56 [SERVER] [INFO] Saving chunks for level 'Test World'/Overworld
2025-04-10 19:00:56 [SERVER] [INFO] Saving chunks for level 'Test World'/Nether
2025-04-10 19:00:56 [SERVER] [INFO] Stopping server
2025-04-10 19:00:56 [SERVER] [INFO] Saving players
2025-04-10 19:00:56 [SERVER] [INFO] ChouRaiden1337 left the game
2025-04-10 19:00:56 [SERVER] [INFO] Saving worlds
2025-04-10 19:00:56 [SERVER] [INFO] Saving chunks for level 'Test World'/Overworld
2025-04-10 19:00:56 [SERVER] [INFO] Saving chunks for level 'Test World'/Nether
2025-04-10 19:01:35 [SERVER] [INFO] Starting integrated minecraft server version 1.6.4
2025-04-10 19:01:35 [SERVER] [INFO] Generating keypair
2025-04-10 19:01:36 [SERVER] [INFO] Preparing start region for level 0
2025-04-10 19:01:39 [SERVER] [INFO] ChouRaiden1337[/127.0.0.1:0] logged in with entity id 26 at (9.964035038542672, 5.0, -4.123584837532822)
2025-04-10 19:01:39 [SERVER] [INFO] ChouRaiden1337 joined the game
2025-04-10 19:01:40 [SERVER] [INFO] Saving and pausing game...
2025-04-10 19:01:40 [SERVER] [INFO] Saving chunks for level 'Test World'/Overworld
2025-04-10 19:01:40 [SERVER] [INFO] Saving chunks for level 'Test World'/Nether
2025-04-10 19:01:40 [SERVER] [INFO] Saving chunks for level 'Test World'/The End
2025-04-10 19:01:40 [SERVER] [INFO] Saving chunks for level 'Test World'/Twilight Forest
2025-04-10 19:01:40 [SERVER] [INFO] Saving chunks for level 'Test World'/Underdark
2025-04-10 19:01:58 [SERVER] [INFO] Stopping server
2025-04-10 19:01:58 [SERVER] [INFO] Saving players
2025-04-10 19:01:58 [SERVER] [INFO] ChouRaiden1337 left the game
2025-04-10 19:01:58 [SERVER] [INFO] Saving worlds
2025-04-10 19:01:58 [SERVER] [INFO] Saving chunks for level 'Test World'/Overworld
2025-04-10 19:01:58 [SERVER] [INFO] Saving chunks for level 'Test World'/Nether
2025-04-10 19:01:58 [SERVER] [INFO] Stopping server
2025-04-10 19:01:58 [SERVER] [INFO] Saving players
2025-04-10 19:01:58 [SERVER] [INFO] Saving worlds
2025-04-10 19:02:35 [SERVER] [INFO] Starting integrated minecraft server version 1.6.4
2025-04-10 19:02:35 [SERVER] [INFO] Generating keypair
2025-04-10 19:02:35 [SERVER] [INFO] Preparing start region for level 0
2025-04-10 19:02:39 [SERVER] [INFO] ChouRaiden1337[/127.0.0.1:0] logged in with entity id 26 at (9.47239206155631, 4.0, -2.7300118759134473)
2025-04-10 19:02:39 [SERVER] [INFO] ChouRaiden1337 joined the game
2025-04-10 19:02:39 [SERVER] [INFO] Saving and pausing game...
2025-04-10 19:02:39 [SERVER] [INFO] Saving chunks for level 'Test World'/Overworld
2025-04-10 19:02:39 [SERVER] [INFO] Saving chunks for level 'Test World'/Nether
2025-04-10 19:02:39 [SERVER] [INFO] Saving chunks for level 'Test World'/The End
2025-04-10 19:02:39 [SERVER] [INFO] Saving chunks for level 'Test World'/Twilight Forest
2025-04-10 19:02:39 [SERVER] [INFO] Saving chunks for level 'Test World'/Underdark
2025-04-10 19:02:58 [SERVER] [INFO] Stopping server
2025-04-10 19:02:58 [SERVER] [INFO] Saving players
2025-04-10 19:02:58 [SERVER] [INFO] ChouRaiden1337 left the game
2025-04-10 19:02:58 [SERVER] [INFO] Saving worlds
2025-04-10 19:02:58 [SERVER] [INFO] Saving chunks for level 'Test World'/Overworld
2025-04-10 19:02:58 [SERVER] [INFO] Saving chunks for level 'Test World'/Nether
2025-04-10 19:02:58 [SERVER] [INFO] Saving chunks for level 'Test World'/The End
2025-04-10 19:02:58 [SERVER] [INFO] Saving chunks for level 'Test World'/Twilight Forest
2025-04-10 19:02:58 [SERVER] [INFO] Saving chunks for level 'Test World'/Underdark
2025-04-10 19:02:58 [SERVER] [INFO] Stopping server
2025-04-10 19:02:58 [SERVER] [INFO] Saving players
2025-04-10 19:02:58 [SERVER] [INFO] Saving worlds
2025-04-10 19:04:06 [SERVER] [INFO] Starting integrated minecraft server version 1.6.4
2025-04-10 19:04:06 [SERVER] [INFO] Generating keypair
2025-04-10 19:04:06 [SERVER] [INFO] Preparing start region for level 0
2025-04-10 19:04:10 [SERVER] [INFO] ChouRaiden1337[/127.0.0.1:0] logged in with entity id 26 at (9.47239206155631, 4.0, -2.7300118759134473)
2025-04-10 19:04:10 [SERVER] [INFO] ChouRaiden1337 joined the game
2025-04-10 19:04:11 [SERVER] [INFO] Saving and pausing game...
2025-04-10 19:04:11 [SERVER] [INFO] Saving chunks for level 'Test World'/Overworld
2025-04-10 19:04:11 [SERVER] [INFO] Saving chunks for level 'Test World'/Nether
2025-04-10 19:04:11 [SERVER] [INFO] Saving chunks for level 'Test World'/The End
2025-04-10 19:04:11 [SERVER] [INFO] Saving chunks for level 'Test World'/Twilight Forest
2025-04-10 19:04:11 [SERVER] [INFO] Saving chunks for level 'Test World'/Underdark
2025-04-10 19:04:48 [SERVER] [INFO] Stopping server
2025-04-10 19:04:48 [SERVER] [INFO] Saving players
2025-04-10 19:04:48 [SERVER] [INFO] ChouRaiden1337 left the game
2025-04-10 19:04:48 [SERVER] [INFO] Saving worlds
2025-04-10 19:04:48 [SERVER] [INFO] Saving chunks for level 'Test World'/Overworld
2025-04-10 19:04:48 [SERVER] [INFO] Saving chunks for level 'Test World'/Nether
2025-04-10 19:04:48 [SERVER] [INFO] Saving chunks for level 'Test World'/The End
2025-04-10 19:04:48 [SERVER] [INFO] Saving chunks for level 'Test World'/Twilight Forest
2025-04-10 19:04:48 [SERVER] [INFO] Saving chunks for level 'Test World'/Underdark
2025-04-10 19:04:49 [SERVER] [INFO] Stopping server
2025-04-10 19:04:49 [SERVER] [INFO] Saving players
2025-04-10 19:04:49 [SERVER] [INFO] Saving worlds
2025-04-10 19:05:26 [SERVER] [INFO] Starting integrated minecraft server version 1.6.4
2025-04-10 19:05:26 [SERVER] [INFO] Generating keypair
2025-04-10 19:05:27 [SERVER] [INFO] Preparing start region for level 0
2025-04-10 19:05:30 [SERVER] [INFO] ChouRaiden1337[/127.0.0.1:0] logged in with entity id 26 at (9.47239206155631, 4.0, -2.7300118759134473)
2025-04-10 19:05:30 [SERVER] [INFO] ChouRaiden1337 joined the game
2025-04-10 19:05:31 [SERVER] [INFO] Saving and pausing game...
2025-04-10 19:05:31 [SERVER] [INFO] Saving chunks for level 'Test World'/Overworld
2025-04-10 19:05:31 [SERVER] [INFO] Saving chunks for level 'Test World'/Nether
2025-04-10 19:05:31 [SERVER] [INFO] Saving chunks for level 'Test World'/The End
2025-04-10 19:05:31 [SERVER] [INFO] Saving chunks for level 'Test World'/Twilight Forest
2025-04-10 19:05:31 [SERVER] [INFO] Saving chunks for level 'Test World'/Underdark
2025-04-10 19:05:53 [SERVER] [INFO] Saving and pausing game...
2025-04-10 19:05:53 [SERVER] [INFO] Saving chunks for level 'Test World'/Overworld
2025-04-10 19:05:53 [SERVER] [INFO] Saving chunks for level 'Test World'/Nether
2025-04-10 19:05:54 [SERVER] [INFO] Stopping server
2025-04-10 19:05:54 [SERVER] [INFO] Saving players
2025-04-10 19:05:54 [SERVER] [INFO] ChouRaiden1337 left the game
2025-04-10 19:05:54 [SERVER] [INFO] Saving worlds
2025-04-10 19:05:54 [SERVER] [INFO] Saving chunks for level 'Test World'/Overworld
2025-04-10 19:05:54 [SERVER] [INFO] Saving chunks for level 'Test World'/Nether
2025-04-10 19:21:57 [SERVER] [INFO] Starting integrated minecraft server version 1.6.4
2025-04-10 19:21:57 [SERVER] [INFO] Generating keypair
2025-04-10 19:21:58 [SERVER] [INFO] Preparing start region for level 0
2025-04-10 19:22:01 [SERVER] [INFO] ChouRaiden1337[/127.0.0.1:0] logged in with entity id 26 at (9.47239206155631, 4.0, -2.7300118759134473)
2025-04-10 19:22:01 [SERVER] [INFO] ChouRaiden1337 joined the game
2025-04-10 19:22:03 [SERVER] [INFO] Saving and pausing game...
2025-04-10 19:22:03 [SERVER] [INFO] Saving chunks for level 'Test World'/Overworld
2025-04-10 19:22:03 [SERVER] [INFO] Saving chunks for level 'Test World'/Nether
2025-04-10 19:22:03 [SERVER] [INFO] Saving chunks for level 'Test World'/The End
2025-04-10 19:22:03 [SERVER] [INFO] Saving chunks for level 'Test World'/Twilight Forest
2025-04-10 19:22:03 [SERVER] [INFO] Saving chunks for level 'Test World'/Underdark
2025-04-10 19:25:30 [SERVER] [INFO] Stopping server
2025-04-10 19:25:30 [SERVER] [INFO] Saving players
2025-04-10 19:25:30 [SERVER] [INFO] ChouRaiden1337 left the game
2025-04-10 19:25:31 [SERVER] [INFO] Saving worlds
2025-04-10 19:25:31 [SERVER] [INFO] Saving chunks for level 'Test World'/Overworld
2025-04-10 19:25:31 [SERVER] [INFO] Saving chunks for level 'Test World'/Nether
2025-04-10 19:25:31 [SERVER] [INFO] Stopping server
2025-04-10 19:25:31 [SERVER] [INFO] Saving players
2025-04-10 19:25:31 [SERVER] [INFO] Saving worlds
2025-04-10 19:31:49 [SERVER] [INFO] Starting integrated minecraft server version 1.6.4
2025-04-10 19:31:49 [SERVER] [INFO] Generating keypair
2025-04-10 19:31:50 [SERVER] [INFO] Preparing start region for level 0
2025-04-10 19:31:53 [SERVER] [INFO] ChouRaiden1337[/127.0.0.1:0] logged in with entity id 26 at (9.47239206155631, 4.0, -2.7300118759134473)
2025-04-10 19:31:53 [SERVER] [INFO] ChouRaiden1337 joined the game
2025-04-10 19:31:54 [SERVER] [INFO] Saving and pausing game...
2025-04-10 19:31:54 [SERVER] [INFO] Saving chunks for level 'Test World'/Overworld
2025-04-10 19:31:54 [SERVER] [INFO] Saving chunks for level 'Test World'/Nether
2025-04-10 19:31:54 [SERVER] [INFO] Saving chunks for level 'Test World'/The End
2025-04-10 19:31:54 [SERVER] [INFO] Saving chunks for level 'Test World'/Twilight Forest
2025-04-10 19:31:54 [SERVER] [INFO] Saving chunks for level 'Test World'/Underdark
2025-04-10 19:32:15 [SERVER] [INFO] Saving and pausing game...
2025-04-10 19:32:15 [SERVER] [INFO] Saving chunks for level 'Test World'/Overworld
2025-04-10 19:32:15 [SERVER] [INFO] Saving chunks for level 'Test World'/Nether
2025-04-10 19:32:15 [SERVER] [INFO] Saving chunks for level 'Test World'/The End
2025-04-10 19:32:15 [SERVER] [INFO] Saving chunks for level 'Test World'/Twilight Forest
2025-04-10 19:32:15 [SERVER] [INFO] Saving chunks for level 'Test World'/Underdark
2025-04-10 19:32:16 [SERVER] [INFO] ChouRaiden1337 lost connection: disconnect.quitting
2025-04-10 19:32:16 [SERVER] [INFO] ChouRaiden1337 left the game
2025-04-10 19:32:16 [SERVER] [INFO] Stopping singleplayer server as player logged out
2025-04-10 19:32:16 [SERVER] [INFO] Stopping server
2025-04-10 19:32:16 [SERVER] [INFO] Saving players
2025-04-10 19:32:16 [SERVER] [INFO] Saving worlds
2025-04-10 19:32:16 [SERVER] [INFO] Saving chunks for level 'Test World'/Overworld
2025-04-10 19:32:16 [SERVER] [INFO] Saving chunks for level 'Test World'/Nether
2025-04-10 19:32:16 [SERVER] [INFO] Saving chunks for level 'Test World'/The End
2025-04-10 19:32:16 [SERVER] [INFO] Saving chunks for level 'Test World'/Twilight Forest
2025-04-10 19:32:16 [SERVER] [INFO] Saving chunks for level 'Test World'/Underdark
2025-04-10 19:32:56 [SERVER] [INFO] Starting integrated minecraft server version 1.6.4
2025-04-10 19:32:56 [SERVER] [INFO] Generating keypair
2025-04-10 19:32:56 [SERVER] [INFO] Preparing start region for level 0
2025-04-10 19:33:00 [SERVER] [INFO] ChouRaiden1337[/127.0.0.1:0] logged in with entity id 26 at (9.47239206155631, 4.0, -2.7300118759134473)
2025-04-10 19:33:00 [SERVER] [INFO] ChouRaiden1337 joined the game
2025-04-10 19:33:01 [SERVER] [INFO] Saving and pausing game...
2025-04-10 19:33:01 [SERVER] [INFO] Saving chunks for level 'Test World'/Overworld
2025-04-10 19:33:01 [SERVER] [INFO] Saving chunks for level 'Test World'/Nether
2025-04-10 19:33:01 [SERVER] [INFO] Saving chunks for level 'Test World'/The End
2025-04-10 19:33:01 [SERVER] [INFO] Saving chunks for level 'Test World'/Twilight Forest
2025-04-10 19:33:01 [SERVER] [INFO] Saving chunks for level 'Test World'/Underdark
2025-04-10 19:34:12 [SERVER] [INFO] Saving and pausing game...
2025-04-10 19:34:12 [SERVER] [INFO] Saving chunks for level 'Test World'/Overworld
2025-04-10 19:34:12 [SERVER] [INFO] Saving chunks for level 'Test World'/Nether
2025-04-10 19:34:13 [SERVER] [INFO] Stopping server
2025-04-10 19:34:13 [SERVER] [INFO] Saving players
2025-04-10 19:34:13 [SERVER] [INFO] ChouRaiden1337 left the game
2025-04-10 19:34:13 [SERVER] [INFO] Saving worlds
2025-04-10 19:34:13 [SERVER] [INFO] Saving chunks for level 'Test World'/Overworld
2025-04-10 19:34:13 [SERVER] [INFO] Saving chunks for level 'Test World'/Nether
2025-04-10 19:37:30 [SERVER] [INFO] Starting integrated minecraft server version 1.6.4
2025-04-10 19:37:30 [SERVER] [INFO] Generating keypair
2025-04-10 19:37:31 [SERVER] [INFO] Preparing start region for level 0
2025-04-10 19:37:34 [SERVER] [INFO] ChouRaiden1337[/127.0.0.1:0] logged in with entity id 26 at (8.017949693221627, 4.0, -1.5208509366273377)
2025-04-10 19:37:34 [SERVER] [INFO] ChouRaiden1337 joined the game
2025-04-10 19:37:35 [SERVER] [INFO] Saving and pausing game...
2025-04-10 19:37:35 [SERVER] [INFO] Saving chunks for level 'Test World'/Overworld
2025-04-10 19:37:35 [SERVER] [INFO] Saving chunks for level 'Test World'/Nether
2025-04-10 19:37:35 [SERVER] [INFO] Saving chunks for level 'Test World'/The End
2025-04-10 19:37:35 [SERVER] [INFO] Saving chunks for level 'Test World'/Twilight Forest
2025-04-10 19:37:35 [SERVER] [INFO] Saving chunks for level 'Test World'/Underdark
2025-04-10 19:41:03 [SERVER] [INFO] Saving and pausing game...
2025-04-10 19:41:03 [SERVER] [INFO] Saving chunks for level 'Test World'/Overworld
2025-04-10 19:41:03 [SERVER] [INFO] Saving chunks for level 'Test World'/Nether
2025-04-10 19:41:04 [SERVER] [INFO] Stopping server
2025-04-10 19:41:04 [SERVER] [INFO] Saving players
2025-04-10 19:41:04 [SERVER] [INFO] ChouRaiden1337 left the game
2025-04-10 19:41:04 [SERVER] [INFO] Saving worlds
2025-04-10 19:41:04 [SERVER] [INFO] Saving chunks for level 'Test World'/Overworld
2025-04-10 19:41:04 [SERVER] [INFO] Saving chunks for level 'Test World'/Nether
2025-04-10 19:41:42 [SERVER] [INFO] Starting integrated minecraft server version 1.6.4
2025-04-10 19:41:42 [SERVER] [INFO] Generating keypair
2025-04-10 19:41:43 [SERVER] [INFO] Preparing start region for level 0
2025-04-10 19:41:46 [SERVER] [INFO] ChouRaiden1337[/127.0.0.1:0] logged in with entity id 26 at (8.017949693221627, 4.0, -1.5208509366273377)
2025-04-10 19:41:46 [SERVER] [INFO] ChouRaiden1337 joined the game
2025-04-10 19:41:47 [SERVER] [INFO] Saving and pausing game...
2025-04-10 19:41:47 [SERVER] [INFO] Saving chunks for level 'Test World'/Overworld
2025-04-10 19:41:47 [SERVER] [INFO] Saving chunks for level 'Test World'/Nether
2025-04-10 19:41:47 [SERVER] [INFO] Saving chunks for level 'Test World'/The End
2025-04-10 19:41:47 [SERVER] [INFO] Saving chunks for level 'Test World'/Twilight Forest
2025-04-10 19:41:47 [SERVER] [INFO] Saving chunks for level 'Test World'/Underdark
2025-04-10 19:43:13 [SERVER] [INFO] Saving and pausing game...
2025-04-10 19:43:13 [SERVER] [INFO] Saving chunks for level 'Test World'/Overworld
2025-04-10 19:43:13 [SERVER] [INFO] Saving chunks for level 'Test World'/Nether
2025-04-10 19:43:14 [SERVER] [INFO] Stopping server
2025-04-10 19:43:14 [SERVER] [INFO] Saving players
2025-04-10 19:43:14 [SERVER] [INFO] ChouRaiden1337 left the game
2025-04-10 19:43:14 [SERVER] [INFO] Saving worlds
2025-04-10 19:43:14 [SERVER] [INFO] Saving chunks for level 'Test World'/Overworld
2025-04-10 19:43:14 [SERVER] [INFO] Saving chunks for level 'Test World'/Nether
2025-04-10 19:44:21 [SERVER] [INFO] Starting integrated minecraft server version 1.6.4
2025-04-10 19:44:21 [SERVER] [INFO] Generating keypair
2025-04-10 19:44:22 [SERVER] [INFO] Preparing start region for level 0
2025-04-10 19:44:25 [SERVER] [INFO] ChouRaiden1337[/127.0.0.1:0] logged in with entity id 26 at (8.017949693221627, 4.0, -1.5208509366273377)
2025-04-10 19:44:25 [SERVER] [INFO] ChouRaiden1337 joined the game
2025-04-10 19:44:26 [SERVER] [INFO] Saving and pausing game...
2025-04-10 19:44:26 [SERVER] [INFO] Saving chunks for level 'Test World'/Overworld
2025-04-10 19:44:26 [SERVER] [INFO] Saving chunks for level 'Test World'/Nether
2025-04-10 19:44:26 [SERVER] [INFO] Saving chunks for level 'Test World'/The End
2025-04-10 19:44:26 [SERVER] [INFO] Saving chunks for level 'Test World'/Twilight Forest
2025-04-10 19:44:26 [SERVER] [INFO] Saving chunks for level 'Test World'/Underdark
2025-04-10 19:48:21 [SERVER] [INFO] Saving and pausing game...
2025-04-10 19:48:21 [SERVER] [INFO] Saving chunks for level 'Test World'/Overworld
2025-04-10 19:48:21 [SERVER] [INFO] Saving chunks for level 'Test World'/Nether
2025-04-10 19:48:22 [SERVER] [INFO] Stopping server
2025-04-10 19:48:22 [SERVER] [INFO] Saving players
2025-04-10 19:48:22 [SERVER] [INFO] ChouRaiden1337 left the game
2025-04-10 19:48:22 [SERVER] [INFO] Saving worlds
2025-04-10 19:48:22 [SERVER] [INFO] Saving chunks for level 'Test World'/Overworld
2025-04-10 19:48:22 [SERVER] [INFO] Saving chunks for level 'Test World'/Nether
2025-04-10 19:48:57 [SERVER] [INFO] Starting integrated minecraft server version 1.6.4
2025-04-10 19:48:57 [SERVER] [INFO] Generating keypair
2025-04-10 19:48:58 [SERVER] [INFO] Preparing start region for level 0
2025-04-10 19:49:01 [SERVER] [INFO] ChouRaiden1337[/127.0.0.1:0] logged in with entity id 26 at (9.214657704123127, 4.0, -1.0491840792898914)
2025-04-10 19:49:01 [SERVER] [INFO] ChouRaiden1337 joined the game
2025-04-10 19:49:02 [SERVER] [INFO] Saving and pausing game...
2025-04-10 19:49:02 [SERVER] [INFO] Saving chunks for level 'Test World'/Overworld
2025-04-10 19:49:02 [SERVER] [INFO] Saving chunks for level 'Test World'/Nether
2025-04-10 19:49:02 [SERVER] [INFO] Saving chunks for level 'Test World'/The End
2025-04-10 19:49:02 [SERVER] [INFO] Saving chunks for level 'Test World'/Twilight Forest
2025-04-10 19:49:02 [SERVER] [INFO] Saving chunks for level 'Test World'/Underdark
2025-04-10 19:50:13 [SERVER] [INFO] Stopping server
2025-04-10 19:50:13 [SERVER] [INFO] Saving players
2025-04-10 19:50:13 [SERVER] [INFO] ChouRaiden1337 left the game
2025-04-10 19:50:13 [SERVER] [INFO] Saving worlds
2025-04-10 19:50:13 [SERVER] [INFO] Saving chunks for level 'Test World'/Overworld
2025-04-10 19:50:13 [SERVER] [INFO] Saving chunks for level 'Test World'/Nether
2025-04-10 19:50:13 [SERVER] [INFO] Stopping server
2025-04-10 19:50:13 [SERVER] [INFO] Saving players
2025-04-10 19:50:13 [SERVER] [INFO] Saving worlds
2025-04-10 19:51:01 [SERVER] [INFO] Starting integrated minecraft server version 1.6.4
2025-04-10 19:51:01 [SERVER] [INFO] Generating keypair
2025-04-10 19:51:02 [SERVER] [INFO] Preparing start region for level 0
2025-04-10 19:51:05 [SERVER] [INFO] ChouRaiden1337[/127.0.0.1:0] logged in with entity id 26 at (9.214657704123127, 4.0, -1.0491840792898914)
2025-04-10 19:51:05 [SERVER] [INFO] ChouRaiden1337 joined the game
2025-04-10 19:51:06 [SERVER] [INFO] Saving and pausing game...
2025-04-10 19:51:06 [SERVER] [INFO] Saving chunks for level 'Test World'/Overworld
2025-04-10 19:51:06 [SERVER] [INFO] Saving chunks for level 'Test World'/Nether
2025-04-10 19:51:06 [SERVER] [INFO] Saving chunks for level 'Test World'/The End
2025-04-10 19:51:06 [SERVER] [INFO] Saving chunks for level 'Test World'/Twilight Forest
2025-04-10 19:51:06 [SERVER] [INFO] Saving chunks for level 'Test World'/Underdark
2025-04-10 19:51:15 [SERVER] [INFO] Stopping server
2025-04-10 19:51:15 [SERVER] [INFO] Saving players
2025-04-10 19:51:15 [SERVER] [INFO] ChouRaiden1337 left the game
2025-04-10 19:51:15 [SERVER] [INFO] Saving worlds
2025-04-10 19:51:15 [SERVER] [INFO] Saving chunks for level 'Test World'/Overworld
2025-04-10 19:51:15 [SERVER] [INFO] Saving chunks for level 'Test World'/Nether
2025-04-10 19:51:15 [SERVER] [INFO] Saving chunks for level 'Test World'/The End
2025-04-10 19:51:15 [SERVER] [INFO] Saving chunks for level 'Test World'/Twilight Forest
2025-04-10 19:51:15 [SERVER] [INFO] Saving chunks for level 'Test World'/Underdark
2025-04-10 19:51:15 [SERVER] [INFO] Stopping server
2025-04-10 19:51:15 [SERVER] [INFO] Saving players
2025-04-10 19:51:15 [SERVER] [INFO] Saving worlds
2025-04-10 19:53:17 [SERVER] [INFO] Starting integrated minecraft server version 1.6.4
2025-04-10 19:53:17 [SERVER] [INFO] Generating keypair
2025-04-10 19:53:17 [SERVER] [INFO] Preparing start region for level 0
2025-04-10 19:53:21 [SERVER] [INFO] ChouRaiden1337[/127.0.0.1:0] logged in with entity id 26 at (9.214657704123127, 4.0, -1.0491840792898914)
2025-04-10 19:53:21 [SERVER] [INFO] ChouRaiden1337 joined the game
2025-04-10 19:53:21 [SERVER] [INFO] Saving and pausing game...
2025-04-10 19:53:21 [SERVER] [INFO] Saving chunks for level 'Test World'/Overworld
2025-04-10 19:53:21 [SERVER] [INFO] Saving chunks for level 'Test World'/Nether
2025-04-10 19:53:21 [SERVER] [INFO] Saving chunks for level 'Test World'/The End
2025-04-10 19:53:21 [SERVER] [INFO] Saving chunks for level 'Test World'/Twilight Forest
2025-04-10 19:53:21 [SERVER] [INFO] Saving chunks for level 'Test World'/Underdark
2025-04-10 19:54:10 [SERVER] [INFO] Stopping server
2025-04-10 19:54:10 [SERVER] [INFO] Saving players
2025-04-10 19:54:10 [SERVER] [INFO] ChouRaiden1337 left the game
2025-04-10 19:54:10 [SERVER] [INFO] Saving worlds
2025-04-10 19:54:10 [SERVER] [INFO] Saving chunks for level 'Test World'/Overworld
2025-04-10 19:54:10 [SERVER] [INFO] Saving chunks for level 'Test World'/Nether
2025-04-10 19:54:10 [SERVER] [INFO] Saving chunks for level 'Test World'/The End
2025-04-10 19:54:10 [SERVER] [INFO] Saving chunks for level 'Test World'/Twilight Forest
2025-04-10 19:54:10 [SERVER] [INFO] Saving chunks for level 'Test World'/Underdark
2025-04-10 19:54:10 [SERVER] [INFO] Stopping server
2025-04-10 19:54:10 [SERVER] [INFO] Saving players
2025-04-10 19:54:10 [SERVER] [INFO] Saving worlds
2025-04-10 20:11:49 [SERVER] [INFO] Starting integrated minecraft server version 1.6.4
2025-04-10 20:11:49 [SERVER] [INFO] Generating keypair
2025-04-10 20:11:50 [SERVER] [INFO] Preparing start region for level 0
2025-04-10 20:11:53 [SERVER] [INFO] ChouRaiden1337[/127.0.0.1:0] logged in with entity id 26 at (9.214657704123127, 4.0, -1.0491840792898914)
2025-04-10 20:11:53 [SERVER] [INFO] ChouRaiden1337 joined the game
2025-04-10 20:11:54 [SERVER] [INFO] Saving and pausing game...
2025-04-10 20:11:54 [SERVER] [INFO] Saving chunks for level 'Test World'/Overworld
2025-04-10 20:11:54 [SERVER] [INFO] Saving chunks for level 'Test World'/Nether
2025-04-10 20:11:54 [SERVER] [INFO] Saving chunks for level 'Test World'/The End
2025-04-10 20:11:54 [SERVER] [INFO] Saving chunks for level 'Test World'/Twilight Forest
2025-04-10 20:11:54 [SERVER] [INFO] Saving chunks for level 'Test World'/Underdark
2025-04-10 20:12:05 [SERVER] [INFO] Stopping server
2025-04-10 20:12:05 [SERVER] [INFO] Saving players
2025-04-10 20:12:05 [SERVER] [INFO] ChouRaiden1337 left the game
2025-04-10 20:12:05 [SERVER] [INFO] Saving worlds
2025-04-10 20:12:05 [SERVER] [INFO] Saving chunks for level 'Test World'/Overworld
2025-04-10 20:12:05 [SERVER] [INFO] Saving chunks for level 'Test World'/Nether
2025-04-10 20:12:05 [SERVER] [INFO] Saving chunks for level 'Test World'/The End
2025-04-10 20:12:05 [SERVER] [INFO] Saving chunks for level 'Test World'/Twilight Forest
2025-04-10 20:12:05 [SERVER] [INFO] Saving chunks for level 'Test World'/Underdark
2025-04-10 20:12:06 [SERVER] [INFO] Stopping server
2025-04-10 20:12:06 [SERVER] [INFO] Saving players
2025-04-10 20:12:06 [SERVER] [INFO] Saving worlds
2025-04-10 20:13:02 [SERVER] [INFO] Starting integrated minecraft server version 1.6.4
2025-04-10 20:13:02 [SERVER] [INFO] Generating keypair
2025-04-10 20:13:02 [SERVER] [INFO] Preparing start region for level 0
2025-04-10 20:13:06 [SERVER] [INFO] ChouRaiden1337[/127.0.0.1:0] logged in with entity id 26 at (9.214657704123127, 4.0, -1.0491840792898914)
2025-04-10 20:13:06 [SERVER] [INFO] ChouRaiden1337 joined the game
2025-04-10 20:13:06 [SERVER] [INFO] Saving and pausing game...
2025-04-10 20:13:06 [SERVER] [INFO] Saving chunks for level 'Test World'/Overworld
2025-04-10 20:13:06 [SERVER] [INFO] Saving chunks for level 'Test World'/Nether
2025-04-10 20:13:06 [SERVER] [INFO] Saving chunks for level 'Test World'/The End
2025-04-10 20:13:06 [SERVER] [INFO] Saving chunks for level 'Test World'/Twilight Forest
2025-04-10 20:13:06 [SERVER] [INFO] Saving chunks for level 'Test World'/Underdark
2025-04-10 20:14:33 [SERVER] [INFO] Saving and pausing game...
2025-04-10 20:14:33 [SERVER] [INFO] Saving chunks for level 'Test World'/Overworld
2025-04-10 20:14:33 [SERVER] [INFO] Saving chunks for level 'Test World'/Nether
2025-04-10 20:14:33 [SERVER] [INFO] Stopping server
2025-04-10 20:14:33 [SERVER] [INFO] Saving players
2025-04-10 20:14:33 [SERVER] [INFO] ChouRaiden1337 left the game
2025-04-10 20:14:33 [SERVER] [INFO] Saving worlds
2025-04-10 20:14:33 [SERVER] [INFO] Saving chunks for level 'Test World'/Overworld
2025-04-10 20:14:33 [SERVER] [INFO] Saving chunks for level 'Test World'/Nether
2025-04-10 20:15:09 [SERVER] [INFO] Starting integrated minecraft server version 1.6.4
2025-04-10 20:15:09 [SERVER] [INFO] Generating keypair
2025-04-10 20:15:10 [SERVER] [INFO] Preparing start region for level 0
2025-04-10 20:15:13 [SERVER] [INFO] ChouRaiden1337[/127.0.0.1:0] logged in with entity id 26 at (9.214657704123127, 4.0, -1.0491840792898914)
2025-04-10 20:15:13 [SERVER] [INFO] ChouRaiden1337 joined the game
2025-04-10 20:15:14 [SERVER] [INFO] Saving and pausing game...
2025-04-10 20:15:14 [SERVER] [INFO] Saving chunks for level 'Test World'/Overworld
2025-04-10 20:15:14 [SERVER] [INFO] Saving chunks for level 'Test World'/Nether
2025-04-10 20:15:14 [SERVER] [INFO] Saving chunks for level 'Test World'/The End
2025-04-10 20:15:14 [SERVER] [INFO] Saving chunks for level 'Test World'/Twilight Forest
2025-04-10 20:15:14 [SERVER] [INFO] Saving chunks for level 'Test World'/Underdark
2025-04-10 20:17:24 [SERVER] [INFO] Stopping server
2025-04-10 20:17:24 [SERVER] [INFO] Saving players
2025-04-10 20:17:24 [SERVER] [INFO] ChouRaiden1337 left the game
2025-04-10 20:17:24 [SERVER] [INFO] Saving worlds
2025-04-10 20:17:24 [SERVER] [INFO] Saving chunks for level 'Test World'/Overworld
2025-04-10 20:17:24 [SERVER] [INFO] Saving chunks for level 'Test World'/Nether
2025-04-10 20:17:24 [SERVER] [INFO] Stopping server
2025-04-10 20:17:24 [SERVER] [INFO] Saving players
2025-04-10 20:17:24 [SERVER] [INFO] Saving worlds
2025-04-10 20:24:09 [SERVER] [INFO] Starting integrated minecraft server version 1.6.4
2025-04-10 20:24:09 [SERVER] [INFO] Generating keypair
2025-04-10 20:24:10 [SERVER] [INFO] Preparing start region for level 0
2025-04-10 20:24:13 [SERVER] [INFO] ChouRaiden1337[/127.0.0.1:0] logged in with entity id 26 at (9.214657704123127, 4.0, -1.0491840792898914)
2025-04-10 20:24:13 [SERVER] [INFO] ChouRaiden1337 joined the game
2025-04-10 20:24:15 [SERVER] [INFO] Saving and pausing game...
2025-04-10 20:24:15 [SERVER] [INFO] Saving chunks for level 'Test World'/Overworld
2025-04-10 20:24:15 [SERVER] [INFO] Saving chunks for level 'Test World'/Nether
2025-04-10 20:24:15 [SERVER] [INFO] Saving chunks for level 'Test World'/The End
2025-04-10 20:24:15 [SERVER] [INFO] Saving chunks for level 'Test World'/Twilight Forest
2025-04-10 20:24:15 [SERVER] [INFO] Saving chunks for level 'Test World'/Underdark
2025-04-10 20:24:38 [SERVER] [INFO] Stopping server
2025-04-10 20:24:38 [SERVER] [INFO] Saving players
2025-04-10 20:24:38 [SERVER] [INFO] ChouRaiden1337 left the game
2025-04-10 20:24:38 [SERVER] [INFO] Saving worlds
2025-04-10 20:24:38 [SERVER] [INFO] Saving chunks for level 'Test World'/Overworld
2025-04-10 20:24:38 [SERVER] [INFO] Saving chunks for level 'Test World'/Nether
2025-04-10 20:24:38 [SERVER] [INFO] Saving chunks for level 'Test World'/The End
2025-04-10 20:24:38 [SERVER] [INFO] Saving chunks for level 'Test World'/Twilight Forest
2025-04-10 20:24:38 [SERVER] [INFO] Saving chunks for level 'Test World'/Underdark
2025-04-10 20:24:39 [SERVER] [INFO] Stopping server
2025-04-10 20:24:39 [SERVER] [INFO] Saving players
2025-04-10 20:24:39 [SERVER] [INFO] Saving worlds
2025-04-10 20:25:13 [SERVER] [INFO] Starting integrated minecraft server version 1.6.4
2025-04-10 20:25:13 [SERVER] [INFO] Generating keypair
2025-04-10 20:25:13 [SERVER] [INFO] Preparing start region for level 0
2025-04-10 20:25:17 [SERVER] [INFO] ChouRaiden1337[/127.0.0.1:0] logged in with entity id 26 at (9.214657704123127, 4.0, -1.0491840792898914)
2025-04-10 20:25:17 [SERVER] [INFO] ChouRaiden1337 joined the game
2025-04-10 20:25:18 [SERVER] [INFO] Saving and pausing game...
2025-04-10 20:25:18 [SERVER] [INFO] Saving chunks for level 'Test World'/Overworld
2025-04-10 20:25:18 [SERVER] [INFO] Saving chunks for level 'Test World'/Nether
2025-04-10 20:25:18 [SERVER] [INFO] Saving chunks for level 'Test World'/The End
2025-04-10 20:25:18 [SERVER] [INFO] Saving chunks for level 'Test World'/Twilight Forest
2025-04-10 20:25:18 [SERVER] [INFO] Saving chunks for level 'Test World'/Underdark
2025-04-10 20:26:15 [SERVER] [INFO] Stopping server
2025-04-10 20:26:15 [SERVER] [INFO] Saving players
2025-04-10 20:26:15 [SERVER] [INFO] ChouRaiden1337 left the game
2025-04-10 20:26:15 [SERVER] [INFO] Saving worlds
2025-04-10 20:26:15 [SERVER] [INFO] Saving chunks for level 'Test World'/Overworld
2025-04-10 20:26:15 [SERVER] [INFO] Saving chunks for level 'Test World'/Nether
2025-04-10 20:26:15 [SERVER] [INFO] Stopping server
2025-04-10 20:26:15 [SERVER] [INFO] Saving players
2025-04-10 20:26:15 [SERVER] [INFO] Saving worlds
2025-04-10 20:26:53 [SERVER] [INFO] Starting integrated minecraft server version 1.6.4
2025-04-10 20:26:53 [SERVER] [INFO] Generating keypair
2025-04-10 20:26:54 [SERVER] [INFO] Preparing start region for level 0
2025-04-10 20:26:57 [SERVER] [INFO] ChouRaiden1337[/127.0.0.1:0] logged in with entity id 26 at (9.214657704123127, 4.0, -1.0491840792898914)
2025-04-10 20:26:57 [SERVER] [INFO] ChouRaiden1337 joined the game
2025-04-10 20:26:58 [SERVER] [INFO] Saving and pausing game...
2025-04-10 20:26:58 [SERVER] [INFO] Saving chunks for level 'Test World'/Overworld
2025-04-10 20:26:58 [SERVER] [INFO] Saving chunks for level 'Test World'/Nether
2025-04-10 20:26:58 [SERVER] [INFO] Saving chunks for level 'Test World'/The End
2025-04-10 20:26:58 [SERVER] [INFO] Saving chunks for level 'Test World'/Twilight Forest
2025-04-10 20:26:58 [SERVER] [INFO] Saving chunks for level 'Test World'/Underdark
2025-04-10 20:27:17 [SERVER] [INFO] Saving and pausing game...
2025-04-10 20:27:17 [SERVER] [INFO] Saving chunks for level 'Test World'/Overworld
2025-04-10 20:27:17 [SERVER] [INFO] Saving chunks for level 'Test World'/Nether
2025-04-10 20:27:18 [SERVER] [INFO] Stopping server
2025-04-10 20:27:18 [SERVER] [INFO] Saving players
2025-04-10 20:27:18 [SERVER] [INFO] ChouRaiden1337 left the game
2025-04-10 20:27:18 [SERVER] [INFO] Saving worlds
2025-04-10 20:27:18 [SERVER] [INFO] Saving chunks for level 'Test World'/Overworld
2025-04-10 20:27:18 [SERVER] [INFO] Saving chunks for level 'Test World'/Nether
2025-04-10 20:28:07 [SERVER] [INFO] Starting integrated minecraft server version 1.6.4
2025-04-10 20:28:07 [SERVER] [INFO] Generating keypair
2025-04-10 20:28:08 [SERVER] [INFO] Preparing start region for level 0
2025-04-10 20:28:11 [SERVER] [INFO] ChouRaiden1337[/127.0.0.1:0] logged in with entity id 26 at (9.214657704123127, 4.0, -1.0491840792898914)
2025-04-10 20:28:11 [SERVER] [INFO] ChouRaiden1337 joined the game
2025-04-10 20:28:12 [SERVER] [INFO] Saving and pausing game...
2025-04-10 20:28:12 [SERVER] [INFO] Saving chunks for level 'Test World'/Overworld
2025-04-10 20:28:12 [SERVER] [INFO] Saving chunks for level 'Test World'/Nether
2025-04-10 20:28:12 [SERVER] [INFO] Saving chunks for level 'Test World'/The End
2025-04-10 20:28:12 [SERVER] [INFO] Saving chunks for level 'Test World'/Twilight Forest
2025-04-10 20:28:12 [SERVER] [INFO] Saving chunks for level 'Test World'/Underdark
2025-04-10 20:28:17 [SERVER] [INFO] Stopping server
2025-04-10 20:28:17 [SERVER] [INFO] Saving players
2025-04-10 20:28:17 [SERVER] [INFO] ChouRaiden1337 left the game
2025-04-10 20:28:17 [SERVER] [INFO] Saving worlds
2025-04-10 20:28:17 [SERVER] [INFO] Saving chunks for level 'Test World'/Overworld
2025-04-10 20:28:17 [SERVER] [INFO] Saving chunks for level 'Test World'/Nether
2025-04-10 20:28:17 [SERVER] [INFO] Saving chunks for level 'Test World'/The End
2025-04-10 20:28:17 [SERVER] [INFO] Saving chunks for level 'Test World'/Twilight Forest
2025-04-10 20:28:17 [SERVER] [INFO] Saving chunks for level 'Test World'/Underdark
2025-04-10 20:28:18 [SERVER] [INFO] Stopping server
2025-04-10 20:28:18 [SERVER] [INFO] Saving players
2025-04-10 20:28:18 [SERVER] [INFO] Saving worlds
2025-04-11 00:45:55 [SERVER] [INFO] Starting integrated minecraft server version 1.6.4
2025-04-11 00:45:55 [SERVER] [INFO] Generating keypair
2025-04-11 00:45:56 [SERVER] [INFO] Preparing start region for level 0
2025-04-11 00:45:59 [SERVER] [INFO] ChouRaiden1337[/127.0.0.1:0] logged in with entity id 26 at (9.214657704123127, 4.0, -1.0491840792898914)
2025-04-11 00:45:59 [SERVER] [INFO] ChouRaiden1337 joined the game
2025-04-11 00:46:00 [SERVER] [INFO] Saving and pausing game...
2025-04-11 00:46:00 [SERVER] [INFO] Saving chunks for level 'Test World'/Overworld
2025-04-11 00:46:00 [SERVER] [INFO] Saving chunks for level 'Test World'/Nether
2025-04-11 00:46:00 [SERVER] [INFO] Saving chunks for level 'Test World'/The End
2025-04-11 00:46:00 [SERVER] [INFO] Saving chunks for level 'Test World'/Twilight Forest
2025-04-11 00:46:00 [SERVER] [INFO] Saving chunks for level 'Test World'/Underdark
2025-04-11 00:58:59 [SERVER] [INFO] Saving and pausing game...
2025-04-11 00:58:59 [SERVER] [INFO] Saving chunks for level 'Test World'/Overworld
2025-04-11 00:58:59 [SERVER] [INFO] Saving chunks for level 'Test World'/Nether
2025-04-11 00:58:59 [SERVER] [INFO] Stopping server
2025-04-11 00:58:59 [SERVER] [INFO] Saving players
2025-04-11 00:58:59 [SERVER] [INFO] ChouRaiden1337 left the game
2025-04-11 00:58:59 [SERVER] [INFO] Saving worlds
2025-04-11 00:58:59 [SERVER] [INFO] Saving chunks for level 'Test World'/Overworld
2025-04-11 00:58:59 [SERVER] [INFO] Saving chunks for level 'Test World'/Nether
2025-04-11 00:59:42 [SERVER] [INFO] Starting integrated minecraft server version 1.6.4
2025-04-11 00:59:43 [SERVER] [INFO] Generating keypair
2025-04-11 00:59:43 [SERVER] [INFO] Preparing start region for level 0
2025-04-11 00:59:47 [SERVER] [INFO] ChouRaiden1337[/127.0.0.1:0] logged in with entity id 26 at (9.134477189392886, 4.0, -2.602901624113345)
2025-04-11 00:59:47 [SERVER] [INFO] ChouRaiden1337 joined the game
2025-04-11 00:59:48 [SERVER] [INFO] Saving and pausing game...
2025-04-11 00:59:48 [SERVER] [INFO] Saving chunks for level 'Test World'/Overworld
2025-04-11 00:59:48 [SERVER] [INFO] Saving chunks for level 'Test World'/Nether
2025-04-11 00:59:48 [SERVER] [INFO] Saving chunks for level 'Test World'/The End
2025-04-11 00:59:48 [SERVER] [INFO] Saving chunks for level 'Test World'/Twilight Forest
2025-04-11 00:59:48 [SERVER] [INFO] Saving chunks for level 'Test World'/Underdark
2025-04-11 01:00:02 [SERVER] [INFO] Saving and pausing game...
2025-04-11 01:00:02 [SERVER] [INFO] Saving chunks for level 'Test World'/Overworld
2025-04-11 01:00:02 [SERVER] [INFO] Saving chunks for level 'Test World'/Nether
2025-04-11 01:00:02 [SERVER] [INFO] Saving chunks for level 'Test World'/The End
2025-04-11 01:00:02 [SERVER] [INFO] Saving chunks for level 'Test World'/Twilight Forest
2025-04-11 01:00:02 [SERVER] [INFO] Saving chunks for level 'Test World'/Underdark
2025-04-11 01:00:02 [SERVER] [INFO] Stopping server
2025-04-11 01:00:02 [SERVER] [INFO] Saving players
2025-04-11 01:00:02 [SERVER] [INFO] ChouRaiden1337 left the game
2025-04-11 01:00:02 [SERVER] [INFO] Saving worlds
2025-04-11 01:00:02 [SERVER] [INFO] Saving chunks for level 'Test World'/Overworld
2025-04-11 01:00:02 [SERVER] [INFO] Saving chunks for level 'Test World'/Nether
2025-04-11 01:00:02 [SERVER] [INFO] Saving chunks for level 'Test World'/The End
2025-04-11 01:00:02 [SERVER] [INFO] Saving chunks for level 'Test World'/Twilight Forest
2025-04-11 01:00:02 [SERVER] [INFO] Saving chunks for level 'Test World'/Underdark
2025-04-11 01:00:03 [SERVER] [INFO] Stopping server
2025-04-11 01:00:03 [SERVER] [INFO] Saving players
2025-04-11 01:00:03 [SERVER] [INFO] Saving worlds
2025-04-11 01:00:49 [SERVER] [INFO] Starting integrated minecraft server version 1.6.4
2025-04-11 01:00:49 [SERVER] [INFO] Generating keypair
2025-04-11 01:00:50 [SERVER] [INFO] Preparing start region for level 0
2025-04-11 01:00:53 [SERVER] [INFO] ChouRaiden1337[/127.0.0.1:0] logged in with entity id 26 at (8.370117318060615, 4.0, -2.112484763036286)
2025-04-11 01:00:53 [SERVER] [INFO] ChouRaiden1337 joined the game
2025-04-11 01:00:54 [SERVER] [INFO] Saving and pausing game...
2025-04-11 01:00:54 [SERVER] [INFO] Saving chunks for level 'Test World'/Overworld
2025-04-11 01:00:54 [SERVER] [INFO] Saving chunks for level 'Test World'/Nether
2025-04-11 01:00:54 [SERVER] [INFO] Saving chunks for level 'Test World'/The End
2025-04-11 01:00:54 [SERVER] [INFO] Saving chunks for level 'Test World'/Twilight Forest
2025-04-11 01:00:54 [SERVER] [INFO] Saving chunks for level 'Test World'/Underdark
2025-04-11 01:03:02 [SERVER] [INFO] Stopping server
2025-04-11 01:03:02 [SERVER] [INFO] Saving players
2025-04-11 01:03:02 [SERVER] [INFO] ChouRaiden1337 left the game
2025-04-11 01:03:02 [SERVER] [INFO] Saving worlds
2025-04-11 01:03:02 [SERVER] [INFO] Saving chunks for level 'Test World'/Overworld
2025-04-11 01:03:02 [SERVER] [INFO] Saving chunks for level 'Test World'/Nether
2025-04-11 01:03:02 [SERVER] [INFO] Stopping server
2025-04-11 01:03:02 [SERVER] [INFO] Saving players
2025-04-11 01:03:02 [SERVER] [INFO] Saving worlds
2025-04-11 01:03:58 [SERVER] [INFO] Starting integrated minecraft server version 1.6.4
2025-04-11 01:03:58 [SERVER] [INFO] Generating keypair
2025-04-11 01:03:58 [SERVER] [INFO] Preparing start region for level 0
2025-04-11 01:04:02 [SERVER] [INFO] ChouRaiden1337[/127.0.0.1:0] logged in with entity id 26 at (8.880233310334846, 4.0, -2.157545335978362)
2025-04-11 01:04:02 [SERVER] [INFO] ChouRaiden1337 joined the game
2025-04-11 01:04:02 [SERVER] [INFO] Saving and pausing game...
2025-04-11 01:04:02 [SERVER] [INFO] Saving chunks for level 'Test World'/Overworld
2025-04-11 01:04:03 [SERVER] [INFO] Saving chunks for level 'Test World'/Nether
2025-04-11 01:04:03 [SERVER] [INFO] Saving chunks for level 'Test World'/The End
2025-04-11 01:04:03 [SERVER] [INFO] Saving chunks for level 'Test World'/Twilight Forest
2025-04-11 01:04:03 [SERVER] [INFO] Saving chunks for level 'Test World'/Underdark
2025-04-11 01:04:22 [SERVER] [INFO] Saving and pausing game...
2025-04-11 01:04:22 [SERVER] [INFO] Saving chunks for level 'Test World'/Overworld
2025-04-11 01:04:22 [SERVER] [INFO] Saving chunks for level 'Test World'/Nether
2025-04-11 01:04:22 [SERVER] [INFO] Saving chunks for level 'Test World'/The End
2025-04-11 01:04:22 [SERVER] [INFO] Saving chunks for level 'Test World'/Twilight Forest
2025-04-11 01:04:22 [SERVER] [INFO] Saving chunks for level 'Test World'/Underdark
2025-04-11 01:04:22 [SERVER] [INFO] Stopping server
2025-04-11 01:04:22 [SERVER] [INFO] Saving players
2025-04-11 01:04:22 [SERVER] [INFO] ChouRaiden1337 left the game
2025-04-11 01:04:22 [SERVER] [INFO] Saving worlds
2025-04-11 01:04:22 [SERVER] [INFO] Saving chunks for level 'Test World'/Overworld
2025-04-11 01:04:22 [SERVER] [INFO] Saving chunks for level 'Test World'/Nether
2025-04-11 01:04:22 [SERVER] [INFO] Saving chunks for level 'Test World'/The End
2025-04-11 01:04:22 [SERVER] [INFO] Saving chunks for level 'Test World'/Twilight Forest
2025-04-11 01:04:22 [SERVER] [INFO] Saving chunks for level 'Test World'/Underdark
2025-04-11 01:05:11 [SERVER] [INFO] Starting integrated minecraft server version 1.6.4
2025-04-11 01:05:11 [SERVER] [INFO] Generating keypair
2025-04-11 01:05:12 [SERVER] [INFO] Preparing start region for level 0
2025-04-11 01:05:15 [SERVER] [INFO] ChouRaiden1337[/127.0.0.1:0] logged in with entity id 26 at (8.880233310334846, 4.0, -2.157545335978362)
2025-04-11 01:05:15 [SERVER] [INFO] ChouRaiden1337 joined the game
2025-04-11 01:05:17 [SERVER] [INFO] Saving and pausing game...
2025-04-11 01:05:17 [SERVER] [INFO] Saving chunks for level 'Test World'/Overworld
2025-04-11 01:05:17 [SERVER] [INFO] Saving chunks for level 'Test World'/Nether
2025-04-11 01:05:17 [SERVER] [INFO] Saving chunks for level 'Test World'/The End
2025-04-11 01:05:17 [SERVER] [INFO] Saving chunks for level 'Test World'/Twilight Forest
2025-04-11 01:05:17 [SERVER] [INFO] Saving chunks for level 'Test World'/Underdark
2025-04-11 01:12:51 [SERVER] [INFO] Saving and pausing game...
2025-04-11 01:12:51 [SERVER] [INFO] Saving chunks for level 'Test World'/Overworld
2025-04-11 01:12:51 [SERVER] [INFO] Saving chunks for level 'Test World'/Nether
2025-04-11 01:12:51 [SERVER] [INFO] Stopping server
2025-04-11 01:12:51 [SERVER] [INFO] Saving players
2025-04-11 01:12:51 [SERVER] [INFO] ChouRaiden1337 left the game
2025-04-11 01:12:51 [SERVER] [INFO] Saving worlds
2025-04-11 01:12:51 [SERVER] [INFO] Saving chunks for level 'Test World'/Overworld
2025-04-11 01:12:51 [SERVER] [INFO] Saving chunks for level 'Test World'/Nether
2025-04-11 01:13:34 [SERVER] [INFO] Starting integrated minecraft server version 1.6.4
2025-04-11 01:13:34 [SERVER] [INFO] Generating keypair
2025-04-11 01:13:35 [SERVER] [INFO] Preparing start region for level 0
2025-04-11 01:13:38 [SERVER] [INFO] ChouRaiden1337[/127.0.0.1:0] logged in with entity id 26 at (9.209803164035428, 4.0, -2.6238758453256015)
2025-04-11 01:13:38 [SERVER] [INFO] ChouRaiden1337 joined the game
2025-04-11 01:13:39 [SERVER] [INFO] Saving and pausing game...
2025-04-11 01:13:39 [SERVER] [INFO] Saving chunks for level 'Test World'/Overworld
2025-04-11 01:13:39 [SERVER] [INFO] Saving chunks for level 'Test World'/Nether
2025-04-11 01:13:39 [SERVER] [INFO] Saving chunks for level 'Test World'/The End
2025-04-11 01:13:39 [SERVER] [INFO] Saving chunks for level 'Test World'/Twilight Forest
2025-04-11 01:13:39 [SERVER] [INFO] Saving chunks for level 'Test World'/Underdark
2025-04-11 01:13:52 [SERVER] [INFO] Saving and pausing game...
2025-04-11 01:13:52 [SERVER] [INFO] Saving chunks for level 'Test World'/Overworld
2025-04-11 01:13:52 [SERVER] [INFO] Saving chunks for level 'Test World'/Nether
2025-04-11 01:13:52 [SERVER] [INFO] Saving chunks for level 'Test World'/The End
2025-04-11 01:13:52 [SERVER] [INFO] Saving chunks for level 'Test World'/Twilight Forest
2025-04-11 01:13:52 [SERVER] [INFO] Saving chunks for level 'Test World'/Underdark
2025-04-11 01:13:52 [SERVER] [INFO] Stopping server
2025-04-11 01:13:52 [SERVER] [INFO] Saving players
2025-04-11 01:13:52 [SERVER] [INFO] ChouRaiden1337 left the game
2025-04-11 01:13:52 [SERVER] [INFO] Saving worlds
2025-04-11 01:13:52 [SERVER] [INFO] Saving chunks for level 'Test World'/Overworld
2025-04-11 01:13:52 [SERVER] [INFO] Saving chunks for level 'Test World'/Nether
2025-04-11 01:13:52 [SERVER] [INFO] Saving chunks for level 'Test World'/The End
2025-04-11 01:13:52 [SERVER] [INFO] Saving chunks for level 'Test World'/Twilight Forest
2025-04-11 01:13:52 [SERVER] [INFO] Saving chunks for level 'Test World'/Underdark
2025-04-11 01:40:20 [SERVER] [INFO] Starting integrated minecraft server version 1.6.4
2025-04-11 01:40:20 [SERVER] [INFO] Generating keypair
2025-04-11 01:40:21 [SERVER] [INFO] Preparing start region for level 0
2025-04-11 01:40:24 [SERVER] [INFO] ChouRaiden1337[/127.0.0.1:0] logged in with entity id 26 at (9.008862513330701, 4.0, -2.066309746811855)
2025-04-11 01:40:24 [SERVER] [INFO] ChouRaiden1337 joined the game
2025-04-11 01:40:25 [SERVER] [INFO] Saving and pausing game...
2025-04-11 01:40:25 [SERVER] [INFO] Saving chunks for level 'Test World'/Overworld
2025-04-11 01:40:26 [SERVER] [INFO] Saving chunks for level 'Test World'/Nether
2025-04-11 01:40:26 [SERVER] [INFO] Saving chunks for level 'Test World'/The End
2025-04-11 01:40:26 [SERVER] [INFO] Saving chunks for level 'Test World'/Twilight Forest
2025-04-11 01:40:26 [SERVER] [INFO] Saving chunks for level 'Test World'/Underdark
2025-04-11 01:40:34 [SERVER] [INFO] Saving and pausing game...
2025-04-11 01:40:34 [SERVER] [INFO] Saving chunks for level 'Test World'/Overworld
2025-04-11 01:40:34 [SERVER] [INFO] Saving chunks for level 'Test World'/Nether
2025-04-11 01:40:34 [SERVER] [INFO] Saving chunks for level 'Test World'/The End
2025-04-11 01:40:34 [SERVER] [INFO] Saving chunks for level 'Test World'/Twilight Forest
2025-04-11 01:40:34 [SERVER] [INFO] Saving chunks for level 'Test World'/Underdark
2025-04-11 02:00:14 [SERVER] [WARNING] Can't keep up! Did the system time change, or is the server overloaded?
2025-04-11 02:01:13 [SERVER] [INFO] Saving and pausing game...
2025-04-11 02:01:13 [SERVER] [INFO] Saving chunks for level 'Test World'/Overworld
2025-04-11 02:01:13 [SERVER] [INFO] Saving chunks for level 'Test World'/Nether
2025-04-11 02:01:13 [SERVER] [INFO] Saving chunks for level 'Test World'/The End
2025-04-11 02:01:13 [SERVER] [INFO] Saving chunks for level 'Test World'/Twilight Forest
2025-04-11 02:01:13 [SERVER] [INFO] Saving chunks for level 'Test World'/Underdark
2025-04-11 02:01:13 [SERVER] [INFO] Stopping server
2025-04-11 02:01:13 [SERVER] [INFO] Saving players
2025-04-11 02:01:13 [SERVER] [INFO] ChouRaiden1337 left the game
2025-04-11 02:01:13 [SERVER] [INFO] Saving worlds
2025-04-11 02:01:13 [SERVER] [INFO] Saving chunks for level 'Test World'/Overworld
2025-04-11 02:01:13 [SERVER] [INFO] Saving chunks for level 'Test World'/Nether
2025-04-11 02:01:13 [SERVER] [INFO] Saving chunks for level 'Test World'/The End
2025-04-11 02:01:13 [SERVER] [INFO] Saving chunks for level 'Test World'/Twilight Forest
2025-04-11 02:01:13 [SERVER] [INFO] Saving chunks for level 'Test World'/Underdark
2025-04-11 04:33:57 [SERVER] [INFO] Starting integrated minecraft server version 1.6.4
2025-04-11 04:33:57 [SERVER] [INFO] Generating keypair
2025-04-11 04:33:57 [SERVER] [INFO] Preparing start region for level 0
2025-04-11 04:34:01 [SERVER] [INFO] ChouRaiden1337[/127.0.0.1:0] logged in with entity id 26 at (8.887144207022175, 4.0, -1.663277221918448)
2025-04-11 04:34:01 [SERVER] [INFO] ChouRaiden1337 joined the game
2025-04-11 04:34:02 [SERVER] [INFO] Saving and pausing game...
2025-04-11 04:34:02 [SERVER] [INFO] Saving chunks for level 'Test World'/Overworld
2025-04-11 04:34:02 [SERVER] [INFO] Saving chunks for level 'Test World'/Nether
2025-04-11 04:34:02 [SERVER] [INFO] Saving chunks for level 'Test World'/The End
2025-04-11 04:34:02 [SERVER] [INFO] Saving chunks for level 'Test World'/Twilight Forest
2025-04-11 04:34:02 [SERVER] [INFO] Saving chunks for level 'Test World'/Underdark
2025-04-11 04:48:26 [SERVER] [INFO] Stopping server
2025-04-11 04:48:26 [SERVER] [INFO] Saving players
2025-04-11 04:48:26 [SERVER] [INFO] ChouRaiden1337 left the game
2025-04-11 04:48:26 [SERVER] [INFO] Saving worlds
2025-04-11 04:48:26 [SERVER] [INFO] Saving chunks for level 'Test World'/Overworld
2025-04-11 04:48:26 [SERVER] [INFO] Saving chunks for level 'Test World'/Nether
2025-04-11 04:48:26 [SERVER] [INFO] Stopping server
2025-04-11 04:48:26 [SERVER] [INFO] Saving players
2025-04-11 04:48:26 [SERVER] [INFO] Saving worlds
2025-04-11 04:49:02 [SERVER] [INFO] Starting integrated minecraft server version 1.6.4
2025-04-11 04:49:02 [SERVER] [INFO] Generating keypair
2025-04-11 04:49:03 [SERVER] [INFO] Preparing start region for level 0
2025-04-11 04:49:06 [SERVER] [INFO] ChouRaiden1337[/127.0.0.1:0] logged in with entity id 26 at (9.40027204291519, 4.0, -2.9480776505140187)
2025-04-11 04:49:06 [SERVER] [INFO] ChouRaiden1337 joined the game
2025-04-11 04:49:07 [SERVER] [INFO] Saving and pausing game...
2025-04-11 04:49:07 [SERVER] [INFO] Saving chunks for level 'Test World'/Overworld
2025-04-11 04:49:07 [SERVER] [INFO] Saving chunks for level 'Test World'/Nether
2025-04-11 04:49:07 [SERVER] [INFO] Saving chunks for level 'Test World'/The End
2025-04-11 04:49:07 [SERVER] [INFO] Saving chunks for level 'Test World'/Twilight Forest
2025-04-11 04:49:07 [SERVER] [INFO] Saving chunks for level 'Test World'/Underdark
2025-04-11 04:51:52 [SERVER] [INFO] Saving and pausing game...
2025-04-11 04:51:52 [SERVER] [INFO] Saving chunks for level 'Test World'/Overworld
2025-04-11 04:51:52 [SERVER] [INFO] Saving chunks for level 'Test World'/Nether
2025-04-11 04:51:53 [SERVER] [INFO] Stopping server
2025-04-11 04:51:53 [SERVER] [INFO] Saving players
2025-04-11 04:51:53 [SERVER] [INFO] ChouRaiden1337 left the game
2025-04-11 04:51:53 [SERVER] [INFO] Saving worlds
2025-04-11 04:51:53 [SERVER] [INFO] Saving chunks for level 'Test World'/Overworld
2025-04-11 04:51:53 [SERVER] [INFO] Saving chunks for level 'Test World'/Nether
2025-04-11 04:52:34 [SERVER] [INFO] Starting integrated minecraft server version 1.6.4
2025-04-11 04:52:34 [SERVER] [INFO] Generating keypair
2025-04-11 04:52:35 [SERVER] [INFO] Preparing start region for level 0
2025-04-11 04:52:38 [SERVER] [INFO] ChouRaiden1337[/127.0.0.1:0] logged in with entity id 26 at (9.779414401961793, 5.0, -5.004691482046524)
2025-04-11 04:52:38 [SERVER] [INFO] ChouRaiden1337 joined the game
2025-04-11 04:52:39 [SERVER] [INFO] Saving and pausing game...
2025-04-11 04:52:39 [SERVER] [INFO] Saving chunks for level 'Test World'/Overworld
2025-04-11 04:52:39 [SERVER] [INFO] Saving chunks for level 'Test World'/Nether
2025-04-11 04:52:39 [SERVER] [INFO] Saving chunks for level 'Test World'/The End
2025-04-11 04:52:39 [SERVER] [INFO] Saving chunks for level 'Test World'/Twilight Forest
2025-04-11 04:52:39 [SERVER] [INFO] Saving chunks for level 'Test World'/Underdark
2025-04-11 04:52:55 [SERVER] [INFO] Saving and pausing game...
2025-04-11 04:52:55 [SERVER] [INFO] Saving chunks for level 'Test World'/Overworld
2025-04-11 04:52:55 [SERVER] [INFO] Saving chunks for level 'Test World'/Nether
2025-04-11 04:52:55 [SERVER] [INFO] Saving chunks for level 'Test World'/The End
2025-04-11 04:52:55 [SERVER] [INFO] Saving chunks for level 'Test World'/Twilight Forest
2025-04-11 04:52:55 [SERVER] [INFO] Saving chunks for level 'Test World'/Underdark
2025-04-11 04:52:55 [SERVER] [INFO] Stopping server
2025-04-11 04:52:55 [SERVER] [INFO] Saving players
2025-04-11 04:52:55 [SERVER] [INFO] ChouRaiden1337 left the game
2025-04-11 04:52:55 [SERVER] [INFO] Saving worlds
2025-04-11 04:52:55 [SERVER] [INFO] Saving chunks for level 'Test World'/Overworld
2025-04-11 04:52:55 [SERVER] [INFO] Saving chunks for level 'Test World'/Nether
2025-04-11 04:52:55 [SERVER] [INFO] Saving chunks for level 'Test World'/The End
2025-04-11 04:52:55 [SERVER] [INFO] Saving chunks for level 'Test World'/Twilight Forest
2025-04-11 04:52:55 [SERVER] [INFO] Saving chunks for level 'Test World'/Underdark
2025-07-23 11:19:11 [SERVER] [INFO] Starting integrated minecraft server version 1.6.4
2025-07-23 11:19:11 [SERVER] [INFO] Generating keypair
2025-07-23 11:19:11 [SERVER] [INFO] Preparing start region for level 0
2025-07-23 11:19:15 [SERVER] [INFO] ChouRaiden1337[/127.0.0.1:0] logged in with entity id 26 at (8.90388614429281, 4.0, -1.5521545879461793)
2025-07-23 11:19:15 [SERVER] [INFO] ChouRaiden1337 joined the game
2025-07-23 11:20:24 [SERVER] [INFO] Starting integrated minecraft server version 1.6.4
2025-07-23 11:20:24 [SERVER] [INFO] Generating keypair
2025-07-23 11:20:25 [SERVER] [INFO] Preparing start region for level 0
2025-07-23 11:20:28 [SERVER] [INFO] ChouRaiden1337[/127.0.0.1:0] logged in with entity id 273 at (-448.9230659968409, 69.0, 105.29650878086645)
2025-07-23 11:20:28 [SERVER] [INFO] ChouRaiden1337 joined the game
2025-10-29 02:24:50 [SERVER] [INFO] Starting integrated minecraft server version 1.6.4
2025-10-29 02:24:50 [SERVER] [INFO] Generating keypair
2025-10-29 02:24:50 [SERVER] [INFO] Preparing start region for level 0
2025-10-29 02:24:54 [SERVER] [INFO] ChouRaiden1337[/127.0.0.1:0] logged in with entity id 276 at (-448.9230659968409, 69.0, 105.29650878086645)
2025-10-29 02:24:54 [SERVER] [INFO] ChouRaiden1337 joined the game
2025-10-29 02:25:11 [SERVER] [INFO] Saving and pausing game...
2025-10-29 02:25:11 [SERVER] [INFO] Saving chunks for level 'Raiden World'/Overworld
2025-10-29 02:25:11 [SERVER] [INFO] Saving chunks for level 'Raiden World'/Nether
2025-10-29 02:25:28 [SERVER] [INFO] Saving and pausing game...
2025-10-29 02:25:28 [SERVER] [INFO] Saving chunks for level 'Raiden World'/Overworld
2025-10-29 02:25:28 [SERVER] [INFO] Saving chunks for level 'Raiden World'/Nether
2025-10-29 02:25:28 [SERVER] [INFO] Stopping server
2025-10-29 02:25:28 [SERVER] [INFO] Saving players
2025-10-29 02:25:28 [SERVER] [INFO] ChouRaiden1337 left the game
2025-10-29 02:25:28 [SERVER] [INFO] Saving worlds
2025-10-29 02:25:28 [SERVER] [INFO] Saving chunks for level 'Raiden World'/Overworld
2025-10-29 02:25:28 [SERVER] [INFO] Saving chunks for level 'Raiden World'/Nether
