Mono path[0] = 'E:/Programas Sem Instalacao/Supermarket Simulator/Supermarket Simulator_Data/Managed'
Mono config path = 'E:/Programas Sem Instalacao/Supermarket Simulator/MonoBleedingEdge/etc'
[Physics::Module] Initialized MultithreadedJobDispatcher with {0} workers.
Initialize engine version: 2021.3.31f1 (3409e2af086f)
[Subsystems] Discovering subsystems at path E:/Programas Sem Instalacao/Supermarket Simulator/Supermarket Simulator_Data/UnitySubsystems
GfxDevice: creating device client; threaded=1; jobified=1
Direct3D:
    Version:  Direct3D 11.0 [level 11.1]
    Renderer: NVIDIA GeForce RTX 3060 (ID=0x2503)
    Vendor:   NVIDIA
    VRAM:     12115 MB
    Driver:   31.0.15.5176
Begin MonoManager ReloadAssembly
- Completed reload, in  4.223 seconds
<RI> Initializing input.
New input system (experimental) initialized
Using XInput
<RI> Input initialized.
<RI> Initialized touch support.
UnloadTime: 3.322900 ms
Unloading 6 Unused Serialized files (Serialized files now loaded: 3)
UnloadTime: 11.054100 ms
System.EntryPointNotFoundException: SteamAPI_SteamInput_v001 assembly:<unknown assembly> type:<unknown type> member:(null)
  at (wrapper managed-to-native) Steamworks.ISteamInput.SteamAPI_SteamInput_v001()
  at Steamworks.ISteamInput.GetUserInterfacePointer () [0x00000] in <19bd4cc6a4004258bf538b05ac1133d6>:0 
  at Steamworks.SteamInterface.SetupInterface (System.Boolean gameServer) [0x0006f] in <19bd4cc6a4004258bf538b05ac1133d6>:0 
  at Steamworks.ISteamInput..ctor (System.Boolean IsGameServer) [0x00008] in <19bd4cc6a4004258bf538b05ac1133d6>:0 
  at Steamworks.SteamInput.InitializeInterface (System.Boolean server) [0x00001] in <19bd4cc6a4004258bf538b05ac1133d6>:0 
  at Steamworks.SteamClient.AddInterface[T] () [0x00007] in <19bd4cc6a4004258bf538b05ac1133d6>:0 
  at Steamworks.SteamClient.Init (System.UInt32 appid, System.Boolean asyncCallbacks) [0x00080] in <19bd4cc6a4004258bf538b05ac1133d6>:0 
  at SteamIntegration.Awake () [0x00000] in <ec300b107cd44965909ce6e7587db2a0>:0 
Unloading 308 unused Assets to reduce memory usage. Loaded Objects now: 187943.
Total: 82.866300 ms (FindLiveObjects: 11.995700 ms CreateObjectMapping: 10.961800 ms MarkObjects: 59.221200 ms  DeleteObjects: 0.687100 ms)

You're attempting to despawn a gameObject that wasn't spawned from a pool (or the pool was destroyed).
You're attempting to despawn a gameObject that wasn't spawned from a pool (or the pool was destroyed).
You're attempting to despawn a gameObject that wasn't spawned from a pool (or the pool was destroyed).
You're attempting to despawn a gameObject that wasn't spawned from a pool (or the pool was destroyed).
You're attempting to despawn a gameObject that wasn't spawned from a pool (or the pool was destroyed).
You're attempting to despawn a gameObject that wasn't spawned from a pool (or the pool was destroyed).
You're attempting to despawn a gameObject that wasn't spawned from a pool (or the pool was destroyed).
You're attempting to despawn a null gameObject.
You're attempting to despawn a null gameObject.
You're attempting to despawn a null gameObject.
You're attempting to despawn a null gameObject.
You're attempting to despawn a null gameObject.
<color=#0099bc><b>DOTWEEN ► </b></color>Target or field is missing/null () ► 

  at (wrapper managed-to-native) UnityEngine.Transform.set_localScale_Injected(UnityEngine.Transform,UnityEngine.Vector3&)
  at UnityEngine.Transform.set_localScale (UnityEngine.Vector3 value) [0x00000] in <a20b3695b7ce4017b7981f9d06962bd1>:0 
  at DG.Tweening.ShortcutExtensions+<>c__DisplayClass45_0.<DOScale>b__1 (UnityEngine.Vector3 x) [0x00000] in <fcc0bbf6bf4e430c91d4aa05736fc5c6>:0 
  at DG.Tweening.Plugins.Vector3Plugin.EvaluateAndApply (DG.Tweening.Plugins.Options.VectorOptions options, DG.Tweening.Tween t, System.Boolean isRelative, DG.Tweening.Core.DOGetter`1[T] getter, DG.Tweening.Core.DOSetter`1[T] setter, System.Single elapsed, UnityEngine.Vector3 startValue, UnityEngine.Vector3 changeValue, System.Single duration, System.Boolean usingInversePosition, System.Int32 newCompletedSteps, DG.Tweening.Core.Enums.UpdateNotice updateNotice) [0x0022b] in <fcc0bbf6bf4e430c91d4aa05736fc5c6>:0 
  at DG.Tweening.Core.TweenerCore`3[T1,T2,TPlugOptions].ApplyTween (System.Single prevPosition, System.Int32 prevCompletedLoops, System.Int32 newCompletedSteps, System.Boolean useInversePosition, DG.Tweening.Core.Enums.UpdateMode updateMode, DG.Tweening.Core.Enums.UpdateNotice updateNotice) [0x00043] in <fcc0bbf6bf4e430c91d4aa05736fc5c6>:0 

BoxColliders does not support negative scale or size.
The effective box size has been forced positive and is likely to give unexpected collision geometry.
If you absolutely need to use negative scaling you can use the convex MeshCollider. Scene hierarchy path "---GAME---/Store/Storage/Walls/Showcase_Store_08/Showcase_Store_Door_08"
You're attempting to despawn a null gameObject.
Unloading 4 Unused Serialized files (Serialized files now loaded: 3)
Singleton of type : ProductLicenseManager not found on scene
Singleton of type : PriceManager not found on scene
Singleton of type : PriceManager not found on scene
Singleton of type : PriceManager not found on scene
Singleton of type : PriceManager not found on scene
Singleton of type : PriceManager not found on scene
Singleton of type : PriceManager not found on scene
Singleton of type : PriceManager not found on scene
Singleton of type : PriceManager not found on scene
Singleton of type : PriceManager not found on scene
Singleton of type : PriceManager not found on scene
Singleton of type : PriceManager not found on scene
Singleton of type : PriceManager not found on scene
Singleton of type : PriceManager not found on scene
Singleton of type : PriceManager not found on scene
Singleton of type : PriceManager not found on scene
Singleton of type : PriceManager not found on scene
Singleton of type : PriceManager not found on scene
Singleton of type : PriceManager not found on scene
Singleton of type : StoreStatus not found on scene
Singleton of type : StoreStatus not found on scene
Singleton of type : CarColliderManager not found on scene
Singleton of type : CarColliderManager not found on scene
Singleton of type : CarColliderManager not found on scene
Singleton of type : PlayerInteraction not found on scene
Singleton of type : PlayerInteraction not found on scene
Singleton of type : PlayerInteraction not found on scene
Singleton of type : PlayerInteraction not found on scene
Singleton of type : PlayerInteraction not found on scene
Singleton of type : PlayerInteraction not found on scene
Singleton of type : PlayerInteraction not found on scene
Singleton of type : CarColliderManager not found on scene
UnloadTime: 79.574300 ms
Unloading 54702 unused Assets to reduce memory usage. Loaded Objects now: 76555.
Total: 64.770700 ms (FindLiveObjects: 6.365900 ms CreateObjectMapping: 8.001700 ms MarkObjects: 28.954100 ms  DeleteObjects: 21.448500 ms)

<color=#0099bc><b>DOTWEEN ► </b></color>Target or field is missing/null () ► 

  at (wrapper managed-to-native) UnityEngine.Transform.set_localScale_Injected(UnityEngine.Transform,UnityEngine.Vector3&)
  at UnityEngine.Transform.set_localScale (UnityEngine.Vector3 value) [0x00000] in <a20b3695b7ce4017b7981f9d06962bd1>:0 
  at DG.Tweening.ShortcutExtensions+<>c__DisplayClass45_0.<DOScale>b__1 (UnityEngine.Vector3 x) [0x00000] in <fcc0bbf6bf4e430c91d4aa05736fc5c6>:0 
  at DG.Tweening.Plugins.Vector3Plugin.EvaluateAndApply (DG.Tweening.Plugins.Options.VectorOptions options, DG.Tweening.Tween t, System.Boolean isRelative, DG.Tweening.Core.DOGetter`1[T] getter, DG.Tweening.Core.DOSetter`1[T] setter, System.Single elapsed, UnityEngine.Vector3 startValue, UnityEngine.Vector3 changeValue, System.Single duration, System.Boolean usingInversePosition, System.Int32 newCompletedSteps, DG.Tweening.Core.Enums.UpdateNotice updateNotice) [0x0022b] in <fcc0bbf6bf4e430c91d4aa05736fc5c6>:0 
  at DG.Tweening.Core.TweenerCore`3[T1,T2,TPlugOptions].ApplyTween (System.Single prevPosition, System.Int32 prevCompletedLoops, System.Int32 newCompletedSteps, System.Boolean useInversePosition, DG.Tweening.Core.Enums.UpdateMode updateMode, DG.Tweening.Core.Enums.UpdateNotice updateNotice) [0x00043] in <fcc0bbf6bf4e430c91d4aa05736fc5c6>:0 

<color=#0099bc><b>DOTWEEN ► </b></color>Target or field is missing/null () ► 

  at (wrapper managed-to-native) UnityEngine.Transform.set_localScale_Injected(UnityEngine.Transform,UnityEngine.Vector3&)
  at UnityEngine.Transform.set_localScale (UnityEngine.Vector3 value) [0x00000] in <a20b3695b7ce4017b7981f9d06962bd1>:0 
  at DG.Tweening.ShortcutExtensions+<>c__DisplayClass45_0.<DOScale>b__1 (UnityEngine.Vector3 x) [0x00000] in <fcc0bbf6bf4e430c91d4aa05736fc5c6>:0 
  at DG.Tweening.Plugins.Vector3Plugin.EvaluateAndApply (DG.Tweening.Plugins.Options.VectorOptions options, DG.Tweening.Tween t, System.Boolean isRelative, DG.Tweening.Core.DOGetter`1[T] getter, DG.Tweening.Core.DOSetter`1[T] setter, System.Single elapsed, UnityEngine.Vector3 startValue, UnityEngine.Vector3 changeValue, System.Single duration, System.Boolean usingInversePosition, System.Int32 newCompletedSteps, DG.Tweening.Core.Enums.UpdateNotice updateNotice) [0x0022b] in <fcc0bbf6bf4e430c91d4aa05736fc5c6>:0 
  at DG.Tweening.Core.TweenerCore`3[T1,T2,TPlugOptions].ApplyTween (System.Single prevPosition, System.Int32 prevCompletedLoops, System.Int32 newCompletedSteps, System.Boolean useInversePosition, DG.Tweening.Core.Enums.UpdateMode updateMode, DG.Tweening.Core.Enums.UpdateNotice updateNotice) [0x00043] in <fcc0bbf6bf4e430c91d4aa05736fc5c6>:0 

UnloadTime: 2.553400 ms
Unloading 5 Unused Serialized files (Serialized files now loaded: 3)
System.Exception: Calling SteamClient.Init but is already initialized
  at Steamworks.SteamClient.Init (System.UInt32 appid, System.Boolean asyncCallbacks) [0x0000a] in <19bd4cc6a4004258bf538b05ac1133d6>:0 
  at SteamIntegration.Awake () [0x00000] in <ec300b107cd44965909ce6e7587db2a0>:0 
Unloading 305 unused Assets to reduce memory usage. Loaded Objects now: 187937.
Total: 70.821000 ms (FindLiveObjects: 10.368800 ms CreateObjectMapping: 8.320800 ms MarkObjects: 51.704300 ms  DeleteObjects: 0.426500 ms)

You're attempting to despawn a gameObject that wasn't spawned from a pool (or the pool was destroyed).
You're attempting to despawn a gameObject that wasn't spawned from a pool (or the pool was destroyed).
You're attempting to despawn a gameObject that wasn't spawned from a pool (or the pool was destroyed).
You're attempting to despawn a gameObject that wasn't spawned from a pool (or the pool was destroyed).
You're attempting to despawn a gameObject that wasn't spawned from a pool (or the pool was destroyed).
You're attempting to despawn a gameObject that wasn't spawned from a pool (or the pool was destroyed).
You're attempting to despawn a gameObject that wasn't spawned from a pool (or the pool was destroyed).
You're attempting to despawn a null gameObject.
BoxColliders does not support negative scale or size.
The effective box size has been forced positive and is likely to give unexpected collision geometry.
If you absolutely need to use negative scaling you can use the convex MeshCollider. Scene hierarchy path "---GAME---/Store/Storage/Walls/Showcase_Store_08/Showcase_Store_Door_08"
You're attempting to despawn a null gameObject.
You're attempting to despawn a null gameObject.
You're attempting to despawn a null gameObject.
You're attempting to despawn a null gameObject.
<color=#0099bc><b>DOTWEEN ► </b></color>Tween startup failed (NULL target/property - ): the tween will now be killed ► 
You're attempting to despawn a null gameObject.
You're attempting to despawn a gameObject that wasn't spawned from a pool (or the pool was destroyed).
You're attempting to despawn a null gameObject.
You're attempting to despawn a null gameObject.
This pool contained a null despawned clone, did you accidentally destroy it?
You're attempting to despawn a gameObject that wasn't spawned from a pool (or the pool was destroyed).
You're attempting to despawn a null gameObject.
This pool contained a null despawned clone, did you accidentally destroy it?
You're attempting to despawn a null gameObject.
You're attempting to despawn a null gameObject.
You're attempting to despawn a null gameObject.
You're attempting to despawn a null gameObject.
You're attempting to despawn a gameObject that wasn't spawned from a pool (or the pool was destroyed).
This pool contained a null despawned clone, did you accidentally destroy it?
You're attempting to despawn a null gameObject.
You're attempting to despawn a null gameObject.
You're attempting to despawn a null gameObject.
You're attempting to despawn a null gameObject.
You're attempting to despawn a gameObject that wasn't spawned from a pool (or the pool was destroyed).
You're attempting to despawn a null gameObject.
You're attempting to despawn a null gameObject.
This pool contained a null despawned clone, did you accidentally destroy it?
You're attempting to despawn a null gameObject.
You're attempting to despawn a null gameObject.
You're attempting to despawn a gameObject that wasn't spawned from a pool (or the pool was destroyed).
You're attempting to despawn a gameObject that wasn't spawned from a pool (or the pool was destroyed).
You're attempting to despawn a gameObject that wasn't spawned from a pool (or the pool was destroyed).
You're attempting to despawn a gameObject that wasn't spawned from a pool (or the pool was destroyed).
You're attempting to despawn a gameObject that wasn't spawned from a pool (or the pool was destroyed).
You're attempting to despawn a gameObject that wasn't spawned from a pool (or the pool was destroyed).
You're attempting to despawn a gameObject that wasn't spawned from a pool (or the pool was destroyed).
You're attempting to despawn a gameObject that wasn't spawned from a pool (or the pool was destroyed).
You're attempting to despawn a gameObject that wasn't spawned from a pool (or the pool was destroyed).
You're attempting to despawn a gameObject that wasn't spawned from a pool (or the pool was destroyed).
You're attempting to despawn a gameObject that wasn't spawned from a pool (or the pool was destroyed).
You're attempting to despawn a gameObject that wasn't spawned from a pool (or the pool was destroyed).
You're attempting to despawn a gameObject that wasn't spawned from a pool (or the pool was destroyed).
You're attempting to despawn a gameObject that wasn't spawned from a pool (or the pool was destroyed).
You're attempting to despawn a gameObject that wasn't spawned from a pool (or the pool was destroyed).
You're attempting to despawn a gameObject that wasn't spawned from a pool (or the pool was destroyed).
You're attempting to despawn a gameObject that wasn't spawned from a pool (or the pool was destroyed).
You're attempting to despawn a gameObject that wasn't spawned from a pool (or the pool was destroyed).
You're attempting to despawn a gameObject that wasn't spawned from a pool (or the pool was destroyed).
You're attempting to despawn a gameObject that wasn't spawned from a pool (or the pool was destroyed).
You're attempting to despawn a gameObject that wasn't spawned from a pool (or the pool was destroyed).
You're attempting to despawn a gameObject that wasn't spawned from a pool (or the pool was destroyed).
You're attempting to despawn a gameObject that wasn't spawned from a pool (or the pool was destroyed).
You're attempting to despawn a gameObject that wasn't spawned from a pool (or the pool was destroyed).
You're attempting to despawn a gameObject that wasn't spawned from a pool (or the pool was destroyed).
You're attempting to despawn a gameObject that wasn't spawned from a pool (or the pool was destroyed).
You're attempting to despawn a gameObject that wasn't spawned from a pool (or the pool was destroyed).
You're attempting to despawn a gameObject that wasn't spawned from a pool (or the pool was destroyed).
You're attempting to despawn a gameObject that wasn't spawned from a pool (or the pool was destroyed).
You're attempting to despawn a gameObject that wasn't spawned from a pool (or the pool was destroyed).
You're attempting to despawn a null gameObject.
You're attempting to despawn a gameObject that wasn't spawned from a pool (or the pool was destroyed).
Setting up 4 worker threads for Enlighten.
<color=#ff7337><color=#0099bc><b>DOTWEEN ► </b></color> SAFE MODE ►</color> DOTween's safe mode captured 4 errors. This is usually ok (it's what safe mode is there for) but if your game is encountering issues you should set Log Behaviour to Default in DOTween Utility Panel in order to get detailed warnings when an error is captured (consider that these errors are always on the user side).
- 3 missing target or field errors
- 1 startup errors
Singleton of type : CarColliderManager not found on scene
Singleton of type : CarColliderManager not found on scene
Singleton of type : CarColliderManager not found on scene
Singleton of type : PlayerInteraction not found on scene
Singleton of type : PlayerInteraction not found on scene
Singleton of type : PlayerInteraction not found on scene
Singleton of type : PlayerInteraction not found on scene
Singleton of type : PlayerInteraction not found on scene
Singleton of type : PlayerInteraction not found on scene
Singleton of type : PlayerInteraction not found on scene
Singleton of type : PlayerInteraction not found on scene
Singleton of type : PlayerInteraction not found on scene
Singleton of type : PlayerInteraction not found on scene
Singleton of type : PlayerInteraction not found on scene
Singleton of type : PlayerInteraction not found on scene
Singleton of type : PlayerInteraction not found on scene
Singleton of type : PlayerInteraction not found on scene
Singleton of type : PlayerInteraction not found on scene
Singleton of type : PlayerInteraction not found on scene
Singleton of type : ProductLicenseManager not found on scene
Singleton of type : CarColliderManager not found on scene
Memory Statistics:
[ALLOC_TEMP_TLS] TLS Allocator
  StackAllocators : 
    [ALLOC_TEMP_MAIN]
      Peak usage frame count: [2.0 KB-4.0 KB]: 1625 frames, [32.0 KB-64.0 KB]: 1 frames, [128.0 KB-256.0 KB]: 135898 frames, [256.0 KB-0.5 MB]: 5 frames, [0.5 MB-1.0 MB]: 15 frames, [4.0 MB-8.0 MB]: 4 frames
      Initial Block Size 4.0 MB
      Current Block Size 7.5 MB
      Peak Allocated Bytes 7.5 MB
      Overflow Count 50
    [ALLOC_TEMP_Loading.AsyncRead]
      Initial Block Size 64.0 KB
      Current Block Size 64.0 KB
      Peak Allocated Bytes 324 B
      Overflow Count 0
    [ALLOC_TEMP_Loading.PreloadManager]
      Initial Block Size 256.0 KB
      Current Block Size 0.5 MB
      Peak Allocated Bytes 475.0 KB
      Overflow Count 84204
    [ALLOC_TEMP_Background Job.Worker 8]
      Initial Block Size 32.0 KB
      Current Block Size 32.0 KB
      Peak Allocated Bytes 54 B
      Overflow Count 0
    [ALLOC_TEMP_Job.Worker 6]
      Initial Block Size 256.0 KB
      Current Block Size 352.0 KB
      Peak Allocated Bytes 177.6 KB
      Overflow Count 0
    [ALLOC_TEMP_Job.Worker 0]
      Initial Block Size 256.0 KB
      Current Block Size 352.0 KB
      Peak Allocated Bytes 177.6 KB
      Overflow Count 0
    [ALLOC_TEMP_Background Job.Worker 10]
      Initial Block Size 32.0 KB
      Current Block Size 32.0 KB
      Peak Allocated Bytes 54 B
      Overflow Count 0
    [ALLOC_TEMP_Background Job.Worker 9]
      Initial Block Size 32.0 KB
      Current Block Size 32.0 KB
      Peak Allocated Bytes 54 B
      Overflow Count 0
    [ALLOC_TEMP_Job.Worker 5]
      Initial Block Size 256.0 KB
      Current Block Size 352.0 KB
      Peak Allocated Bytes 177.6 KB
      Overflow Count 0
    [ALLOC_TEMP_Background Job.Worker 14]
      Initial Block Size 32.0 KB
      Current Block Size 32.0 KB
      Peak Allocated Bytes 54 B
      Overflow Count 0
    [ALLOC_TEMP_Background Job.Worker 6]
      Initial Block Size 32.0 KB
      Current Block Size 32.0 KB
      Peak Allocated Bytes 54 B
      Overflow Count 0
    [ALLOC_TEMP_Job.Worker 4]
      Initial Block Size 256.0 KB
      Current Block Size 352.0 KB
      Peak Allocated Bytes 177.6 KB
      Overflow Count 0
    [ALLOC_TEMP_Job.Worker 14]
      Initial Block Size 256.0 KB
      Current Block Size 352.0 KB
      Peak Allocated Bytes 177.6 KB
      Overflow Count 0
    [ALLOC_TEMP_Job.Worker 3]
      Initial Block Size 256.0 KB
      Current Block Size 352.0 KB
      Peak Allocated Bytes 177.6 KB
      Overflow Count 0
    [ALLOC_TEMP_Job.Worker 13]
      Initial Block Size 256.0 KB
      Current Block Size 352.0 KB
      Peak Allocated Bytes 177.6 KB
      Overflow Count 0
    [ALLOC_TEMP_Background Job.Worker 12]
      Initial Block Size 32.0 KB
      Current Block Size 32.0 KB
      Peak Allocated Bytes 54 B
      Overflow Count 0
    [ALLOC_TEMP_EnlightenWorker] x 4
      Initial Block Size 64.0 KB
      Current Block Size 64.0 KB
      Peak Allocated Bytes 54 B
      Overflow Count 0
    [ALLOC_TEMP_Background Job.Worker 15]
      Initial Block Size 32.0 KB
      Current Block Size 32.0 KB
      Peak Allocated Bytes 54 B
      Overflow Count 0
    [ALLOC_TEMP_Background Job.Worker 1]
      Initial Block Size 32.0 KB
      Current Block Size 44.0 KB
      Peak Allocated Bytes 42.5 KB
      Overflow Count 0
    [ALLOC_TEMP_Background Job.Worker 2]
      Initial Block Size 32.0 KB
      Current Block Size 44.0 KB
      Peak Allocated Bytes 41.2 KB
      Overflow Count 0
    [ALLOC_TEMP_Background Job.Worker 7]
      Initial Block Size 32.0 KB
      Current Block Size 32.0 KB
      Peak Allocated Bytes 54 B
      Overflow Count 0
    [ALLOC_TEMP_UnityGfxDeviceWorker]
      Initial Block Size 256.0 KB
      Current Block Size 256.0 KB
      Peak Allocated Bytes 27.7 KB
      Overflow Count 0
    [ALLOC_TEMP_AssetGarbageCollectorHelper] x 15
      Initial Block Size 64.0 KB
      Current Block Size 64.0 KB
      Peak Allocated Bytes 0 B
      Overflow Count 0
    [ALLOC_TEMP_Background Job.Worker 5]
      Initial Block Size 32.0 KB
      Current Block Size 32.0 KB
      Peak Allocated Bytes 54 B
      Overflow Count 0
    [ALLOC_TEMP_Job.Worker 9]
      Initial Block Size 256.0 KB
      Current Block Size 352.0 KB
      Peak Allocated Bytes 177.6 KB
      Overflow Count 0
    [ALLOC_TEMP_Background Job.Worker 13]
      Initial Block Size 32.0 KB
      Current Block Size 32.0 KB
      Peak Allocated Bytes 54 B
      Overflow Count 0
    [ALLOC_TEMP_Job.Worker 8]
      Initial Block Size 256.0 KB
      Current Block Size 352.0 KB
      Peak Allocated Bytes 177.6 KB
      Overflow Count 0
    [ALLOC_TEMP_Job.Worker 7]
      Initial Block Size 256.0 KB
      Current Block Size 352.0 KB
      Peak Allocated Bytes 177.6 KB
      Overflow Count 0
    [ALLOC_TEMP_Job.Worker 1]
      Initial Block Size 256.0 KB
      Current Block Size 352.0 KB
      Peak Allocated Bytes 177.6 KB
      Overflow Count 0
    [ALLOC_TEMP_Job.Worker 2]
      Initial Block Size 256.0 KB
      Current Block Size 352.0 KB
      Peak Allocated Bytes 177.6 KB
      Overflow Count 0
    [ALLOC_TEMP_Background Job.Worker 3]
      Initial Block Size 32.0 KB
      Current Block Size 32.0 KB
      Peak Allocated Bytes 54 B
      Overflow Count 0
    [ALLOC_TEMP_Background Job.Worker 11]
      Initial Block Size 32.0 KB
      Current Block Size 32.0 KB
      Peak Allocated Bytes 54 B
      Overflow Count 0
    [ALLOC_TEMP_Job.Worker 10]
      Initial Block Size 256.0 KB
      Current Block Size 352.0 KB
      Peak Allocated Bytes 177.6 KB
      Overflow Count 0
    [ALLOC_TEMP_Background Job.Worker 0]
      Initial Block Size 32.0 KB
      Current Block Size 36.0 KB
      Peak Allocated Bytes 35.1 KB
      Overflow Count 0
    [ALLOC_TEMP_HIDInput]
      Initial Block Size 64.0 KB
      Current Block Size 64.0 KB
      Peak Allocated Bytes 10.8 KB
      Overflow Count 0
    [ALLOC_TEMP_Job.Worker 11]
      Initial Block Size 256.0 KB
      Current Block Size 352.0 KB
      Peak Allocated Bytes 177.6 KB
      Overflow Count 0
    [ALLOC_TEMP_Job.Worker 12]
      Initial Block Size 256.0 KB
      Current Block Size 352.0 KB
      Peak Allocated Bytes 177.6 KB
      Overflow Count 0
    [ALLOC_TEMP_Background Job.Worker 4]
      Initial Block Size 32.0 KB
      Current Block Size 32.0 KB
      Peak Allocated Bytes 54 B
      Overflow Count 0
    [ALLOC_TEMP_BatchDeleteObjects]
      Initial Block Size 64.0 KB
      Current Block Size 64.0 KB
      Peak Allocated Bytes 54 B
      Overflow Count 0
[ALLOC_DEFAULT] Dual Thread Allocator
  Peak main deferred allocation count 16121
    [ALLOC_BUCKET]
      Large Block size 4.0 MB
      Used Block count 1
      Peak Allocated bytes 4.0 MB
      Failed Allocations. Bucket layout:
        16B: 5 Subsections = 5120 buckets. Failed count: 16482474
        32B: 13 Subsections = 6656 buckets. Failed count: 7495423
        48B: 19 Subsections = 6485 buckets. Failed count: 71957032
        64B: 172 Subsections = 44032 buckets. Failed count: 429494
        80B: 22 Subsections = 4505 buckets. Failed count: 432073
        96B: 10 Subsections = 1706 buckets. Failed count: 62593
        112B: 9 Subsections = 1316 buckets. Failed count: 191375
        128B: 6 Subsections = 768 buckets. Failed count: 259682
    [ALLOC_DEFAULT_MAIN]
      Peak usage frame count: [16.0 MB-32.0 MB]: 249 frames, [32.0 MB-64.0 MB]: 45652 frames, [64.0 MB-128.0 MB]: 91647 frames
      Requested Block Size 16.0 MB
      Peak Block count 6
      Peak Allocated memory 81.7 MB
      Peak Large allocation bytes 24.2 MB
    [ALLOC_DEFAULT_THREAD]
      Peak usage frame count: [32.0 MB-64.0 MB]: 42799 frames, [64.0 MB-128.0 MB]: 94748 frames, [128.0 MB-256.0 MB]: 1 frames
      Requested Block Size 16.0 MB
      Peak Block count 3
      Peak Allocated memory 152.1 MB
      Peak Large allocation bytes 120.9 MB
[ALLOC_TEMP_JOB_1_FRAME]
  Initial Block Size 2.0 MB
  Used Block Count 1
  Overflow Count (too large) 0
  Overflow Count (full) 0
[ALLOC_TEMP_JOB_2_FRAMES]
  Initial Block Size 2.0 MB
  Used Block Count 1
  Overflow Count (too large) 0
  Overflow Count (full) 0
[ALLOC_TEMP_JOB_4_FRAMES (JobTemp)]
  Initial Block Size 2.0 MB
  Used Block Count 16
  Overflow Count (too large) 0
  Overflow Count (full) 0
[ALLOC_TEMP_JOB_ASYNC (Background)]
  Initial Block Size 1.0 MB
  Used Block Count 20
  Overflow Count (too large) 0
  Overflow Count (full) 0
[ALLOC_GFX] Dual Thread Allocator
  Peak main deferred allocation count 99
    [ALLOC_BUCKET]
      Large Block size 4.0 MB
      Used Block count 1
      Peak Allocated bytes 4.0 MB
      Failed Allocations. Bucket layout:
        16B: 5 Subsections = 5120 buckets. Failed count: 16482474
        32B: 13 Subsections = 6656 buckets. Failed count: 7495423
        48B: 19 Subsections = 6485 buckets. Failed count: 71957032
        64B: 172 Subsections = 44032 buckets. Failed count: 429494
        80B: 22 Subsections = 4505 buckets. Failed count: 432073
        96B: 10 Subsections = 1706 buckets. Failed count: 62593
        112B: 9 Subsections = 1316 buckets. Failed count: 191375
        128B: 6 Subsections = 768 buckets. Failed count: 259682
    [ALLOC_GFX_MAIN]
      Peak usage frame count: [8.0 MB-16.0 MB]: 1627 frames, [128.0 MB-256.0 MB]: 135921 frames
      Requested Block Size 16.0 MB
      Peak Block count 13
      Peak Allocated memory 185.7 MB
      Peak Large allocation bytes 0 B
    [ALLOC_GFX_THREAD]
      Peak usage frame count: [16.0 MB-32.0 MB]: 2484 frames, [32.0 MB-64.0 MB]: 135062 frames, [128.0 MB-256.0 MB]: 2 frames
      Requested Block Size 16.0 MB
      Peak Block count 15
      Peak Allocated memory 206.4 MB
      Peak Large allocation bytes 0 B
[ALLOC_CACHEOBJECTS] Dual Thread Allocator
  Peak main deferred allocation count 311
    [ALLOC_BUCKET]
      Large Block size 4.0 MB
      Used Block count 1
      Peak Allocated bytes 4.0 MB
      Failed Allocations. Bucket layout:
        16B: 5 Subsections = 5120 buckets. Failed count: 16482474
        32B: 13 Subsections = 6656 buckets. Failed count: 7495423
        48B: 19 Subsections = 6485 buckets. Failed count: 71957032
        64B: 172 Subsections = 44032 buckets. Failed count: 429494
        80B: 22 Subsections = 4505 buckets. Failed count: 432073
        96B: 10 Subsections = 1706 buckets. Failed count: 62593
        112B: 9 Subsections = 1316 buckets. Failed count: 191375
        128B: 6 Subsections = 768 buckets. Failed count: 259682
    [ALLOC_CACHEOBJECTS_MAIN]
      Peak usage frame count: [16.0 MB-32.0 MB]: 1627 frames, [32.0 MB-64.0 MB]: 135921 frames
      Requested Block Size 4.0 MB
      Peak Block count 11
      Peak Allocated memory 39.8 MB
      Peak Large allocation bytes 2.9 MB
    [ALLOC_CACHEOBJECTS_THREAD]
      Peak usage frame count: [128.0 MB-256.0 MB]: 137547 frames, [256.0 MB-0.50 GB]: 1 frames
      Requested Block Size 4.0 MB
      Peak Block count 64
      Peak Allocated memory 293.1 MB
      Peak Large allocation bytes 124.4 MB
[ALLOC_TYPETREE] Dual Thread Allocator
  Peak main deferred allocation count 0
    [ALLOC_BUCKET]
      Large Block size 4.0 MB
      Used Block count 1
      Peak Allocated bytes 4.0 MB
      Failed Allocations. Bucket layout:
        16B: 5 Subsections = 5120 buckets. Failed count: 16482474
        32B: 13 Subsections = 6656 buckets. Failed count: 7495423
        48B: 19 Subsections = 6485 buckets. Failed count: 71957032
        64B: 172 Subsections = 44032 buckets. Failed count: 429494
        80B: 22 Subsections = 4505 buckets. Failed count: 432073
        96B: 10 Subsections = 1706 buckets. Failed count: 62593
        112B: 9 Subsections = 1316 buckets. Failed count: 191375
        128B: 6 Subsections = 768 buckets. Failed count: 259682
    [ALLOC_TYPETREE_MAIN]
      Peak usage frame count: [4.0 KB-8.0 KB]: 137548 frames
      Requested Block Size 2.0 MB
      Peak Block count 1
      Peak Allocated memory 7.2 KB
      Peak Large allocation bytes 0 B
    [ALLOC_TYPETREE_THREAD]
      Peak usage frame count: [64.0 KB-128.0 KB]: 137548 frames
      Requested Block Size 2.0 MB
      Peak Block count 1
      Peak Allocated memory 94.8 KB
      Peak Large allocation bytes 0 B
