05:37:44: Creating resource group General
05:37:44: Creating resource group Internal
05:37:44: Creating resource group Autodetect
05:37:44: SceneManagerFactory for type 'DefaultSceneManager' registered.
05:37:44: Registering ResourceManager for type Material
05:37:44: Registering ResourceManager for type Mesh
05:37:44: Registering ResourceManager for type Skeleton
05:37:44: MovableObjectFactory for type 'ParticleSystem' registered.
05:37:44: OverlayElementFactory for type Panel registered.
05:37:44: OverlayElementFactory for type BorderPanel registered.
05:37:44: OverlayElementFactory for type TextArea registered.
05:37:44: Registering ResourceManager for type Font
05:37:44: ArchiveFactory for archive type FileSystem registered.
05:37:44: ArchiveFactory for archive type Zip registered.
05:37:44: FreeImage version: 3.10.0
05:37:44: This program uses FreeImage, a free, open source image library supporting all common bitmap formats. See http://freeimage.sourceforge.net for details
05:37:44: Supported formats: bmp,ico,jpg,jif,jpeg,jpe,jng,koa,iff,lbm,mng,pbm,pbm,pcd,pcx,pgm,pgm,png,ppm,ppm,ras,tga,targa,tif,tiff,wap,wbmp,wbm,psd,cut,xbm,xpm,gif,hdr,g3,sgi,exr,j2k,j2c,jp2
05:37:44: DDS codec registering
05:37:44: Registering ResourceManager for type HighLevelGpuProgram
05:37:44: Registering ResourceManager for type Compositor
05:37:44: MovableObjectFactory for type 'Entity' registered.
05:37:44: MovableObjectFactory for type 'Light' registered.
05:37:44: MovableObjectFactory for type 'BillboardSet' registered.
05:37:44: MovableObjectFactory for type 'ManualObject' registered.
05:37:44: MovableObjectFactory for type 'BillboardChain' registered.
05:37:44: MovableObjectFactory for type 'RibbonTrail' registered.
05:37:44: Loading library .\RenderSystem_Direct3D9
05:37:44: Installing plugin: D3D9 RenderSystem
05:37:44: D3D9 : Direct3D9 Rendering Subsystem created.
05:37:44: D3D9: Driver Detection Starts
05:37:44: D3D9: Driver Detection Ends
05:37:44: Plugin successfully installed
05:37:44: Loading library .\Plugin_ParticleFX
05:37:44: Installing plugin: ParticleFX
05:37:44: Particle Emitter Type 'Point' registered
05:37:44: Particle Emitter Type 'Box' registered
05:37:44: Particle Emitter Type 'Ellipsoid' registered
05:37:44: Particle Emitter Type 'Cylinder' registered
05:37:44: Particle Emitter Type 'Ring' registered
05:37:44: Particle Emitter Type 'HollowEllipsoid' registered
05:37:44: Particle Affector Type 'LinearForce' registered
05:37:44: Particle Affector Type 'ColourFader' registered
05:37:44: Particle Affector Type 'ColourFader2' registered
05:37:44: Particle Affector Type 'ColourImage' registered
05:37:44: Particle Affector Type 'ColourInterpolator' registered
05:37:44: Particle Affector Type 'Scaler' registered
05:37:44: Particle Affector Type 'Rotator' registered
05:37:44: Particle Affector Type 'DirectionRandomiser' registered
05:37:44: Particle Affector Type 'DeflectorPlane' registered
05:37:44: Plugin successfully installed
05:37:44: Loading library .\Plugin_CgProgramManager
05:37:44: Installing plugin: Cg Program Manager
05:37:44: Plugin successfully installed
05:37:44: Loading library .\Plugin_OctreeSceneManager
05:37:44: Installing plugin: Octree & Terrain Scene Manager
05:37:44: Plugin successfully installed
05:37:44: Loading library .\ParticleUniverse
05:37:44: Installing plugin: ParticleUniverse
05:37:44: MovableObjectFactory for type 'PUParticleSystem' registered.
05:37:44: MovableObjectFactory for type 'BoxSet' registered.
05:37:44: MovableObjectFactory for type 'SphereSet' registered.
05:37:44: ParticleUniverse: Particle Renderer Type 'Billboard' registered
05:37:44: ParticleUniverse: Particle Renderer Type 'Box' registered
05:37:44: ParticleUniverse: Particle Renderer Type 'Sphere' registered
05:37:44: ParticleUniverse: Particle Renderer Type 'Entity' registered
05:37:44: ParticleUniverse: Particle Renderer Type 'RibbonTrail' registered
05:37:44: ParticleUniverse: Particle Renderer Type 'Light' registered
05:37:44: ParticleUniverse: Particle Emitter Type 'Point' registered
05:37:44: ParticleUniverse: Particle Emitter Type 'Line' registered
05:37:44: ParticleUniverse: Particle Emitter Type 'Box' registered
05:37:44: ParticleUniverse: Particle Emitter Type 'Circle' registered
05:37:44: ParticleUniverse: Particle Emitter Type 'SphereSurface' registered
05:37:44: ParticleUniverse: Particle Emitter Type 'Vertex' registered
05:37:44: ParticleUniverse: Particle Emitter Type 'MeshSurface' registered
05:37:44: ParticleUniverse: Particle Emitter Type 'Position' registered
05:37:44: ParticleUniverse: Particle Emitter Type 'Slave' registered
05:37:44: ParticleUniverse: Particle Affector Type 'Dummy01' registered
05:37:44: ParticleUniverse: Particle Affector Type 'LinearForce' registered
05:37:44: ParticleUniverse: Particle Affector Type 'Gravity' registered
05:37:44: ParticleUniverse: Particle Affector Type 'ParticleFollower' registered
05:37:44: ParticleUniverse: Particle Affector Type 'Vortex' registered
05:37:44: ParticleUniverse: Particle Affector Type 'Randomiser' registered
05:37:44: ParticleUniverse: Particle Affector Type 'Line' registered
05:37:44: ParticleUniverse: Particle Affector Type 'Scale' registered
05:37:44: ParticleUniverse: Particle Affector Type 'GeometryRotator' registered
05:37:44: ParticleUniverse: Particle Affector Type 'TextureRotator' registered
05:37:44: ParticleUniverse: Particle Affector Type 'TextureAnimator' registered
05:37:44: ParticleUniverse: Particle Affector Type 'Jet' registered
05:37:44: ParticleUniverse: Particle Affector Type 'Align' registered
05:37:44: ParticleUniverse: Particle Affector Type 'FlockCentering' registered
05:37:44: ParticleUniverse: Particle Affector Type 'CollisionAvoidance' registered
05:37:44: ParticleUniverse: Particle Affector Type 'VelocityMatching' registered
05:37:44: ParticleUniverse: Particle Affector Type 'Colour' registered
05:37:44: ParticleUniverse: Particle Affector Type 'SineForce' registered
05:37:44: ParticleUniverse: Particle Affector Type 'Dummy02' registered
05:37:44: ParticleUniverse: Particle Affector Type 'SphereCollider' registered
05:37:44: ParticleUniverse: Particle Affector Type 'PlaneCollider' registered
05:37:44: ParticleUniverse: Particle Affector Type 'BoxCollider' registered
05:37:44: ParticleUniverse: Particle Affector Type 'InterParticleCollider' registered
05:37:44: ParticleUniverse: Particle Affector Type 'PathFollower' registered
05:37:44: ParticleUniverse: Particle Observer Type 'OnExpire' registered
05:37:44: ParticleUniverse: Particle Observer Type 'OnEmission' registered
05:37:44: ParticleUniverse: Particle Observer Type 'OnCount' registered
05:37:44: ParticleUniverse: Particle Observer Type 'OnEventFlag' registered
05:37:44: ParticleUniverse: Particle Observer Type 'OnCollision' registered
05:37:44: ParticleUniverse: Particle Observer Type 'OnVelocity' registered
05:37:44: ParticleUniverse: Particle Observer Type 'OnTime' registered
05:37:44: ParticleUniverse: Particle Observer Type 'OnPosition' registered
05:37:44: ParticleUniverse: Particle Observer Type 'OnClear' registered
05:37:44: ParticleUniverse: Particle Observer Type 'OnQuota' registered
05:37:44: ParticleUniverse: Particle Observer Type 'OnRandom' registered
05:37:44: ParticleUniverse: Particle EventHandler Type 'DoExpire' registered
05:37:44: ParticleUniverse: Particle EventHandler Type 'DoFreeze' registered
05:37:44: ParticleUniverse: Particle EventHandler Type 'DoPlacementParticle' registered
05:37:44: ParticleUniverse: Particle EventHandler Type 'DoStopSystem' registered
05:37:44: ParticleUniverse: Particle EventHandler Type 'DoEnableComponent' registered
05:37:44: ParticleUniverse: Particle EventHandler Type 'DoAffector' registered
05:37:44: ParticleUniverse: Particle EventHandler Type 'DoScale' registered
05:37:44: ParticleUniverse: Particle Extern Type 'Gravity' registered
05:37:44: ParticleUniverse: Particle Extern Type 'SphereCollider' registered
05:37:44: ParticleUniverse: Particle Extern Type 'BoxCollider' registered
05:37:44: ParticleUniverse: Particle Extern Type 'Vortex' registered
05:37:44: ParticleUniverse: Particle Behaviour Type 'Slave' registered
05:37:44: Plugin successfully installed
05:37:44: *-*-* OGRE Initialising
05:37:44: *-*-* Version 1.6.4 (Shoggoth)
05:37:44: Path for saving is ... C:/Users/ChouKpop/AppData/Roaming/Runic Games/Torchlight/SAVE
05:37:44: Setting YRatio Init - 1.40625
05:37:54: CreateViewports AspectRatio message - 1920 x 1080
05:37:54: CreateViewports AspectRatio message AR - 1.77778
05:37:54: GAMEUI AspectRatio message - 1920 x 1080
05:37:54: GAMEUI AspectRatio message AR - 1.77778
05:39:06: Saving character to :C:/Users/ChouKpop/AppData/Roaming/Runic Games/Torchlight/save/save.tmp
