Mono path[0] = 'D:/Programas Sem Instalacao/Games/The Planet Crafter/Planet Crafter_Data/Managed'
Mono config path = 'D:/Programas Sem Instalacao/Games/The Planet Crafter/MonoBleedingEdge/etc'
[Physics::Module] Initialized fallback backend.
[Physics::Module] Id: 0xdecafbad
Initialize engine version: 6000.0.26f1 (ccb7c73d2c02)
[Subsystems] Discovering subsystems at path D:/Programas Sem Instalacao/Games/The Planet Crafter/Planet Crafter_Data/UnitySubsystems
kGfxThreadingModeSplitJobs is not supported on Direct3D 11. Reverting to kGfxThreadingModeClientWorkerJobs instead.
GfxDevice: creating device client; kGfxThreadingModeClientWorkerJobs
Direct3D:
    Version:  Direct3D 11.0 [level 11.1]
    Renderer: NVIDIA GeForce RTX 3060 (ID=0x2503)
    Vendor:   NVIDIA
    VRAM:     12115 MB
    Driver:   32.0.15.6636
Begin MonoManager ReloadAssembly
- Loaded All Assemblies, in  1.510 seconds
- Finished resetting the current domain, in  0.004 seconds
[Physics::Module] Selected backend.
[Physics::Module] Name: PhysX
[Physics::Module] Id: 0xf2b8ea05
[Physics::Module] SDK Version: 4.1.2
[Physics::Module] Integration Version: 1.0.0
[Physics::Module] Threading Mode: Multi-Threaded
<RI> Initializing input.
New input system (experimental) initialized
Using Windows.Gaming.Input
<RI> Initialized touch support.
The referenced script (SpaceCraft.CleanGameObjectHierarchy) on this Behaviour is missing!
The referenced script (SpaceCraft.CleanGameObjectHierarchy) on this Behaviour is missing!
The referenced script (SpaceCraft.CleanGameObjectHierarchy) on this Behaviour is missing!
The referenced script (SpaceCraft.CleanGameObjectHierarchy) on this Behaviour is missing!
The referenced script (SpaceCraft.CleanGameObjectHierarchy) on this Behaviour is missing!
The referenced script (SpaceCraft.CleanGameObjectHierarchy) on this Behaviour is missing!
The referenced script (SpaceCraft.CleanGameObjectHierarchy) on this Behaviour is missing!
The referenced script (SpaceCraft.CleanGameObjectHierarchy) on this Behaviour is missing!
The referenced script (SpaceCraft.CleanGameObjectHierarchy) on this Behaviour is missing!
The referenced script (SpaceCraft.CleanGameObjectHierarchy) on this Behaviour is missing!
The referenced script (SpaceCraft.CleanGameObjectHierarchy) on this Behaviour is missing!
The referenced script (SpaceCraft.CleanGameObjectHierarchy) on this Behaviour is missing!
The referenced script (SpaceCraft.CleanGameObjectHierarchy) on this Behaviour is missing!
The referenced script (SpaceCraft.CleanGameObjectHierarchy) on this Behaviour is missing!
The referenced script (SpaceCraft.CleanGameObjectHierarchy) on this Behaviour is missing!
The referenced script (SpaceCraft.ReplaceMaterials) on this Behaviour is missing!
The referenced script (SpaceCraft.CleanGameObjectHierarchy) on this Behaviour is missing!
The referenced script (SpaceCraft.CleanGameObjectHierarchy) on this Behaviour is missing!
The referenced script (SpaceCraft.CleanGameObjectHierarchy) on this Behaviour is missing!
The referenced script (SpaceCraft.CleanGameObjectHierarchy) on this Behaviour is missing!
The referenced script (SpaceCraft.CleanGameObjectHierarchy) on this Behaviour is missing!
The referenced script (SpaceCraft.CleanGameObjectHierarchy) on this Behaviour is missing!
The referenced script (SpaceCraft.CleanGameObjectHierarchy) on this Behaviour is missing!
The referenced script (SpaceCraft.CleanGameObjectHierarchy) on this Behaviour is missing!
The referenced script (SpaceCraft.CleanGameObjectHierarchy) on this Behaviour is missing!
The referenced script (SpaceCraft.CleanGameObjectHierarchy) on this Behaviour is missing!
The referenced script (SpaceCraft.ReplaceMaterials) on this Behaviour is missing!
The referenced script (SpaceCraft.ReplaceMaterials) on this Behaviour is missing!
The referenced script (SpaceCraft.ReplaceMaterials) on this Behaviour is missing!
The referenced script (SpaceCraft.ReplaceMaterials) on this Behaviour is missing!
The referenced script (SpaceCraft.ReplaceMaterials) on this Behaviour is missing!
The referenced script (SpaceCraft.ReplaceMaterials) on this Behaviour is missing!
The referenced script (SpaceCraft.CleanGameObjectHierarchy) on this Behaviour is missing!
The referenced script (SpaceCraft.CleanGameObjectHierarchy) on this Behaviour is missing!
The referenced script (SpaceCraft.CleanGameObjectHierarchy) on this Behaviour is missing!
The referenced script (SpaceCraft.CleanGameObjectHierarchy) on this Behaviour is missing!
The referenced script (SpaceCraft.CleanGameObjectHierarchy) on this Behaviour is missing!
The referenced script (SpaceCraft.CleanGameObjectHierarchy) on this Behaviour is missing!
The referenced script on this Behaviour (Game Object 'Tile5x5x2_Lounge') is missing!
A scripted object (probably SpaceCraft.ReplaceMaterials?) has a different serialization layout when loading. (Read 32 bytes but expected 172 bytes)
Did you #if UNITY_EDITOR a section of your serialized properties in any of your scripts?
The referenced script on this Behaviour (Game Object 'Tile5x5x2_Kitchen') is missing!
A scripted object (probably SpaceCraft.ReplaceMaterials?) has a different serialization layout when loading. (Read 32 bytes but expected 172 bytes)
Did you #if UNITY_EDITOR a section of your serialized properties in any of your scripts?
The referenced script on this Behaviour (Game Object 'Tile5x5x2_Mechanical') is missing!
A scripted object (probably SpaceCraft.ReplaceMaterials?) has a different serialization layout when loading. (Read 32 bytes but expected 172 bytes)
Did you #if UNITY_EDITOR a section of your serialized properties in any of your scripts?
The referenced script on this Behaviour (Game Object 'Tile5x5x2_Greenhouse') is missing!
A scripted object (probably SpaceCraft.ReplaceMaterials?) has a different serialization layout when loading. (Read 32 bytes but expected 172 bytes)
Did you #if UNITY_EDITOR a section of your serialized properties in any of your scripts?
The referenced script on this Behaviour (Game Object 'Tile5x5x2_ControlRoom') is missing!
A scripted object (probably SpaceCraft.ReplaceMaterials?) has a different serialization layout when loading. (Read 32 bytes but expected 172 bytes)
Did you #if UNITY_EDITOR a section of your serialized properties in any of your scripts?
The referenced script on this Behaviour (Game Object 'Tile5x5x2_Sport') is missing!
A scripted object (probably SpaceCraft.ReplaceMaterials?) has a different serialization layout when loading. (Read 32 bytes but expected 172 bytes)
Did you #if UNITY_EDITOR a section of your serialized properties in any of your scripts?
The referenced script on this Behaviour (Game Object 'Container') is missing!
The referenced script on this Behaviour (Game Object 'Container') is missing!
The referenced script on this Behaviour (Game Object 'Container') is missing!
The referenced script on this Behaviour (Game Object 'Container') is missing!
The referenced script on this Behaviour (Game Object 'RocketMap4') is missing!
The referenced script on this Behaviour (Game Object 'Container') is missing!
The referenced script on this Behaviour (Game Object 'Container') is missing!
The referenced script on this Behaviour (Game Object 'Container') is missing!
The referenced script on this Behaviour (Game Object 'Container') is missing!
The referenced script on this Behaviour (Game Object '1rst floor') is missing!
The referenced script on this Behaviour (Game Object 'Container') is missing!
The referenced script on this Behaviour (Game Object 'Container') is missing!
The referenced script on this Behaviour (Game Object 'Container') is missing!
The referenced script on this Behaviour (Game Object 'Container') is missing!
The referenced script on this Behaviour (Game Object 'Container') is missing!
The referenced script on this Behaviour (Game Object 'Container') is missing!
The referenced script on this Behaviour (Game Object 'Container') is missing!
The referenced script on this Behaviour (Game Object 'Container') is missing!
The referenced script on this Behaviour (Game Object 'Container') is missing!
The referenced script on this Behaviour (Game Object '_Interior') is missing!
The referenced script on this Behaviour (Game Object 'Rocks') is missing!
The referenced script on this Behaviour (Game Object 'Rocks') is missing!
The referenced script on this Behaviour (Game Object 'Structure') is missing!
The referenced script on this Behaviour (Game Object 'P_Escape_Pod_01') is missing!
The referenced script on this Behaviour (Game Object 'Heater3') is missing!
The referenced script on this Behaviour (Game Object 'Container') is missing!
The referenced script on this Behaviour (Game Object 'Container') is missing!
The referenced script on this Behaviour (Game Object 'Container') is missing!
The referenced script on this Behaviour (Game Object 'Container') is missing!
The referenced script on this Behaviour (Game Object 'Container') is missing!
The referenced script on this Behaviour (Game Object 'Container') is missing!
The referenced script on this Behaviour (Game Object 'Drill2') is missing!
The referenced script on this Behaviour (Game Object 'Interior_block_bigRoom_01') is missing!
A scripted object (probably SpaceCraft.ReplaceMaterials?) has a different serialization layout when loading. (Read 32 bytes but expected 52 bytes)
Did you #if UNITY_EDITOR a section of your serialized properties in any of your scripts?
The referenced script on this Behaviour (Game Object 'Container') is missing!
The referenced script on this Behaviour (Game Object 'Container') is missing!
The referenced script on this Behaviour (Game Object '2nd floor') is missing!
The referenced script on this Behaviour (Game Object 'Corridor A') is missing!
The referenced script on this Behaviour (Game Object '1st floor') is missing!
UnloadTime: 3.324400 ms
Unloading 7 Unused Serialized files (Serialized files now loaded: 0)
UnloadTime: 15.557700 ms
Unloading 292 unused Assets to reduce memory usage. Loaded Objects now: 161533.
Total: 51.984400 ms (FindLiveObjects: 7.173500 ms CreateObjectMapping: 17.766600 ms MarkObjects: 26.721300 ms  DeleteObjects: 0.322600 ms)

The referenced script (SpaceCraft.ReplaceMaterials) on this Behaviour is missing!
The referenced script (SpaceCraft.ReplaceMaterials) on this Behaviour is missing!
The referenced script on this Behaviour (Game Object 'Surface') is missing!
A scripted object (probably SpaceCraft.ReplaceMaterials?) has a different serialization layout when loading. (Read 32 bytes but expected 784 bytes)
Did you #if UNITY_EDITOR a section of your serialized properties in any of your scripts?
The referenced script on this Behaviour (Game Object 'Decoys') is missing!
A scripted object (probably SpaceCraft.ReplaceMaterials?) has a different serialization layout when loading. (Read 32 bytes but expected 784 bytes)
Did you #if UNITY_EDITOR a section of your serialized properties in any of your scripts?
The referenced script on this Behaviour (Game Object 'Decoys') is missing!
Renderer 'MESH_LOD3 (1)' is registered with more than one LODGroup ('Bigs' and 'Bigs 2').
Renderer 'MESH_LOD3 (1)' is registered with more than one LODGroup ('Bigs' and 'Bigs 2').
Color primaries 0 is unknown or unsupported by WindowsMediaFoundation. Falling back to default may result in color shift. D:/Programas Sem Instalacao/Games/The Planet Crafter/Planet Crafter_Data/sharedassets1.resource
The referenced script on this Behaviour (Game Object 'Rocks') is missing!
The referenced script on this Behaviour (Game Object 'Smalls') is missing!
No mesh data available for mesh Ironstone_LOD0 on particle system ParticlesRocks. Make sure Read/Write Enabled is set in the importer to work on the particle system renderer
No mesh data available for mesh Ironstone_LOD0 on particle system ParticlesRocks. Make sure Read/Write Enabled is set in the importer to work on the particle system renderer
No mesh data available for mesh Ironstone_LOD0 on particle system ParticlesRocks. Make sure Read/Write Enabled is set in the importer to work on the particle system renderer
No mesh data available for mesh Silicon_LOD0 on particle system ParticlesRocks. Make sure Read/Write Enabled is set in the importer to work on the particle system renderer
No mesh data available for mesh Silicon_LOD0 on particle system ParticlesRocks. Make sure Read/Write Enabled is set in the importer to work on the particle system renderer
No mesh data available for mesh mica_2 on particle system ParticlesRocks. Make sure Read/Write Enabled is set in the importer to work on the particle system renderer
No mesh data available for mesh Cobalt_LOD0 on particle system ParticlesRocks. Make sure Read/Write Enabled is set in the importer to work on the particle system renderer
No mesh data available for mesh mica_2 on particle system ParticlesRocks. Make sure Read/Write Enabled is set in the importer to work on the particle system renderer
No mesh data available for mesh Cobalt_LOD0 on particle system ParticlesRocks. Make sure Read/Write Enabled is set in the importer to work on the particle system renderer
Unloading 15 Unused Serialized files (Serialized files now loaded: 0)
Unloading 19 unused Assets to reduce memory usage. Loaded Objects now: 267593.
Total: 69.009500 ms (FindLiveObjects: 16.982400 ms CreateObjectMapping: 22.420400 ms MarkObjects: 28.843400 ms  DeleteObjects: 0.762800 ms)

Unloading 3 Unused Serialized files (Serialized files now loaded: 0)
UnloadTime: 76.845800 ms
Unloading 774 unused Assets to reduce memory usage. Loaded Objects now: 151648.
Total: 43.753000 ms (FindLiveObjects: 5.595800 ms CreateObjectMapping: 14.910200 ms MarkObjects: 17.476200 ms  DeleteObjects: 5.770400 ms)

[Physics::Module] Cleanup current backned.
[Physics::Module] Id: 0xf2b8ea05
Internal: There are remaining Allocations on the JobTempAlloc. This is a leak, and will impact performance
To Debug, run app with -diag-job-temp-memory-leak-validation cmd line argument. This will output the callstacks of the leaked allocations.
