Mono path[0] = 'D:/Programas Sem Instalacao/Games/Steam Games/Shapez 2/shapez 2_Data/Managed'
Mono config path = 'D:/Programas Sem Instalacao/Games/Steam Games/Shapez 2/MonoBleedingEdge/etc'
[PhysX] Initialized MultithreadedTaskDispatcher with 16 workers.
Initialize engine version: 2022.3.42f1 (2dcb6a0abc42)
[Subsystems] Discovering subsystems at path D:/Programas Sem Instalacao/Games/Steam Games/Shapez 2/shapez 2_Data/UnitySubsystems
GfxDevice: creating device client; threaded=1; jobified=1
Direct3D:
    Version:  Direct3D 11.0 [level 11.1]
    Renderer: AMD  Radeon RX 7800 XT (ID=0x747e)
    Vendor:   ATI
    VRAM:     16368 MB
    Driver:   32.0.21013.1000
Begin MonoManager ReloadAssembly
- Loaded All Assemblies, in  8.183 seconds
- Finished resetting the current domain, in  0.002 seconds
D3D11 device created for Microsoft Media Foundation video decoding.
<RI> Initializing input.
New input system (experimental) initialized
Using Windows.Gaming.Input
<RI> Input initialized.
<RI> Initialized touch support.
[PhysX] Initialized MultithreadedTaskDispatcher with 16 workers.
UnloadTime: 20.339400 ms
Preload::Fetch build info
Environment:: Build date: 2025-05-29 12:14:25Z
Preload::Start
Preload::Load mods
Preload::Init settings
GamePreferences:: Loaded.
Not loading dev settings on non-prod build
Preload::Load language
Preload::Init volumes
Preload::Init display
GraphicSettings:: Applying
Camera UICamera has no Volume component
Init display settings
DisplaySettings:: Prepare resolution, stored is 1920 x 1080 / Borderless
DisplaySettings:: Fullscreen mode, closest supported resolution is 1920 x 1080 compared to desired 1920 x 1080
DisplaySettings:: Set Resolution 1920 x 1080 mode MaximizedWindow
Init sounds
Init DOTWeen
Preload::Start
Mount PreloaderSplashState(Clone)
MaximizedWindow is not currently supported on Windows, setting to FullsceenWindow instead
Unmount PreloaderSplashState(Clone)
Mount PreloaderPreloadState(Clone)
Preloader:: Starting preload
Preloader:: Loading defines
Core:: DEVELOPMENT_BUILD: DISABLED
Core:: UNITY_EDITOR: DISABLED
Core:: SPZ_PLATFORM_STEAM: ENABLED
Core:: SPZ_EDITION_FULL: ENABLED
Core:: SPZ_EDITION_DEMO: DISABLED
Preloader:: Init Application Handlers
Preloader:: Init DOTWeen
Preloader:: Reading build date
Environment:: Build date: 2025-05-29 12:14:25Z
Preloader:: Preparing statics
Preloader:: Init keybindings
Keyboard layout: 00000409
Preloader:: Init savegames
Preloader:: Creating savegames folder
Preloader:: Loading settings
Preloader:: Initializing Store SDK
Preloader:: Init Volume Control
Preloader:: Init analytics
Preloader:: Loading global scene
Preloader:: Global scene loaded
Preloader:: Loading resources preloader
Preloader:: Initializing Game Analytics
Preloader:: Preloading resources
Preloader:: Preloading shaders ...
Preloader:: Preloaded 0 / 314 shaders
Preloader:: Preloaded 5 / 314 shaders
Preloader:: Preloaded 10 / 314 shaders
Preloader:: Preloaded 15 / 314 shaders
Preloader:: Preloaded 20 / 314 shaders
Preloader:: Preloaded 25 / 314 shaders
Preloader:: Preloaded 30 / 314 shaders
Preloader:: Preloaded 35 / 314 shaders
Preloader:: Preloaded 40 / 314 shaders
Preloader:: Preloaded 45 / 314 shaders
Preloader:: Preloaded 50 / 314 shaders
Preloader:: Preloaded 55 / 314 shaders
Preloader:: Preloaded 60 / 314 shaders
Preloader:: Preloaded 65 / 314 shaders
Preloader:: Preloaded 70 / 314 shaders
Preloader:: Preloaded 75 / 314 shaders
Preloader:: Preloaded 80 / 314 shaders
Preloader:: Preloaded 85 / 314 shaders
Preloader:: Preloaded 90 / 314 shaders
Preloader:: Preloaded 95 / 314 shaders
Preloader:: Preloaded 100 / 314 shaders
Preloader:: Preloaded 105 / 314 shaders
Preloader:: Preloaded 110 / 314 shaders
Preloader:: Preloaded 115 / 314 shaders
Preloader:: Preloaded 120 / 314 shaders
Preloader:: Preloaded 125 / 314 shaders
Preloader:: Preloaded 130 / 314 shaders
Preloader:: Preloaded 135 / 314 shaders
Preloader:: Preloaded 140 / 314 shaders
Preloader:: Preloaded 145 / 314 shaders
Preloader:: Preloaded 150 / 314 shaders
Preloader:: Preloaded 155 / 314 shaders
Preloader:: Preloaded 160 / 314 shaders
Preloader:: Preloaded 165 / 314 shaders
Preloader:: Preloaded 170 / 314 shaders
Preloader:: Preloaded 175 / 314 shaders
Preloader:: Preloaded 180 / 314 shaders
Preloader:: Preloaded 185 / 314 shaders
Preloader:: Preloaded 190 / 314 shaders
Preloader:: Preloaded 195 / 314 shaders
Preloader:: Preloaded 200 / 314 shaders
Preloader:: Preloaded 205 / 314 shaders
Preloader:: Preloaded 210 / 314 shaders
Preloader:: Preloaded 215 / 314 shaders
Preloader:: Preloaded 220 / 314 shaders
Preloader:: Preloaded 225 / 314 shaders
Preloader:: Preloaded 230 / 314 shaders
Preloader:: Preloaded 235 / 314 shaders
Preloader:: Preloaded 240 / 314 shaders
Preloader:: Preloaded 245 / 314 shaders
Preloader:: Preloaded 250 / 314 shaders
Preloader:: Preloaded 255 / 314 shaders
Preloader:: Preloaded 260 / 314 shaders
Preloader:: Preloaded 265 / 314 shaders
Preloader:: Preloaded 270 / 314 shaders
Preloader:: Preloaded 275 / 314 shaders
Preloader:: Preloaded 280 / 314 shaders
Preloader:: Preloaded 285 / 314 shaders
Preloader:: Preloaded 290 / 314 shaders
Preloader:: Preloaded 295 / 314 shaders
Preloader:: Preloaded 300 / 314 shaders
Preloader:: Preloaded 305 / 314 shaders
Preloader:: Preloaded 310 / 314 shaders
Preloader:: Preloaded 313 / 314 shaders
Preloader:: Resources preloaded.
Preloader:: Creating localization
Configured language is 'pt-BR'
Preloader:: Loading game data
Preloader:: Globals initialized.
Preloader:: Initialized
Finish loading sequence
Unmount PreloaderPreloadState(Clone)
Mount PreloaderSpecsState(Clone)
Unmount PreloaderSpecsState(Clone)
Mount PreloaderTelemetryState(Clone)
Initializing analytics
Initializing unity analytics ...
Analytics initialized.
Player id:
Unmount PreloaderTelemetryState(Clone)
Mount PreloaderGraphicSettingsState(Clone)
Unmount PreloaderGraphicSettingsState(Clone)
Mount PreloaderChangelogState(Clone)
Loaded 16 changelog entries
Unmount PreloaderChangelogState(Clone)
Mount PreloaderDevAgreementState(Clone)
Unmount PreloaderDevAgreementState(Clone)
GraphicSettings:: Applying
Camera UICamera has no Volume component
Warning/GameAnalytics: Could not add error event: Datastore not initialized
Unloading 6 Unused Serialized files (Serialized files now loaded: 0)
[PhysX] Initialized MultithreadedTaskDispatcher with 16 workers.
UnloadTime: 4.222100 ms
Unloading 927 unused Assets to reduce memory usage. Loaded Objects now: 16056.
Total: 27.370600 ms (FindLiveObjects: 0.896300 ms CreateObjectMapping: 0.668700 ms MarkObjects: 25.428800 ms  DeleteObjects: 0.376200 ms)

MenuController::Step 0: Init Globals
MenuController::Step 1: Start
SavegameSerializer:: Read savegame with game mode RegularGameMode, checkpoints: True
Background savegame: Scene Loaded
Core:: Init
Core:: Stage 1 - Init game options
Core:: Stage 2 - Init player
Core:: Stage 3 - Init savegame and mode
Core:: Stage 4 - Init existing savegame memory with mode RegularGameMode
Populating super chunk caches in radius of 10 around SuperChunkCoordinate(0, 0)
Music manager: Update music to 1 tracks
Music manager: Clip not preloaded, preloading: Shapez2_Demo_15_MenuVersion_Master
MusicManager:: Fade in Shapez2_Demo_15_MenuVersion_Master
GraphicSettings:: Applying
Background savegame: Game core loaded
MenuController::Step 2: Game loaded
Loaded 16 changelog entries
SavegameSerializer:: Read savegame with game mode RegularGameMode, checkpoints: True
Game to continue found, date = 02/07/2025 18:58:31 / C:/Users/ChouKpop/AppData/LocalLow/tobspr Games/shapez 2\savegames\30a013bd-b286-4056-b265-6e9cd2f6c693\backup-v5-2025-7-02--18-58-31--2385308.spz2
Fetching news ...
No news found.
Menu: Discovered savegames:0
SavegameSerializer:: Read savegame with game mode RegularGameMode, checkpoints: True
Marking tutorial as completed due to existing compatible non-onboarding savegame
SavegameSerializer:: Read savegame with game mode RegularGameMode, checkpoints: True
Unloading 5 Unused Serialized files (Serialized files now loaded: 0)
[PhysX] Initialized MultithreadedTaskDispatcher with 16 workers.
UnloadTime: 3.206300 ms
Unloading 20146 unused Assets to reduce memory usage. Loaded Objects now: 10732.
Total: 75.937600 ms (FindLiveObjects: 1.303400 ms CreateObjectMapping: 1.788300 ms MarkObjects: 61.072700 ms  DeleteObjects: 11.772600 ms)

Unloading 5 Unused Serialized files (Serialized files now loaded: 0)
[PhysX] Initialized MultithreadedTaskDispatcher with 16 workers.
UnloadTime: 0.315400 ms
Core:: Init
Core:: Stage 1 - Init game options
Core:: Stage 2 - Init player
Core:: Stage 3 - Init savegame and mode
Core:: Stage 4 - Init existing savegame C:/Users/ChouKpop/AppData/LocalLow/tobspr Games/shapez 2\savegames\30a013bd-b286-4056-b265-6e9cd2f6c693\backup-v5-2025-7-02--18-58-31--2385308.spz2 with mode RegularGameMode
Populating super chunk caches in radius of 10 around SuperChunkCoordinate(0, 0)
Updating music with 2 enabled packs.
Music manager: Update music to 22 tracks
Music manager: Clip not preloaded, preloading: 01_Sphere
Music manager: Clip not preloaded, preloading: 02_The_Vortex_LTD
Music manager: Clip not preloaded, preloading: 03_Operator's_Journey
Music manager: Clip not preloaded, preloading: 04_Trains_Go_Choooo
Music manager: Clip not preloaded, preloading: 05_Exploring_the_Void
Music manager: Clip not preloaded, preloading: 06_Endless_Shapes
Music manager: Clip not preloaded, preloading: 07_Dodecahedron
Music manager: Clip not preloaded, preloading: 08_MAM
Music manager: Clip not preloaded, preloading: 09_CwRwCwCw
Music manager: Clip not preloaded, preloading: 10_Cubical_Cosmos
Music manager: Clip not preloaded, preloading: 11_Stellar_Expanse
Music manager: Clip not preloaded, preloading: 12_Deep_Space_Pyramid
Music manager: Clip not preloaded, preloading: 01_Prism
Music manager: Clip not preloaded, preloading: 02_Perpetual_Motion
Music manager: Clip not preloaded, preloading: 03_Tetrahedron
Music manager: Clip not preloaded, preloading: 04_Torus
Music manager: Clip not preloaded, preloading: 05_Icosahedron
Music manager: Clip not preloaded, preloading: 06_Belts_Be_Massive
Music manager: Clip not preloaded, preloading: 07_Distant_Calls
Music manager: Clip not preloaded, preloading: 08_Signals
Music manager: Clip not preloaded, preloading: 09_Merging_Matter
Music manager: Clip not preloaded, preloading: 10_Wired_Up
MusicManager:: Fade in 07_Distant_Calls
GraphicSettings:: Applying
No toolbar configuration found at C:/Users/ChouKpop/AppData/LocalLow/tobspr Games/shapez 2\blueprints\toolbar.json
Unloading 152 unused Assets to reduce memory usage. Loaded Objects now: 99167.
Total: 46.196400 ms (FindLiveObjects: 7.077300 ms CreateObjectMapping: 2.081800 ms MarkObjects: 36.841900 ms  DeleteObjects: 0.195000 ms)

Tutorial: Completed entry TSIslands_2_PlacePlatforms
Cannot Prepare a disabled VideoPlayer
Warning/GameAnalytics: Could not add error event: Datastore not initialized
Tutorial: Completed entry TSIslands_ChunkLimit_Skill
GamePreferences:: Saved to file.
MusicManager:: Fade in 08_MAM
<color=#0099bc><b>DOTWEEN ► </b></color>Max Tweens reached: capacity has automatically been increased from 500/50 to 500/125. Use DOTween.SetTweensCapacity to set it manually at startup
Warning/GameAnalytics: Could not add error event: Datastore not initialized
Tutorial: Completed flag IslandPipetted
Tutorial: Completed flag SwitchedIslandLayersDown
Tutorial: Completed flag SwitchedIslandLayersUp
Tutorial: No skill academy tutorial right now & timer expired (lastTutorial=69,79324, now=489,7952). Showing pooled hint. Choose from 4 showable hints.
Tutorial:   Pooled hint TSSkillAcademy_MultiLayerHubDelivery chosen @53,66262.
Cannot Prepare a disabled VideoPlayer
Warning/GameAnalytics: Could not add error event: Datastore not initialized
Tutorial: Completed entry TSSkillAcademy_MultiLayerHubDelivery
Tutorial: Pooled hint TSSkillAcademy_MultiLayerHubDelivery expired at 491,9313 (shown 489,7952).
Tutorial: Completed flag SwitchedBuildingLayersUp
Tutorial: Completed flag SwitchedBuildingLayersDown
MusicManager:: Fade in 04_Trains_Go_Choooo
Tutorial: Completed flag ClearedBuildingContents
Tutorial: Completed flag EntityRotated
Waiting for asynchronous operation.
Warning/GameAnalytics: Could not add error event: Datastore not initialized
GameCore - finished loading unloading scene
Unloading 5 Unused Serialized files (Serialized files now loaded: 0)
[PhysX] Initialized MultithreadedTaskDispatcher with 16 workers.
UnloadTime: 0.649700 ms
MenuController::Step 0: Init Globals
MenuController::Step 1: Start
SavegameSerializer:: Read savegame with game mode RegularGameMode, checkpoints: True
Unloading 14106 unused Assets to reduce memory usage. Loaded Objects now: 16497.
Total: 72.601000 ms (FindLiveObjects: 1.578600 ms CreateObjectMapping: 1.647900 ms MarkObjects: 61.927100 ms  DeleteObjects: 7.446500 ms)

Background savegame: Scene Loaded
Core:: Init
Core:: Stage 1 - Init game options
Core:: Stage 2 - Init player
Core:: Stage 3 - Init savegame and mode
Core:: Stage 4 - Init existing savegame memory with mode RegularGameMode
Populating super chunk caches in radius of 10 around SuperChunkCoordinate(0, 0)
Music manager: Update music to 1 tracks
Music manager: Clip not preloaded, preloading: Shapez2_Demo_15_MenuVersion_Master
MusicManager:: Fade in Shapez2_Demo_15_MenuVersion_Master
GraphicSettings:: Applying
Background savegame: Game core loaded
MenuController::Step 2: Game loaded
Loaded 16 changelog entries
SavegameSerializer:: Read savegame with game mode RegularGameMode, checkpoints: True
Game to continue found, date = 27/07/2025 07:00:24 / C:/Users/ChouKpop/AppData/LocalLow/tobspr Games/shapez 2\savegames\30a013bd-b286-4056-b265-6e9cd2f6c693\backup-v8-2025-7-27--07-00-24--3152319.spz2
Fetching news ...
No news found.
Menu: Discovered savegames:0
SavegameSerializer:: Read savegame with game mode RegularGameMode, checkpoints: True
Marking tutorial as completed due to existing compatible non-onboarding savegame
SavegameSerializer:: Read savegame with game mode RegularGameMode, checkpoints: True
Unloading 5 Unused Serialized files (Serialized files now loaded: 0)
[PhysX] Initialized MultithreadedTaskDispatcher with 16 workers.
UnloadTime: 2.176800 ms
Unloading 20207 unused Assets to reduce memory usage. Loaded Objects now: 10744.
Total: 74.696700 ms (FindLiveObjects: 1.229000 ms CreateObjectMapping: 0.849000 ms MarkObjects: 62.774600 ms  DeleteObjects: 9.843800 ms)

Unloading 5 Unused Serialized files (Serialized files now loaded: 0)
[PhysX] Initialized MultithreadedTaskDispatcher with 16 workers.
UnloadTime: 0.279400 ms
Core:: Init
Core:: Stage 1 - Init game options
Core:: Stage 2 - Init player
Core:: Stage 3 - Init savegame and mode
Core:: Stage 4 - Init existing savegame C:/Users/ChouKpop/AppData/LocalLow/tobspr Games/shapez 2\savegames\30a013bd-b286-4056-b265-6e9cd2f6c693\backup-v8-2025-7-27--07-00-24--3152319.spz2 with mode RegularGameMode
Populating super chunk caches in radius of 10 around SuperChunkCoordinate(0, 0)
Updating music with 2 enabled packs.
Music manager: Update music to 22 tracks
Music manager: Clip not preloaded, preloading: 01_Sphere
Music manager: Clip not preloaded, preloading: 02_The_Vortex_LTD
Music manager: Clip not preloaded, preloading: 03_Operator's_Journey
Music manager: Clip not preloaded, preloading: 04_Trains_Go_Choooo
Music manager: Clip not preloaded, preloading: 05_Exploring_the_Void
Music manager: Clip not preloaded, preloading: 06_Endless_Shapes
Music manager: Clip not preloaded, preloading: 07_Dodecahedron
Music manager: Clip not preloaded, preloading: 08_MAM
Music manager: Clip not preloaded, preloading: 09_CwRwCwCw
Music manager: Clip not preloaded, preloading: 10_Cubical_Cosmos
Music manager: Clip not preloaded, preloading: 11_Stellar_Expanse
Music manager: Clip not preloaded, preloading: 12_Deep_Space_Pyramid
Music manager: Clip not preloaded, preloading: 01_Prism
Music manager: Clip not preloaded, preloading: 02_Perpetual_Motion
Music manager: Clip not preloaded, preloading: 03_Tetrahedron
Music manager: Clip not preloaded, preloading: 04_Torus
Music manager: Clip not preloaded, preloading: 05_Icosahedron
Music manager: Clip not preloaded, preloading: 06_Belts_Be_Massive
Music manager: Clip not preloaded, preloading: 07_Distant_Calls
Music manager: Clip not preloaded, preloading: 08_Signals
Music manager: Clip not preloaded, preloading: 09_Merging_Matter
Music manager: Clip not preloaded, preloading: 10_Wired_Up
MusicManager:: Fade in 06_Endless_Shapes
GraphicSettings:: Applying
No toolbar configuration found at C:/Users/ChouKpop/AppData/LocalLow/tobspr Games/shapez 2\blueprints\toolbar.json
Unloading 152 unused Assets to reduce memory usage. Loaded Objects now: 99225.
Total: 55.482700 ms (FindLiveObjects: 8.026200 ms CreateObjectMapping: 2.081800 ms MarkObjects: 45.155100 ms  DeleteObjects: 0.219200 ms)

Failed to consume right screen area / toolbar context token for HUDModularSidePanelPrefab(Clone) / HUDBuildingDetailsPrefab(Clone)
Failed to consume toolbar context token for HUDContextualHotkeyActions / HUDModularSidePanelPrefab(Clone)
Tutorial: Completed flag BuildingPipetted
MusicManager:: Fade in 10_Wired_Up
DisplayInfo:: Windowed mode, screen bounds are (x:0, y:0, width:1920, height:1032), desired resolution is 1920 x 1080
DisplaySettings:: Resolution (1920 x 1080) is larger than screen bounds, clamped to (1920 x 1032)
DisplaySettings:: Move window to (0, 0) on same screen.
GamePreferences:: Saved to file.
GamePreferences:: Saved to file.
DisplaySettings:: Fullscreen mode, closest supported resolution is 1920 x 1080 compared to desired 1920 x 1032
DisplaySettings:: Resolution 1920 x 1032 is not supported, using 1920 x 1080 instead.
Warning/GameAnalytics: Could not add error event: Datastore not initialized
DisplaySettings:: Set Resolution 1920 x 1080 mode MaximizedWindow
MaximizedWindow is not currently supported on Windows, setting to FullsceenWindow instead
Warning/GameAnalytics: Could not add error event: Datastore not initialized
GamePreferences:: Saved to file.
GamePreferences:: Saved to file.
GraphicSettings:: Applying
GamePreferences:: Saved to file.
GraphicSettings:: Applying
GamePreferences:: Saved to file.
GraphicSettings:: Applying
GamePreferences:: Saved to file.
GraphicSettings:: Applying
GamePreferences:: Saved to file.
GraphicSettings:: Applying
GamePreferences:: Saved to file.
GraphicSettings:: Applying
GamePreferences:: Saved to file.
GraphicSettings:: Applying
GamePreferences:: Saved to file.
GraphicSettings:: Applying
GamePreferences:: Saved to file.
GraphicSettings:: Applying
GamePreferences:: Saved to file.
GraphicSettings:: Applying
GamePreferences:: Saved to file.
GraphicSettings:: Applying
GamePreferences:: Saved to file.
GraphicSettings:: Applying
GamePreferences:: Saved to file.
GamePreferences:: Saved to file.
GamePreferences:: Saved to file.
GamePreferences:: Saved to file.
GamePreferences:: Saved to file.
Tutorial: No skill academy tutorial right now & timer expired (lastTutorial=718,045, now=1139,007). Showing pooled hint. Choose from 3 showable hints.
Tutorial:   Pooled hint TSSkillAcademy_BindBlueprintToToolbar chosen @718,045.
Cannot Prepare a disabled VideoPlayer
Warning/GameAnalytics: Could not add error event: Datastore not initialized
MusicManager:: Fade in 06_Belts_Be_Massive
Tutorial: Completed entry TSSkillAcademy_BindBlueprintToToolbar
Tutorial: Pooled hint TSSkillAcademy_BindBlueprintToToolbar expired at 1149,667 (shown 1139,007).
Tutorial: Completed flag PlaceCheckpoint
MusicManager:: Fade in 02_Perpetual_Motion
Tutorial: No skill academy tutorial right now & timer expired (lastTutorial=1149,663, now=1569,664). Showing pooled hint. Choose from 2 showable hints.
Tutorial:   Pooled hint TSSkillAcademy_ChangePlatformInBuildMode chosen @1139,007.
Cannot Prepare a disabled VideoPlayer
Warning/GameAnalytics: Could not add error event: Datastore not initialized
Tutorial: Completed entry TSSkillAcademy_ChangePlatformInBuildMode
Tutorial: Pooled hint TSSkillAcademy_ChangePlatformInBuildMode expired at 1574,164 (shown 1569,664).
MusicManager:: Fade in 10_Wired_Up
MusicManager:: Fade in 03_Tetrahedron
Waiting for asynchronous operation.
Warning/GameAnalytics: Could not add error event: Datastore not initialized
Tutorial: No skill academy tutorial right now & timer expired (lastTutorial=1574,158, now=1994,162). Showing pooled hint. Choose from 1 showable hints.
Tutorial:   Pooled hint TSSkillAcademy_ThroughputHint chosen @1569,664.
Cannot Prepare a disabled VideoPlayer
Tutorial: Completed entry TSSkillAcademy_ThroughputHint
Tutorial: Pooled hint TSSkillAcademy_ThroughputHint expired at 1999,578 (shown 1994,162).
MusicManager:: Fade in 12_Deep_Space_Pyramid
GamePreferences:: Saved to file.
Waiting for asynchronous operation.
Core:: ApplicationQuit
Memory Statistics:
[ALLOC_TEMP_TLS] TLS Allocator
  StackAllocators : 
    [ALLOC_TEMP_MAIN]
      Peak usage frame count: [1.0 KB-2.0 KB]: 4684 frames, [2.0 KB-4.0 KB]: 79836 frames, [4.0 KB-8.0 KB]: 26811 frames, [8.0 KB-16.0 KB]: 49670 frames, [16.0 KB-32.0 KB]: 3630 frames, [32.0 KB-64.0 KB]: 258 frames, [64.0 KB-128.0 KB]: 10 frames, [128.0 KB-256.0 KB]: 20 frames, [256.0 KB-0.5 MB]: 282380 frames, [0.5 MB-1.0 MB]: 19 frames, [2.0 MB-4.0 MB]: 1 frames, [4.0 MB-8.0 MB]: 6 frames
      Initial Block Size 4.0 MB
      Current Block Size 7.9 MB
      Peak Allocated Bytes 7.9 MB
      Overflow Count 18
    [ALLOC_TEMP_Loading.AsyncRead]
      Initial Block Size 64.0 KB
      Current Block Size 64.0 KB
      Peak Allocated Bytes 300 B
      Overflow Count 0
    [ALLOC_TEMP_Loading.PreloadManager]
      Initial Block Size 256.0 KB
      Current Block Size 0.5 MB
      Peak Allocated Bytes 506.4 KB
      Overflow Count 29237
    [ALLOC_TEMP_Background Job.Worker 8]
      Initial Block Size 32.0 KB
      Current Block Size 32.0 KB
      Peak Allocated Bytes 54 B
      Overflow Count 0
    [ALLOC_TEMP_Job.Worker 6]
      Initial Block Size 256.0 KB
      Current Block Size 256.0 KB
      Peak Allocated Bytes 49.9 KB
      Overflow Count 0
    [ALLOC_TEMP_Job.Worker 0]
      Initial Block Size 256.0 KB
      Current Block Size 256.0 KB
      Peak Allocated Bytes 23.3 KB
      Overflow Count 0
    [ALLOC_TEMP_Background Job.Worker 10]
      Initial Block Size 32.0 KB
      Current Block Size 32.0 KB
      Peak Allocated Bytes 54 B
      Overflow Count 0
    [ALLOC_TEMP_Background Job.Worker 9]
      Initial Block Size 32.0 KB
      Current Block Size 32.0 KB
      Peak Allocated Bytes 54 B
      Overflow Count 0
    [ALLOC_TEMP_Job.Worker 5]
      Initial Block Size 256.0 KB
      Current Block Size 256.0 KB
      Peak Allocated Bytes 49.9 KB
      Overflow Count 0
    [ALLOC_TEMP_Background Job.Worker 14]
      Initial Block Size 32.0 KB
      Current Block Size 32.0 KB
      Peak Allocated Bytes 54 B
      Overflow Count 0
    [ALLOC_TEMP_Background Job.Worker 6]
      Initial Block Size 32.0 KB
      Current Block Size 32.0 KB
      Peak Allocated Bytes 54 B
      Overflow Count 0
    [ALLOC_TEMP_Job.Worker 4]
      Initial Block Size 256.0 KB
      Current Block Size 256.0 KB
      Peak Allocated Bytes 49.9 KB
      Overflow Count 0
    [ALLOC_TEMP_Job.Worker 14]
      Initial Block Size 256.0 KB
      Current Block Size 256.0 KB
      Peak Allocated Bytes 20.6 KB
      Overflow Count 0
    [ALLOC_TEMP_Job.Worker 3]
      Initial Block Size 256.0 KB
      Current Block Size 256.0 KB
      Peak Allocated Bytes 49.9 KB
      Overflow Count 0
    [ALLOC_TEMP_Job.Worker 13]
      Initial Block Size 256.0 KB
      Current Block Size 256.0 KB
      Peak Allocated Bytes 43.5 KB
      Overflow Count 0
    [ALLOC_TEMP_Background Job.Worker 12]
      Initial Block Size 32.0 KB
      Current Block Size 32.0 KB
      Peak Allocated Bytes 54 B
      Overflow Count 0
    [ALLOC_TEMP_EnlightenWorker] x 4
      Initial Block Size 64.0 KB
      Current Block Size 64.0 KB
      Peak Allocated Bytes 54 B
      Overflow Count 0
    [ALLOC_TEMP_Background Job.Worker 15]
      Initial Block Size 32.0 KB
      Current Block Size 32.0 KB
      Peak Allocated Bytes 54 B
      Overflow Count 0
    [ALLOC_TEMP_Background Job.Worker 1]
      Initial Block Size 32.0 KB
      Current Block Size 32.0 KB
      Peak Allocated Bytes 1.0 KB
      Overflow Count 0
    [ALLOC_TEMP_Background Job.Worker 2]
      Initial Block Size 32.0 KB
      Current Block Size 32.0 KB
      Peak Allocated Bytes 1.6 KB
      Overflow Count 0
    [ALLOC_TEMP_Background Job.Worker 7]
      Initial Block Size 32.0 KB
      Current Block Size 32.0 KB
      Peak Allocated Bytes 54 B
      Overflow Count 0
    [ALLOC_TEMP_UnityGfxDeviceWorker]
      Initial Block Size 256.0 KB
      Current Block Size 256.0 KB
      Peak Allocated Bytes 61.2 KB
      Overflow Count 6
    [ALLOC_TEMP_AssetGarbageCollectorHelper] x 15
      Initial Block Size 64.0 KB
      Current Block Size 64.0 KB
      Peak Allocated Bytes 138 B
      Overflow Count 0
    [ALLOC_TEMP_Background Job.Worker 5]
      Initial Block Size 32.0 KB
      Current Block Size 32.0 KB
      Peak Allocated Bytes 54 B
      Overflow Count 0
    [ALLOC_TEMP_Job.Worker 9]
      Initial Block Size 256.0 KB
      Current Block Size 256.0 KB
      Peak Allocated Bytes 49.7 KB
      Overflow Count 0
    [ALLOC_TEMP_Background Job.Worker 13]
      Initial Block Size 32.0 KB
      Current Block Size 32.0 KB
      Peak Allocated Bytes 54 B
      Overflow Count 0
    [ALLOC_TEMP_Job.Worker 8]
      Initial Block Size 256.0 KB
      Current Block Size 256.0 KB
      Peak Allocated Bytes 49.6 KB
      Overflow Count 0
    [ALLOC_TEMP_Job.Worker 7]
      Initial Block Size 256.0 KB
      Current Block Size 256.0 KB
      Peak Allocated Bytes 49.9 KB
      Overflow Count 0
    [ALLOC_TEMP_Background Job.Worker 11]
      Initial Block Size 32.0 KB
      Current Block Size 32.0 KB
      Peak Allocated Bytes 54 B
      Overflow Count 0
    [ALLOC_TEMP_Job.Worker 2]
      Initial Block Size 256.0 KB
      Current Block Size 256.0 KB
      Peak Allocated Bytes 49.9 KB
      Overflow Count 0
    [ALLOC_TEMP_Background Job.Worker 3]
      Initial Block Size 32.0 KB
      Current Block Size 32.0 KB
      Peak Allocated Bytes 54 B
      Overflow Count 0
    [ALLOC_TEMP_Job.Worker 1]
      Initial Block Size 256.0 KB
      Current Block Size 256.0 KB
      Peak Allocated Bytes 49.9 KB
      Overflow Count 0
    [ALLOC_TEMP_Job.Worker 10]
      Initial Block Size 256.0 KB
      Current Block Size 256.0 KB
      Peak Allocated Bytes 49.6 KB
      Overflow Count 0
    [ALLOC_TEMP_Background Job.Worker 0]
      Initial Block Size 32.0 KB
      Current Block Size 32.0 KB
      Peak Allocated Bytes 54 B
      Overflow Count 0
    [ALLOC_TEMP_CloudJob.Worker 0]
      Initial Block Size 32.0 KB
      Current Block Size 32.0 KB
      Peak Allocated Bytes 5.6 KB
      Overflow Count 0
    [ALLOC_TEMP_HIDInput]
      Initial Block Size 64.0 KB
      Current Block Size 64.0 KB
      Peak Allocated Bytes 10.8 KB
      Overflow Count 0
    [ALLOC_TEMP_Job.Worker 11]
      Initial Block Size 256.0 KB
      Current Block Size 256.0 KB
      Peak Allocated Bytes 49.7 KB
      Overflow Count 0
    [ALLOC_TEMP_Job.Worker 12]
      Initial Block Size 256.0 KB
      Current Block Size 256.0 KB
      Peak Allocated Bytes 49.6 KB
      Overflow Count 0
    [ALLOC_TEMP_Background Job.Worker 4]
      Initial Block Size 32.0 KB
      Current Block Size 32.0 KB
      Peak Allocated Bytes 54 B
      Overflow Count 0
    [ALLOC_TEMP_BatchDeleteObjects]
      Initial Block Size 64.0 KB
      Current Block Size 64.0 KB
      Peak Allocated Bytes 54 B
      Overflow Count 0
[ALLOC_DEFAULT] Dual Thread Allocator
  Peak main deferred allocation count 56615
    [ALLOC_BUCKET]
      Large Block size 4.0 MB
      Used Block count 1
      Peak Allocated bytes 4.0 MB
      Failed Allocations. Bucket layout:
        16B: 22 Subsections = 22528 buckets. Failed count: 60027646
        32B: 33 Subsections = 16896 buckets. Failed count: 35208653
        48B: 53 Subsections = 18090 buckets. Failed count: 124582208
        64B: 41 Subsections = 10496 buckets. Failed count: 2018932
        80B: 49 Subsections = 10035 buckets. Failed count: 1137743
        96B: 16 Subsections = 2730 buckets. Failed count: 13225614
        112B: 30 Subsections = 4388 buckets. Failed count: 230598
        128B: 12 Subsections = 1536 buckets. Failed count: 346094
    [ALLOC_DEFAULT_MAIN]
      Peak usage frame count: [16.0 MB-32.0 MB]: 4400 frames, [32.0 MB-64.0 MB]: 767 frames, [64.0 MB-128.0 MB]: 206345 frames, [128.0 MB-256.0 MB]: 235813 frames
      Requested Block Size 16.0 MB
      Peak Block count 8
      Peak Allocated memory 137.0 MB
      Peak Large allocation bytes 44.5 MB
    [ALLOC_DEFAULT_THREAD]
      Peak usage frame count: [16.0 MB-32.0 MB]: 4268 frames, [32.0 MB-64.0 MB]: 985 frames, [64.0 MB-128.0 MB]: 442066 frames, [128.0 MB-256.0 MB]: 6 frames
      Requested Block Size 16.0 MB
      Peak Block count 9
      Peak Allocated memory 164.9 MB
      Peak Large allocation bytes 40.5 MB
[ALLOC_TEMP_JOB_1_FRAME]
  Initial Block Size 2.0 MB
  Used Block Count 0
  Overflow Count (too large) 0
  Overflow Count (full) 0
[ALLOC_TEMP_JOB_2_FRAMES]
  Initial Block Size 2.0 MB
  Used Block Count 0
  Overflow Count (too large) 0
  Overflow Count (full) 0
[ALLOC_TEMP_JOB_4_FRAMES (JobTemp)]
  Initial Block Size 2.0 MB
  Used Block Count 1
  Overflow Count (too large) 0
  Overflow Count (full) 0
[ALLOC_TEMP_JOB_ASYNC (Background)]
  Initial Block Size 1.0 MB
  Used Block Count 1
  Overflow Count (too large) 6
  Overflow Count (full) 0
[ALLOC_GFX] Dual Thread Allocator
  Peak main deferred allocation count 2672
    [ALLOC_BUCKET]
      Large Block size 4.0 MB
      Used Block count 1
      Peak Allocated bytes 4.0 MB
      Failed Allocations. Bucket layout:
        16B: 22 Subsections = 22528 buckets. Failed count: 60027646
        32B: 33 Subsections = 16896 buckets. Failed count: 35208653
        48B: 53 Subsections = 18090 buckets. Failed count: 124582208
        64B: 41 Subsections = 10496 buckets. Failed count: 2018932
        80B: 49 Subsections = 10035 buckets. Failed count: 1137743
        96B: 16 Subsections = 2730 buckets. Failed count: 13225614
        112B: 30 Subsections = 4388 buckets. Failed count: 230598
        128B: 12 Subsections = 1536 buckets. Failed count: 346094
    [ALLOC_GFX_MAIN]
      Peak usage frame count: [32.0 KB-64.0 KB]: 6 frames, [64.0 KB-128.0 KB]: 4717 frames, [128.0 KB-256.0 KB]: 2 frames, [0.5 MB-1.0 MB]: 1 frames, [2.0 MB-4.0 MB]: 426 frames, [32.0 MB-64.0 MB]: 1 frames, [128.0 MB-256.0 MB]: 215 frames, [256.0 MB-0.50 GB]: 441914 frames, [0.50 GB-1.00 GB]: 43 frames
      Requested Block Size 16.0 MB
      Peak Block count 34
      Peak Allocated memory 0.52 GB
      Peak Large allocation bytes 0 B
    [ALLOC_GFX_THREAD]
      Peak usage frame count: [8.0 MB-16.0 MB]: 4268 frames, [64.0 MB-128.0 MB]: 443057 frames
      Requested Block Size 16.0 MB
      Peak Block count 8
      Peak Allocated memory 116.2 MB
      Peak Large allocation bytes 0 B
[ALLOC_CACHEOBJECTS] Dual Thread Allocator
  Peak main deferred allocation count 5713
    [ALLOC_BUCKET]
      Large Block size 4.0 MB
      Used Block count 1
      Peak Allocated bytes 4.0 MB
      Failed Allocations. Bucket layout:
        16B: 22 Subsections = 22528 buckets. Failed count: 60027646
        32B: 33 Subsections = 16896 buckets. Failed count: 35208653
        48B: 53 Subsections = 18090 buckets. Failed count: 124582208
        64B: 41 Subsections = 10496 buckets. Failed count: 2018932
        80B: 49 Subsections = 10035 buckets. Failed count: 1137743
        96B: 16 Subsections = 2730 buckets. Failed count: 13225614
        112B: 30 Subsections = 4388 buckets. Failed count: 230598
        128B: 12 Subsections = 1536 buckets. Failed count: 346094
    [ALLOC_CACHEOBJECTS_MAIN]
      Peak usage frame count: [16.0 MB-32.0 MB]: 9738 frames, [32.0 MB-64.0 MB]: 437587 frames
      Requested Block Size 4.0 MB
      Peak Block count 9
      Peak Allocated memory 34.6 MB
      Peak Large allocation bytes 11.1 MB
    [ALLOC_CACHEOBJECTS_THREAD]
      Peak usage frame count: [64.0 MB-128.0 MB]: 4268 frames, [128.0 MB-256.0 MB]: 443057 frames
      Requested Block Size 4.0 MB
      Peak Block count 16
      Peak Allocated memory 160.9 MB
      Peak Large allocation bytes 100.7 MB
[ALLOC_TYPETREE] Dual Thread Allocator
  Peak main deferred allocation count 2
    [ALLOC_BUCKET]
      Large Block size 4.0 MB
      Used Block count 1
      Peak Allocated bytes 4.0 MB
      Failed Allocations. Bucket layout:
        16B: 22 Subsections = 22528 buckets. Failed count: 60027646
        32B: 33 Subsections = 16896 buckets. Failed count: 35208653
        48B: 53 Subsections = 18090 buckets. Failed count: 124582208
        64B: 41 Subsections = 10496 buckets. Failed count: 2018932
        80B: 49 Subsections = 10035 buckets. Failed count: 1137743
        96B: 16 Subsections = 2730 buckets. Failed count: 13225614
        112B: 30 Subsections = 4388 buckets. Failed count: 230598
        128B: 12 Subsections = 1536 buckets. Failed count: 346094
    [ALLOC_TYPETREE_MAIN]
      Peak usage frame count: [4.0 KB-8.0 KB]: 457 frames, [8.0 KB-16.0 KB]: 4269 frames, [32.0 KB-64.0 KB]: 442599 frames
      Requested Block Size 2.0 MB
      Peak Block count 1
      Peak Allocated memory 38.6 KB
      Peak Large allocation bytes 0 B
    [ALLOC_TYPETREE_THREAD]
      Peak usage frame count: [8.0 KB-16.0 KB]: 4268 frames, [64.0 KB-128.0 KB]: 443057 frames
      Requested Block Size 2.0 MB
      Peak Block count 1
      Peak Allocated memory 90.4 KB
      Peak Large allocation bytes 0 B
