Mono path[0] = 'D:/Programas Sem Instalacao/Games/Steam Games/Shapez 2/shapez 2_Data/Managed'
Mono config path = 'D:/Programas Sem Instalacao/Games/Steam Games/Shapez 2/MonoBleedingEdge/etc'
[PhysX] Initialized MultithreadedTaskDispatcher with 16 workers.
Initialize engine version: 2022.3.42f1 (2dcb6a0abc42)
[Subsystems] Discovering subsystems at path D:/Programas Sem Instalacao/Games/Steam Games/Shapez 2/shapez 2_Data/UnitySubsystems
GfxDevice: creating device client; threaded=1; jobified=1
Direct3D:
    Version:  Direct3D 11.0 [level 11.1]
    Renderer: AMD  Radeon RX 7800 XT (ID=0x747e)
    Vendor:   ATI
    VRAM:     16368 MB
    Driver:   32.0.21013.1000
Begin MonoManager ReloadAssembly
- Loaded All Assemblies, in  6.585 seconds
- Finished resetting the current domain, in  0.001 seconds
D3D11 device created for Microsoft Media Foundation video decoding.
<RI> Initializing input.
New input system (experimental) initialized
Using Windows.Gaming.Input
<RI> Input initialized.
<RI> Initialized touch support.
[PhysX] Initialized MultithreadedTaskDispatcher with 16 workers.
UnloadTime: 0.815100 ms
Preload::Fetch build info
Environment:: Build date: 2025-05-29 12:14:25Z
Preload::Start
Preload::Load mods
Preload::Init settings
GamePreferences:: Loaded.
Not loading dev settings on non-prod build
Preload::Load language
Preload::Init volumes
Preload::Init display
GraphicSettings:: Applying
Camera UICamera has no Volume component
Init display settings
DisplaySettings:: Prepare resolution, stored is 1920 x 1080 / Borderless
DisplaySettings:: Fullscreen mode, closest supported resolution is 1920 x 1080 compared to desired 1920 x 1080
DisplaySettings:: Set Resolution 1920 x 1080 mode MaximizedWindow
Init sounds
Init DOTWeen
Preload::Start
Mount PreloaderSplashState(Clone)
MaximizedWindow is not currently supported on Windows, setting to FullsceenWindow instead
Unmount PreloaderSplashState(Clone)
Mount PreloaderPreloadState(Clone)
Preloader:: Starting preload
Preloader:: Loading defines
Core:: DEVELOPMENT_BUILD: DISABLED
Core:: UNITY_EDITOR: DISABLED
Core:: SPZ_PLATFORM_STEAM: ENABLED
Core:: SPZ_EDITION_FULL: ENABLED
Core:: SPZ_EDITION_DEMO: DISABLED
Preloader:: Init Application Handlers
Preloader:: Init DOTWeen
Preloader:: Reading build date
Environment:: Build date: 2025-05-29 12:14:25Z
Preloader:: Preparing statics
Preloader:: Init keybindings
Keyboard layout: 00000409
Preloader:: Init savegames
Preloader:: Creating savegames folder
Preloader:: Loading settings
Preloader:: Initializing Store SDK
Preloader:: Init Volume Control
Preloader:: Init analytics
Preloader:: Loading global scene
Preloader:: Global scene loaded
Preloader:: Loading resources preloader
Preloader:: Initializing Game Analytics
Preloader:: Preloading resources
Preloader:: Preloading shaders ...
Preloader:: Preloaded 0 / 314 shaders
Preloader:: Preloaded 5 / 314 shaders
Preloader:: Preloaded 10 / 314 shaders
Preloader:: Preloaded 15 / 314 shaders
Preloader:: Preloaded 20 / 314 shaders
Preloader:: Preloaded 25 / 314 shaders
Preloader:: Preloaded 30 / 314 shaders
Preloader:: Preloaded 35 / 314 shaders
Preloader:: Preloaded 40 / 314 shaders
Preloader:: Preloaded 45 / 314 shaders
Preloader:: Preloaded 50 / 314 shaders
Preloader:: Preloaded 55 / 314 shaders
Preloader:: Preloaded 60 / 314 shaders
Preloader:: Preloaded 65 / 314 shaders
Preloader:: Preloaded 70 / 314 shaders
Preloader:: Preloaded 75 / 314 shaders
Preloader:: Preloaded 80 / 314 shaders
Preloader:: Preloaded 85 / 314 shaders
Preloader:: Preloaded 90 / 314 shaders
Preloader:: Preloaded 95 / 314 shaders
Preloader:: Preloaded 100 / 314 shaders
Preloader:: Preloaded 105 / 314 shaders
Preloader:: Preloaded 110 / 314 shaders
Preloader:: Preloaded 115 / 314 shaders
Preloader:: Preloaded 120 / 314 shaders
Preloader:: Preloaded 125 / 314 shaders
Preloader:: Preloaded 130 / 314 shaders
Preloader:: Preloaded 135 / 314 shaders
Preloader:: Preloaded 140 / 314 shaders
Preloader:: Preloaded 145 / 314 shaders
Preloader:: Preloaded 150 / 314 shaders
Preloader:: Preloaded 155 / 314 shaders
Preloader:: Preloaded 160 / 314 shaders
Preloader:: Preloaded 165 / 314 shaders
Preloader:: Preloaded 170 / 314 shaders
Preloader:: Preloaded 175 / 314 shaders
Preloader:: Preloaded 180 / 314 shaders
Preloader:: Preloaded 185 / 314 shaders
Preloader:: Preloaded 190 / 314 shaders
Preloader:: Preloaded 195 / 314 shaders
Preloader:: Preloaded 200 / 314 shaders
Preloader:: Preloaded 205 / 314 shaders
Preloader:: Preloaded 210 / 314 shaders
Preloader:: Preloaded 215 / 314 shaders
Preloader:: Preloaded 220 / 314 shaders
Preloader:: Preloaded 225 / 314 shaders
Preloader:: Preloaded 230 / 314 shaders
Preloader:: Preloaded 235 / 314 shaders
Preloader:: Preloaded 240 / 314 shaders
Preloader:: Preloaded 245 / 314 shaders
Preloader:: Preloaded 250 / 314 shaders
Preloader:: Preloaded 255 / 314 shaders
Preloader:: Preloaded 260 / 314 shaders
Preloader:: Preloaded 265 / 314 shaders
Preloader:: Preloaded 270 / 314 shaders
Preloader:: Preloaded 275 / 314 shaders
Preloader:: Preloaded 280 / 314 shaders
Preloader:: Preloaded 285 / 314 shaders
Preloader:: Preloaded 290 / 314 shaders
Preloader:: Preloaded 295 / 314 shaders
Preloader:: Preloaded 300 / 314 shaders
Preloader:: Preloaded 305 / 314 shaders
Preloader:: Preloaded 310 / 314 shaders
Preloader:: Preloaded 313 / 314 shaders
Preloader:: Resources preloaded.
Preloader:: Creating localization
Configured language is 'pt-BR'
Preloader:: Loading game data
Preloader:: Globals initialized.
Preloader:: Initialized
Finish loading sequence
Unmount PreloaderPreloadState(Clone)
Mount PreloaderSpecsState(Clone)
Unmount PreloaderSpecsState(Clone)
Mount PreloaderTelemetryState(Clone)
Initializing analytics
Initializing unity analytics ...
Analytics initialized.
Player id:
Unmount PreloaderTelemetryState(Clone)
Mount PreloaderGraphicSettingsState(Clone)
Unmount PreloaderGraphicSettingsState(Clone)
Mount PreloaderChangelogState(Clone)
Loaded 16 changelog entries
GamePreferences:: Saved to file.
Unmount PreloaderChangelogState(Clone)
Mount PreloaderDevAgreementState(Clone)
Unmount PreloaderDevAgreementState(Clone)
GraphicSettings:: Applying
Camera UICamera has no Volume component
Warning/GameAnalytics: Could not add error event: Datastore not initialized
Unloading 6 Unused Serialized files (Serialized files now loaded: 0)
[PhysX] Initialized MultithreadedTaskDispatcher with 16 workers.
UnloadTime: 2.867100 ms
Unloading 927 unused Assets to reduce memory usage. Loaded Objects now: 16056.
Total: 33.980400 ms (FindLiveObjects: 1.481500 ms CreateObjectMapping: 1.010700 ms MarkObjects: 30.949000 ms  DeleteObjects: 0.538600 ms)

MenuController::Step 0: Init Globals
MenuController::Step 1: Start
SavegameSerializer:: Read savegame with game mode RegularGameMode, checkpoints: True
Background savegame: Scene Loaded
Core:: Init
Core:: Stage 1 - Init game options
Core:: Stage 2 - Init player
Core:: Stage 3 - Init savegame and mode
Core:: Stage 4 - Init existing savegame memory with mode RegularGameMode
Populating super chunk caches in radius of 10 around SuperChunkCoordinate(0, 0)
Music manager: Update music to 1 tracks
Music manager: Clip not preloaded, preloading: Shapez2_Demo_15_MenuVersion_Master
MusicManager:: Fade in Shapez2_Demo_15_MenuVersion_Master
GraphicSettings:: Applying
Background savegame: Game core loaded
MenuController::Step 2: Game loaded
GamePreferences:: Saved to file.
Loaded 16 changelog entries
SavegameSerializer:: Read savegame with game mode RegularGameMode, checkpoints: True
Game to continue found, date = 02/07/2025 18:58:31 / C:/Users/ChouKpop/AppData/LocalLow/tobspr Games/shapez 2\savegames\30a013bd-b286-4056-b265-6e9cd2f6c693\backup-v5-2025-7-02--18-58-31--2385308.spz2
GamePreferences:: Saved to file.
Fetching news ...
No news found.
SavegameSerializer:: Read savegame with game mode RegularGameMode, checkpoints: True
SavegameSerializer:: Read savegame with game mode RegularGameMode, checkpoints: True
Unloading 5 Unused Serialized files (Serialized files now loaded: 0)
[PhysX] Initialized MultithreadedTaskDispatcher with 16 workers.
UnloadTime: 2.774500 ms
Unloading 20118 unused Assets to reduce memory usage. Loaded Objects now: 10733.
Total: 99.628200 ms (FindLiveObjects: 1.229700 ms CreateObjectMapping: 0.989000 ms MarkObjects: 58.297500 ms  DeleteObjects: 39.111700 ms)

Unloading 5 Unused Serialized files (Serialized files now loaded: 0)
[PhysX] Initialized MultithreadedTaskDispatcher with 16 workers.
UnloadTime: 0.313200 ms
Core:: Init
Core:: Stage 1 - Init game options
Core:: Stage 2 - Init player
Core:: Stage 3 - Init savegame and mode
Core:: Stage 4 - Init existing savegame C:/Users/ChouKpop/AppData/LocalLow/tobspr Games/shapez 2\savegames\30a013bd-b286-4056-b265-6e9cd2f6c693\backup-v5-2025-7-02--18-58-31--2385308.spz2 with mode RegularGameMode
Populating super chunk caches in radius of 10 around SuperChunkCoordinate(0, 0)
Updating music with 2 enabled packs.
Music manager: Update music to 22 tracks
Music manager: Clip not preloaded, preloading: 01_Sphere
Music manager: Clip not preloaded, preloading: 02_The_Vortex_LTD
Music manager: Clip not preloaded, preloading: 03_Operator's_Journey
Music manager: Clip not preloaded, preloading: 04_Trains_Go_Choooo
Music manager: Clip not preloaded, preloading: 05_Exploring_the_Void
Music manager: Clip not preloaded, preloading: 06_Endless_Shapes
Music manager: Clip not preloaded, preloading: 07_Dodecahedron
Music manager: Clip not preloaded, preloading: 08_MAM
Music manager: Clip not preloaded, preloading: 09_CwRwCwCw
Music manager: Clip not preloaded, preloading: 10_Cubical_Cosmos
Music manager: Clip not preloaded, preloading: 11_Stellar_Expanse
Music manager: Clip not preloaded, preloading: 12_Deep_Space_Pyramid
Music manager: Clip not preloaded, preloading: 01_Prism
Music manager: Clip not preloaded, preloading: 02_Perpetual_Motion
Music manager: Clip not preloaded, preloading: 03_Tetrahedron
Music manager: Clip not preloaded, preloading: 04_Torus
Music manager: Clip not preloaded, preloading: 05_Icosahedron
Music manager: Clip not preloaded, preloading: 06_Belts_Be_Massive
Music manager: Clip not preloaded, preloading: 07_Distant_Calls
Music manager: Clip not preloaded, preloading: 08_Signals
Music manager: Clip not preloaded, preloading: 09_Merging_Matter
Music manager: Clip not preloaded, preloading: 10_Wired_Up
MusicManager:: Fade in 11_Stellar_Expanse
GraphicSettings:: Applying
No toolbar configuration found at C:/Users/ChouKpop/AppData/LocalLow/tobspr Games/shapez 2\blueprints\toolbar.json
Unloading 152 unused Assets to reduce memory usage. Loaded Objects now: 99167.
Total: 54.322400 ms (FindLiveObjects: 7.214500 ms CreateObjectMapping: 2.421500 ms MarkObjects: 44.343000 ms  DeleteObjects: 0.342100 ms)

Tutorial: Completed entry TSIslands_2_PlacePlatforms
Cannot Prepare a disabled VideoPlayer
Warning/GameAnalytics: Could not add error event: Datastore not initialized
Tutorial: Completed entry TSIslands_ChunkLimit_Skill
GamePreferences:: Saved to file.
Core:: ApplicationQuit
Memory Statistics:
[ALLOC_TEMP_TLS] TLS Allocator
  StackAllocators : 
    [ALLOC_TEMP_MAIN]
      Peak usage frame count: [1.0 KB-2.0 KB]: 4454 frames, [2.0 KB-4.0 KB]: 390 frames, [4.0 KB-8.0 KB]: 1522 frames, [8.0 KB-16.0 KB]: 111 frames, [16.0 KB-32.0 KB]: 7233 frames, [32.0 KB-64.0 KB]: 7 frames, [64.0 KB-128.0 KB]: 5 frames, [128.0 KB-256.0 KB]: 9 frames, [256.0 KB-0.5 MB]: 15645 frames, [0.5 MB-1.0 MB]: 7 frames, [2.0 MB-4.0 MB]: 1 frames, [4.0 MB-8.0 MB]: 3 frames
      Initial Block Size 4.0 MB
      Current Block Size 7.9 MB
      Peak Allocated Bytes 7.9 MB
      Overflow Count 9
    [ALLOC_TEMP_Loading.AsyncRead]
      Initial Block Size 64.0 KB
      Current Block Size 64.0 KB
      Peak Allocated Bytes 300 B
      Overflow Count 0
    [ALLOC_TEMP_Loading.PreloadManager]
      Initial Block Size 256.0 KB
      Current Block Size 0.5 MB
      Peak Allocated Bytes 506.4 KB
      Overflow Count 14638
    [ALLOC_TEMP_Background Job.Worker 8]
      Initial Block Size 32.0 KB
      Current Block Size 32.0 KB
      Peak Allocated Bytes 54 B
      Overflow Count 0
    [ALLOC_TEMP_Job.Worker 6]
      Initial Block Size 256.0 KB
      Current Block Size 256.0 KB
      Peak Allocated Bytes 22.2 KB
      Overflow Count 0
    [ALLOC_TEMP_Job.Worker 0]
      Initial Block Size 256.0 KB
      Current Block Size 256.0 KB
      Peak Allocated Bytes 18.6 KB
      Overflow Count 0
    [ALLOC_TEMP_Background Job.Worker 10]
      Initial Block Size 32.0 KB
      Current Block Size 32.0 KB
      Peak Allocated Bytes 54 B
      Overflow Count 0
    [ALLOC_TEMP_Background Job.Worker 9]
      Initial Block Size 32.0 KB
      Current Block Size 32.0 KB
      Peak Allocated Bytes 54 B
      Overflow Count 0
    [ALLOC_TEMP_Job.Worker 5]
      Initial Block Size 256.0 KB
      Current Block Size 256.0 KB
      Peak Allocated Bytes 21.9 KB
      Overflow Count 0
    [ALLOC_TEMP_Background Job.Worker 14]
      Initial Block Size 32.0 KB
      Current Block Size 32.0 KB
      Peak Allocated Bytes 54 B
      Overflow Count 0
    [ALLOC_TEMP_Background Job.Worker 6]
      Initial Block Size 32.0 KB
      Current Block Size 32.0 KB
      Peak Allocated Bytes 54 B
      Overflow Count 0
    [ALLOC_TEMP_Job.Worker 4]
      Initial Block Size 256.0 KB
      Current Block Size 256.0 KB
      Peak Allocated Bytes 22.2 KB
      Overflow Count 0
    [ALLOC_TEMP_Job.Worker 14]
      Initial Block Size 256.0 KB
      Current Block Size 256.0 KB
      Peak Allocated Bytes 26.0 KB
      Overflow Count 0
    [ALLOC_TEMP_Job.Worker 3]
      Initial Block Size 256.0 KB
      Current Block Size 256.0 KB
      Peak Allocated Bytes 22.2 KB
      Overflow Count 0
    [ALLOC_TEMP_Job.Worker 13]
      Initial Block Size 256.0 KB
      Current Block Size 256.0 KB
      Peak Allocated Bytes 18.6 KB
      Overflow Count 0
    [ALLOC_TEMP_Background Job.Worker 12]
      Initial Block Size 32.0 KB
      Current Block Size 32.0 KB
      Peak Allocated Bytes 54 B
      Overflow Count 0
    [ALLOC_TEMP_EnlightenWorker] x 4
      Initial Block Size 64.0 KB
      Current Block Size 64.0 KB
      Peak Allocated Bytes 54 B
      Overflow Count 0
    [ALLOC_TEMP_Background Job.Worker 15]
      Initial Block Size 32.0 KB
      Current Block Size 32.0 KB
      Peak Allocated Bytes 54 B
      Overflow Count 0
    [ALLOC_TEMP_Background Job.Worker 1]
      Initial Block Size 32.0 KB
      Current Block Size 32.0 KB
      Peak Allocated Bytes 1.0 KB
      Overflow Count 0
    [ALLOC_TEMP_Background Job.Worker 2]
      Initial Block Size 32.0 KB
      Current Block Size 32.0 KB
      Peak Allocated Bytes 1.6 KB
      Overflow Count 0
    [ALLOC_TEMP_Background Job.Worker 7]
      Initial Block Size 32.0 KB
      Current Block Size 32.0 KB
      Peak Allocated Bytes 54 B
      Overflow Count 0
    [ALLOC_TEMP_UnityGfxDeviceWorker]
      Initial Block Size 256.0 KB
      Current Block Size 256.0 KB
      Peak Allocated Bytes 61.2 KB
      Overflow Count 4
    [ALLOC_TEMP_AssetGarbageCollectorHelper] x 15
      Initial Block Size 64.0 KB
      Current Block Size 64.0 KB
      Peak Allocated Bytes 138 B
      Overflow Count 0
    [ALLOC_TEMP_Background Job.Worker 5]
      Initial Block Size 32.0 KB
      Current Block Size 32.0 KB
      Peak Allocated Bytes 54 B
      Overflow Count 0
    [ALLOC_TEMP_Job.Worker 9]
      Initial Block Size 256.0 KB
      Current Block Size 256.0 KB
      Peak Allocated Bytes 18.6 KB
      Overflow Count 0
    [ALLOC_TEMP_Background Job.Worker 13]
      Initial Block Size 32.0 KB
      Current Block Size 32.0 KB
      Peak Allocated Bytes 54 B
      Overflow Count 0
    [ALLOC_TEMP_Job.Worker 8]
      Initial Block Size 256.0 KB
      Current Block Size 256.0 KB
      Peak Allocated Bytes 22.2 KB
      Overflow Count 0
    [ALLOC_TEMP_Job.Worker 7]
      Initial Block Size 256.0 KB
      Current Block Size 256.0 KB
      Peak Allocated Bytes 18.6 KB
      Overflow Count 0
    [ALLOC_TEMP_Job.Worker 1]
      Initial Block Size 256.0 KB
      Current Block Size 256.0 KB
      Peak Allocated Bytes 26.0 KB
      Overflow Count 0
    [ALLOC_TEMP_Job.Worker 2]
      Initial Block Size 256.0 KB
      Current Block Size 256.0 KB
      Peak Allocated Bytes 29.5 KB
      Overflow Count 0
    [ALLOC_TEMP_Background Job.Worker 3]
      Initial Block Size 32.0 KB
      Current Block Size 32.0 KB
      Peak Allocated Bytes 54 B
      Overflow Count 0
    [ALLOC_TEMP_Background Job.Worker 11]
      Initial Block Size 32.0 KB
      Current Block Size 32.0 KB
      Peak Allocated Bytes 54 B
      Overflow Count 0
    [ALLOC_TEMP_Job.Worker 10]
      Initial Block Size 256.0 KB
      Current Block Size 256.0 KB
      Peak Allocated Bytes 18.6 KB
      Overflow Count 0
    [ALLOC_TEMP_Background Job.Worker 0]
      Initial Block Size 32.0 KB
      Current Block Size 32.0 KB
      Peak Allocated Bytes 54 B
      Overflow Count 0
    [ALLOC_TEMP_CloudJob.Worker 0]
      Initial Block Size 32.0 KB
      Current Block Size 44.0 KB
      Peak Allocated Bytes 19.9 KB
      Overflow Count 0
    [ALLOC_TEMP_HIDInput]
      Initial Block Size 64.0 KB
      Current Block Size 64.0 KB
      Peak Allocated Bytes 10.8 KB
      Overflow Count 0
    [ALLOC_TEMP_Job.Worker 11]
      Initial Block Size 256.0 KB
      Current Block Size 256.0 KB
      Peak Allocated Bytes 18.6 KB
      Overflow Count 0
    [ALLOC_TEMP_Job.Worker 12]
      Initial Block Size 256.0 KB
      Current Block Size 256.0 KB
      Peak Allocated Bytes 22.2 KB
      Overflow Count 0
    [ALLOC_TEMP_Background Job.Worker 4]
      Initial Block Size 32.0 KB
      Current Block Size 32.0 KB
      Peak Allocated Bytes 54 B
      Overflow Count 0
    [ALLOC_TEMP_BatchDeleteObjects]
      Initial Block Size 64.0 KB
      Current Block Size 64.0 KB
      Peak Allocated Bytes 54 B
      Overflow Count 0
[ALLOC_DEFAULT] Dual Thread Allocator
  Peak main deferred allocation count 82197
    [ALLOC_BUCKET]
      Large Block size 4.0 MB
      Used Block count 1
      Peak Allocated bytes 4.0 MB
      Failed Allocations. Bucket layout:
        16B: 22 Subsections = 22528 buckets. Failed count: 3626912
        32B: 35 Subsections = 17920 buckets. Failed count: 1891944
        48B: 54 Subsections = 18432 buckets. Failed count: 6410268
        64B: 42 Subsections = 10752 buckets. Failed count: 129488
        80B: 50 Subsections = 10240 buckets. Failed count: 77945
        96B: 18 Subsections = 3072 buckets. Failed count: 885927
        112B: 21 Subsections = 3072 buckets. Failed count: 35995
        128B: 14 Subsections = 1792 buckets. Failed count: 95787
    [ALLOC_DEFAULT_MAIN]
      Peak usage frame count: [16.0 MB-32.0 MB]: 4304 frames, [32.0 MB-64.0 MB]: 2110 frames, [64.0 MB-128.0 MB]: 22973 frames
      Requested Block Size 16.0 MB
      Peak Block count 6
      Peak Allocated memory 114.2 MB
      Peak Large allocation bytes 32.5 MB
    [ALLOC_DEFAULT_THREAD]
      Peak usage frame count: [16.0 MB-32.0 MB]: 4234 frames, [32.0 MB-64.0 MB]: 2181 frames, [64.0 MB-128.0 MB]: 22966 frames, [128.0 MB-256.0 MB]: 6 frames
      Requested Block Size 16.0 MB
      Peak Block count 9
      Peak Allocated memory 164.7 MB
      Peak Large allocation bytes 42.5 MB
[ALLOC_TEMP_JOB_1_FRAME]
  Initial Block Size 2.0 MB
  Used Block Count 0
  Overflow Count (too large) 0
  Overflow Count (full) 0
[ALLOC_TEMP_JOB_2_FRAMES]
  Initial Block Size 2.0 MB
  Used Block Count 0
  Overflow Count (too large) 0
  Overflow Count (full) 0
[ALLOC_TEMP_JOB_4_FRAMES (JobTemp)]
  Initial Block Size 2.0 MB
  Used Block Count 1
  Overflow Count (too large) 0
  Overflow Count (full) 0
[ALLOC_TEMP_JOB_ASYNC (Background)]
  Initial Block Size 1.0 MB
  Used Block Count 1
  Overflow Count (too large) 4
  Overflow Count (full) 0
[ALLOC_GFX] Dual Thread Allocator
  Peak main deferred allocation count 2638
    [ALLOC_BUCKET]
      Large Block size 4.0 MB
      Used Block count 1
      Peak Allocated bytes 4.0 MB
      Failed Allocations. Bucket layout:
        16B: 22 Subsections = 22528 buckets. Failed count: 3626912
        32B: 35 Subsections = 17920 buckets. Failed count: 1891944
        48B: 54 Subsections = 18432 buckets. Failed count: 6410268
        64B: 42 Subsections = 10752 buckets. Failed count: 129488
        80B: 50 Subsections = 10240 buckets. Failed count: 77945
        96B: 18 Subsections = 3072 buckets. Failed count: 885927
        112B: 21 Subsections = 3072 buckets. Failed count: 35995
        128B: 14 Subsections = 1792 buckets. Failed count: 95787
    [ALLOC_GFX_MAIN]
      Peak usage frame count: [64.0 KB-128.0 KB]: 4510 frames, [128.0 KB-256.0 KB]: 1 frames, [0.5 MB-1.0 MB]: 1 frames, [1.0 MB-2.0 MB]: 1670 frames, [2.0 MB-4.0 MB]: 232 frames, [128.0 MB-256.0 MB]: 56 frames, [256.0 MB-0.50 GB]: 22917 frames
      Requested Block Size 16.0 MB
      Peak Block count 32
      Peak Allocated memory 504.8 MB
      Peak Large allocation bytes 0 B
    [ALLOC_GFX_THREAD]
      Peak usage frame count: [8.0 MB-16.0 MB]: 4234 frames, [64.0 MB-128.0 MB]: 25153 frames
      Requested Block Size 16.0 MB
      Peak Block count 8
      Peak Allocated memory 113.9 MB
      Peak Large allocation bytes 0 B
[ALLOC_CACHEOBJECTS] Dual Thread Allocator
  Peak main deferred allocation count 5718
    [ALLOC_BUCKET]
      Large Block size 4.0 MB
      Used Block count 1
      Peak Allocated bytes 4.0 MB
      Failed Allocations. Bucket layout:
        16B: 22 Subsections = 22528 buckets. Failed count: 3626912
        32B: 35 Subsections = 17920 buckets. Failed count: 1891944
        48B: 54 Subsections = 18432 buckets. Failed count: 6410268
        64B: 42 Subsections = 10752 buckets. Failed count: 129488
        80B: 50 Subsections = 10240 buckets. Failed count: 77945
        96B: 18 Subsections = 3072 buckets. Failed count: 885927
        112B: 21 Subsections = 3072 buckets. Failed count: 35995
        128B: 14 Subsections = 1792 buckets. Failed count: 95787
    [ALLOC_CACHEOBJECTS_MAIN]
      Peak usage frame count: [16.0 MB-32.0 MB]: 13747 frames, [32.0 MB-64.0 MB]: 15640 frames
      Requested Block Size 4.0 MB
      Peak Block count 9
      Peak Allocated memory 34.6 MB
      Peak Large allocation bytes 11.1 MB
    [ALLOC_CACHEOBJECTS_THREAD]
      Peak usage frame count: [64.0 MB-128.0 MB]: 4234 frames, [128.0 MB-256.0 MB]: 25153 frames
      Requested Block Size 4.0 MB
      Peak Block count 16
      Peak Allocated memory 160.8 MB
      Peak Large allocation bytes 100.7 MB
[ALLOC_TYPETREE] Dual Thread Allocator
  Peak main deferred allocation count 2
    [ALLOC_BUCKET]
      Large Block size 4.0 MB
      Used Block count 1
      Peak Allocated bytes 4.0 MB
      Failed Allocations. Bucket layout:
        16B: 22 Subsections = 22528 buckets. Failed count: 3626912
        32B: 35 Subsections = 17920 buckets. Failed count: 1891944
        48B: 54 Subsections = 18432 buckets. Failed count: 6410268
        64B: 42 Subsections = 10752 buckets. Failed count: 129488
        80B: 50 Subsections = 10240 buckets. Failed count: 77945
        96B: 18 Subsections = 3072 buckets. Failed count: 885927
        112B: 21 Subsections = 3072 buckets. Failed count: 35995
        128B: 14 Subsections = 1792 buckets. Failed count: 95787
    [ALLOC_TYPETREE_MAIN]
      Peak usage frame count: [4.0 KB-8.0 KB]: 1947 frames, [8.0 KB-16.0 KB]: 4235 frames, [32.0 KB-64.0 KB]: 23205 frames
      Requested Block Size 2.0 MB
      Peak Block count 1
      Peak Allocated memory 38.6 KB
      Peak Large allocation bytes 0 B
    [ALLOC_TYPETREE_THREAD]
      Peak usage frame count: [8.0 KB-16.0 KB]: 4234 frames, [64.0 KB-128.0 KB]: 25153 frames
      Requested Block Size 2.0 MB
      Peak Block count 1
      Peak Allocated memory 90.4 KB
      Peak Large allocation bytes 0 B
