
OptiFine_1.4.6_HD_U_D5
Sat Jan 10 18:19:36 GMT 2026
OS: Windows 11 (amd64) version 10.0
Java: 1.8.0_472, Temurin
VM: OpenJDK 64-Bit Server VM (mixed mode), Temurin
LWJGL: 2.9.4
OpenGL: AMD  Radeon RX 7800 XT version 4.6.0 Compatibility Profile Context 25.12.1.251128, ATI Technologies Inc.
OpenGL Version: 4.0
OpenGL Fancy fog: Not available (GL_NV_fog_distance)
(Reflector) Class not present: LightCache
(Reflector) Class not present: BlockCoord
Loading /font/default.properties
Loading /font/alternate.properties
TextureFX registered: ic2.core.TextureLiquidFX@6bd0eeb2, texId: 11, index: 202
TextureFX registered: bdj@15962864, texId: 19, index: 237
TextureFX registered: bdm@37e4fea, texId: 19, index: 205
TextureFX registered: bdk@57c7c735, texId: 19, index: 14
TextureFX registered: bdf@638ec71a, texId: 20, index: 54
TextureFX registered: bde@3431e2ee, texId: 20, index: 70
TextureFX registered: bdl@488f7385, texId: 19, index: 206
TextureFX registered: bdi@3ae878ae, texId: 19, index: 238
TextureFX registered: bdh@3adf5a6a, texId: 19, index: 31
TextureFX registered: bdh@256b31e6, texId: 19, index: 47
TextureFX removed: bdj@15962864, texId: 19, index: 237
TextureFX registered: TextureHDLavaFX@27dd109d, texId: 19, index: 237
TextureFX removed: bdm@37e4fea, texId: 19, index: 205
TextureFX registered: TextureHDWaterFX@237889f9, texId: 19, index: 205
TextureFX removed: bdk@57c7c735, texId: 19, index: 14
TextureFX registered: TextureHDPortalFX@11a0f4fc, texId: 19, index: 14
TextureFX removed: bdl@488f7385, texId: 19, index: 206
TextureFX registered: TextureHDWaterFlowFX@1798dc97, texId: 19, index: 206
TextureFX removed: bdi@3ae878ae, texId: 19, index: 238
TextureFX registered: TextureHDLavaFlowFX@588e7f01, texId: 19, index: 238
TextureFX removed: bdh@3adf5a6a, texId: 19, index: 31
TextureFX registered: TextureHDFlamesFX@29cf06ab, texId: 19, index: 31
TextureFX removed: bdh@256b31e6, texId: 19, index: 47
TextureFX registered: TextureHDFlamesFX@78621b61, texId: 19, index: 47
TextureFX removed: bdf@638ec71a, texId: 20, index: 54
TextureFX registered: TextureHDCompassFX@efddc5a, texId: 20, index: 54
TextureFX removed: bde@3431e2ee, texId: 20, index: 70
TextureFX registered: TextureHDWatchFX@6faa5034, texId: 20, index: 70
Loading custom colors: /misc/grasscolor.png
Loading custom colors: /misc/foliagecolor.png
TextureFX registered: buildcraft.energy.render.TextureOilFX@755a0db3, texId: 22, index: 205
TextureFX registered: buildcraft.energy.render.TextureFuelFX@457ccd93, texId: 23, index: 0
TextureFX registered: buildcraft.energy.render.TextureOilFlowFX@7e044f55, texId: 22, index: 206
TextureFX registered: com.pahimar.ee3.client.renderer.texturefx.TextureRedWaterFX@583b4ba9, texId: 111, index: 205
TextureFX registered: com.pahimar.ee3.client.renderer.texturefx.TextureRedWaterFlowFX@7b1838ec, texId: 111, index: 206
TextureFX registered: alz.mods.enhancedportals.client.TextureNetherPortalFX@272d2a35, texId: 113, index: 0
TextureFX registered: alz.mods.enhancedportals.client.TextureNetherPortalFX@2bd8fa81, texId: 113, index: 1
TextureFX registered: alz.mods.enhancedportals.client.TextureNetherPortalFX@54e900e0, texId: 113, index: 2
TextureFX registered: alz.mods.enhancedportals.client.TextureNetherPortalFX@3f28e974, texId: 113, index: 3
TextureFX registered: alz.mods.enhancedportals.client.TextureNetherPortalFX@6a73d84a, texId: 113, index: 4
TextureFX registered: alz.mods.enhancedportals.client.TextureNetherPortalFX@775c423e, texId: 113, index: 5
TextureFX registered: alz.mods.enhancedportals.client.TextureNetherPortalFX@74ec717c, texId: 113, index: 6
TextureFX registered: alz.mods.enhancedportals.client.TextureNetherPortalFX@3f17004e, texId: 113, index: 7
TextureFX registered: alz.mods.enhancedportals.client.TextureNetherPortalFX@4422d9f3, texId: 113, index: 8
TextureFX registered: alz.mods.enhancedportals.client.TextureNetherPortalFX@74e76065, texId: 113, index: 9
TextureFX registered: alz.mods.enhancedportals.client.TextureNetherPortalFX@7926dcf9, texId: 113, index: 10
TextureFX registered: alz.mods.enhancedportals.client.TextureNetherPortalFX@1ba9e5ee, texId: 113, index: 11
TextureFX registered: alz.mods.enhancedportals.client.TextureNetherPortalFX@341dce88, texId: 113, index: 12
TextureFX registered: alz.mods.enhancedportals.client.TextureNetherPortalFX@415412b5, texId: 113, index: 13
TextureFX registered: alz.mods.enhancedportals.client.TextureNetherPortalFX@5a132e9c, texId: 113, index: 14
TextureFX registered: alz.mods.enhancedportals.client.TextureNetherPortalFX@39d8efae, texId: 113, index: 15
TextureFX registered: thermalexpansion.core.render.TextureRedstoneFX@68b1c0ce, texId: 40, index: 0
TextureFX registered: thermalexpansion.core.render.TextureRedstoneFX@3a18411c, texId: 40, index: 1
TextureFX registered: thermalexpansion.core.render.TextureRedstoneFX@2327e95c, texId: 40, index: 2
TextureFX registered: thermalexpansion.core.render.TextureRedstoneFX@6f30f284, texId: 40, index: 3
TextureFX registered: thermalexpansion.core.render.TextureRedstoneFX@961e81c, texId: 40, index: 4
TextureFX registered: thermalexpansion.core.render.TextureRedstoneFX@7189588d, texId: 40, index: 5
TextureFX registered: thermalexpansion.core.render.TextureRedstoneFX@6df822e9, texId: 40, index: 6
TextureFX registered: thermalexpansion.core.render.TextureRedstoneFX@5344900, texId: 40, index: 7
TextureFX registered: thermalexpansion.core.render.TextureRedstoneFX@31370b2, texId: 40, index: 8
TextureFX registered: thermalexpansion.core.render.TextureRedstoneFX@38e51d6d, texId: 40, index: 9
TextureFX registered: thermalexpansion.core.render.TextureRedstoneFX@14269ff2, texId: 40, index: 10
TextureFX registered: thermalexpansion.core.render.TextureRedstoneFX@337da83f, texId: 40, index: 11
TextureFX registered: thermalexpansion.core.render.TextureRedstoneFX@2bf3d802, texId: 40, index: 12
TextureFX registered: thermalexpansion.core.render.TextureRedstoneFX@3beda664, texId: 40, index: 13
TextureFX registered: thermalexpansion.core.render.TextureRedstoneFX@1b1477e4, texId: 40, index: 14
TextureFX registered: thermalexpansion.core.render.TextureRedstoneFX@45f618e9, texId: 40, index: 15
TextureFX registered: thermalexpansion.core.render.TextureEnderFX@c472d80, texId: 40, index: 64
TextureFX registered: binnie.extrabees.platform.TextureExtraBeeLiquidsFX@63aee605, texId: 314, index: 16
TextureFX registered: binnie.extrabees.platform.TextureExtraBeeLiquidsFX@12c22240, texId: 314, index: 17
TextureFX registered: binnie.extrabees.platform.TextureExtraBeeLiquidsFX@41556054, texId: 314, index: 18
TextureFX registered: binnie.extrabees.platform.TextureExtraBeeLiquidsFX@76052115, texId: 314, index: 19
TextureFX registered: binnie.extrabees.platform.TextureExtraBeeLiquidsFX@37989163, texId: 314, index: 20
TextureFX registered: binnie.extrabees.platform.TextureExtraBeeLiquidsFX@344b65f2, texId: 314, index: 21
TextureFX registered: binnie.extrabees.platform.TextureExtraBeeLiquidsFX@5e76f4ef, texId: 314, index: 22
TextureFX registered: binnie.extrabees.platform.TextureExtraBeeLiquidsFX@1247bbd, texId: 314, index: 23
TextureFX registered: binnie.extrabees.platform.TextureExtraBeeLiquidsFX@72c4e173, texId: 314, index: 24
TextureFX registered: binnie.extrabees.platform.TextureExtraBeeLiquidsFX@27904e1, texId: 314, index: 0
TextureFX registered: binnie.extrabees.platform.TextureExtraBeeLiquidsFX@51277320, texId: 314, index: 1
TextureFX registered: binnie.extrabees.platform.TextureExtraBeeLiquidsFX@6345dbe9, texId: 314, index: 2
TextureFX registered: binnie.extrabees.platform.TextureLiquidDNAFX@216ab827, texId: 314, index: 255
TextureFX registered: forestry.core.render.TextureBiomassFX@21c88557, texId: 445, index: 13
TextureFX registered: forestry.core.render.TextureBiofuelFX@640ec888, texId: 445, index: 12
TextureFX registered: forestry.core.render.TextureMilkFX@29b968d9, texId: 445, index: 15
TextureFX registered: forestry.core.render.TextureHoneyFX@47deadeb, texId: 445, index: 76
TextureFX registered: forestry.core.render.TextureSeedOilFX@23955554, texId: 445, index: 74
TextureFX registered: forestry.core.render.TextureJuiceFX@7d4265c4, texId: 445, index: 75
TextureFX registered: forestry.core.render.TextureMeadFX@9ccc6bf, texId: 445, index: 77
TextureFX registered: forestry.core.render.TextureGlassFX@56f0c1b1, texId: 445, index: 49
TextureFX registered: forestry.core.render.TextureIceFX@6e7688ac, texId: 445, index: 73
TextureFX registered: forestry.core.render.TextureHabitatLocatorFX@5032f2f9, texId: 117, index: 105
TextureFX registered: immibis.lxp.LiquidTextureFX@3133c08f, texId: 463, index: 0
TextureFX registered: LogisticsPipesTextureStatic /logisticspipes/empty.png @ 59, texId: 197, index: 59
TextureFX registered: LogisticsPipesTextureStatic /logisticspipes/empty.png @ 60, texId: 197, index: 60
TextureFX registered: LogisticsPipesTextureStatic /logisticspipes/empty.png @ 61, texId: 197, index: 61
TextureFX registered: LogisticsPipesTextureStatic /logisticspipes/empty.png @ 62, texId: 197, index: 62
TextureFX registered: LogisticsPipesTextureStatic /logisticspipes/empty.png @ 63, texId: 197, index: 63
TextureFX registered: LogisticsPipesTextureStatic /logisticspipes/empty.png @ 64, texId: 197, index: 64
TextureFX registered: LogisticsPipesTextureStatic /logisticspipes/empty.png @ 65, texId: 197, index: 65
TextureFX registered: LogisticsPipesTextureStatic /logisticspipes/empty.png @ 66, texId: 197, index: 66
TextureFX registered: LogisticsPipesTextureStatic /logisticspipes/empty.png @ 67, texId: 197, index: 67
TextureFX registered: LogisticsPipesTextureStatic /logisticspipes/empty.png @ 68, texId: 197, index: 68
TextureFX registered: LogisticsPipesTextureStatic /logisticspipes/empty.png @ 69, texId: 197, index: 69
TextureFX registered: buildcraft.core.render.TextureLiquidsFX@10f35db7, texId: 137, index: 0
TextureFX registered: LogisticsPipesTextureStatic /logisticspipes/empty.png @ 70, texId: 197, index: 70
TextureFX registered: LogisticsPipesTextureStatic /logisticspipes/empty.png @ 71, texId: 197, index: 71
TextureFX registered: LogisticsPipesTextureStatic /logisticspipes/empty.png @ 72, texId: 197, index: 72
TextureFX registered: ro.narc.liquiduu.TextureFXElectrolyzed@3b5d6cc7, texId: 137, index: 2
TextureFX registered: LogisticsPipesTextureStatic /logisticspipes/empty.png @ 73, texId: 197, index: 73
TextureFX registered: LogisticsPipesTextureStatic /logisticspipes/empty.png @ 74, texId: 197, index: 74
TextureFX registered: LogisticsPipesTextureStatic /logisticspipes/empty.png @ 75, texId: 197, index: 75
TextureFX registered: ModTextureAnimation@6e063026, texId: 238, index: 34
TextureFX registered: LogisticsPipesTextureStatic /logisticspipes/empty.png @ 76, texId: 197, index: 76
TextureFX registered: LogisticsPipesTextureStatic /logisticspipes/empty.png @ 77, texId: 197, index: 77
TextureFX registered: LogisticsPipesTextureStatic /logisticspipes/empty.png @ 78, texId: 197, index: 78
TextureFX registered: LogisticsPipesTextureStatic /logisticspipes/empty.png @ 79, texId: 197, index: 79
TextureFX registered: LogisticsPipesTextureStatic /logisticspipes/empty.png @ 80, texId: 197, index: 80
TextureFX registered: LogisticsPipesTextureStatic /logisticspipes/empty.png @ 81, texId: 197, index: 81
TextureFX registered: LogisticsPipesTextureStatic /logisticspipes/empty.png @ 82, texId: 197, index: 82
TextureFX registered: LogisticsPipesTextureStatic /logisticspipes/empty.png @ 83, texId: 197, index: 83
TextureFX registered: LogisticsPipesTextureStatic /logisticspipes/empty.png @ 84, texId: 197, index: 84
TextureFX registered: LogisticsPipesTextureStatic /logisticspipes/empty.png @ 85, texId: 197, index: 85
TextureFX registered: LogisticsPipesTextureStatic /logisticspipes/empty.png @ 86, texId: 197, index: 86
TextureFX registered: ModTextureAnimation@9d77b6f, texId: 237, index: 46
TextureFX registered: LogisticsPipesTextureStatic /logisticspipes/empty.png @ 87, texId: 197, index: 87
TextureFX registered: ModTextureAnimation@f79376c, texId: 236, index: 48
TextureFX registered: LogisticsPipesTextureStatic /logisticspipes/empty.png @ 88, texId: 197, index: 88
TextureFX registered: ModTextureAnimation@635159b3, texId: 236, index: 49
TextureFX registered: LogisticsPipesTextureStatic /logisticspipes/empty.png @ 89, texId: 197, index: 89
TextureFX registered: ModTextureAnimation@3342f3f4, texId: 236, index: 50
TextureFX registered: LogisticsPipesTextureStatic /logisticspipes/empty.png @ 90, texId: 197, index: 90
TextureFX registered: ModTextureAnimation@2fa96638, texId: 236, index: 51
TextureFX registered: LogisticsPipesTextureStatic /logisticspipes/empty.png @ 91, texId: 197, index: 91
TextureFX registered: ModTextureAnimation@13036e92, texId: 236, index: 52
TextureFX registered: ModTextureAnimation@73883237, texId: 238, index: 50
TextureFX registered: portalgun.client.render.TextureAnimation@4605a080, texId: 283, index: 5
TextureFX registered: LogisticsPipesTextureStatic /logisticspipes/empty.png @ 92, texId: 197, index: 92
TextureFX registered: ModTextureAnimation@65f6307f, texId: 236, index: 53
TextureFX registered: LogisticsPipesTextureStatic /logisticspipes/empty.png @ 93, texId: 197, index: 93
TextureFX registered: ModTextureAnimation@429517a3, texId: 236, index: 54
TextureFX registered: LogisticsPipesTextureStatic /logisticspipes/empty.png @ 94, texId: 197, index: 94
TextureFX registered: ModTextureAnimation@a0f6080, texId: 236, index: 55
TextureFX registered: LogisticsPipesTextureStatic /logisticspipes/empty.png @ 95, texId: 197, index: 95
TextureFX registered: ModTextureAnimation@eb6017f, texId: 236, index: 56
TextureFX registered: LogisticsPipesTextureStatic /logisticspipes/empty.png @ 96, texId: 197, index: 96
TextureFX registered: ModTextureAnimation@4dd9767d, texId: 236, index: 57
TextureFX registered: LogisticsPipesTextureStatic /logisticspipes/empty.png @ 97, texId: 197, index: 97
TextureFX registered: ModTextureAnimation@6000396e, texId: 236, index: 58
TextureFX registered: com.xcompwiz.mystcraft.client.texturefx.TextureLiquidFX@2a4b33a6, texId: 279, index: 15
TextureFX registered: LogisticsPipesTextureStatic /logisticspipes/empty.png @ 98, texId: 197, index: 98
TextureFX registered: ModTextureAnimation@7f7c5a96, texId: 236, index: 59
TextureFX registered: com.xcompwiz.mystcraft.client.texturefx.TexturePortalFX@5787d879, texId: 280, index: 15
TextureFX registered: LogisticsPipesTextureStatic /logisticspipes/empty.png @ 99, texId: 197, index: 99
TextureFX registered: ModTextureAnimation@56ada5cc, texId: 236, index: 60
TextureFX registered: LogisticsPipesTextureStatic /logisticspipes/empty.png @ 100, texId: 197, index: 100
TextureFX registered: ModTextureAnimation@62a0144d, texId: 236, index: 61
TextureFX registered: LogisticsPipesTextureStatic /logisticspipes/empty.png @ 101, texId: 197, index: 101
TextureFX registered: ModTextureAnimation@64cdd77e, texId: 236, index: 62
TextureFX registered: LogisticsPipesTextureStatic /logisticspipes/empty.png @ 102, texId: 197, index: 102
TextureFX registered: ModTextureAnimation@36e4c52e, texId: 236, index: 63
TextureFX registered: LogisticsPipesTextureStatic /logisticspipes/empty.png @ 103, texId: 197, index: 103
TextureFX registered: LogisticsPipesTextureStatic /logisticspipes/empty.png @ 104, texId: 197, index: 104
TextureFX registered: LogisticsPipesTextureStatic /logisticspipes/empty.png @ 105, texId: 197, index: 105
TextureFX registered: dan200.computer.client.TextureComputerFX@41a18880, texId: 26, index: 20
TextureFX registered: LogisticsPipesTextureStatic /logisticspipes/empty.png @ 106, texId: 197, index: 106
TextureFX registered: LogisticsPipesTextureStatic /logisticspipes/empty.png @ 107, texId: 197, index: 107
TextureFX registered: ModTextureAnimation@c51139e, texId: 238, index: 66
TextureFX registered: LogisticsPipesTextureStatic /logisticspipes/empty.png @ 108, texId: 197, index: 108
TextureFX registered: LogisticsPipesTextureStatic /logisticspipes/empty.png @ 109, texId: 197, index: 109
TextureFX registered: LogisticsPipesTextureStatic /logisticspipes/empty.png @ 110, texId: 197, index: 110
TextureFX registered: LogisticsPipesTextureStatic /logisticspipes/empty.png @ 111, texId: 197, index: 111
TextureFX registered: dan200.computer.client.TextureComputerFX@33f5c60a, texId: 26, index: 25
TextureFX registered: LogisticsPipesTextureStatic /logisticspipes/empty.png @ 112, texId: 197, index: 112
TextureFX registered: LogisticsPipesTextureStatic /logisticspipes/empty.png @ 113, texId: 197, index: 113
TextureFX registered: LogisticsPipesTextureStatic /logisticspipes/empty.png @ 114, texId: 197, index: 114
TextureFX registered: thaumcraft.client.fx.FXAnimatedPotion@20c105c7, texId: 139, index: 177
TextureFX registered: ModTextureAnimation@63828bb3, texId: 238, index: 82
TextureFX registered: twilightforest.client.TextureTFMagicLeavesFX@2687f417, texId: 248, index: 88
TextureFX registered: ModTextureAnimation@3b9e4f11, texId: 239, index: 98
TextureFX registered: ModTextureAnimation@40d91047, texId: 239, index: 99
TextureFX registered: ModTextureAnimation@48d324f3, texId: 239, index: 100
TextureFX registered: ModTextureAnimation@156a8fca, texId: 239, index: 101
TextureFX registered: twilightforest.client.TextureTFMagicLeavesFX@5c45bcb1, texId: 248, index: 92
TextureFX registered: twilightforest.client.TextureTFMagicLeavesFX@6cb04a62, texId: 248, index: 94
TextureFX registered: thaumcraft.client.fx.FXAnimatedTexture@530bc043, texId: 139, index: 210
TextureFX registered: ModTextureAnimation@3a516e72, texId: 238, index: 114
TextureFX registered: thaumcraft.client.fx.FXAnimatedTexture@506b82f8, texId: 138, index: 15
TextureFX registered: thaumcraft.client.fx.FXAnimatedLava@46d4caf6, texId: 138, index: 18
TextureFX registered: thaumcraft.client.fx.FXAnimatedInfusedOre@4b5003b7, texId: 138, index: 22
TextureFX registered: ModTextureAnimation@39c3c08a, texId: 238, index: 194
TextureFX registered: ModTextureAnimation@50a4266e, texId: 238, index: 210
TextureFX registered: LogisticsPipesTextureStatic /logisticspipes/empty.png @ 0, texId: 197, index: 0
TextureFX registered: LogisticsPipesTextureStatic /logisticspipes/empty.png @ 1, texId: 197, index: 1
TextureFX registered: LogisticsPipesTextureStatic /logisticspipes/empty.png @ 2, texId: 197, index: 2
TextureFX registered: LogisticsPipesTextureStatic /logisticspipes/empty.png @ 3, texId: 197, index: 3
TextureFX registered: LogisticsPipesTextureStatic /logisticspipes/empty.png @ 4, texId: 197, index: 4
TextureFX registered: LogisticsPipesTextureStatic /logisticspipes/empty.png @ 5, texId: 197, index: 5
TextureFX registered: LogisticsPipesTextureStatic /logisticspipes/empty.png @ 6, texId: 197, index: 6
TextureFX registered: LogisticsPipesTextureStatic /logisticspipes/empty.png @ 7, texId: 197, index: 7
TextureFX registered: LogisticsPipesTextureStatic /logisticspipes/empty.png @ 8, texId: 197, index: 8
TextureFX registered: railcraft.client.textureFX.TextureCreosoteOilFX@51a0f00f, texId: 461, index: 0
TextureFX registered: thaumcraft.client.fx.FXAnimatedTexture@3b6e24e7, texId: 139, index: 67
TextureFX registered: LogisticsPipesTextureStatic /logisticspipes/empty.png @ 9, texId: 197, index: 9
TextureFX registered: LogisticsPipesTextureStatic /logisticspipes/empty.png @ 10, texId: 197, index: 10
TextureFX registered: LogisticsPipesTextureStatic /logisticspipes/empty.png @ 11, texId: 197, index: 11
TextureFX registered: LogisticsPipesTextureStatic /logisticspipes/empty.png @ 12, texId: 197, index: 12
TextureFX registered: LogisticsPipesTextureStatic /logisticspipes/empty.png @ 13, texId: 197, index: 13
TextureFX registered: LogisticsPipesTextureStatic /logisticspipes/empty.png @ 14, texId: 197, index: 14
TextureFX registered: LogisticsPipesTextureStatic /logisticspipes/empty.png @ 15, texId: 197, index: 15
TextureFX registered: LogisticsPipesTextureStatic /logisticspipes/empty.png @ 16, texId: 197, index: 16
TextureFX registered: LogisticsPipesTextureStatic /logisticspipes/empty.png @ 17, texId: 197, index: 17
TextureFX registered: LogisticsPipesTextureStatic /logisticspipes/empty.png @ 18, texId: 197, index: 18
TextureFX registered: LogisticsPipesTextureStatic /logisticspipes/empty.png @ 19, texId: 197, index: 19
TextureFX registered: LogisticsPipesTextureStatic /logisticspipes/empty.png @ 20, texId: 197, index: 20
TextureFX registered: LogisticsPipesTextureStatic /logisticspipes/empty.png @ 21, texId: 197, index: 21
TextureFX registered: LogisticsPipesTextureStatic /logisticspipes/empty.png @ 22, texId: 197, index: 22
TextureFX registered: LogisticsPipesTextureStatic /logisticspipes/empty.png @ 23, texId: 197, index: 23
TextureFX registered: LogisticsPipesTextureStatic /logisticspipes/empty.png @ 24, texId: 197, index: 24
TextureFX registered: railcraft.client.textureFX.TextureSteamFX@1ae2865c, texId: 461, index: 16
TextureFX registered: LogisticsPipesTextureStatic /logisticspipes/empty.png @ 25, texId: 197, index: 25
TextureFX registered: LogisticsPipesTextureStatic /logisticspipes/empty.png @ 26, texId: 197, index: 26
TextureFX registered: LogisticsPipesTextureStatic /logisticspipes/empty.png @ 27, texId: 197, index: 27
TextureFX registered: ModTextureAnimation@1cd09e84, texId: 238, index: 242
TextureFX registered: LogisticsPipesTextureStatic /logisticspipes/empty.png @ 28, texId: 197, index: 28
TextureFX registered: LogisticsPipesTextureStatic /logisticspipes/empty.png @ 29, texId: 197, index: 29
TextureFX registered: LogisticsPipesTextureStatic /logisticspipes/empty.png @ 30, texId: 197, index: 30
TextureFX registered: LogisticsPipesTextureStatic /logisticspipes/empty.png @ 31, texId: 197, index: 31
TextureFX registered: LogisticsPipesTextureStatic /logisticspipes/empty.png @ 32, texId: 197, index: 32
TextureFX registered: LogisticsPipesTextureStatic /logisticspipes/empty.png @ 33, texId: 197, index: 33
TextureFX registered: LogisticsPipesTextureStatic /logisticspipes/empty.png @ 34, texId: 197, index: 34
TextureFX registered: LogisticsPipesTextureStatic /logisticspipes/empty.png @ 35, texId: 197, index: 35
TextureFX registered: LogisticsPipesTextureStatic /logisticspipes/empty.png @ 36, texId: 197, index: 36
TextureFX registered: LogisticsPipesTextureStatic /logisticspipes/empty.png @ 37, texId: 197, index: 37
TextureFX registered: LogisticsPipesTextureStatic /logisticspipes/empty.png @ 38, texId: 197, index: 38
TextureFX registered: LogisticsPipesTextureStatic /logisticspipes/empty.png @ 39, texId: 197, index: 39
TextureFX registered: ModTextureAnimation@54c10cf4, texId: 236, index: 0
TextureFX registered: LogisticsPipesTextureStatic /logisticspipes/empty.png @ 40, texId: 197, index: 40
TextureFX registered: LogisticsPipesTextureStatic /logisticspipes/empty.png @ 41, texId: 197, index: 41
TextureFX registered: LogisticsPipesTextureStatic /logisticspipes/empty.png @ 42, texId: 197, index: 42
TextureFX registered: ModTextureAnimation@29ee8a2d, texId: 237, index: 2
TextureFX registered: com.eloraam.redpower.core.TextureAnimFX@30296e85, texId: 286, index: 239
TextureFX registered: LogisticsPipesTextureStatic /logisticspipes/empty.png @ 43, texId: 197, index: 43
TextureFX registered: ModTextureAnimation@6e2ea288, texId: 237, index: 3
TextureFX registered: LogisticsPipesTextureStatic /logisticspipes/empty.png @ 44, texId: 197, index: 44
TextureFX registered: ModTextureAnimation@76f82d29, texId: 237, index: 4
TextureFX registered: LogisticsPipesTextureStatic /logisticspipes/empty.png @ 45, texId: 197, index: 45
TextureFX registered: ModTextureAnimation@6e5b5082, texId: 237, index: 5
TextureFX registered: LogisticsPipesTextureStatic /logisticspipes/empty.png @ 46, texId: 197, index: 46
TextureFX registered: LogisticsPipesTextureStatic /logisticspipes/empty.png @ 47, texId: 197, index: 47
TextureFX registered: LogisticsPipesTextureStatic /logisticspipes/empty.png @ 48, texId: 197, index: 48
TextureFX registered: LogisticsPipesTextureStatic /logisticspipes/empty.png @ 49, texId: 197, index: 49
TextureFX registered: LogisticsPipesTextureStatic /logisticspipes/empty.png @ 50, texId: 197, index: 50
TextureFX registered: LogisticsPipesTextureStatic /logisticspipes/empty.png @ 51, texId: 197, index: 51
TextureFX registered: LogisticsPipesTextureStatic /logisticspipes/empty.png @ 52, texId: 197, index: 52
TextureFX registered: LogisticsPipesTextureStatic /logisticspipes/empty.png @ 53, texId: 197, index: 53
TextureFX registered: LogisticsPipesTextureStatic /logisticspipes/empty.png @ 54, texId: 197, index: 54
TextureFX registered: LogisticsPipesTextureStatic /logisticspipes/empty.png @ 55, texId: 197, index: 55
TextureFX registered: LogisticsPipesTextureStatic /logisticspipes/empty.png @ 56, texId: 197, index: 56
TextureFX registered: LogisticsPipesTextureStatic /logisticspipes/empty.png @ 57, texId: 197, index: 57
TextureFX registered: LogisticsPipesTextureStatic /logisticspipes/empty.png @ 58, texId: 197, index: 58
TextureFX registered: com.eloraam.redpower.core.TextureAnimFX@553a6a5b, texId: 286, index: 255
