Mono path[0] = 'D:/Programas Sem Instalacao/Games/Steam Games/Hollow Knight Series/Hollow Knight/Hollow Knight_Data/Managed'
Mono config path = 'D:/Programas Sem Instalacao/Games/Steam Games/Hollow Knight Series/Hollow Knight/MonoBleedingEdge/etc'
Fallback handler could not load library D:/Programas Sem Instalacao/Games/Steam Games/Hollow Knight Series/Hollow Knight/Hollow Knight_Data/Mono/lib/usr/lib/libSystem.dylib
Fallback handler could not load library D:/Programas Sem Instalacao/Games/Steam Games/Hollow Knight Series/Hollow Knight/Hollow Knight_Data/Mono/lib/usr/lib/libSystem.dylib.dll
Fallback handler could not load library D:/Programas Sem Instalacao/Games/Steam Games/Hollow Knight Series/Hollow Knight/Hollow Knight_Data/Mono/lib/usr/lib/libSystem.dylib
Fallback handler could not load library D:/Programas Sem Instalacao/Games/Steam Games/Hollow Knight Series/Hollow Knight/Hollow Knight_Data/Mono/libc.so.6
Fallback handler could not load library D:/Programas Sem Instalacao/Games/Steam Games/Hollow Knight Series/Hollow Knight/Hollow Knight_Data/Mono/libc.so.6.dll
Fallback handler could not load library D:/Programas Sem Instalacao/Games/Steam Games/Hollow Knight Series/Hollow Knight/Hollow Knight_Data/Mono/libc.so.6
Fallback handler could not load library D:/Programas Sem Instalacao/Games/Steam Games/Hollow Knight Series/Hollow Knight/Hollow Knight_Data/Mono/data-0000027FFC9BC2A0.dll
Fallback handler could not load library D:/Programas Sem Instalacao/Games/Steam Games/Hollow Knight Series/Hollow Knight/Hollow Knight_Data/Mono/data-0000027FFCA05910.dll
Fallback handler could not load library D:/Programas Sem Instalacao/Games/Steam Games/Hollow Knight Series/Hollow Knight/Hollow Knight_Data/Mono/data-0000027FFCC3C620.dll
Fallback handler could not load library D:/Programas Sem Instalacao/Games/Steam Games/Hollow Knight Series/Hollow Knight/Hollow Knight_Data/Mono/data-0000027FFC1E2AD0.dll
Fallback handler could not load library D:/Programas Sem Instalacao/Games/Steam Games/Hollow Knight Series/Hollow Knight/Hollow Knight_Data/Mono/data-0000027FFC1E3AE0.dll
Fallback handler could not load library D:/Programas Sem Instalacao/Games/Steam Games/Hollow Knight Series/Hollow Knight/Hollow Knight_Data/Mono/data-0000027FFCA06520.dll
Fallback handler could not load library D:/Programas Sem Instalacao/Games/Steam Games/Hollow Knight Series/Hollow Knight/Hollow Knight_Data/Mono/data-0000027FFC1E5B00.dll
Fallback handler could not load library D:/Programas Sem Instalacao/Games/Steam Games/Hollow Knight Series/Hollow Knight/Hollow Knight_Data/Mono/data-0000027FFC1E6B10.dll
Fallback handler could not load library D:/Programas Sem Instalacao/Games/Steam Games/Hollow Knight Series/Hollow Knight/Hollow Knight_Data/Mono/data-0000027FFCA07130.dll
Fallback handler could not load library D:/Programas Sem Instalacao/Games/Steam Games/Hollow Knight Series/Hollow Knight/Hollow Knight_Data/Mono/data-0000027FFC1E7B20.dll
Fallback handler could not load library D:/Programas Sem Instalacao/Games/Steam Games/Hollow Knight Series/Hollow Knight/Hollow Knight_Data/Mono/data-0000027FFCA07D40.dll
Fallback handler could not load library D:/Programas Sem Instalacao/Games/Steam Games/Hollow Knight Series/Hollow Knight/Hollow Knight_Data/Mono/data-0000027FFC1EAB50.dll
Fallback handler could not load library D:/Programas Sem Instalacao/Games/Steam Games/Hollow Knight Series/Hollow Knight/Hollow Knight_Data/Mono/data-0000027FFCA04D00.dll
Fallback handler could not load library D:/Programas Sem Instalacao/Games/Steam Games/Hollow Knight Series/Hollow Knight/Hollow Knight_Data/Mono/data-0000027FFC1EBB60.dll
Fallback handler could not load library D:/Programas Sem Instalacao/Games/Steam Games/Hollow Knight Series/Hollow Knight/Hollow Knight_Data/Mono/data-0000027FFC1ECB70.dll
Fallback handler could not load library D:/Programas Sem Instalacao/Games/Steam Games/Hollow Knight Series/Hollow Knight/Hollow Knight_Data/Mono/data-0000027FFCA09560.dll
Fallback handler could not load library D:/Programas Sem Instalacao/Games/Steam Games/Hollow Knight Series/Hollow Knight/Hollow Knight_Data/Mono/data-0000027FFC1E9B40.dll
Fallback handler could not load library D:/Programas Sem Instalacao/Games/Steam Games/Hollow Knight Series/Hollow Knight/Hollow Knight_Data/Mono/data-0000027FFC0B57B0.dll
Fallback handler could not load library D:/Programas Sem Instalacao/Games/Steam Games/Hollow Knight Series/Hollow Knight/Hollow Knight_Data/Mono/data-0000027FFCA0AD80.dll
Fallback handler could not load library D:/Programas Sem Instalacao/Games/Steam Games/Hollow Knight Series/Hollow Knight/Hollow Knight_Data/Mono/data-0000027FFC0B2780.dll
Initialize engine version: 2020.2.2f1 (068178b99f32)
[Subsystems] Discovering subsystems at path D:/Programas Sem Instalacao/Games/Steam Games/Hollow Knight Series/Hollow Knight/Hollow Knight_Data/UnitySubsystems
GfxDevice: creating device client; threaded=1
Direct3D:
    Version:  Direct3D 11.0 [level 11.1]
    Renderer: AMD  Radeon RX 7800 XT (ID=0x747e)
    Vendor:   
    VRAM:     16368 MB
    Driver:   32.0.21025.10016
Begin MonoManager ReloadAssembly
- Completed reload, in  0.085 seconds
OnLevelWasLoaded was found on GameMap
This message has been deprecated and will be removed in a later version of Unity.
Add a delegate to SceneManager.sceneLoaded instead to get notifications after scene loading has completed

OnLevelWasLoaded was found on PlayMakerUnity2d
This message has been deprecated and will be removed in a later version of Unity.
Add a delegate to SceneManager.sceneLoaded instead to get notifications after scene loading has completed

D3D11 device created for Microsoft Media Foundation video decoding.
<RI> Initializing input.
<RI> Input initialized.
<RI> Initialized touch support.
The class named 'ConfigManager' is abstract. The script class can't be abstract!

UnloadTime: 0.572400 ms
[Message: Preloader] BepInEx 6.0.0-be.697 - Hollow Knight
[Message: Preloader] Built from commit 53625800b86f6c68751445248260edf0b27a71c2
[Info   :   BepInEx] System platform: Windows 10 64-bit
[Info   :   BepInEx] Process bitness: 64-bit (x64)
[Info   : Preloader] Running under Unity 2020.2.2f1
[Info   : Preloader] CLR runtime version: 4.0.30319.17020
[Info   : Preloader] Supports SRE: False
[Message: Preloader] Preloader started
[Info   :AssemblyPatcher] Loaded 1 patcher type from [BepInEx.Unity.Mono.Preloader 6.0.0.0]
[Info   : Preloader] 1 patcher plugin loaded
[Info   : Preloader] 109 assemblies discovered
[Message:AssemblyPatcher] Executing 1 patch(es)
[Message: Preloader] Preloader finished
[Message:   BepInEx] Chainloader initialized
[Info   :   BepInEx] 1 plugin to load
[Info   :   BepInEx] Loading [Cabby Codes 1.0.2]
[Info   :Cabby Codes] Plugin cabby.cabbycodes is loaded!
[Info   :Cabby Codes] Config location: D:\Programas Sem Instalacao\Games\Steam Games\Hollow Knight Series\Hollow Knight\BepInEx\config\cabby.cabbycodes.cfg
[Message:   BepInEx] Chainloader startup complete
Graphics tier changed to High

GOG signing in...

Selected online subsystem GOGGalaxyOnlineSubsystem

Discovered supported languages: DE, EN, ES, FR, IT, JA, KO, PT, RU, ZH

Unloading 5 Unused Serialized files (Serialized files now loaded: 0)
Loaded saved language code 'PT'

Restored language code 'PT'


Unloading 362 unused Assets to reduce memory usage. Loaded Objects now: 3836.
Total: 2.796400 ms (FindLiveObjects: 0.179400 ms CreateObjectMapping: 0.141400 ms MarkObjects: 2.371400 ms  DeleteObjects: 0.104000 ms)

Fallback handler could not load library D:/Programas Sem Instalacao/Games/Steam Games/Hollow Knight Series/Hollow Knight/Hollow Knight_Data/Mono/data-0000027FFCE7A1C0.dll
Fallback handler could not load library D:/Programas Sem Instalacao/Games/Steam Games/Hollow Knight Series/Hollow Knight/Hollow Knight_Data/Mono/data-0000027FFCE80220.dll
Fallback handler could not load library D:/Programas Sem Instalacao/Games/Steam Games/Hollow Knight Series/Hollow Knight/Hollow Knight_Data/Mono/data-0000027FFCE7D1F0.dll
[Info   :Cabby Codes] CabbyCodes menu initialized successfully
Direct3D: detected that using refresh rate causes time drift. Will stop trusting refresh rate until the game window is moved.
Unloading 5 Unused Serialized files (Serialized files now loaded: 0)
Joystick connected ("Controller (XBOX 360 For Windows)").

Direct3D: detected that vsync is broken (it does not limit frame rate properly). Delta time will now be calculated using cpu-side time stampling until the game window is moved.
Didn't need to wait for PlayerPrefs load.

UnloadTime: 2.091200 ms
DontDestroyOnLoad only works for root GameObjects or components on root GameObjects.

Performing automatic level start.

Game controller set to None.

pd.maxHealth: 5 pd.maxHealthBase: 5


Unloading 30 unused Assets to reduce memory usage. Loaded Objects now: 45174.
Total: 123.178400 ms (FindLiveObjects: 1.994600 ms CreateObjectMapping: 1.218600 ms MarkObjects: 119.697300 ms  DeleteObjects: 0.266600 ms)

GOG authorization failed: FAILURE_REASON_GALAXY_SERVICE_NOT_AVAILABLE

Game controller set to XInput Controller.

Controller Type: XboxOne

Active Gamepad Type: XBOX_ONE

Making UI menu lean.

AddEventHandlerComponent: PlayMakerFixedUpdate

AddEventHandlerComponent: PlayMakerFixedUpdate

AddEventHandlerComponent: PlayMakerFixedUpdate

AddEventHandlerComponent: PlayMakerFixedUpdate

AddEventHandlerComponent: PlayMakerFixedUpdate

AddEventHandlerComponent: PlayMakerFixedUpdate

AddEventHandlerComponent: PlayMakerFixedUpdate

AddEventHandlerComponent: PlayMakerFixedUpdate

AddEventHandlerComponent: PlayMakerFixedUpdate

AddEventHandlerComponent: PlayMakerFixedUpdate

AddEventHandlerComponent: PlayMakerFixedUpdate

AddEventHandlerComponent: PlayMakerFixedUpdate

AddEventHandlerComponent: PlayMakerFixedUpdate

AddEventHandlerComponent: PlayMakerFixedUpdate

AddEventHandlerComponent: PlayMakerFixedUpdate

AddEventHandlerComponent: PlayMakerFixedUpdate

AddEventHandlerComponent: PlayMakerFixedUpdate

AddEventHandlerComponent: PlayMakerFixedUpdate

AddEventHandlerComponent: PlayMakerFixedUpdate

AddEventHandlerComponent: PlayMakerFixedUpdate

AddEventHandlerComponent: PlayMakerFixedUpdate

AddEventHandlerComponent: PlayMakerFixedUpdate

AddEventHandlerComponent: PlayMakerFixedUpdate

AddEventHandlerComponent: PlayMakerFixedUpdate

AddEventHandlerComponent: PlayMakerFixedUpdate

AddEventHandlerComponent: PlayMakerFixedUpdate

AddEventHandlerComponent: PlayMakerFixedUpdate

AddEventHandlerComponent: PlayMakerFixedUpdate

Deferring level start (marked as manual).

Unloading 19 Unused Serialized files (Serialized files now loaded: 0)

Unloading 225 unused Assets to reduce memory usage. Loaded Objects now: 50383.
Total: 162.966800 ms (FindLiveObjects: 3.225900 ms CreateObjectMapping: 2.015000 ms MarkObjects: 156.053700 ms  DeleteObjects: 1.671800 ms)

Unable to get achievement CHARMED, because GOG is not authenticated.

Unable to push achievement CHARMED, because GOG is not authenticated.

Object Pool attached to GlobalPool has run out of Run Effects prefabs, Instantiating an additional one.

Object Pool attached to GlobalPool has run out of Run Effects prefabs, Instantiating an additional one.

AddEventHandlerComponent: PlayMakerFixedUpdate

AddEventHandlerComponent: PlayMakerFixedUpdate

AddEventHandlerComponent: PlayMakerFixedUpdate

AddEventHandlerComponent: PlayMakerCollisionEnter2D

AddEventHandlerComponent: PlayMakerFixedUpdate

Deferring level start (marked as manual).

Object Pool attached to GlobalPool could not find a copy of Plat Grass, Instantiating a new one.

Object Pool attached to GlobalPool has run out of Plat Grass prefabs, Instantiating an additional one.

AddEventHandlerComponent: PlayMakerFixedUpdate

AddEventHandlerComponent: PlayMakerCollisionEnter2D

AddEventHandlerComponent: PlayMakerFixedUpdate

AddEventHandlerComponent: PlayMakerFixedUpdate

AddEventHandlerComponent: PlayMakerCollisionEnter2D

AddEventHandlerComponent: PlayMakerFixedUpdate

AddEventHandlerComponent: PlayMakerFixedUpdate

AddEventHandlerComponent: PlayMakerFixedUpdate

AddEventHandlerComponent: PlayMakerFixedUpdate

AddEventHandlerComponent: PlayMakerCollisionEnter2D

AddEventHandlerComponent: PlayMakerFixedUpdate

AddEventHandlerComponent: PlayMakerFixedUpdate

AddEventHandlerComponent: PlayMakerCollisionEnter2D

AddEventHandlerComponent: PlayMakerFixedUpdate

AddEventHandlerComponent: PlayMakerFixedUpdate

AddEventHandlerComponent: PlayMakerFixedUpdate

AddEventHandlerComponent: PlayMakerFixedUpdate

Persistent Bool Item (Vine Platform (1)) does not have a PlayMakerFSM attached to read state from.

Persistent Bool Item (Vine Platform (4)) does not have a PlayMakerFSM attached to read state from.

Persistent Bool Item (Vine Platform (3)) does not have a PlayMakerFSM attached to read state from.

Persistent Bool Item (Vine Platform (5)) does not have a PlayMakerFSM attached to read state from.

Persistent Bool Item (Vine Platform (2)) does not have a PlayMakerFSM attached to read state from.

Persistent Bool Item (Vine Platform) does not have a PlayMakerFSM attached to read state from.

Persistent Bool Item (Vine Platform (6)) does not have a PlayMakerFSM attached to read state from.

Deferring level start (marked as manual).

Object Pool attached to GlobalPool has run out of Slash Impact R prefabs, Instantiating an additional one.

Object Pool attached to GlobalPool has run out of Strike Nail R prefabs, Instantiating an additional one.

Object Pool attached to GlobalPool has run out of Slash Impact R prefabs, Instantiating an additional one.

Object Pool attached to GlobalPool has run out of Run Effects prefabs, Instantiating an additional one.

Object Pool attached to GlobalPool has run out of Strike Nail R prefabs, Instantiating an additional one.

Object Pool attached to GlobalPool has run out of Slash Impact R prefabs, Instantiating an additional one.

AddEventHandlerComponent: PlayMakerFixedUpdate

AddEventHandlerComponent: PlayMakerFixedUpdate

Object Pool attached to GlobalPool has run out of Slash Impact R prefabs, Instantiating an additional one.

AddEventHandlerComponent: PlayMakerFixedUpdate

AddEventHandlerComponent: PlayMakerCollisionEnter2D

AddEventHandlerComponent: PlayMakerFixedUpdate

AddEventHandlerComponent: PlayMakerFixedUpdate

AddEventHandlerComponent: PlayMakerCollisionEnter2D

AddEventHandlerComponent: PlayMakerFixedUpdate

AddEventHandlerComponent: PlayMakerFixedUpdate

AddEventHandlerComponent: PlayMakerFixedUpdate

AddEventHandlerComponent: PlayMakerFixedUpdate

AddEventHandlerComponent: PlayMakerFixedUpdate

Persistent Bool Item (Vine Platform (3)) does not have a PlayMakerFSM attached to read state from.

Persistent Bool Item (Vine Platform (2)) does not have a PlayMakerFSM attached to read state from.

Persistent Bool Item (Vine Platform (1)) does not have a PlayMakerFSM attached to read state from.

Persistent Bool Item (Vine Platform) does not have a PlayMakerFSM attached to read state from.

Deferring level start (marked as manual).

Object Pool attached to GlobalPool has run out of Slash Impact R prefabs, Instantiating an additional one.

[Info   :Cabby Codes] Teleporting to [Fungus1_06] (106, 4)
AddEventHandlerComponent: PlayMakerFixedUpdate

AddEventHandlerComponent: PlayMakerCollisionEnter2D

AddEventHandlerComponent: PlayMakerFixedUpdate

AddEventHandlerComponent: PlayMakerFixedUpdate

AddEventHandlerComponent: PlayMakerCollisionEnter2D

AddEventHandlerComponent: PlayMakerFixedUpdate

AddEventHandlerComponent: PlayMakerFixedUpdate

AddEventHandlerComponent: PlayMakerFixedUpdate

AddEventHandlerComponent: PlayMakerFixedUpdate

AddEventHandlerComponent: PlayMakerCollisionEnter2D

AddEventHandlerComponent: PlayMakerFixedUpdate

AddEventHandlerComponent: PlayMakerFixedUpdate

AddEventHandlerComponent: PlayMakerCollisionEnter2D

AddEventHandlerComponent: PlayMakerFixedUpdate

AddEventHandlerComponent: PlayMakerFixedUpdate

AddEventHandlerComponent: PlayMakerFixedUpdate

AddEventHandlerComponent: PlayMakerFixedUpdate

Persistent Bool Item (Vine Platform (1)) does not have a PlayMakerFSM attached to read state from.

Persistent Bool Item (Vine Platform (4)) does not have a PlayMakerFSM attached to read state from.

Persistent Bool Item (Vine Platform (3)) does not have a PlayMakerFSM attached to read state from.

Persistent Bool Item (Vine Platform (5)) does not have a PlayMakerFSM attached to read state from.

Persistent Bool Item (Vine Platform (2)) does not have a PlayMakerFSM attached to read state from.

Persistent Bool Item (Vine Platform) does not have a PlayMakerFSM attached to read state from.

Persistent Bool Item (Vine Platform (6)) does not have a PlayMakerFSM attached to read state from.

Deferring level start (marked as manual).

Unloading 25 Unused Serialized files (Serialized files now loaded: 0)

Unloading 652 unused Assets to reduce memory usage. Loaded Objects now: 61215.
Total: 161.485500 ms (FindLiveObjects: 2.447800 ms CreateObjectMapping: 1.172000 ms MarkObjects: 156.477000 ms  DeleteObjects: 1.387700 ms)

[Info   :Cabby Codes] Teleporting to [Fungus1_07] (32, 40)
AddEventHandlerComponent: PlayMakerCollisionEnter2D

AddEventHandlerComponent: PlayMakerFixedUpdate

AddEventHandlerComponent: PlayMakerFixedUpdate

AddEventHandlerComponent: PlayMakerCollisionEnter2D

AddEventHandlerComponent: PlayMakerFixedUpdate

AddEventHandlerComponent: PlayMakerFixedUpdate

AddEventHandlerComponent: PlayMakerFixedUpdate

AddEventHandlerComponent: PlayMakerFixedUpdate

AddEventHandlerComponent: PlayMakerFixedUpdate

Persistent Bool Item (Vine Platform (3)) does not have a PlayMakerFSM attached to read state from.

Persistent Bool Item (Vine Platform (2)) does not have a PlayMakerFSM attached to read state from.

Persistent Bool Item (Vine Platform (1)) does not have a PlayMakerFSM attached to read state from.

Persistent Bool Item (Vine Platform) does not have a PlayMakerFSM attached to read state from.

Deferring level start (marked as manual).

Unloading 24 Unused Serialized files (Serialized files now loaded: 0)

Unloading 538 unused Assets to reduce memory usage. Loaded Objects now: 59671.
Total: 157.135600 ms (FindLiveObjects: 2.963600 ms CreateObjectMapping: 1.338200 ms MarkObjects: 151.791500 ms  DeleteObjects: 1.041700 ms)

AddEventHandlerComponent: PlayMakerFixedUpdate

Object Pool attached to GlobalPool has run out of Plat Grass prefabs, Instantiating an additional one.

Object Pool attached to GlobalPool has run out of Plat Grass prefabs, Instantiating an additional one.

Object Pool attached to GlobalPool has run out of Plat Grass prefabs, Instantiating an additional one.

Object Pool attached to GlobalPool has run out of Run Effects prefabs, Instantiating an additional one.

AddEventHandlerComponent: PlayMakerCollisionStay2D

AddEventHandlerComponent: PlayMakerFixedUpdate

AddEventHandlerComponent: PlayMakerLateUpdate

AddEventHandlerComponent: PlayMakerFixedUpdate

AddEventHandlerComponent: PlayMakerCollisionStay2D

AddEventHandlerComponent: PlayMakerFixedUpdate

AddEventHandlerComponent: PlayMakerLateUpdate

AddEventHandlerComponent: PlayMakerFixedUpdate

AddEventHandlerComponent: PlayMakerFixedUpdate

AddEventHandlerComponent: PlayMakerFixedUpdate

AddEventHandlerComponent: PlayMakerFixedUpdate

AddEventHandlerComponent: PlayMakerCollisionStay2D

AddEventHandlerComponent: PlayMakerFixedUpdate

AddEventHandlerComponent: PlayMakerLateUpdate

AddEventHandlerComponent: PlayMakerFixedUpdate

AddEventHandlerComponent: PlayMakerFixedUpdate

AddEventHandlerComponent: PlayMakerCollisionStay2D

AddEventHandlerComponent: PlayMakerFixedUpdate

AddEventHandlerComponent: PlayMakerLateUpdate

Deferring level start (marked as manual).

AddEventHandlerComponent: PlayMakerFixedUpdate

AddEventHandlerComponent: PlayMakerFixedUpdate

AddEventHandlerComponent: PlayMakerFixedUpdate

AddEventHandlerComponent: PlayMakerFixedUpdate

AddEventHandlerComponent: PlayMakerFixedUpdate

AddEventHandlerComponent: PlayMakerFixedUpdate

AddEventHandlerComponent: PlayMakerFixedUpdate

AddEventHandlerComponent: PlayMakerFixedUpdate

AddEventHandlerComponent: PlayMakerFixedUpdate

AddEventHandlerComponent: PlayMakerFixedUpdate

Deferring level start (marked as manual).

AddEventHandlerComponent: PlayMakerFixedUpdate

Object Pool attached to GlobalPool has run out of Strike Nail R prefabs, Instantiating an additional one.

Object Pool attached to GlobalPool has run out of Slash Impact R prefabs, Instantiating an additional one.

PlayOneShot was called with a null AudioClip.

AddEventHandlerComponent: PlayMakerFixedUpdate

AddEventHandlerComponent: PlayMakerFixedUpdate

AddEventHandlerComponent: PlayMakerFixedUpdate

AddEventHandlerComponent: PlayMakerCollisionEnter2D

AddEventHandlerComponent: PlayMakerFixedUpdate

AddEventHandlerComponent: PlayMakerFixedUpdate

AddEventHandlerComponent: PlayMakerCollisionEnter2D

AddEventHandlerComponent: PlayMakerFixedUpdate

AddEventHandlerComponent: PlayMakerCollisionEnter2D

AddEventHandlerComponent: PlayMakerFixedUpdate

AddEventHandlerComponent: PlayMakerFixedUpdate

AddEventHandlerComponent: PlayMakerCollisionEnter2D

AddEventHandlerComponent: PlayMakerFixedUpdate

AddEventHandlerComponent: PlayMakerFixedUpdate

AddEventHandlerComponent: PlayMakerFixedUpdate

AddEventHandlerComponent: PlayMakerFixedUpdate

AddEventHandlerComponent: PlayMakerFixedUpdate

AddEventHandlerComponent: PlayMakerFixedUpdate

AddEventHandlerComponent: PlayMakerCollisionEnter2D

AddEventHandlerComponent: PlayMakerFixedUpdate

AddEventHandlerComponent: PlayMakerFixedUpdate

AddEventHandlerComponent: PlayMakerFixedUpdate

Deferring level start (marked as manual).

AddEventHandlerComponent: PlayMakerFixedUpdate

AddEventHandlerComponent: PlayMakerFixedUpdate

AddEventHandlerComponent: PlayMakerFixedUpdate

AddEventHandlerComponent: PlayMakerFixedUpdate

AddEventHandlerComponent: PlayMakerFixedUpdate

AddEventHandlerComponent: PlayMakerFixedUpdate

AddEventHandlerComponent: PlayMakerFixedUpdate

AddEventHandlerComponent: PlayMakerFixedUpdate

AddEventHandlerComponent: PlayMakerFixedUpdate

AddEventHandlerComponent: PlayMakerFixedUpdate

AddEventHandlerComponent: PlayMakerFixedUpdate

AddEventHandlerComponent: PlayMakerFixedUpdate

AddEventHandlerComponent: PlayMakerFixedUpdate

AddEventHandlerComponent: PlayMakerFixedUpdate

Deferring level start (marked as manual).

AddEventHandlerComponent: PlayMakerFixedUpdate

AddEventHandlerComponent: PlayMakerFixedUpdate

AddEventHandlerComponent: PlayMakerFixedUpdate

AddEventHandlerComponent: PlayMakerCollisionEnter2D

AddEventHandlerComponent: PlayMakerFixedUpdate

AddEventHandlerComponent: PlayMakerFixedUpdate

AddEventHandlerComponent: PlayMakerCollisionEnter2D

AddEventHandlerComponent: PlayMakerFixedUpdate

AddEventHandlerComponent: PlayMakerCollisionEnter2D

AddEventHandlerComponent: PlayMakerFixedUpdate

AddEventHandlerComponent: PlayMakerFixedUpdate

AddEventHandlerComponent: PlayMakerCollisionEnter2D

AddEventHandlerComponent: PlayMakerFixedUpdate

AddEventHandlerComponent: PlayMakerFixedUpdate

AddEventHandlerComponent: PlayMakerFixedUpdate

AddEventHandlerComponent: PlayMakerFixedUpdate

AddEventHandlerComponent: PlayMakerFixedUpdate

AddEventHandlerComponent: PlayMakerFixedUpdate

AddEventHandlerComponent: PlayMakerCollisionEnter2D

AddEventHandlerComponent: PlayMakerFixedUpdate

AddEventHandlerComponent: PlayMakerFixedUpdate

AddEventHandlerComponent: PlayMakerFixedUpdate

Deferring level start (marked as manual).

AddEventHandlerComponent: PlayMakerFixedUpdate

AddEventHandlerComponent: PlayMakerFixedUpdate

AddEventHandlerComponent: PlayMakerFixedUpdate

AddEventHandlerComponent: PlayMakerFixedUpdate

AddEventHandlerComponent: PlayMakerFixedUpdate

AddEventHandlerComponent: PlayMakerFixedUpdate

AddEventHandlerComponent: PlayMakerFixedUpdate

AddEventHandlerComponent: PlayMakerFixedUpdate

AddEventHandlerComponent: PlayMakerFixedUpdate

AddEventHandlerComponent: PlayMakerFixedUpdate

AddEventHandlerComponent: PlayMakerFixedUpdate

AddEventHandlerComponent: PlayMakerFixedUpdate

AddEventHandlerComponent: PlayMakerFixedUpdate

Deferring level start (marked as manual).

AddEventHandlerComponent: PlayMakerFixedUpdate

AddEventHandlerComponent: PlayMakerFixedUpdate

AddEventHandlerComponent: PlayMakerCollisionEnter2D

AddEventHandlerComponent: PlayMakerFixedUpdate

AddEventHandlerComponent: PlayMakerFixedUpdate

AddEventHandlerComponent: PlayMakerFixedUpdate

AddEventHandlerComponent: PlayMakerCollisionEnter2D

AddEventHandlerComponent: PlayMakerFixedUpdate

Deferring level start (marked as manual).

AddEventHandlerComponent: PlayMakerFixedUpdate

AddEventHandlerComponent: PlayMakerFixedUpdate

AddEventHandlerComponent: PlayMakerFixedUpdate

AddEventHandlerComponent: PlayMakerCollisionEnter2D

AddEventHandlerComponent: PlayMakerFixedUpdate

Deferring level start (marked as manual).

AddEventHandlerComponent: PlayMakerFixedUpdate

AddEventHandlerComponent: PlayMakerFixedUpdate

AddEventHandlerComponent: PlayMakerCollisionEnter2D

AddEventHandlerComponent: PlayMakerFixedUpdate

AddEventHandlerComponent: PlayMakerFixedUpdate

AddEventHandlerComponent: PlayMakerFixedUpdate

AddEventHandlerComponent: PlayMakerCollisionEnter2D

AddEventHandlerComponent: PlayMakerFixedUpdate

Deferring level start (marked as manual).

Could not find FSM: health_manager_enemy

AddEventHandlerComponent: PlayMakerFixedUpdate

AddEventHandlerComponent: PlayMakerFixedUpdate

AddEventHandlerComponent: PlayMakerFixedUpdate

AddEventHandlerComponent: PlayMakerFixedUpdate

AddEventHandlerComponent: PlayMakerFixedUpdate

AddEventHandlerComponent: PlayMakerFixedUpdate

AddEventHandlerComponent: PlayMakerFixedUpdate

AddEventHandlerComponent: PlayMakerFixedUpdate

AddEventHandlerComponent: PlayMakerFixedUpdate

AddEventHandlerComponent: PlayMakerFixedUpdate

AddEventHandlerComponent: PlayMakerFixedUpdate

AddEventHandlerComponent: PlayMakerFixedUpdate

AddEventHandlerComponent: PlayMakerFixedUpdate

Deferring level start (marked as manual).

Fallback handler could not load library D:/Programas Sem Instalacao/Games/Steam Games/Hollow Knight Series/Hollow Knight/Hollow Knight_Data/Mono/data-000002811A66A020.dll
Fallback handler could not load library D:/Programas Sem Instalacao/Games/Steam Games/Hollow Knight Series/Hollow Knight/Hollow Knight_Data/Mono/data-000002811A66B030.dll
Fallback handler could not load library D:/Programas Sem Instalacao/Games/Steam Games/Hollow Knight Series/Hollow Knight/Hollow Knight_Data/Mono/data-000002811A668000.dll
Fallback handler could not load library D:/Programas Sem Instalacao/Games/Steam Games/Hollow Knight Series/Hollow Knight/Hollow Knight_Data/Mono/data-000002811A66C040.dll
Fallback handler could not load library D:/Programas Sem Instalacao/Games/Steam Games/Hollow Knight Series/Hollow Knight/Hollow Knight_Data/Mono/data-00000280E7136390.dll
Fallback handler could not load library D:/Programas Sem Instalacao/Games/Steam Games/Hollow Knight Series/Hollow Knight/Hollow Knight_Data/Mono/data-00000280E7139FE0.dll
Fallback handler could not load library D:/Programas Sem Instalacao/Games/Steam Games/Hollow Knight Series/Hollow Knight/Hollow Knight_Data/Mono/data-000002811A669010.dll
Fallback handler could not load library D:/Programas Sem Instalacao/Games/Steam Games/Hollow Knight Series/Hollow Knight/Hollow Knight_Data/Mono/data-0000027FFEE9DE50.dll
Fallback handler could not load library D:/Programas Sem Instalacao/Games/Steam Games/Hollow Knight Series/Hollow Knight/Hollow Knight_Data/Mono/data-0000027FFEE97220.dll
Fallback handler could not load library D:/Programas Sem Instalacao/Games/Steam Games/Hollow Knight Series/Hollow Knight/Hollow Knight_Data/Mono/data-000002811A66F070.dll
Fallback handler could not load library D:/Programas Sem Instalacao/Games/Steam Games/Hollow Knight Series/Hollow Knight/Hollow Knight_Data/Mono/data-000002811A670080.dll
Fallback handler could not load library D:/Programas Sem Instalacao/Games/Steam Games/Hollow Knight Series/Hollow Knight/Hollow Knight_Data/Mono/data-00000280E7136FA0.dll
Fallback handler could not load library D:/Programas Sem Instalacao/Games/Steam Games/Hollow Knight Series/Hollow Knight/Hollow Knight_Data/Mono/data-000002811A66E060.dll
Fallback handler could not load library D:/Programas Sem Instalacao/Games/Steam Games/Hollow Knight Series/Hollow Knight/Hollow Knight_Data/Mono/data-000002811A66D050.dll
Fallback handler could not load library D:/Programas Sem Instalacao/Games/Steam Games/Hollow Knight Series/Hollow Knight/Hollow Knight_Data/Mono/data-00000280E713ABF0.dll
Fallback handler could not load library D:/Programas Sem Instalacao/Games/Steam Games/Hollow Knight Series/Hollow Knight/Hollow Knight_Data/Mono/data-000002811A6740C0.dll
Fallback handler could not load library D:/Programas Sem Instalacao/Games/Steam Games/Hollow Knight Series/Hollow Knight/Hollow Knight_Data/Mono/data-000002811A6730B0.dll
Fallback handler could not load library D:/Programas Sem Instalacao/Games/Steam Games/Hollow Knight Series/Hollow Knight/Hollow Knight_Data/Mono/data-0000027EB27B9530.dll
Fallback handler could not load library D:/Programas Sem Instalacao/Games/Steam Games/Hollow Knight Series/Hollow Knight/Hollow Knight_Data/Mono/data-000002811A671090.dll
Fallback handler could not load library D:/Programas Sem Instalacao/Games/Steam Games/Hollow Knight Series/Hollow Knight/Hollow Knight_Data/Mono/data-000002811A6750D0.dll
Fallback handler could not load library D:/Programas Sem Instalacao/Games/Steam Games/Hollow Knight Series/Hollow Knight/Hollow Knight_Data/Mono/data-000002811A6720A0.dll
Fallback handler could not load library D:/Programas Sem Instalacao/Games/Steam Games/Hollow Knight Series/Hollow Knight/Hollow Knight_Data/Mono/data-000002811A6760E0.dll
Fallback handler could not load library D:/Programas Sem Instalacao/Games/Steam Games/Hollow Knight Series/Hollow Knight/Hollow Knight_Data/Mono/data-0000028119EC0410.dll
Fallback handler could not load library D:/Programas Sem Instalacao/Games/Steam Games/Hollow Knight Series/Hollow Knight/Hollow Knight_Data/Mono/data-0000028119EBF800.dll
Fallback handler could not load library D:/Programas Sem Instalacao/Games/Steam Games/Hollow Knight Series/Hollow Knight/Hollow Knight_Data/Mono/data-000002811A679110.dll
Fallback handler could not load library D:/Programas Sem Instalacao/Games/Steam Games/Hollow Knight Series/Hollow Knight/Hollow Knight_Data/Mono/data-0000027FFEEA2670.dll
Fallback handler could not load library D:/Programas Sem Instalacao/Games/Steam Games/Hollow Knight Series/Hollow Knight/Hollow Knight_Data/Mono/data-0000027FFEEA0260.dll
Fallback handler could not load library D:/Programas Sem Instalacao/Games/Steam Games/Hollow Knight Series/Hollow Knight/Hollow Knight_Data/Mono/data-000002811A678100.dll
Fallback handler could not load library D:/Programas Sem Instalacao/Games/Steam Games/Hollow Knight Series/Hollow Knight/Hollow Knight_Data/Mono/data-0000028119EC1C30.dll
Fallback handler could not load library D:/Programas Sem Instalacao/Games/Steam Games/Hollow Knight Series/Hollow Knight/Hollow Knight_Data/Mono/data-0000028119EBEBF0.dll
Fallback handler could not load library D:/Programas Sem Instalacao/Games/Steam Games/Hollow Knight Series/Hollow Knight/Hollow Knight_Data/Mono/data-000002811A67A120.dll
Fallback handler could not load library D:/Programas Sem Instalacao/Games/Steam Games/Hollow Knight Series/Hollow Knight/Hollow Knight_Data/Mono/data-0000028119EC4060.dll
Fallback handler could not load library D:/Programas Sem Instalacao/Games/Steam Games/Hollow Knight Series/Hollow Knight/Hollow Knight_Data/Mono/data-0000028119EC3450.dll
Fallback handler could not load library D:/Programas Sem Instalacao/Games/Steam Games/Hollow Knight Series/Hollow Knight/Hollow Knight_Data/Mono/data-000002811A6770F0.dll
Fallback handler could not load library D:/Programas Sem Instalacao/Games/Steam Games/Hollow Knight Series/Hollow Knight/Hollow Knight_Data/Mono/data-0000028119EC1020.dll
Fallback handler could not load library D:/Programas Sem Instalacao/Games/Steam Games/Hollow Knight Series/Hollow Knight/Hollow Knight_Data/Mono/data-0000028119EC4C70.dll
Fallback handler could not load library D:/Programas Sem Instalacao/Games/Steam Games/Hollow Knight Series/Hollow Knight/Hollow Knight_Data/Mono/data-000002811A67C140.dll
AddEventHandlerComponent: PlayMakerFixedUpdate

AddEventHandlerComponent: PlayMakerFixedUpdate

AddEventHandlerComponent: PlayMakerFixedUpdate

AddEventHandlerComponent: PlayMakerCollisionEnter2D

AddEventHandlerComponent: PlayMakerFixedUpdate

AddEventHandlerComponent: PlayMakerFixedUpdate

AddEventHandlerComponent: PlayMakerCollisionEnter2D

AddEventHandlerComponent: PlayMakerFixedUpdate

AddEventHandlerComponent: PlayMakerCollisionEnter2D

AddEventHandlerComponent: PlayMakerFixedUpdate

AddEventHandlerComponent: PlayMakerFixedUpdate

AddEventHandlerComponent: PlayMakerCollisionEnter2D

AddEventHandlerComponent: PlayMakerFixedUpdate

AddEventHandlerComponent: PlayMakerFixedUpdate

AddEventHandlerComponent: PlayMakerFixedUpdate

AddEventHandlerComponent: PlayMakerFixedUpdate

AddEventHandlerComponent: PlayMakerFixedUpdate

AddEventHandlerComponent: PlayMakerFixedUpdate

AddEventHandlerComponent: PlayMakerCollisionEnter2D

AddEventHandlerComponent: PlayMakerFixedUpdate

AddEventHandlerComponent: PlayMakerFixedUpdate

AddEventHandlerComponent: PlayMakerFixedUpdate

Deferring level start (marked as manual).

AddEventHandlerComponent: PlayMakerFixedUpdate

AddEventHandlerComponent: PlayMakerFixedUpdate

AddEventHandlerComponent: PlayMakerFixedUpdate

AddEventHandlerComponent: PlayMakerFixedUpdate

AddEventHandlerComponent: PlayMakerFixedUpdate

AddEventHandlerComponent: PlayMakerFixedUpdate

AddEventHandlerComponent: PlayMakerFixedUpdate

AddEventHandlerComponent: PlayMakerFixedUpdate

AddEventHandlerComponent: PlayMakerFixedUpdate

AddEventHandlerComponent: PlayMakerFixedUpdate

Deferring level start (marked as manual).

AddEventHandlerComponent: PlayMakerFixedUpdate

AddEventHandlerComponent: PlayMakerFixedUpdate

AddEventHandlerComponent: PlayMakerFixedUpdate

AddEventHandlerComponent: PlayMakerCollisionEnter2D

AddEventHandlerComponent: PlayMakerFixedUpdate

AddEventHandlerComponent: PlayMakerFixedUpdate

AddEventHandlerComponent: PlayMakerCollisionEnter2D

AddEventHandlerComponent: PlayMakerFixedUpdate

AddEventHandlerComponent: PlayMakerCollisionEnter2D

AddEventHandlerComponent: PlayMakerFixedUpdate

AddEventHandlerComponent: PlayMakerFixedUpdate

AddEventHandlerComponent: PlayMakerCollisionEnter2D

AddEventHandlerComponent: PlayMakerFixedUpdate

AddEventHandlerComponent: PlayMakerFixedUpdate

AddEventHandlerComponent: PlayMakerFixedUpdate

AddEventHandlerComponent: PlayMakerFixedUpdate

AddEventHandlerComponent: PlayMakerFixedUpdate

AddEventHandlerComponent: PlayMakerFixedUpdate

AddEventHandlerComponent: PlayMakerCollisionEnter2D

AddEventHandlerComponent: PlayMakerFixedUpdate

AddEventHandlerComponent: PlayMakerFixedUpdate

AddEventHandlerComponent: PlayMakerFixedUpdate

Deferring level start (marked as manual).

AddEventHandlerComponent: PlayMakerFixedUpdate

AddEventHandlerComponent: PlayMakerFixedUpdate

AddEventHandlerComponent: PlayMakerFixedUpdate

AddEventHandlerComponent: PlayMakerFixedUpdate

AddEventHandlerComponent: PlayMakerFixedUpdate

Persistent Bool Item (Vine Platform) does not have a PlayMakerFSM attached to read state from.

Deferring level start (marked as manual).

Fallback handler could not load library D:/Programas Sem Instalacao/Games/Steam Games/Hollow Knight Series/Hollow Knight/Hollow Knight_Data/Mono/data-000002811A67E160.dll
Fallback handler could not load library D:/Programas Sem Instalacao/Games/Steam Games/Hollow Knight Series/Hollow Knight/Hollow Knight_Data/Mono/data-0000028119EC2840.dll
Fallback handler could not load library D:/Programas Sem Instalacao/Games/Steam Games/Hollow Knight Series/Hollow Knight/Hollow Knight_Data/Mono/data-000002811A67D150.dll
Fallback handler could not load library D:/Programas Sem Instalacao/Games/Steam Games/Hollow Knight Series/Hollow Knight/Hollow Knight_Data/Mono/data-000002811A67B130.dll
Fallback handler could not load library D:/Programas Sem Instalacao/Games/Steam Games/Hollow Knight Series/Hollow Knight/Hollow Knight_Data/Mono/data-0000028119EC5880.dll
Fallback handler could not load library D:/Programas Sem Instalacao/Games/Steam Games/Hollow Knight Series/Hollow Knight/Hollow Knight_Data/Mono/data-000002811A6821A0.dll
Fallback handler could not load library D:/Programas Sem Instalacao/Games/Steam Games/Hollow Knight Series/Hollow Knight/Hollow Knight_Data/Mono/data-000002811A67F170.dll
Fallback handler could not load library D:/Programas Sem Instalacao/Games/Steam Games/Hollow Knight Series/Hollow Knight/Hollow Knight_Data/Mono/data-0000028119EC70A0.dll
Fallback handler could not load library D:/Programas Sem Instalacao/Games/Steam Games/Hollow Knight Series/Hollow Knight/Hollow Knight_Data/Mono/data-000002811A681190.dll
Fallback handler could not load library D:/Programas Sem Instalacao/Games/Steam Games/Hollow Knight Series/Hollow Knight/Hollow Knight_Data/Mono/data-000002811A680180.dll
Fallback handler could not load library D:/Programas Sem Instalacao/Games/Steam Games/Hollow Knight Series/Hollow Knight/Hollow Knight_Data/Mono/data-000002811A6831B0.dll
Fallback handler could not load library D:/Programas Sem Instalacao/Games/Steam Games/Hollow Knight Series/Hollow Knight/Hollow Knight_Data/Mono/data-000002811A6841C0.dll
Fallback handler could not load library D:/Programas Sem Instalacao/Games/Steam Games/Hollow Knight Series/Hollow Knight/Hollow Knight_Data/Mono/data-0000027FFCE7E200.dll
Fallback handler could not load library D:/Programas Sem Instalacao/Games/Steam Games/Hollow Knight Series/Hollow Knight/Hollow Knight_Data/Mono/data-0000028119EC6490.dll
Fallback handler could not load library D:/Programas Sem Instalacao/Games/Steam Games/Hollow Knight Series/Hollow Knight/Hollow Knight_Data/Mono/data-0000027FFCE7F210.dll
Fallback handler could not load library D:/Programas Sem Instalacao/Games/Steam Games/Hollow Knight Series/Hollow Knight/Hollow Knight_Data/Mono/data-0000027FFEE9BA40.dll
Fallback handler could not load library D:/Programas Sem Instalacao/Games/Steam Games/Hollow Knight Series/Hollow Knight/Hollow Knight_Data/Mono/data-0000027FFEEA4A80.dll
Fallback handler could not load library D:/Programas Sem Instalacao/Games/Steam Games/Hollow Knight Series/Hollow Knight/Hollow Knight_Data/Mono/data-000002811A9E1D30.dll
Unable to get achievement CHARMED, because GOG is not authenticated.

Unable to push achievement CHARMED, because GOG is not authenticated.

Fallback handler could not load library D:/Programas Sem Instalacao/Games/Steam Games/Hollow Knight Series/Hollow Knight/Hollow Knight_Data/Mono/data-0000028119EC88C0.dll
Fallback handler could not load library D:/Programas Sem Instalacao/Games/Steam Games/Hollow Knight Series/Hollow Knight/Hollow Knight_Data/Mono/data-0000028119EC7CB0.dll
Fallback handler could not load library D:/Programas Sem Instalacao/Games/Steam Games/Hollow Knight Series/Hollow Knight/Hollow Knight_Data/Mono/data-000002811A9DED00.dll
Fallback handler could not load library D:/Programas Sem Instalacao/Games/Steam Games/Hollow Knight Series/Hollow Knight/Hollow Knight_Data/Mono/data-0000028119ECA0E0.dll
Fallback handler could not load library D:/Programas Sem Instalacao/Games/Steam Games/Hollow Knight Series/Hollow Knight/Hollow Knight_Data/Mono/data-0000028119ECACF0.dll
Fallback handler could not load library D:/Programas Sem Instalacao/Games/Steam Games/Hollow Knight Series/Hollow Knight/Hollow Knight_Data/Mono/data-000002811A9E0D20.dll
Fallback handler could not load library D:/Programas Sem Instalacao/Games/Steam Games/Hollow Knight Series/Hollow Knight/Hollow Knight_Data/Mono/data-0000028119ECB900.dll
Fallback handler could not load library D:/Programas Sem Instalacao/Games/Steam Games/Hollow Knight Series/Hollow Knight/Hollow Knight_Data/Mono/data-0000028119ECC510.dll
Fallback handler could not load library D:/Programas Sem Instalacao/Games/Steam Games/Hollow Knight Series/Hollow Knight/Hollow Knight_Data/Mono/data-000002811A9E2D40.dll
Fallback handler could not load library D:/Programas Sem Instalacao/Games/Steam Games/Hollow Knight Series/Hollow Knight/Hollow Knight_Data/Mono/data-000002811A9DFD10.dll
Fallback handler could not load library D:/Programas Sem Instalacao/Games/Steam Games/Hollow Knight Series/Hollow Knight/Hollow Knight_Data/Mono/data-000002811A9E6D80.dll
Fallback handler could not load library D:/Programas Sem Instalacao/Games/Steam Games/Hollow Knight Series/Hollow Knight/Hollow Knight_Data/Mono/data-000002811A9E4D60.dll
Fallback handler could not load library D:/Programas Sem Instalacao/Games/Steam Games/Hollow Knight Series/Hollow Knight/Hollow Knight_Data/Mono/data-0000028119EC94D0.dll
Fallback handler could not load library D:/Programas Sem Instalacao/Games/Steam Games/Hollow Knight Series/Hollow Knight/Hollow Knight_Data/Mono/data-0000028119ECDD30.dll
Fallback handler could not load library D:/Programas Sem Instalacao/Games/Steam Games/Hollow Knight Series/Hollow Knight/Hollow Knight_Data/Mono/data-000002811A9E5D70.dll
Fallback handler could not load library D:/Programas Sem Instalacao/Games/Steam Games/Hollow Knight Series/Hollow Knight/Hollow Knight_Data/Mono/data-0000027FFEEA6E90.dll
Fallback handler could not load library D:/Programas Sem Instalacao/Games/Steam Games/Hollow Knight Series/Hollow Knight/Hollow Knight_Data/Mono/data-0000027FFEEA92A0.dll
Fallback handler could not load library D:/Programas Sem Instalacao/Games/Steam Games/Hollow Knight Series/Hollow Knight/Hollow Knight_Data/Mono/data-000002811A9E3D50.dll
Object Pool attached to GlobalPool has run out of Jump Effects prefabs, Instantiating an additional one.

Object Pool attached to GlobalPool has run out of Soft Land Effect prefabs, Instantiating an additional one.

AddEventHandlerComponent: PlayMakerFixedUpdate

AddEventHandlerComponent: PlayMakerFixedUpdate

AddEventHandlerComponent: PlayMakerFixedUpdate

AddEventHandlerComponent: PlayMakerCollisionEnter2D

AddEventHandlerComponent: PlayMakerFixedUpdate

AddEventHandlerComponent: PlayMakerFixedUpdate

AddEventHandlerComponent: PlayMakerCollisionEnter2D

AddEventHandlerComponent: PlayMakerFixedUpdate

AddEventHandlerComponent: PlayMakerCollisionEnter2D

AddEventHandlerComponent: PlayMakerFixedUpdate

AddEventHandlerComponent: PlayMakerFixedUpdate

AddEventHandlerComponent: PlayMakerCollisionEnter2D

AddEventHandlerComponent: PlayMakerFixedUpdate

AddEventHandlerComponent: PlayMakerFixedUpdate

AddEventHandlerComponent: PlayMakerFixedUpdate

AddEventHandlerComponent: PlayMakerFixedUpdate

AddEventHandlerComponent: PlayMakerFixedUpdate

AddEventHandlerComponent: PlayMakerFixedUpdate

AddEventHandlerComponent: PlayMakerCollisionEnter2D

AddEventHandlerComponent: PlayMakerFixedUpdate

AddEventHandlerComponent: PlayMakerFixedUpdate

AddEventHandlerComponent: PlayMakerFixedUpdate

Deferring level start (marked as manual).

AddEventHandlerComponent: PlayMakerFixedUpdate

AddEventHandlerComponent: PlayMakerFixedUpdate

AddEventHandlerComponent: PlayMakerFixedUpdate

AddEventHandlerComponent: PlayMakerFixedUpdate

AddEventHandlerComponent: PlayMakerFixedUpdate

AddEventHandlerComponent: PlayMakerFixedUpdate

AddEventHandlerComponent: PlayMakerFixedUpdate

AddEventHandlerComponent: PlayMakerFixedUpdate

AddEventHandlerComponent: PlayMakerFixedUpdate

AddEventHandlerComponent: PlayMakerFixedUpdate

Deferring level start (marked as manual).

AddEventHandlerComponent: PlayMakerFixedUpdate

AddEventHandlerComponent: PlayMakerFixedUpdate

Deferring level start (marked as manual).

Coroutine couldn't be started because the the game object 'InputFieldSync' is inactive!

AddEventHandlerComponent: PlayMakerFixedUpdate

AddEventHandlerComponent: PlayMakerCollisionStay2D

AddEventHandlerComponent: PlayMakerFixedUpdate

AddEventHandlerComponent: PlayMakerLateUpdate

AddEventHandlerComponent: PlayMakerFixedUpdate

AddEventHandlerComponent: PlayMakerCollisionStay2D

AddEventHandlerComponent: PlayMakerFixedUpdate

AddEventHandlerComponent: PlayMakerLateUpdate

AddEventHandlerComponent: PlayMakerFixedUpdate

AddEventHandlerComponent: PlayMakerFixedUpdate

AddEventHandlerComponent: PlayMakerCollisionStay2D

AddEventHandlerComponent: PlayMakerFixedUpdate

AddEventHandlerComponent: PlayMakerLateUpdate

AddEventHandlerComponent: PlayMakerFixedUpdate

AddEventHandlerComponent: PlayMakerCollisionStay2D

AddEventHandlerComponent: PlayMakerFixedUpdate

AddEventHandlerComponent: PlayMakerLateUpdate

AddEventHandlerComponent: PlayMakerFixedUpdate

AddEventHandlerComponent: PlayMakerFixedUpdate

AddEventHandlerComponent: PlayMakerCollisionStay2D

AddEventHandlerComponent: PlayMakerFixedUpdate

AddEventHandlerComponent: PlayMakerLateUpdate

AddEventHandlerComponent: PlayMakerFixedUpdate

AddEventHandlerComponent: PlayMakerFixedUpdate

AddEventHandlerComponent: PlayMakerFixedUpdate

AddEventHandlerComponent: PlayMakerFixedUpdate

AddEventHandlerComponent: PlayMakerFixedUpdate

AddEventHandlerComponent: PlayMakerFixedUpdate

AddEventHandlerComponent: PlayMakerFixedUpdate

AddEventHandlerComponent: PlayMakerFixedUpdate

Deferring level start (marked as manual).

Unloading 43 Unused Serialized files (Serialized files now loaded: 0)
UnloadTime: 9.146100 ms
Deferring level start (marked as manual).


Unloading 3864 unused Assets to reduce memory usage. Loaded Objects now: 53790.
Total: 165.038200 ms (FindLiveObjects: 2.788200 ms CreateObjectMapping: 1.583300 ms MarkObjects: 153.380500 ms  DeleteObjects: 7.285400 ms)

Unloading 5 Unused Serialized files (Serialized files now loaded: 0)
UnloadTime: 0.581800 ms
DontDestroyOnLoad only works for root GameObjects or components on root GameObjects.

Performing automatic level start.

Game controller set to XInput Controller.

Controller Type: XboxOne

Active Gamepad Type: XBOX_ONE

Game controller set to XInput Controller.

pd.maxHealth: 5 pd.maxHealthBase: 5


Unloading 494 unused Assets to reduce memory usage. Loaded Objects now: 46594.
Total: 127.464600 ms (FindLiveObjects: 1.886800 ms CreateObjectMapping: 0.744100 ms MarkObjects: 123.383200 ms  DeleteObjects: 1.450000 ms)

Joystick disconnected ("Controller (XBOX 360 For Windows)").

Game controller Steam Controller attached

Controller Type: Steam

Unable to match controller of name (Steam Controller), will attempt default mapping set.

Active Gamepad Type: XBOX_360

Setting up 8 worker threads for Enlighten.
  Thread -> id: 3e68 -> priority: 1 
  Thread -> id: b7c -> priority: 1 
  Thread -> id: 2458 -> priority: 1 
  Thread -> id: 1788 -> priority: 1 
  Thread -> id: 1ecc -> priority: 1 
  Thread -> id: 1008 -> priority: 1 
  Thread -> id: 294c -> priority: 1 
  Thread -> id: 1df4 -> priority: 1 
