Mono path[0] = 'D:/Programas Sem Instalacao/Games/Steam Games/Hollow Knight Series/Hollow Knight/Hollow Knight_Data/Managed'
Mono config path = 'D:/Programas Sem Instalacao/Games/Steam Games/Hollow Knight Series/Hollow Knight/MonoBleedingEdge/etc'
Fallback handler could not load library D:/Programas Sem Instalacao/Games/Steam Games/Hollow Knight Series/Hollow Knight/Hollow Knight_Data/Mono/lib/usr/lib/libSystem.dylib
Fallback handler could not load library D:/Programas Sem Instalacao/Games/Steam Games/Hollow Knight Series/Hollow Knight/Hollow Knight_Data/Mono/lib/usr/lib/libSystem.dylib.dll
Fallback handler could not load library D:/Programas Sem Instalacao/Games/Steam Games/Hollow Knight Series/Hollow Knight/Hollow Knight_Data/Mono/lib/usr/lib/libSystem.dylib
Fallback handler could not load library D:/Programas Sem Instalacao/Games/Steam Games/Hollow Knight Series/Hollow Knight/Hollow Knight_Data/Mono/libc.so.6
Fallback handler could not load library D:/Programas Sem Instalacao/Games/Steam Games/Hollow Knight Series/Hollow Knight/Hollow Knight_Data/Mono/libc.so.6.dll
Fallback handler could not load library D:/Programas Sem Instalacao/Games/Steam Games/Hollow Knight Series/Hollow Knight/Hollow Knight_Data/Mono/libc.so.6
Fallback handler could not load library D:/Programas Sem Instalacao/Games/Steam Games/Hollow Knight Series/Hollow Knight/Hollow Knight_Data/Mono/data-0000021D78280880.dll
Fallback handler could not load library D:/Programas Sem Instalacao/Games/Steam Games/Hollow Knight Series/Hollow Knight/Hollow Knight_Data/Mono/data-0000021D77C31AA0.dll
Fallback handler could not load library D:/Programas Sem Instalacao/Games/Steam Games/Hollow Knight Series/Hollow Knight/Hollow Knight_Data/Mono/data-0000021D77C61030.dll
Fallback handler could not load library D:/Programas Sem Instalacao/Games/Steam Games/Hollow Knight Series/Hollow Knight/Hollow Knight_Data/Mono/data-0000021D77C775E0.dll
Fallback handler could not load library D:/Programas Sem Instalacao/Games/Steam Games/Hollow Knight Series/Hollow Knight/Hollow Knight_Data/Mono/data-0000021D77C755C0.dll
Fallback handler could not load library D:/Programas Sem Instalacao/Games/Steam Games/Hollow Knight Series/Hollow Knight/Hollow Knight_Data/Mono/data-0000021D77C33ED0.dll
Fallback handler could not load library D:/Programas Sem Instalacao/Games/Steam Games/Hollow Knight Series/Hollow Knight/Hollow Knight_Data/Mono/data-0000021D77C7A610.dll
Fallback handler could not load library D:/Programas Sem Instalacao/Games/Steam Games/Hollow Knight Series/Hollow Knight/Hollow Knight_Data/Mono/data-0000021D77C7B620.dll
Fallback handler could not load library D:/Programas Sem Instalacao/Games/Steam Games/Hollow Knight Series/Hollow Knight/Hollow Knight_Data/Mono/data-0000021D77C30E90.dll
Fallback handler could not load library D:/Programas Sem Instalacao/Games/Steam Games/Hollow Knight Series/Hollow Knight/Hollow Knight_Data/Mono/data-0000021D77C7C630.dll
Fallback handler could not load library D:/Programas Sem Instalacao/Games/Steam Games/Hollow Knight Series/Hollow Knight/Hollow Knight_Data/Mono/data-0000021D77C326B0.dll
Fallback handler could not load library D:/Programas Sem Instalacao/Games/Steam Games/Hollow Knight Series/Hollow Knight/Hollow Knight_Data/Mono/data-0000021D786BC060.dll
Fallback handler could not load library D:/Programas Sem Instalacao/Games/Steam Games/Hollow Knight Series/Hollow Knight/Hollow Knight_Data/Mono/data-0000021D77C332C0.dll
Fallback handler could not load library D:/Programas Sem Instalacao/Games/Steam Games/Hollow Knight Series/Hollow Knight/Hollow Knight_Data/Mono/data-0000021D786BD070.dll
Fallback handler could not load library D:/Programas Sem Instalacao/Games/Steam Games/Hollow Knight Series/Hollow Knight/Hollow Knight_Data/Mono/data-0000021D786C00A0.dll
Fallback handler could not load library D:/Programas Sem Instalacao/Games/Steam Games/Hollow Knight Series/Hollow Knight/Hollow Knight_Data/Mono/data-0000021D78547630.dll
Fallback handler could not load library D:/Programas Sem Instalacao/Games/Steam Games/Hollow Knight Series/Hollow Knight/Hollow Knight_Data/Mono/data-0000021D786BE080.dll
Fallback handler could not load library D:/Programas Sem Instalacao/Games/Steam Games/Hollow Knight Series/Hollow Knight/Hollow Knight_Data/Mono/data-0000021D786C10B0.dll
Fallback handler could not load library D:/Programas Sem Instalacao/Games/Steam Games/Hollow Knight Series/Hollow Knight/Hollow Knight_Data/Mono/data-0000021D78549A60.dll
Fallback handler could not load library D:/Programas Sem Instalacao/Games/Steam Games/Hollow Knight Series/Hollow Knight/Hollow Knight_Data/Mono/data-0000021D786C20C0.dll
Initialize engine version: 2020.2.2f1 (068178b99f32)
[Subsystems] Discovering subsystems at path D:/Programas Sem Instalacao/Games/Steam Games/Hollow Knight Series/Hollow Knight/Hollow Knight_Data/UnitySubsystems
GfxDevice: creating device client; threaded=1
Direct3D:
    Version:  Direct3D 11.0 [level 11.1]
    Renderer: AMD  Radeon RX 7800 XT (ID=0x747e)
    Vendor:   
    VRAM:     16368 MB
    Driver:   32.0.21025.10016
Begin MonoManager ReloadAssembly
- Completed reload, in  0.113 seconds
OnLevelWasLoaded was found on GameMap
This message has been deprecated and will be removed in a later version of Unity.
Add a delegate to SceneManager.sceneLoaded instead to get notifications after scene loading has completed

OnLevelWasLoaded was found on PlayMakerUnity2d
This message has been deprecated and will be removed in a later version of Unity.
Add a delegate to SceneManager.sceneLoaded instead to get notifications after scene loading has completed

D3D11 device created for Microsoft Media Foundation video decoding.
<RI> Initializing input.
<RI> Input initialized.
<RI> Initialized touch support.
The class named 'ConfigManager' is abstract. The script class can't be abstract!

UnloadTime: 1.807700 ms
[Message: Preloader] BepInEx 6.0.0-be.697 - Hollow Knight
[Message: Preloader] Built from commit 53625800b86f6c68751445248260edf0b27a71c2
[Info   :   BepInEx] System platform: Windows 10 64-bit
[Info   :   BepInEx] Process bitness: 64-bit (x64)
[Info   : Preloader] Running under Unity 2020.2.2f1
[Info   : Preloader] CLR runtime version: 4.0.30319.17020
[Info   : Preloader] Supports SRE: False
[Message: Preloader] Preloader started
[Info   :AssemblyPatcher] Loaded 1 patcher type from [BepInEx.Unity.Mono.Preloader 6.0.0.0]
[Info   : Preloader] 1 patcher plugin loaded
[Info   : Preloader] 109 assemblies discovered
[Message:AssemblyPatcher] Executing 1 patch(es)
[Message: Preloader] Preloader finished
[Message:   BepInEx] Chainloader initialized
[Info   :   BepInEx] 1 plugin to load
[Info   :   BepInEx] Loading [Cabby Codes 1.0.2]
[Info   :Cabby Codes] Plugin cabby.cabbycodes is loaded!
[Info   :Cabby Codes] Config location: D:\Programas Sem Instalacao\Games\Steam Games\Hollow Knight Series\Hollow Knight\BepInEx\config\cabby.cabbycodes.cfg
[Message:   BepInEx] Chainloader startup complete
Graphics tier changed to High

GOG signing in...

Selected online subsystem GOGGalaxyOnlineSubsystem

Discovered supported languages: DE, EN, ES, FR, IT, JA, KO, PT, RU, ZH

Unloading 5 Unused Serialized files (Serialized files now loaded: 0)
Loaded saved language code 'PT'

Restored language code 'PT'


Unloading 362 unused Assets to reduce memory usage. Loaded Objects now: 3836.
Total: 2.880400 ms (FindLiveObjects: 0.179700 ms CreateObjectMapping: 0.091600 ms MarkObjects: 2.510400 ms  DeleteObjects: 0.098600 ms)

Joystick connected ("Controller (XBOX 360 For Windows)").

Fallback handler could not load library D:/Programas Sem Instalacao/Games/Steam Games/Hollow Knight Series/Hollow Knight/Hollow Knight_Data/Mono/data-0000021D786DA240.dll
Fallback handler could not load library D:/Programas Sem Instalacao/Games/Steam Games/Hollow Knight Series/Hollow Knight/Hollow Knight_Data/Mono/data-0000021D77C6F560.dll
Fallback handler could not load library D:/Programas Sem Instalacao/Games/Steam Games/Hollow Knight Series/Hollow Knight/Hollow Knight_Data/Mono/data-0000021D77C70570.dll
[Info   :Cabby Codes] CabbyCodes menu initialized successfully
Direct3D: detected that using refresh rate causes time drift. Will stop trusting refresh rate until the game window is moved.
Direct3D: detected that vsync is broken (it does not limit frame rate properly). Delta time will now be calculated using cpu-side time stampling until the game window is moved.
Unloading 5 Unused Serialized files (Serialized files now loaded: 0)
Didn't need to wait for PlayerPrefs load.

UnloadTime: 2.160900 ms
DontDestroyOnLoad only works for root GameObjects or components on root GameObjects.

Performing automatic level start.

Game controller set to None.

pd.maxHealth: 5 pd.maxHealthBase: 5

GOG authorization failed: FAILURE_REASON_GALAXY_SERVICE_NOT_AVAILABLE


Unloading 30 unused Assets to reduce memory usage. Loaded Objects now: 45030.
Total: 115.676800 ms (FindLiveObjects: 1.917100 ms CreateObjectMapping: 1.234300 ms MarkObjects: 112.430000 ms  DeleteObjects: 0.095000 ms)

Setting up 8 worker threads for Enlighten.
  Thread -> id: 18d4 -> priority: 1 
  Thread -> id: 385c -> priority: 1 
  Thread -> id: 1d34 -> priority: 1 
  Thread -> id: 2ff0 -> priority: 1 
  Thread -> id: 2e9c -> priority: 1 
  Thread -> id: 11d4 -> priority: 1 
  Thread -> id: 2a04 -> priority: 1 
  Thread -> id: 2d60 -> priority: 1 
