Mono path[0] = 'D:/SteamLibrary/steamapps/common/The Planet Crafter/Planet Crafter_Data/Managed'
Mono config path = 'D:/SteamLibrary/steamapps/common/The Planet Crafter/MonoBleedingEdge/etc'
Input System module state changed to: Initialized.
[Physics::Module] Initialized fallback backend.
[Physics::Module] Id: 0xdecafbad
Initialize engine version: 6000.0.58f2 (92dee566b325)
[Subsystems] Discovering subsystems at path D:/SteamLibrary/steamapps/common/The Planet Crafter/Planet Crafter_Data/UnitySubsystems
kGfxThreadingModeSplitJobs is not supported on Direct3D 11. Reverting to kGfxThreadingModeClientWorkerJobs instead.
GfxDevice: creating device client; kGfxThreadingModeClientWorkerJobs
Direct3D:
    Version:  Direct3D 11.0 [level 11.1]
    Renderer: AMD  Radeon RX 7800 XT (ID=0x747e)
    Vendor:   ATI
    VRAM:     16368 MB
    Driver:   32.0.22029.1019
Begin MonoManager ReloadAssembly
- Loaded All Assemblies, in  0.271 seconds
- Finished resetting the current domain, in  0.002 seconds
[Physics::Module] Selected backend.
[Physics::Module] Name: PhysX
[Physics::Module] Id: 0xf2b8ea05
[Physics::Module] SDK Version: 4.1.2
[Physics::Module] Integration Version: 1.0.0
[Physics::Module] Threading Mode: Multi-Threaded
D3D11 device created for Microsoft Media Foundation video decoding.
ArgumentException: No such field defined in class SpaceCraft.MeteoHandler
Parameter name: meteoEvents
  at HarmonyLib.Public.Patching.HarmonyManipulator.EmitCallParameter (System.Reflection.MethodInfo patch, System.Boolean allowFirsParamPassthrough, Mono.Cecil.Cil.VariableDefinition& tmpObjectVar, System.Collections.Generic.List`1[HarmonyLib.Public.Patching.HarmonyManipulator+ArgumentBoxInfo]& tmpBoxVars) [0x002b6] in <474744d65d8e460fa08cd5fd82b5d65f>:0 
  at HarmonyLib.Public.Patching.HarmonyManipulator.WritePostfixes (HarmonyLib.Internal.Util.ILEmitter+Label returnLabel) [0x001a5] in <474744d65d8e460fa08cd5fd82b5d65f>:0 
  at HarmonyLib.Public.Patching.HarmonyManipulator.WriteImpl () [0x00234] in <474744d65d8e460fa08cd5fd82b5d65f>:0 
Rethrow as HarmonyException: IL Compile Error (unknown location)
  at HarmonyLib.Public.Patching.HarmonyManipulator.WriteImpl () [0x00378] in <474744d65d8e460fa08cd5fd82b5d65f>:0 
  at HarmonyLib.Public.Patching.HarmonyManipulator.Process (MonoMod.Cil.ILContext ilContext, System.Reflection.MethodBase originalMethod) [0x00042] in <474744d65d8e460fa08cd5fd82b5d65f>:0 
  at HarmonyLib.Public.Patching.HarmonyManipulator.Manipulate (System.Reflection.MethodBase original, HarmonyLib.PatchInfo patchInfo, MonoMod.Cil.ILContext ctx) [0x00006] in <474744d65d8e460fa08cd5fd82b5d65f>:0 
  at HarmonyLib.Public.Patching.HarmonyManipulator.Manipulate (System.Reflection.MethodBase original, MonoMod.Cil.ILContext ctx) [0x00007] in <474744d65d8e460fa08cd5fd82b5d65f>:0 
  at HarmonyLib.Public.Patching.ManagedMethodPatcher.Manipulator (MonoMod.Cil.ILContext ctx) [0x00012] in <474744d65d8e460fa08cd5fd82b5d65f>:0 
  at MonoMod.Cil.ILContext.Invoke (MonoMod.Cil.ILContext+Manipulator manip) [0x00087] in <6733e342b5b549bba815373898724469>:0 
  at MonoMod.RuntimeDetour.ILHook+Context.InvokeManipulator (Mono.Cecil.MethodDefinition def, MonoMod.Cil.ILContext+Manipulator cb) [0x00012] in <4e2760c7517c4ea79c633d67e84b319f>:0 
  at (wrapper dynamic-method) MonoMod.RuntimeDetour.ILHook+Context.DMD<MonoMod.RuntimeDetour.ILHook+Context::Refresh>(MonoMod.RuntimeDetour.ILHook/Context)
  at (wrapper dynamic-method) MonoMod.Utils.DynamicMethodDefinition.Trampoline<MonoMod.RuntimeDetour.ILHook+Context::Refresh>?-2095158622(object)
  at HarmonyLib.Internal.RuntimeFixes.StackTraceFixes.OnILChainRefresh (System.Object self) [0x00000] in <474744d65d8e460fa08cd5fd82b5d65f>:0 
  at MonoMod.RuntimeDetour.ILHook.Apply () [0x00059] in <4e2760c7517c4ea79c633d67e84b319f>:0 
  at HarmonyLib.Public.Patching.ManagedMethodPatcher.DetourTo (System.Reflection.MethodBase replacement) [0x00047] in <474744d65d8e460fa08cd5fd82b5d65f>:0 
Rethrow as HarmonyException: IL Compile Error (unknown location)
  at HarmonyLib.Public.Patching.ManagedMethodPatcher.DetourTo (System.Reflection.MethodBase replacement) [0x0005f] in <474744d65d8e460fa08cd5fd82b5d65f>:0 
  at HarmonyLib.PatchFunctions.UpdateWrapper (System.Reflection.MethodBase original, HarmonyLib.PatchInfo patchInfo) [0x00033] in <474744d65d8e460fa08cd5fd82b5d65f>:0 
Rethrow as HarmonyException: IL Compile Error (unknown location)
  at HarmonyLib.PatchFunctions.UpdateWrapper (System.Reflection.MethodBase original, HarmonyLib.PatchInfo patchInfo) [0x0005d] in <474744d65d8e460fa08cd5fd82b5d65f>:0 
  at HarmonyXInterop.HarmonyInterop.ApplyPatch (System.Reflection.MethodBase target, HarmonyXInterop.PatchInfoWrapper add, HarmonyXInterop.PatchInfoWrapper remove) [0x00096] in <fad57eaa588e4bad9c9b36ddd04a7f1c>:0 
  at HarmonyLib.Internal.MethodPatcher.Apply () [0x000f1] in <9b2425ba62f440b691e7c3d339511e93>:0 
  at HarmonyLib.PatchProcessor.Patch () [0x00155] in <9b2425ba62f440b691e7c3d339511e93>:0 
  at HarmonyLib.Harmony.PatchAll (System.Reflection.Assembly assembly) [0x00076] in <9b2425ba62f440b691e7c3d339511e93>:0 
  at HarmonyLib.Harmony.CreateAndPatchAll (System.Reflection.Assembly assembly, System.String harmonyInstanceId) [0x0001e] in <9b2425ba62f440b691e7c3d339511e93>:0 
  at BetterMeteorites.BepInExPlugin.Awake () [0x000d8] in <bbe76d744b7a49a08d7655803c919243>:0 
UnityEngine.GameObject:Internal_AddComponentWithType_Injected(IntPtr, Type)
UnityEngine.GameObject:Internal_AddComponentWithType(Type)
UnityEngine.GameObject:AddComponent(Type)
BepInEx.Bootstrap.Chainloader:Start()
UnityEngine.Application:.cctor()
UnityEngine.InputSystem.InputManager:InitializeData()
UnityEngine.InputSystem.InputManager:Initialize(IInputRuntime, InputSettings)
UnityEngine.InputSystem.InputSystem:InitializeInPlayer(IInputRuntime, InputSettings)
UnityEngine.InputSystem.InputSystem:.cctor()


Fixing BepInEx Logging
  BepInEx version   : 5.4.23.4
  Application       : Planet Crafter (1.608)
  Unity version     : 6000.0.58f2
  Runtime version   : Mono 6.13.0 (Visual Studio built mono)
  CLR version       : 4.0.30319.42000
  System & Platform : X64, Microsoft Windows NT 10.0.26100.0
  Processor         : AMD Ryzen 7 5800X 8-Core Processor 
  Cores & Memory    : 16 threads, 15,9 GB RAM
  Achievements      : Enabled
  Date/Time         : 19/11/2025 03:27:33

[Info   :   BepInEx] Loading [Better Meteorites 0.2.0]
[Info   :   BepInEx] Loading [Delete 0.5.1]
[Info   :   BepInEx] Loading [Resource Scan 0.1.0]
[Info   :   BepInEx] Loading [Spawn Object 0.7.0]
[Info   :   BepInEx] Loading [(Cheat) Inventory Stacking 1.0.2.5]
[Info   :(Cheat) Inventory Stacking] Plugin is loaded!
[Info   :(Cheat) Inventory Stacking] Mod akarnokd.theplanetcraftermods.cheatcraftfromnearbycontainers not found.
[Info   :(Cheat) Inventory Stacking] Mod valriz.theplanetcrafter.storagebuffer not found.
[Info   :   BepInEx] Loading [(Feat) Command Console 1.0.1.34]
[Info   :(Feat) Command Console] Plugin is loaded!
[Info   :(Feat) Command Console] Mod akarnokd.theplanetcraftermods.cheatinventorystacking found, using it's services.
[Info   :   BepInEx] Loading [(Misc) Mod Enabler 1.0.0.16]
[Info   :(Misc) Mod Enabler] Checking for BepInEx.cfg HideManagerGameObject
[Info   :(Misc) Mod Enabler]     HideManagerGameObject = true, all is ok
[Info   :   BepInEx] Loading [(UI) Mod Config Menu 1.0.0.21]
[Info   :(UI) Mod Config Menu] Plugin is loaded!
[Info   :   BepInEx] Loading [The Planet Crafter Plugin ContainerAutoDeposit 1.0.0]
[Info   :The Planet Crafter Plugin ContainerAutoDeposit] Plugin dev.jamarir.theplanetcrafter.containerautodeposit is loaded!
[Info   :   BepInEx] Loading [PlanetCrafterZoom 1.0.0]
[Message:   BepInEx] Chainloader startup complete
<RI> Initializing input.
Using Windows.Gaming.Input
UnloadTime: 14.872200 ms
Unloading 7 Unused Serialized files (Serialized files now loaded: 0)
UnloadTime: 11.708400 ms
Unloading 410 unused Assets to reduce memory usage. Loaded Objects now: 191308.
Total: 39.711700 ms (FindLiveObjects: 8.106500 ms CreateObjectMapping: 11.984400 ms MarkObjects: 19.131200 ms  DeleteObjects: 0.489000 ms)

ModPlanetLoaded (1): akarnokd.theplanetcraftermods.featcommandconsole
[Debug  :   BepInEx] [UnityInput] Unknown key name: OEM1, skipping remapping
[Debug  :   BepInEx] [UnityInput] Unknown key name: OEM2, skipping remapping
[Debug  :   BepInEx] [UnityInput] Unknown key name: OEM3, skipping remapping
[Debug  :   BepInEx] [UnityInput] Unknown key name: OEM4, skipping remapping
[Debug  :   BepInEx] [UnityInput] Unknown key name: OEM5, skipping remapping
[Debug  :   BepInEx] [UnityInput] Unknown key name: IMESelected, skipping remapping
[Debug  :   BepInEx] [UnityInput] Using NewInputSystem
ModPlanetLoaded (2): akarnokd.theplanetcraftermods.featcommandconsole
Unloading 23 Unused Serialized files (Serialized files now loaded: 0)
Unloading 1461 unused Assets to reduce memory usage. Loaded Objects now: 389285.
Total: 71.765200 ms (FindLiveObjects: 24.306700 ms CreateObjectMapping: 14.113500 ms MarkObjects: 30.454200 ms  DeleteObjects: 2.890300 ms)

Unloading 3 Unused Serialized files (Serialized files now loaded: 0)
UnloadTime: 124.118800 ms
Unloading 1306 unused Assets to reduce memory usage. Loaded Objects now: 175730.
Total: 59.566400 ms (FindLiveObjects: 6.846800 ms CreateObjectMapping: 11.182800 ms MarkObjects: 34.018600 ms  DeleteObjects: 7.517800 ms)

[Physics::Module] Cleanup current backned.
[Physics::Module] Id: 0xf2b8ea05
Input System module state changed to: ShutdownInProgress.
Input System polling thread exited.
Input System module state changed to: Shutdown.
Internal: There are remaining Allocations on the JobTempAlloc. This is a leak, and will impact performance
To Debug, run app with -diag-job-temp-memory-leak-validation cmd line argument. This will output the callstacks of the leaked allocations.
